<?xml version="1.0" encoding="UTF-8"?>
<testsuite xmlns:xsi="http://www.w3.org/2001/XMLSchema-instance" xsi:noNamespaceSchemaLocation="https://maven.apache.org/surefire/maven-surefire-plugin/xsd/surefire-test-report.xsd" version="3.0.2" name="tools.vitruv.methodologisttemplate.vsum.Java2UmlEvaluationGoal1Test" time="35.809" tests="31" errors="1" skipped="0" failures="3">
  <properties>
    <property name="java.specification.version" value="23"/>
    <property name="sun.cpu.isalist" value="amd64"/>
    <property name="sun.jnu.encoding" value="Cp1252"/>
    <property name="java.class.path" value="C:\Users\XPS-15\IdeaProjects\Vitruv-TGG-Integration-Test\vsum\target\test-classes;C:\Users\XPS-15\IdeaProjects\Vitruv-TGG-Integration-Test\vsum\target\classes;C:\Users\XPS-15\.m2\repository\tools\vitruv\tools.vitruv.methodologisttemplate.model\0.1.0-SNAPSHOT\tools.vitruv.methodologisttemplate.model-0.1.0-SNAPSHOT.jar;C:\Users\XPS-15\.m2\repository\org\eclipse\emf\org.eclipse.emf.common\2.40.0\org.eclipse.emf.common-2.40.0.jar;C:\Users\XPS-15\.m2\repository\tools\vitruv\tools.vitruv.methodologisttemplate.consistency\0.1.0-SNAPSHOT\tools.vitruv.methodologisttemplate.consistency-0.1.0-SNAPSHOT.jar;C:\Users\XPS-15\.m2\repository\tools\vitruv\tools.vitruv.change.composite\3.1.0\tools.vitruv.change.composite-3.1.0.jar;C:\Users\XPS-15\.m2\repository\org\eclipse\emf\org.eclipse.emf.ecore.change\2.17.0\org.eclipse.emf.ecore.change-2.17.0.jar;C:\Users\XPS-15\.m2\repository\tools\vitruv\tools.vitruv.dsls.reactions.runtime\3.1.0\tools.vitruv.dsls.reactions.runtime-3.1.0.jar;C:\Users\XPS-15\.m2\repository\org\eclipse\platform\org.eclipse.core.resources\3.21.0\org.eclipse.core.resources-3.21.0.jar;C:\Users\XPS-15\.m2\repository\org\eclipse\platform\org.eclipse.core.expressions\3.9.400\org.eclipse.core.expressions-3.9.400.jar;C:\Users\XPS-15\.m2\repository\org\eclipse\platform\org.eclipse.core.filesystem\1.11.0\org.eclipse.core.filesystem-1.11.0.jar;C:\Users\XPS-15\.m2\repository\net\java\dev\jna\jna-platform\5.14.0\jna-platform-5.14.0.jar;C:\Users\XPS-15\.m2\repository\net\java\dev\jna\jna\5.14.0\jna-5.14.0.jar;C:\Users\XPS-15\.m2\repository\org\eclipse\platform\org.eclipse.equinox.common\3.19.100\org.eclipse.equinox.common-3.19.100.jar;C:\Users\XPS-15\.m2\repository\tools\vitruv\tools.vitruv.change.interaction\3.1.0\tools.vitruv.change.interaction-3.1.0.jar;C:\Users\XPS-15\.m2\repository\tools\vitruv\tools.vitruv.change.interaction.model\3.1.0\tools.vitruv.change.interaction.model-3.1.0.jar;C:\Users\XPS-15\.m2\repository\com\google\guava\guava\30.1-jre\guava-30.1-jre.jar;C:\Users\XPS-15\.m2\repository\com\google\guava\failureaccess\1.0.1\failureaccess-1.0.1.jar;C:\Users\XPS-15\.m2\repository\com\google\guava\listenablefuture\9999.0-empty-to-avoid-conflict-with-guava\listenablefuture-9999.0-empty-to-avoid-conflict-with-guava.jar;C:\Users\XPS-15\.m2\repository\com\google\code\findbugs\jsr305\3.0.2\jsr305-3.0.2.jar;C:\Users\XPS-15\.m2\repository\org\checkerframework\checker-qual\3.5.0\checker-qual-3.5.0.jar;C:\Users\XPS-15\.m2\repository\com\google\errorprone\error_prone_annotations\2.3.4\error_prone_annotations-2.3.4.jar;C:\Users\XPS-15\.m2\repository\com\google\j2objc\j2objc-annotations\1.3\j2objc-annotations-1.3.jar;C:\Users\XPS-15\.m2\repository\org\eclipse\platform\org.eclipse.jface\3.35.0\org.eclipse.jface-3.35.0.jar;C:\Users\XPS-15\.m2\repository\org\eclipse\platform\org.eclipse.core.commands\3.12.200\org.eclipse.core.commands-3.12.200.jar;C:\Users\XPS-15\.m2\repository\org\eclipse\platform\org.eclipse.osgi\3.21.0\org.eclipse.osgi-3.21.0.jar;C:\Users\XPS-15\.m2\repository\org\eclipse\platform\org.eclipse.swt.win32.win32.x86_64\3.124.100\org.eclipse.swt.win32.win32.x86_64-3.124.100.jar;C:\Users\XPS-15\.m2\repository\org\eclipse\platform\org.eclipse.ui.workbench\3.133.0\org.eclipse.ui.workbench-3.133.0.jar;C:\Users\XPS-15\.m2\repository\org\eclipse\platform\org.eclipse.core.runtime\3.31.100\org.eclipse.core.runtime-3.31.100.jar;C:\Users\XPS-15\.m2\repository\org\eclipse\platform\org.eclipse.core.jobs\3.15.300\org.eclipse.core.jobs-3.15.300.jar;C:\Users\XPS-15\.m2\repository\org\eclipse\platform\org.eclipse.equinox.registry\3.12.100\org.eclipse.equinox.registry-3.12.100.jar;C:\Users\XPS-15\.m2\repository\org\eclipse\platform\org.eclipse.equinox.preferences\3.11.100\org.eclipse.equinox.preferences-3.11.100.jar;C:\Users\XPS-15\.m2\repository\org\osgi\org.osgi.service.prefs\1.1.2\org.osgi.service.prefs-1.1.2.jar;C:\Users\XPS-15\.m2\repository\org\eclipse\platform\org.eclipse.core.contenttype\3.9.400\org.eclipse.core.contenttype-3.9.400.jar;C:\Users\XPS-15\.m2\repository\org\eclipse\platform\org.eclipse.equinox.app\1.7.100\org.eclipse.equinox.app-1.7.100.jar;C:\Users\XPS-15\.m2\repository\org\eclipse\platform\org.eclipse.help\3.10.400\org.eclipse.help-3.10.400.jar;C:\Users\XPS-15\.m2\repository\org\eclipse\platform\org.eclipse.jface.databinding\1.15.300\org.eclipse.jface.databinding-1.15.300.jar;C:\Users\XPS-15\.m2\repository\org\eclipse\platform\org.eclipse.core.databinding\1.13.300\org.eclipse.core.databinding-1.13.300.jar;C:\Users\XPS-15\.m2\repository\org\eclipse\platform\org.eclipse.core.databinding.property\1.10.300\org.eclipse.core.databinding.property-1.10.300.jar;C:\Users\XPS-15\.m2\repository\org\eclipse\platform\org.eclipse.core.databinding.observable\1.13.300\org.eclipse.core.databinding.observable-1.13.300.jar;C:\Users\XPS-15\.m2\repository\org\eclipse\platform\org.eclipse.e4.core.services\2.4.400\org.eclipse.e4.core.services-2.4.400.jar;C:\Users\XPS-15\.m2\repository\org\eclipse\platform\org.eclipse.e4.core.contexts\1.12.600\org.eclipse.e4.core.contexts-1.12.600.jar;C:\Users\XPS-15\.m2\repository\org\eclipse\platform\org.eclipse.e4.core.di\1.9.500\org.eclipse.e4.core.di-1.9.500.jar;C:\Users\XPS-15\.m2\repository\org\eclipse\platform\org.eclipse.e4.core.di.annotations\1.8.400\org.eclipse.e4.core.di.annotations-1.8.400.jar;C:\Users\XPS-15\.m2\repository\org\eclipse\platform\org.eclipse.e4.ui.workbench.swt\0.17.500\org.eclipse.e4.ui.workbench.swt-0.17.500.jar;C:\Users\XPS-15\.m2\repository\org\eclipse\platform\org.eclipse.e4.ui.dialogs\1.5.0\org.eclipse.e4.ui.dialogs-1.5.0.jar;C:\Users\XPS-15\.m2\repository\org\eclipse\platform\org.eclipse.e4.ui.css.core\0.14.500\org.eclipse.e4.ui.css.core-0.14.500.jar;C:\Users\XPS-15\.m2\repository\org\apache\xmlgraphics\batik-css\1.17\batik-css-1.17.jar;C:\Users\XPS-15\.m2\repository\org\apache\xmlgraphics\batik-shared-resources\1.17\batik-shared-resources-1.17.jar;C:\Users\XPS-15\.m2\repository\org\apache\xmlgraphics\batik-util\1.17\batik-util-1.17.jar;C:\Users\XPS-15\.m2\repository\org\apache\xmlgraphics\batik-constants\1.17\batik-constants-1.17.jar;C:\Users\XPS-15\.m2\repository\org\apache\xmlgraphics\batik-i18n\1.17\batik-i18n-1.17.jar;C:\Users\XPS-15\.m2\repository\org\apache\xmlgraphics\xmlgraphics-commons\2.9\xmlgraphics-commons-2.9.jar;C:\Users\XPS-15\.m2\repository\org\eclipse\platform\org.eclipse.e4.ui.widgets\1.4.200\org.eclipse.e4.ui.widgets-1.4.200.jar;C:\Users\XPS-15\.m2\repository\org\eclipse\platform\org.eclipse.urischeme\1.3.400\org.eclipse.urischeme-1.3.400.jar;C:\Users\XPS-15\.m2\repository\org\eclipse\platform\org.eclipse.e4.ui.di\1.5.400\org.eclipse.e4.ui.di-1.5.400.jar;C:\Users\XPS-15\.m2\repository\org\eclipse\platform\org.eclipse.e4.core.di.extensions.supplier\0.17.500\org.eclipse.e4.core.di.extensions.supplier-0.17.500.jar;C:\Users\XPS-15\.m2\repository\org\eclipse\platform\org.eclipse.e4.ui.model.workbench\2.4.300\org.eclipse.e4.ui.model.workbench-2.4.300.jar;C:\Users\XPS-15\.m2\repository\org\eclipse\platform\org.eclipse.e4.emf.xpath\0.4.300\org.eclipse.e4.emf.xpath-0.4.300.jar;C:\Users\XPS-15\.m2\repository\commons-jxpath\commons-jxpath\1.3\commons-jxpath-1.3.jar;C:\Users\XPS-15\.m2\repository\org\eclipse\platform\org.eclipse.e4.ui.css.swt.theme\0.14.400\org.eclipse.e4.ui.css.swt.theme-0.14.400.jar;C:\Users\XPS-15\.m2\repository\xml-apis\xml-apis-ext\1.3.04\xml-apis-ext-1.3.04.jar;C:\Users\XPS-15\.m2\repository\org\eclipse\platform\org.eclipse.e4.ui.bindings\0.14.400\org.eclipse.e4.ui.bindings-0.14.400.jar;C:\Users\XPS-15\.m2\repository\org\eclipse\platform\org.eclipse.e4.ui.css.swt\0.15.400\org.eclipse.e4.ui.css.swt-0.15.400.jar;C:\Users\XPS-15\.m2\repository\org\eclipse\platform\org.eclipse.e4.ui.workbench3\0.17.400\org.eclipse.e4.ui.workbench3-0.17.400.jar;C:\Users\XPS-15\.m2\repository\org\eclipse\platform\org.eclipse.e4.ui.workbench.addons.swt\1.5.500\org.eclipse.e4.ui.workbench.addons.swt-1.5.500.jar;C:\Users\XPS-15\.m2\repository\org\eclipse\platform\org.eclipse.e4.ui.services\1.6.300\org.eclipse.e4.ui.services-1.6.300.jar;C:\Users\XPS-15\.m2\repository\org\eclipse\emf\org.eclipse.emf.ecore.xmi\2.38.0\org.eclipse.emf.ecore.xmi-2.38.0.jar;C:\Users\XPS-15\.m2\repository\org\eclipse\platform\org.eclipse.e4.core.di.extensions\0.18.300\org.eclipse.e4.core.di.extensions-0.18.300.jar;C:\Users\XPS-15\.m2\repository\com\ibm\icu\icu4j\75.1\icu4j-75.1.jar;C:\Users\XPS-15\.m2\repository\jakarta\annotation\jakarta.annotation-api\2.1.1\jakarta.annotation-api-2.1.1.jar;C:\Users\XPS-15\.m2\repository\jakarta\inject\jakarta.inject-api\2.0.1\jakarta.inject-api-2.0.1.jar;C:\Users\XPS-15\.m2\repository\org\eclipse\platform\org.eclipse.e4.core.commands\1.1.400\org.eclipse.e4.core.commands-1.1.400.jar;C:\Users\XPS-15\.m2\repository\org\eclipse\platform\org.eclipse.e4.ui.workbench\1.15.500\org.eclipse.e4.ui.workbench-1.15.500.jar;C:\Users\XPS-15\.m2\repository\org\eclipse\platform\org.eclipse.e4.ui.workbench.renderers.swt\0.16.500\org.eclipse.e4.ui.workbench.renderers.swt-0.16.500.jar;C:\Users\XPS-15\.m2\repository\org\osgi\org.osgi.service.event\1.4.1\org.osgi.service.event-1.4.1.jar;C:\Users\XPS-15\.m2\repository\org\osgi\osgi.annotation\8.0.1\osgi.annotation-8.0.1.jar;C:\Users\XPS-15\.m2\repository\org\osgi\org.osgi.namespace.implementation\1.0.0\org.osgi.namespace.implementation-1.0.0.jar;C:\Users\XPS-15\.m2\repository\org\eclipse\xtend\org.eclipse.xtend.lib\2.36.0\org.eclipse.xtend.lib-2.36.0.jar;C:\Users\XPS-15\.m2\repository\org\eclipse\xtend\org.eclipse.xtend.lib.macro\2.36.0\org.eclipse.xtend.lib.macro-2.36.0.jar;C:\Users\XPS-15\.m2\repository\org\eclipse\xtext\org.eclipse.xtext.xbase.lib\2.36.0\org.eclipse.xtext.xbase.lib-2.36.0.jar;C:\Users\XPS-15\.m2\repository\sdq-commons\edu.kit.ipd.sdq.commons.util.java\2.3.0.202304271319\edu.kit.ipd.sdq.commons.util.java-2.3.0.202304271319.jar;C:\Users\XPS-15\.m2\repository\tools\vitruv\tools.vitruv.change.propagation\3.2.0-SNAPSHOT\tools.vitruv.change.propagation-3.2.0-SNAPSHOT.jar;C:\Users\XPS-15\.m2\repository\tools\vitruv\tools.vitruv.change.atomic\3.1.0\tools.vitruv.change.atomic-3.1.0.jar;C:\Users\XPS-15\.m2\repository\org\eclipse\emf\org.eclipse.emf.edit\2.22.0\org.eclipse.emf.edit-2.22.0.jar;C:\Users\XPS-15\.m2\repository\tools\vitruv\tools.vitruv.change.correspondence\3.2.0-SNAPSHOT\tools.vitruv.change.correspondence-3.2.0-SNAPSHOT.jar;C:\Users\XPS-15\.m2\repository\tools\vitruv\tools.vitruv.change.utils\3.2.0-SNAPSHOT\tools.vitruv.change.utils-3.2.0-SNAPSHOT.jar;C:\Users\XPS-15\.m2\repository\sdq-commons\edu.kit.ipd.sdq.commons.util.emf\2.3.0.202304271319\edu.kit.ipd.sdq.commons.util.emf-2.3.0.202304271319.jar;C:\Users\XPS-15\.m2\repository\tools\vitruv\tools.vitruv.change.testutils.integration\3.1.0\tools.vitruv.change.testutils.integration-3.1.0.jar;C:\Users\XPS-15\.m2\repository\tools\vitruv\tools.vitruv.change.testutils.core\3.1.0\tools.vitruv.change.testutils.core-3.1.0.jar;C:\Users\XPS-15\.m2\repository\org\hamcrest\hamcrest\2.2\hamcrest-2.2.jar;C:\Users\XPS-15\.m2\repository\org\junit\platform\junit-platform-commons\1.10.1\junit-platform-commons-1.10.1.jar;C:\Users\XPS-15\.m2\repository\org\slf4j\slf4j-api\2.0.16\slf4j-api-2.0.16.jar;C:\Users\XPS-15\.m2\repository\sdq-commons\edu.kit.ipd.sdq.commons.util.eclipse\2.3.0.202304271319\edu.kit.ipd.sdq.commons.util.eclipse-2.3.0.202304271319.jar;C:\Users\XPS-15\.m2\repository\xannotations\edu.kit.ipd.sdq.activextendannotations\1.6.0\edu.kit.ipd.sdq.activextendannotations-1.6.0.jar;C:\Users\XPS-15\.m2\repository\tools\vitruv\tools.vitruv.framework.views\3.1.0\tools.vitruv.framework.views-3.1.0.jar;C:\Users\XPS-15\.m2\repository\emf-compare\org.eclipse.emf.compare\3.5.3.202212280858\org.eclipse.emf.compare-3.5.3.202212280858.jar;C:\Users\XPS-15\.m2\repository\tools\vitruv\tools.vitruv.framework.vsum\3.1.0\tools.vitruv.framework.vsum-3.1.0.jar;C:\Users\XPS-15\.m2\repository\tools\vitruv\tools.vitruv.tgg.emoflon-integration\0.1.0-SNAPSHOT\tools.vitruv.tgg.emoflon-integration-0.1.0-SNAPSHOT.jar;C:\Users\XPS-15\.m2\repository\emoflon-ibex\org.emoflon.ibex.tgg.language\1.0.0.202411071058\org.emoflon.ibex.tgg.language-1.0.0.202411071058.jar;C:\Users\XPS-15\.m2\repository\emoflon-ibex\org.emoflon.ibex.tgg.editor\1.0.0.202411071058\org.emoflon.ibex.tgg.editor-1.0.0.202411071058.jar;C:\Users\XPS-15\.m2\repository\emoflon-ibex\org.emoflon.ibex.tgg.editor.ide\1.0.0.202411071058\org.emoflon.ibex.tgg.editor.ide-1.0.0.202411071058.jar;C:\Users\XPS-15\.m2\repository\emoflon-ibex\org.moflon.core.utilities\3.0.0.202411071058\org.moflon.core.utilities-3.0.0.202411071058.jar;C:\Users\XPS-15\.m2\repository\emoflon-ibex\org.moflon.core.plugins\3.1.0.202411071058\org.moflon.core.plugins-3.1.0.202411071058.jar;C:\Users\XPS-15\.m2\repository\emoflon-ibex\org.emoflon.ibex.tgg.runtime\1.0.0.202411071058\org.emoflon.ibex.tgg.runtime-1.0.0.202411071058.jar;C:\Users\XPS-15\.m2\repository\emoflon-ibex\org.emoflon.ibex.common\1.0.0.202411071058\org.emoflon.ibex.common-1.0.0.202411071058.jar;C:\Users\XPS-15\.m2\repository\emoflon-ibex\org.moflon.core.preferences\2.0.0.202411071058\org.moflon.core.preferences-2.0.0.202411071058.jar;C:\Users\XPS-15\.m2\repository\emoflon-ibex\org.moflon.emf.codegen\2.0.0.202411071058\org.moflon.emf.codegen-2.0.0.202411071058.jar;C:\Users\XPS-15\.m2\repository\emoflon-ibex\org.emoflon.ibex.gt\1.0.0.202411071058\org.emoflon.ibex.gt-1.0.0.202411071058.jar;C:\Users\XPS-15\.m2\repository\emoflon-ibex\org.emoflon.ibex.gt.editor\1.1.0.202411071058\org.emoflon.ibex.gt.editor-1.1.0.202411071058.jar;C:\Users\XPS-15\.m2\repository\emoflon-ibex\org.emoflon.ibex.dependencies\1.0.0\org.emoflon.ibex.dependencies-1.0.0.jar;C:\Users\XPS-15\.m2\repository\emoflon-ibex\org.emoflon.ibex.dependencies\1.0.0\org.emoflon.ibex.dependencies-1.0.0-commons-math3-3.6.1.jar;C:\Users\XPS-15\.m2\repository\emoflon-ibex\org.emoflon.ibex.dependencies\1.0.0\org.emoflon.ibex.dependencies-1.0.0-gs-algo-2.0.jar;C:\Users\XPS-15\.m2\repository\emoflon-ibex\org.emoflon.ibex.dependencies\1.0.0\org.emoflon.ibex.dependencies-1.0.0-gs-core-2.0.jar;C:\Users\XPS-15\.m2\repository\emoflon-ibex\org.emoflon.ibex.dependencies\1.0.0\org.emoflon.ibex.dependencies-1.0.0-gs-ui-javafx-2.0.jar;C:\Users\XPS-15\.m2\repository\emoflon-ibex\org.emoflon.ibex.dependencies\1.0.0\org.emoflon.ibex.dependencies-1.0.0-gs-ui-swing-2.0.jar;C:\Users\XPS-15\.m2\repository\emoflon-ibex\org.emoflon.ibex.gt.statemodel\0.1.0.202411071058\org.emoflon.ibex.gt.statemodel-0.1.0.202411071058.jar;C:\Users\XPS-15\.m2\repository\emoflon-ibex\org.emoflon.delta\1.0.0.202411071058\org.emoflon.delta-1.0.0.202411071058.jar;C:\Users\XPS-15\.m2\repository\emoflon-ibex\org.emoflon.ibex.patternmodel\0.1.0.202411071058\org.emoflon.ibex.patternmodel-0.1.0.202411071058.jar;C:\Users\XPS-15\.m2\repository\emoflon-ibex\org.emoflon.smartemf\1.0.0.202411071058\org.emoflon.smartemf-1.0.0.202411071058.jar;C:\Users\XPS-15\.m2\repository\emoflon-ibex\org.emoflon.smartemf.dependencies\1.0.0\org.emoflon.smartemf.dependencies-1.0.0.jar;C:\Users\XPS-15\.m2\repository\emoflon-ibex\org.emoflon.smartemf.dependencies\1.0.0\org.emoflon.smartemf.dependencies-1.0.0-jdom-2.0.6.jar;C:\Users\XPS-15\.m2\repository\emoflon-ibex\org.emoflon.smartemf.dependencies\1.0.0\org.emoflon.smartemf.dependencies-1.0.0-jdom-2.0.6-contrib.jar;C:\Users\XPS-15\.m2\repository\emoflon-ibex\org.emoflon.smartemf.dependencies\1.0.0\org.emoflon.smartemf.dependencies-1.0.0-jdom-2.0.6-javadoc.jar;C:\Users\XPS-15\.m2\repository\emoflon-ibex\org.emoflon.smartemf.dependencies\1.0.0\org.emoflon.smartemf.dependencies-1.0.0-jdom-2.0.6-junit.jar;C:\Users\XPS-15\.m2\repository\emoflon-ibex\org.emoflon.smartemf.dependencies\1.0.0\org.emoflon.smartemf.dependencies-1.0.0-jdom-2.0.6-sources.jar;C:\Users\XPS-15\.m2\repository\emoflon-ibex\org.moflon.core.propertycontainer\2.1.0.202411071058\org.moflon.core.propertycontainer-2.1.0.202411071058.jar;C:\Users\XPS-15\.m2\repository\emoflon-ibex\org.emoflon.ibex.tgg.runtime\1.0.0.202411071058\org.emoflon.ibex.tgg.runtime-1.0.0.202411071058-lib$commons-io-2.5.jar;C:\Users\XPS-15\.m2\repository\emoflon-ibex\org.emoflon.ibex.tgg.runtime\1.0.0.202411071058\org.emoflon.ibex.tgg.runtime-1.0.0.202411071058-lib$commons-lang3-3.5.jar;C:\Users\XPS-15\.m2\repository\emoflon-ibex\org.emoflon.ibex.tgg.runtime\1.0.0.202411071058\org.emoflon.ibex.tgg.runtime-1.0.0.202411071058-lib$gurobi.jar;C:\Users\XPS-15\.m2\repository\emoflon-ibex\org.emoflon.ibex.tgg.runtime\1.0.0.202411071058\org.emoflon.ibex.tgg.runtime-1.0.0.202411071058-lib$glpk-java.jar;C:\Users\XPS-15\.m2\repository\emoflon-ibex\org.emoflon.ibex.tgg.runtime\1.0.0.202411071058\org.emoflon.ibex.tgg.runtime-1.0.0.202411071058-lib$com.google.ortools.jar;C:\Users\XPS-15\.m2\repository\emoflon-ibex\org.emoflon.ibex.tgg.runtime\1.0.0.202411071058\org.emoflon.ibex.tgg.runtime-1.0.0.202411071058-lib$protobuf.jar;C:\Users\XPS-15\.m2\repository\emoflon-ibex\org.emoflon.ibex.tgg.runtime\1.0.0.202411071058\org.emoflon.ibex.tgg.runtime-1.0.0.202411071058-lib$mipcl.jar;C:\Users\XPS-15\.m2\repository\emoflon-ibex\org.emoflon.ibex.tgg.runtime\1.0.0.202411071058\org.emoflon.ibex.tgg.runtime-1.0.0.202411071058-lib$javabdd-silent.jar;C:\Users\XPS-15\.m2\repository\emoflon-ibex\org.emoflon.ibex.tgg.runtime.hipe\1.0.0.202411071058\org.emoflon.ibex.tgg.runtime.hipe-1.0.0.202411071058.jar;C:\Users\XPS-15\.m2\repository\emoflon-ibex\org.emoflon.ibex.gt.hipe\1.0.0.202411071058\org.emoflon.ibex.gt.hipe-1.0.0.202411071058.jar;C:\Users\XPS-15\.m2\repository\emoflon-ibex\org.emoflon.ibex.gt.editor.ui\1.1.0.202411071058\org.emoflon.ibex.gt.editor.ui-1.1.0.202411071058.jar;C:\Users\XPS-15\.m2\repository\emoflon-ibex\org.emoflon.ibex.gt.editor.ide\1.1.0.202411071058\org.emoflon.ibex.gt.editor.ide-1.1.0.202411071058.jar;C:\Users\XPS-15\.m2\repository\emoflon-ibex\org.moflon.core.ui\1.3.0.202411071058\org.moflon.core.ui-1.3.0.202411071058.jar;C:\Users\XPS-15\.m2\repository\emoflon-ibex\org.moflon.core.build\1.1.0.202411071058\org.moflon.core.build-1.1.0.202411071058.jar;C:\Users\XPS-15\.m2\repository\emoflon-ibex\org.emoflon.ibex.tgg.runtime.democles\1.0.0.202411071058\org.emoflon.ibex.tgg.runtime.democles-1.0.0.202411071058.jar;C:\Users\XPS-15\.m2\repository\emoflon-ibex\org.emoflon.core.dependencies\1.0.0\org.emoflon.core.dependencies-1.0.0.jar;C:\Users\XPS-15\.m2\repository\emoflon-ibex\org.emoflon.core.dependencies\1.0.0\org.emoflon.core.dependencies-1.0.0-org.gervarro.democles.common_3.0.0.v20170612-2312.jar;C:\Users\XPS-15\.m2\repository\emoflon-ibex\org.emoflon.core.dependencies\1.0.0\org.emoflon.core.dependencies-1.0.0-org.gervarro.democles.emf_2.1.0.v20170707-2358.jar;C:\Users\XPS-15\.m2\repository\emoflon-ibex\org.emoflon.core.dependencies\1.0.0\org.emoflon.core.dependencies-1.0.0-org.gervarro.democles.interpreter.emf_1.0.0.v20180320-2254.jar;C:\Users\XPS-15\.m2\repository\emoflon-ibex\org.emoflon.core.dependencies\1.0.0\org.emoflon.core.dependencies-1.0.0-org.gervarro.democles.interpreter.incremental.emf_1.0.0.v20180320-2254.jar;C:\Users\XPS-15\.m2\repository\emoflon-ibex\org.emoflon.core.dependencies\1.0.0\org.emoflon.core.dependencies-1.0.0-org.gervarro.democles.interpreter.incremental_1.0.0.v20180303-2328.jar;C:\Users\XPS-15\.m2\repository\emoflon-ibex\org.emoflon.core.dependencies\1.0.0\org.emoflon.core.dependencies-1.0.0-org.gervarro.democles.interpreter.lightning_1.0.0.v20161103-0122.jar;C:\Users\XPS-15\.m2\repository\emoflon-ibex\org.emoflon.core.dependencies\1.0.0\org.emoflon.core.dependencies-1.0.0-org.gervarro.democles.interpreter_1.0.0.v20181003-2250.jar;C:\Users\XPS-15\.m2\repository\emoflon-ibex\org.emoflon.core.dependencies\1.0.0\org.emoflon.core.dependencies-1.0.0-org.gervarro.democles.notification.emf_1.0.0.v20181003-2254.jar;C:\Users\XPS-15\.m2\repository\emoflon-ibex\org.emoflon.core.dependencies\1.0.0\org.emoflon.core.dependencies-1.0.0-org.gervarro.democles.plan.emf_1.0.0.v20161103-0012.jar;C:\Users\XPS-15\.m2\repository\emoflon-ibex\org.emoflon.core.dependencies\1.0.0\org.emoflon.core.dependencies-1.0.0-org.gervarro.democles.plan.incremental.leaf_1.0.0.v20181003-2253.jar;C:\Users\XPS-15\.m2\repository\emoflon-ibex\org.emoflon.core.dependencies\1.0.0\org.emoflon.core.dependencies-1.0.0-org.gervarro.democles.plan_3.0.0.v20161103-0012.jar;C:\Users\XPS-15\.m2\repository\emoflon-ibex\org.emoflon.core.dependencies\1.0.0\org.emoflon.core.dependencies-1.0.0-org.gervarro.democles.specification.emf_3.0.0.v20170707-2358.jar;C:\Users\XPS-15\.m2\repository\emoflon-ibex\org.emoflon.core.dependencies\1.0.0\org.emoflon.core.dependencies-1.0.0-org.gervarro.eclipse.task_1.0.1.v20160830-1402.jar;C:\Users\XPS-15\.m2\repository\emoflon-ibex\org.emoflon.core.dependencies\1.0.0\org.emoflon.core.dependencies-1.0.0-org.gervarro.eclipse.workspace.autosetup_1.0.0.v20160830-1404.jar;C:\Users\XPS-15\.m2\repository\emoflon-ibex\org.emoflon.core.dependencies\1.0.0\org.emoflon.core.dependencies-1.0.0-org.gervarro.eclipse.workspace.util_2.0.0.v20161231-0038.jar;C:\Users\XPS-15\.m2\repository\emoflon-ibex\org.emoflon.core.dependencies\1.0.0\org.emoflon.core.dependencies-1.0.0-org.gervarro.notification.source_1.0.0.v20170929-1147.jar;C:\Users\XPS-15\.m2\repository\emoflon-ibex\org.emoflon.core.dependencies\1.0.0\org.emoflon.core.dependencies-1.0.0-org.gervarro.notification_1.0.0.v20170929-1147.jar;C:\Users\XPS-15\.m2\repository\emoflon-ibex\org.emoflon.core.dependencies\1.0.0\org.emoflon.core.dependencies-1.0.0-org.gervarro.plan.dynprog_1.0.1.v20161103-0122.jar;C:\Users\XPS-15\.m2\repository\emoflon-ibex\org.emoflon.core.dependencies\1.0.0\org.emoflon.core.dependencies-1.0.0-org.gervarro.util_1.0.0.v20181003-2249.jar;C:\Users\XPS-15\.m2\repository\emoflon-ibex\org.emoflon.core.dependencies\1.0.0\org.emoflon.core.dependencies-1.0.0-org.apache.commons.lang3_3.1.0.v201403281430.jar;C:\Users\XPS-15\.m2\repository\emoflon-ibex\org.emoflon.ibex.gt.democles\1.0.0.202411071058\org.emoflon.ibex.gt.democles-1.0.0.202411071058.jar;C:\Users\XPS-15\.m2\repository\hipe\hipe.dependencies\1.0.0.202411071042\hipe.dependencies-1.0.0.202411071042.jar;C:\Users\XPS-15\.m2\repository\hipe\hipe.dependencies\1.0.0.202411071042\hipe.dependencies-1.0.0.202411071042-akka-actor_2.12-2.5.19.jar;C:\Users\XPS-15\.m2\repository\hipe\hipe.dependencies\1.0.0.202411071042\hipe.dependencies-1.0.0.202411071042-config-1.3.3.jar;C:\Users\XPS-15\.m2\repository\hipe\hipe.dependencies\1.0.0.202411071042\hipe.dependencies-1.0.0.202411071042-scala-java8-compat_2.12-0.8.0.jar;C:\Users\XPS-15\.m2\repository\hipe\hipe.dependencies\1.0.0.202411071042\hipe.dependencies-1.0.0.202411071042-scala-library-2.12.8.jar;C:\Users\XPS-15\.m2\repository\hipe\hipe.dependencies\1.0.0.202411071042\hipe.dependencies-1.0.0.202411071042-akka-stream_2.12-2.5.19.jar;C:\Users\XPS-15\.m2\repository\hipe\hipe.dependencies\1.0.0.202411071042\hipe.dependencies-1.0.0.202411071042-reactive-streams-1.0.2.jar;C:\Users\XPS-15\.m2\repository\hipe\hipe.dependencies\1.0.0.202411071042\hipe.dependencies-1.0.0.202411071042-trove-3.0.3.jar;C:\Users\XPS-15\.m2\repository\hipe\hipe.engine\1.0.0.202411071042\hipe.engine-1.0.0.202411071042.jar;C:\Users\XPS-15\.m2\repository\hipe\hipe.pattern\1.0.0.202411071042\hipe.pattern-1.0.0.202411071042.jar;C:\Users\XPS-15\.m2\repository\hipe\hipe.network\1.0.0.202411071042\hipe.network-1.0.0.202411071042.jar;C:\Users\XPS-15\.m2\repository\tools\vitruv\tools.vitruv.dsls.demo.sdq-demo-metamodels-wrapper\3.2.0-SNAPSHOT\tools.vitruv.dsls.demo.sdq-demo-metamodels-wrapper-3.2.0-SNAPSHOT.jar;C:\Users\XPS-15\.m2\repository\sdq-demo-metamodels\edu.kit.ipd.sdq.metamodels.families\1.9.0.202311201524\edu.kit.ipd.sdq.metamodels.families-1.9.0.202311201524.jar;C:\Users\XPS-15\.m2\repository\sdq-demo-metamodels\edu.kit.ipd.sdq.metamodels.persons\1.9.0.202311201524\edu.kit.ipd.sdq.metamodels.persons-1.9.0.202311201524.jar;C:\Users\XPS-15\.m2\repository\sdq-demo-metamodels\edu.kit.ipd.sdq.metamodels.insurance\1.9.0.202311201524\edu.kit.ipd.sdq.metamodels.insurance-1.9.0.202311201524.jar;C:\Users\XPS-15\.m2\repository\eclipse\org.eclipse.uml2.uml\5.5.0.v20221116-1811\org.eclipse.uml2.uml-5.5.0.v20221116-1811.jar;C:\Users\XPS-15\.m2\repository\eclipse\org.eclipse.core.runtime\3.26.100.v20221021-0005\org.eclipse.core.runtime-3.26.100.v20221021-0005.jar;C:\Users\XPS-15\.m2\repository\eclipse\org.eclipse.osgi\3.18.300.v20230220-1352\org.eclipse.osgi-3.18.300.v20230220-1352.jar;C:\Users\XPS-15\.m2\repository\eclipse\org.eclipse.equinox.common\3.17.100.v20230202-1341\org.eclipse.equinox.common-3.17.100.v20230202-1341.jar;C:\Users\XPS-15\.m2\repository\eclipse\org.eclipse.core.jobs\3.13.300.v20230111-0823\org.eclipse.core.jobs-3.13.300.v20230111-0823.jar;C:\Users\XPS-15\.m2\repository\eclipse\org.eclipse.equinox.registry\3.11.200.v20220817-1601\org.eclipse.equinox.registry-3.11.200.v20220817-1601.jar;C:\Users\XPS-15\.m2\repository\eclipse\org.eclipse.equinox.preferences\3.10.200.v20230120-0604\org.eclipse.equinox.preferences-3.10.200.v20230120-0604.jar;C:\Users\XPS-15\.m2\repository\eclipse\org.osgi.service.prefs\1.1.2.202109301733\org.osgi.service.prefs-1.1.2.202109301733.jar;C:\Users\XPS-15\.m2\repository\eclipse\org.eclipse.core.contenttype\3.8.200.v20220817-1539\org.eclipse.core.contenttype-3.8.200.v20220817-1539.jar;C:\Users\XPS-15\.m2\repository\eclipse\org.eclipse.equinox.app\1.6.200.v20220720-2012\org.eclipse.equinox.app-1.6.200.v20220720-2012.jar;C:\Users\XPS-15\.m2\repository\eclipse\org.eclipse.emf.ecore\2.33.0.v20230226-0921\org.eclipse.emf.ecore-2.33.0.v20230226-0921.jar;C:\Users\XPS-15\.m2\repository\eclipse\org.eclipse.emf.common\2.28.0.v20230223-0922\org.eclipse.emf.common-2.28.0.v20230223-0922.jar;C:\Users\XPS-15\.m2\repository\eclipse\org.eclipse.core.resources\3.18.200.v20230209-0754\org.eclipse.core.resources-3.18.200.v20230209-0754.jar;C:\Users\XPS-15\.m2\repository\eclipse\org.eclipse.ant.core\3.6.500.v20220718-1722\org.eclipse.ant.core-3.6.500.v20220718-1722.jar;C:\Users\XPS-15\.m2\repository\eclipse\org.eclipse.core.variables\3.5.100.v20210721-1355\org.eclipse.core.variables-3.5.100.v20210721-1355.jar;C:\Users\XPS-15\.m2\repository\eclipse\org.eclipse.core.expressions\3.8.200.v20220613-1047\org.eclipse.core.expressions-3.8.200.v20220613-1047.jar;C:\Users\XPS-15\.m2\repository\eclipse\org.eclipse.core.filesystem\1.9.500.v20220817-1539\org.eclipse.core.filesystem-1.9.500.v20220817-1539.jar;C:\Users\XPS-15\.m2\repository\eclipse\org.eclipse.emf.ecore.xmi\2.18.0.v20230211-1150\org.eclipse.emf.ecore.xmi-2.18.0.v20230211-1150.jar;C:\Users\XPS-15\.m2\repository\eclipse\org.eclipse.uml2.common\2.5.0.v20221116-1811\org.eclipse.uml2.common-2.5.0.v20221116-1811.jar;C:\Users\XPS-15\.m2\repository\eclipse\org.eclipse.uml2.types\2.5.0.v20221116-1811\org.eclipse.uml2.types-2.5.0.v20221116-1811.jar;C:\Users\XPS-15\.m2\repository\eclipse\org.eclipse.emf.mapping.ecore2xml\2.12.0.v20230211-1150\org.eclipse.emf.mapping.ecore2xml-2.12.0.v20230211-1150.jar;C:\Users\XPS-15\.m2\repository\emftext\org.emftext.language.java\1.4.0.v201207310007\org.emftext.language.java-1.4.0.v201207310007.jar;C:\Users\XPS-15\.m2\repository\emftext\org.emftext.commons.layout\1.4.1.v201207310007\org.emftext.commons.layout-1.4.1.v201207310007.jar;C:\Users\XPS-15\.m2\repository\org\eclipse\emf\org.eclipse.emf.ecore\2.38.0\org.eclipse.emf.ecore-2.38.0.jar;C:\Users\XPS-15\.m2\repository\log4j\log4j\1.2.17\log4j-1.2.17.jar;C:\Users\XPS-15\.m2\repository\org\junit\jupiter\junit-jupiter\5.10.1\junit-jupiter-5.10.1.jar;C:\Users\XPS-15\.m2\repository\org\junit\jupiter\junit-jupiter-api\5.10.1\junit-jupiter-api-5.10.1.jar;C:\Users\XPS-15\.m2\repository\org\opentest4j\opentest4j\1.3.0\opentest4j-1.3.0.jar;C:\Users\XPS-15\.m2\repository\org\apiguardian\apiguardian-api\1.1.2\apiguardian-api-1.1.2.jar;C:\Users\XPS-15\.m2\repository\org\junit\jupiter\junit-jupiter-params\5.10.1\junit-jupiter-params-5.10.1.jar;C:\Users\XPS-15\.m2\repository\org\junit\jupiter\junit-jupiter-engine\5.10.1\junit-jupiter-engine-5.10.1.jar;C:\Users\XPS-15\.m2\repository\org\junit\platform\junit-platform-engine\1.10.1\junit-platform-engine-1.10.1.jar;C:\Users\XPS-15\.m2\repository\org\eclipse\epsilon\org.eclipse.epsilon.eol.engine\2.8.0\org.eclipse.epsilon.eol.engine-2.8.0.jar;C:\Users\XPS-15\.m2\repository\org\eclipse\epsilon\org.eclipse.epsilon.common\2.8.0\org.eclipse.epsilon.common-2.8.0.jar;C:\Users\XPS-15\.m2\repository\org\antlr\antlr-runtime\3.5.2\antlr-runtime-3.5.2.jar;C:\Users\XPS-15\.m2\repository\org\apache\maven\plugins\maven-surefire-report-plugin\3.5.3\maven-surefire-report-plugin-3.5.3.jar;C:\Users\XPS-15\.m2\repository\org\apache\maven\surefire\surefire-logger-api\3.5.3\surefire-logger-api-3.5.3.jar;C:\Users\XPS-15\.m2\repository\org\apache\maven\surefire\surefire-report-parser\3.5.3\surefire-report-parser-3.5.3.jar;C:\Users\XPS-15\.m2\repository\org\apache\maven\shared\maven-shared-utils\3.3.4\maven-shared-utils-3.3.4.jar;C:\Users\XPS-15\.m2\repository\commons-io\commons-io\2.6\commons-io-2.6.jar;C:\Users\XPS-15\.m2\repository\org\apache\maven\doxia\doxia-sink-api\2.0.0\doxia-sink-api-2.0.0.jar;C:\Users\XPS-15\.m2\repository\org\apache\maven\doxia\doxia-core\2.0.0\doxia-core-2.0.0.jar;C:\Users\XPS-15\.m2\repository\javax\inject\javax.inject\1\javax.inject-1.jar;C:\Users\XPS-15\.m2\repository\org\codehaus\plexus\plexus-utils\4.0.1\plexus-utils-4.0.1.jar;C:\Users\XPS-15\.m2\repository\org\apache\commons\commons-text\1.12.0\commons-text-1.12.0.jar;C:\Users\XPS-15\.m2\repository\org\apache\commons\commons-lang3\3.17.0\commons-lang3-3.17.0.jar;C:\Users\XPS-15\.m2\repository\org\apache\maven\reporting\maven-reporting-impl\4.0.0\maven-reporting-impl-4.0.0.jar;C:\Users\XPS-15\.m2\repository\org\apache\maven\reporting\maven-reporting-api\4.0.0\maven-reporting-api-4.0.0.jar;C:\Users\XPS-15\.m2\repository\org\apache\maven\doxia\doxia-site-model\2.0.0\doxia-site-model-2.0.0.jar;C:\Users\XPS-15\.m2\repository\org\apache\maven\doxia\doxia-integration-tools\2.0.0\doxia-integration-tools-2.0.0.jar;C:\Users\XPS-15\.m2\repository\org\apache\maven\doxia\doxia-site-renderer\2.0.0\doxia-site-renderer-2.0.0.jar;C:\Users\XPS-15\.m2\repository\org\apache\maven\doxia\doxia-skin-model\2.0.0\doxia-skin-model-2.0.0.jar;C:\Users\XPS-15\.m2\repository\org\apache\maven\doxia\doxia-module-xhtml5\2.0.0\doxia-module-xhtml5-2.0.0.jar;C:\Users\XPS-15\.m2\repository\org\codehaus\plexus\plexus-velocity\2.2.0\plexus-velocity-2.2.0.jar;C:\Users\XPS-15\.m2\repository\org\apache\velocity\velocity-engine-core\2.4\velocity-engine-core-2.4.jar;C:\Users\XPS-15\.m2\repository\org\apache\velocity\tools\velocity-tools-generic\3.1\velocity-tools-generic-3.1.jar;C:\Users\XPS-15\.m2\repository\commons-beanutils\commons-beanutils\1.9.4\commons-beanutils-1.9.4.jar;C:\Users\XPS-15\.m2\repository\commons-logging\commons-logging\1.2\commons-logging-1.2.jar;C:\Users\XPS-15\.m2\repository\commons-collections\commons-collections\3.2.2\commons-collections-3.2.2.jar;C:\Users\XPS-15\.m2\repository\org\apache\commons\commons-digester3\3.2\commons-digester3-3.2.jar;C:\Users\XPS-15\.m2\repository\com\github\cliftonlabs\json-simple\3.0.2\json-simple-3.0.2.jar;C:\Users\XPS-15\.m2\repository\org\apache\maven\doxia\doxia-module-apt\2.0.0\doxia-module-apt-2.0.0.jar;C:\Users\XPS-15\.m2\repository\org\apache\maven\doxia\doxia-module-xdoc\2.0.0\doxia-module-xdoc-2.0.0.jar;C:\Users\XPS-15\.m2\repository\org\apache\maven\maven-archiver\3.6.2\maven-archiver-3.6.2.jar;C:\Users\XPS-15\.m2\repository\org\codehaus\plexus\plexus-archiver\4.9.2\plexus-archiver-4.9.2.jar;C:\Users\XPS-15\.m2\repository\org\codehaus\plexus\plexus-io\3.4.2\plexus-io-3.4.2.jar;C:\Users\XPS-15\.m2\repository\org\apache\commons\commons-compress\1.26.1\commons-compress-1.26.1.jar;C:\Users\XPS-15\.m2\repository\commons-codec\commons-codec\1.16.1\commons-codec-1.16.1.jar;C:\Users\XPS-15\.m2\repository\org\iq80\snappy\snappy\0.4\snappy-0.4.jar;C:\Users\XPS-15\.m2\repository\org\tukaani\xz\1.9\xz-1.9.jar;C:\Users\XPS-15\.m2\repository\com\github\luben\zstd-jni\1.5.5-11\zstd-jni-1.5.5-11.jar;C:\Users\XPS-15\.m2\repository\org\apache\maven\resolver\maven-resolver-api\1.4.1\maven-resolver-api-1.4.1.jar;C:\Users\XPS-15\.m2\repository\org\eclipse\sisu\org.eclipse.sisu.plexus\0.9.0.M3\org.eclipse.sisu.plexus-0.9.0.M3.jar;C:\Users\XPS-15\.m2\repository\org\eclipse\sisu\org.eclipse.sisu.inject\0.9.0.M3\org.eclipse.sisu.inject-0.9.0.M3.jar;C:\Users\XPS-15\.m2\repository\org\codehaus\plexus\plexus-component-annotations\2.1.0\plexus-component-annotations-2.1.0.jar;C:\Users\XPS-15\.m2\repository\org\codehaus\plexus\plexus-classworlds\2.6.0\plexus-classworlds-2.6.0.jar;C:\Users\XPS-15\.m2\repository\org\codehaus\plexus\plexus-xml\3.0.1\plexus-xml-3.0.1.jar;C:\Users\XPS-15\.m2\repository\org\codehaus\plexus\plexus-i18n\1.0-beta-10\plexus-i18n-1.0-beta-10.jar;C:\Users\XPS-15\.m2\repository\org\codehaus\plexus\plexus-component-api\1.0-alpha-20\plexus-component-api-1.0-alpha-20.jar;C:\Users\XPS-15\.m2\repository\junit\junit\3.8.1\junit-3.8.1.jar;C:\Users\XPS-15\.m2\repository\org\codehaus\plexus\plexus-interpolation\1.27\plexus-interpolation-1.27.jar;"/>
    <property name="java.vm.vendor" value="Oracle Corporation"/>
    <property name="sun.arch.data.model" value="64"/>
    <property name="user.variant" value=""/>
    <property name="java.vendor.url" value="https://java.oracle.com/"/>
    <property name="user.timezone" value="Europe/Berlin"/>
    <property name="os.name" value="Windows 10"/>
    <property name="java.vm.specification.version" value="23"/>
    <property name="sun.java.launcher" value="SUN_STANDARD"/>
    <property name="user.country" value="DE"/>
    <property name="sun.boot.library.path" value="C:\Users\XPS-15\.jdks\openjdk-23.0.1\bin"/>
    <property name="sun.java.command" value="C:\Users\XPS-15\AppData\Local\Temp\surefire6015687523919094470\surefirebooter-20250423155827345_3.jar C:\Users\XPS-15\AppData\Local\Temp\surefire6015687523919094470 2025-04-23T15-58-26_926-jvmRun1 surefire-20250423155827345_1tmp surefire_0-20250423155827345_2tmp"/>
    <property name="jdk.debug" value="release"/>
    <property name="test" value="Java2UmlEvaluationGoal1Test"/>
    <property name="surefire.test.class.path" value="C:\Users\XPS-15\IdeaProjects\Vitruv-TGG-Integration-Test\vsum\target\test-classes;C:\Users\XPS-15\IdeaProjects\Vitruv-TGG-Integration-Test\vsum\target\classes;C:\Users\XPS-15\.m2\repository\tools\vitruv\tools.vitruv.methodologisttemplate.model\0.1.0-SNAPSHOT\tools.vitruv.methodologisttemplate.model-0.1.0-SNAPSHOT.jar;C:\Users\XPS-15\.m2\repository\org\eclipse\emf\org.eclipse.emf.common\2.40.0\org.eclipse.emf.common-2.40.0.jar;C:\Users\XPS-15\.m2\repository\tools\vitruv\tools.vitruv.methodologisttemplate.consistency\0.1.0-SNAPSHOT\tools.vitruv.methodologisttemplate.consistency-0.1.0-SNAPSHOT.jar;C:\Users\XPS-15\.m2\repository\tools\vitruv\tools.vitruv.change.composite\3.1.0\tools.vitruv.change.composite-3.1.0.jar;C:\Users\XPS-15\.m2\repository\org\eclipse\emf\org.eclipse.emf.ecore.change\2.17.0\org.eclipse.emf.ecore.change-2.17.0.jar;C:\Users\XPS-15\.m2\repository\tools\vitruv\tools.vitruv.dsls.reactions.runtime\3.1.0\tools.vitruv.dsls.reactions.runtime-3.1.0.jar;C:\Users\XPS-15\.m2\repository\org\eclipse\platform\org.eclipse.core.resources\3.21.0\org.eclipse.core.resources-3.21.0.jar;C:\Users\XPS-15\.m2\repository\org\eclipse\platform\org.eclipse.core.expressions\3.9.400\org.eclipse.core.expressions-3.9.400.jar;C:\Users\XPS-15\.m2\repository\org\eclipse\platform\org.eclipse.core.filesystem\1.11.0\org.eclipse.core.filesystem-1.11.0.jar;C:\Users\XPS-15\.m2\repository\net\java\dev\jna\jna-platform\5.14.0\jna-platform-5.14.0.jar;C:\Users\XPS-15\.m2\repository\net\java\dev\jna\jna\5.14.0\jna-5.14.0.jar;C:\Users\XPS-15\.m2\repository\org\eclipse\platform\org.eclipse.equinox.common\3.19.100\org.eclipse.equinox.common-3.19.100.jar;C:\Users\XPS-15\.m2\repository\tools\vitruv\tools.vitruv.change.interaction\3.1.0\tools.vitruv.change.interaction-3.1.0.jar;C:\Users\XPS-15\.m2\repository\tools\vitruv\tools.vitruv.change.interaction.model\3.1.0\tools.vitruv.change.interaction.model-3.1.0.jar;C:\Users\XPS-15\.m2\repository\com\google\guava\guava\30.1-jre\guava-30.1-jre.jar;C:\Users\XPS-15\.m2\repository\com\google\guava\failureaccess\1.0.1\failureaccess-1.0.1.jar;C:\Users\XPS-15\.m2\repository\com\google\guava\listenablefuture\9999.0-empty-to-avoid-conflict-with-guava\listenablefuture-9999.0-empty-to-avoid-conflict-with-guava.jar;C:\Users\XPS-15\.m2\repository\com\google\code\findbugs\jsr305\3.0.2\jsr305-3.0.2.jar;C:\Users\XPS-15\.m2\repository\org\checkerframework\checker-qual\3.5.0\checker-qual-3.5.0.jar;C:\Users\XPS-15\.m2\repository\com\google\errorprone\error_prone_annotations\2.3.4\error_prone_annotations-2.3.4.jar;C:\Users\XPS-15\.m2\repository\com\google\j2objc\j2objc-annotations\1.3\j2objc-annotations-1.3.jar;C:\Users\XPS-15\.m2\repository\org\eclipse\platform\org.eclipse.jface\3.35.0\org.eclipse.jface-3.35.0.jar;C:\Users\XPS-15\.m2\repository\org\eclipse\platform\org.eclipse.core.commands\3.12.200\org.eclipse.core.commands-3.12.200.jar;C:\Users\XPS-15\.m2\repository\org\eclipse\platform\org.eclipse.osgi\3.21.0\org.eclipse.osgi-3.21.0.jar;C:\Users\XPS-15\.m2\repository\org\eclipse\platform\org.eclipse.swt.win32.win32.x86_64\3.124.100\org.eclipse.swt.win32.win32.x86_64-3.124.100.jar;C:\Users\XPS-15\.m2\repository\org\eclipse\platform\org.eclipse.ui.workbench\3.133.0\org.eclipse.ui.workbench-3.133.0.jar;C:\Users\XPS-15\.m2\repository\org\eclipse\platform\org.eclipse.core.runtime\3.31.100\org.eclipse.core.runtime-3.31.100.jar;C:\Users\XPS-15\.m2\repository\org\eclipse\platform\org.eclipse.core.jobs\3.15.300\org.eclipse.core.jobs-3.15.300.jar;C:\Users\XPS-15\.m2\repository\org\eclipse\platform\org.eclipse.equinox.registry\3.12.100\org.eclipse.equinox.registry-3.12.100.jar;C:\Users\XPS-15\.m2\repository\org\eclipse\platform\org.eclipse.equinox.preferences\3.11.100\org.eclipse.equinox.preferences-3.11.100.jar;C:\Users\XPS-15\.m2\repository\org\osgi\org.osgi.service.prefs\1.1.2\org.osgi.service.prefs-1.1.2.jar;C:\Users\XPS-15\.m2\repository\org\eclipse\platform\org.eclipse.core.contenttype\3.9.400\org.eclipse.core.contenttype-3.9.400.jar;C:\Users\XPS-15\.m2\repository\org\eclipse\platform\org.eclipse.equinox.app\1.7.100\org.eclipse.equinox.app-1.7.100.jar;C:\Users\XPS-15\.m2\repository\org\eclipse\platform\org.eclipse.help\3.10.400\org.eclipse.help-3.10.400.jar;C:\Users\XPS-15\.m2\repository\org\eclipse\platform\org.eclipse.jface.databinding\1.15.300\org.eclipse.jface.databinding-1.15.300.jar;C:\Users\XPS-15\.m2\repository\org\eclipse\platform\org.eclipse.core.databinding\1.13.300\org.eclipse.core.databinding-1.13.300.jar;C:\Users\XPS-15\.m2\repository\org\eclipse\platform\org.eclipse.core.databinding.property\1.10.300\org.eclipse.core.databinding.property-1.10.300.jar;C:\Users\XPS-15\.m2\repository\org\eclipse\platform\org.eclipse.core.databinding.observable\1.13.300\org.eclipse.core.databinding.observable-1.13.300.jar;C:\Users\XPS-15\.m2\repository\org\eclipse\platform\org.eclipse.e4.core.services\2.4.400\org.eclipse.e4.core.services-2.4.400.jar;C:\Users\XPS-15\.m2\repository\org\eclipse\platform\org.eclipse.e4.core.contexts\1.12.600\org.eclipse.e4.core.contexts-1.12.600.jar;C:\Users\XPS-15\.m2\repository\org\eclipse\platform\org.eclipse.e4.core.di\1.9.500\org.eclipse.e4.core.di-1.9.500.jar;C:\Users\XPS-15\.m2\repository\org\eclipse\platform\org.eclipse.e4.core.di.annotations\1.8.400\org.eclipse.e4.core.di.annotations-1.8.400.jar;C:\Users\XPS-15\.m2\repository\org\eclipse\platform\org.eclipse.e4.ui.workbench.swt\0.17.500\org.eclipse.e4.ui.workbench.swt-0.17.500.jar;C:\Users\XPS-15\.m2\repository\org\eclipse\platform\org.eclipse.e4.ui.dialogs\1.5.0\org.eclipse.e4.ui.dialogs-1.5.0.jar;C:\Users\XPS-15\.m2\repository\org\eclipse\platform\org.eclipse.e4.ui.css.core\0.14.500\org.eclipse.e4.ui.css.core-0.14.500.jar;C:\Users\XPS-15\.m2\repository\org\apache\xmlgraphics\batik-css\1.17\batik-css-1.17.jar;C:\Users\XPS-15\.m2\repository\org\apache\xmlgraphics\batik-shared-resources\1.17\batik-shared-resources-1.17.jar;C:\Users\XPS-15\.m2\repository\org\apache\xmlgraphics\batik-util\1.17\batik-util-1.17.jar;C:\Users\XPS-15\.m2\repository\org\apache\xmlgraphics\batik-constants\1.17\batik-constants-1.17.jar;C:\Users\XPS-15\.m2\repository\org\apache\xmlgraphics\batik-i18n\1.17\batik-i18n-1.17.jar;C:\Users\XPS-15\.m2\repository\org\apache\xmlgraphics\xmlgraphics-commons\2.9\xmlgraphics-commons-2.9.jar;C:\Users\XPS-15\.m2\repository\org\eclipse\platform\org.eclipse.e4.ui.widgets\1.4.200\org.eclipse.e4.ui.widgets-1.4.200.jar;C:\Users\XPS-15\.m2\repository\org\eclipse\platform\org.eclipse.urischeme\1.3.400\org.eclipse.urischeme-1.3.400.jar;C:\Users\XPS-15\.m2\repository\org\eclipse\platform\org.eclipse.e4.ui.di\1.5.400\org.eclipse.e4.ui.di-1.5.400.jar;C:\Users\XPS-15\.m2\repository\org\eclipse\platform\org.eclipse.e4.core.di.extensions.supplier\0.17.500\org.eclipse.e4.core.di.extensions.supplier-0.17.500.jar;C:\Users\XPS-15\.m2\repository\org\eclipse\platform\org.eclipse.e4.ui.model.workbench\2.4.300\org.eclipse.e4.ui.model.workbench-2.4.300.jar;C:\Users\XPS-15\.m2\repository\org\eclipse\platform\org.eclipse.e4.emf.xpath\0.4.300\org.eclipse.e4.emf.xpath-0.4.300.jar;C:\Users\XPS-15\.m2\repository\commons-jxpath\commons-jxpath\1.3\commons-jxpath-1.3.jar;C:\Users\XPS-15\.m2\repository\org\eclipse\platform\org.eclipse.e4.ui.css.swt.theme\0.14.400\org.eclipse.e4.ui.css.swt.theme-0.14.400.jar;C:\Users\XPS-15\.m2\repository\xml-apis\xml-apis-ext\1.3.04\xml-apis-ext-1.3.04.jar;C:\Users\XPS-15\.m2\repository\org\eclipse\platform\org.eclipse.e4.ui.bindings\0.14.400\org.eclipse.e4.ui.bindings-0.14.400.jar;C:\Users\XPS-15\.m2\repository\org\eclipse\platform\org.eclipse.e4.ui.css.swt\0.15.400\org.eclipse.e4.ui.css.swt-0.15.400.jar;C:\Users\XPS-15\.m2\repository\org\eclipse\platform\org.eclipse.e4.ui.workbench3\0.17.400\org.eclipse.e4.ui.workbench3-0.17.400.jar;C:\Users\XPS-15\.m2\repository\org\eclipse\platform\org.eclipse.e4.ui.workbench.addons.swt\1.5.500\org.eclipse.e4.ui.workbench.addons.swt-1.5.500.jar;C:\Users\XPS-15\.m2\repository\org\eclipse\platform\org.eclipse.e4.ui.services\1.6.300\org.eclipse.e4.ui.services-1.6.300.jar;C:\Users\XPS-15\.m2\repository\org\eclipse\emf\org.eclipse.emf.ecore.xmi\2.38.0\org.eclipse.emf.ecore.xmi-2.38.0.jar;C:\Users\XPS-15\.m2\repository\org\eclipse\platform\org.eclipse.e4.core.di.extensions\0.18.300\org.eclipse.e4.core.di.extensions-0.18.300.jar;C:\Users\XPS-15\.m2\repository\com\ibm\icu\icu4j\75.1\icu4j-75.1.jar;C:\Users\XPS-15\.m2\repository\jakarta\annotation\jakarta.annotation-api\2.1.1\jakarta.annotation-api-2.1.1.jar;C:\Users\XPS-15\.m2\repository\jakarta\inject\jakarta.inject-api\2.0.1\jakarta.inject-api-2.0.1.jar;C:\Users\XPS-15\.m2\repository\org\eclipse\platform\org.eclipse.e4.core.commands\1.1.400\org.eclipse.e4.core.commands-1.1.400.jar;C:\Users\XPS-15\.m2\repository\org\eclipse\platform\org.eclipse.e4.ui.workbench\1.15.500\org.eclipse.e4.ui.workbench-1.15.500.jar;C:\Users\XPS-15\.m2\repository\org\eclipse\platform\org.eclipse.e4.ui.workbench.renderers.swt\0.16.500\org.eclipse.e4.ui.workbench.renderers.swt-0.16.500.jar;C:\Users\XPS-15\.m2\repository\org\osgi\org.osgi.service.event\1.4.1\org.osgi.service.event-1.4.1.jar;C:\Users\XPS-15\.m2\repository\org\osgi\osgi.annotation\8.0.1\osgi.annotation-8.0.1.jar;C:\Users\XPS-15\.m2\repository\org\osgi\org.osgi.namespace.implementation\1.0.0\org.osgi.namespace.implementation-1.0.0.jar;C:\Users\XPS-15\.m2\repository\org\eclipse\xtend\org.eclipse.xtend.lib\2.36.0\org.eclipse.xtend.lib-2.36.0.jar;C:\Users\XPS-15\.m2\repository\org\eclipse\xtend\org.eclipse.xtend.lib.macro\2.36.0\org.eclipse.xtend.lib.macro-2.36.0.jar;C:\Users\XPS-15\.m2\repository\org\eclipse\xtext\org.eclipse.xtext.xbase.lib\2.36.0\org.eclipse.xtext.xbase.lib-2.36.0.jar;C:\Users\XPS-15\.m2\repository\sdq-commons\edu.kit.ipd.sdq.commons.util.java\2.3.0.202304271319\edu.kit.ipd.sdq.commons.util.java-2.3.0.202304271319.jar;C:\Users\XPS-15\.m2\repository\tools\vitruv\tools.vitruv.change.propagation\3.2.0-SNAPSHOT\tools.vitruv.change.propagation-3.2.0-SNAPSHOT.jar;C:\Users\XPS-15\.m2\repository\tools\vitruv\tools.vitruv.change.atomic\3.1.0\tools.vitruv.change.atomic-3.1.0.jar;C:\Users\XPS-15\.m2\repository\org\eclipse\emf\org.eclipse.emf.edit\2.22.0\org.eclipse.emf.edit-2.22.0.jar;C:\Users\XPS-15\.m2\repository\tools\vitruv\tools.vitruv.change.correspondence\3.2.0-SNAPSHOT\tools.vitruv.change.correspondence-3.2.0-SNAPSHOT.jar;C:\Users\XPS-15\.m2\repository\tools\vitruv\tools.vitruv.change.utils\3.2.0-SNAPSHOT\tools.vitruv.change.utils-3.2.0-SNAPSHOT.jar;C:\Users\XPS-15\.m2\repository\sdq-commons\edu.kit.ipd.sdq.commons.util.emf\2.3.0.202304271319\edu.kit.ipd.sdq.commons.util.emf-2.3.0.202304271319.jar;C:\Users\XPS-15\.m2\repository\tools\vitruv\tools.vitruv.change.testutils.integration\3.1.0\tools.vitruv.change.testutils.integration-3.1.0.jar;C:\Users\XPS-15\.m2\repository\tools\vitruv\tools.vitruv.change.testutils.core\3.1.0\tools.vitruv.change.testutils.core-3.1.0.jar;C:\Users\XPS-15\.m2\repository\org\hamcrest\hamcrest\2.2\hamcrest-2.2.jar;C:\Users\XPS-15\.m2\repository\org\junit\platform\junit-platform-commons\1.10.1\junit-platform-commons-1.10.1.jar;C:\Users\XPS-15\.m2\repository\org\slf4j\slf4j-api\2.0.16\slf4j-api-2.0.16.jar;C:\Users\XPS-15\.m2\repository\sdq-commons\edu.kit.ipd.sdq.commons.util.eclipse\2.3.0.202304271319\edu.kit.ipd.sdq.commons.util.eclipse-2.3.0.202304271319.jar;C:\Users\XPS-15\.m2\repository\xannotations\edu.kit.ipd.sdq.activextendannotations\1.6.0\edu.kit.ipd.sdq.activextendannotations-1.6.0.jar;C:\Users\XPS-15\.m2\repository\tools\vitruv\tools.vitruv.framework.views\3.1.0\tools.vitruv.framework.views-3.1.0.jar;C:\Users\XPS-15\.m2\repository\emf-compare\org.eclipse.emf.compare\3.5.3.202212280858\org.eclipse.emf.compare-3.5.3.202212280858.jar;C:\Users\XPS-15\.m2\repository\tools\vitruv\tools.vitruv.framework.vsum\3.1.0\tools.vitruv.framework.vsum-3.1.0.jar;C:\Users\XPS-15\.m2\repository\tools\vitruv\tools.vitruv.tgg.emoflon-integration\0.1.0-SNAPSHOT\tools.vitruv.tgg.emoflon-integration-0.1.0-SNAPSHOT.jar;C:\Users\XPS-15\.m2\repository\emoflon-ibex\org.emoflon.ibex.tgg.language\1.0.0.202411071058\org.emoflon.ibex.tgg.language-1.0.0.202411071058.jar;C:\Users\XPS-15\.m2\repository\emoflon-ibex\org.emoflon.ibex.tgg.editor\1.0.0.202411071058\org.emoflon.ibex.tgg.editor-1.0.0.202411071058.jar;C:\Users\XPS-15\.m2\repository\emoflon-ibex\org.emoflon.ibex.tgg.editor.ide\1.0.0.202411071058\org.emoflon.ibex.tgg.editor.ide-1.0.0.202411071058.jar;C:\Users\XPS-15\.m2\repository\emoflon-ibex\org.moflon.core.utilities\3.0.0.202411071058\org.moflon.core.utilities-3.0.0.202411071058.jar;C:\Users\XPS-15\.m2\repository\emoflon-ibex\org.moflon.core.plugins\3.1.0.202411071058\org.moflon.core.plugins-3.1.0.202411071058.jar;C:\Users\XPS-15\.m2\repository\emoflon-ibex\org.emoflon.ibex.tgg.runtime\1.0.0.202411071058\org.emoflon.ibex.tgg.runtime-1.0.0.202411071058.jar;C:\Users\XPS-15\.m2\repository\emoflon-ibex\org.emoflon.ibex.common\1.0.0.202411071058\org.emoflon.ibex.common-1.0.0.202411071058.jar;C:\Users\XPS-15\.m2\repository\emoflon-ibex\org.moflon.core.preferences\2.0.0.202411071058\org.moflon.core.preferences-2.0.0.202411071058.jar;C:\Users\XPS-15\.m2\repository\emoflon-ibex\org.moflon.emf.codegen\2.0.0.202411071058\org.moflon.emf.codegen-2.0.0.202411071058.jar;C:\Users\XPS-15\.m2\repository\emoflon-ibex\org.emoflon.ibex.gt\1.0.0.202411071058\org.emoflon.ibex.gt-1.0.0.202411071058.jar;C:\Users\XPS-15\.m2\repository\emoflon-ibex\org.emoflon.ibex.gt.editor\1.1.0.202411071058\org.emoflon.ibex.gt.editor-1.1.0.202411071058.jar;C:\Users\XPS-15\.m2\repository\emoflon-ibex\org.emoflon.ibex.dependencies\1.0.0\org.emoflon.ibex.dependencies-1.0.0.jar;C:\Users\XPS-15\.m2\repository\emoflon-ibex\org.emoflon.ibex.dependencies\1.0.0\org.emoflon.ibex.dependencies-1.0.0-commons-math3-3.6.1.jar;C:\Users\XPS-15\.m2\repository\emoflon-ibex\org.emoflon.ibex.dependencies\1.0.0\org.emoflon.ibex.dependencies-1.0.0-gs-algo-2.0.jar;C:\Users\XPS-15\.m2\repository\emoflon-ibex\org.emoflon.ibex.dependencies\1.0.0\org.emoflon.ibex.dependencies-1.0.0-gs-core-2.0.jar;C:\Users\XPS-15\.m2\repository\emoflon-ibex\org.emoflon.ibex.dependencies\1.0.0\org.emoflon.ibex.dependencies-1.0.0-gs-ui-javafx-2.0.jar;C:\Users\XPS-15\.m2\repository\emoflon-ibex\org.emoflon.ibex.dependencies\1.0.0\org.emoflon.ibex.dependencies-1.0.0-gs-ui-swing-2.0.jar;C:\Users\XPS-15\.m2\repository\emoflon-ibex\org.emoflon.ibex.gt.statemodel\0.1.0.202411071058\org.emoflon.ibex.gt.statemodel-0.1.0.202411071058.jar;C:\Users\XPS-15\.m2\repository\emoflon-ibex\org.emoflon.delta\1.0.0.202411071058\org.emoflon.delta-1.0.0.202411071058.jar;C:\Users\XPS-15\.m2\repository\emoflon-ibex\org.emoflon.ibex.patternmodel\0.1.0.202411071058\org.emoflon.ibex.patternmodel-0.1.0.202411071058.jar;C:\Users\XPS-15\.m2\repository\emoflon-ibex\org.emoflon.smartemf\1.0.0.202411071058\org.emoflon.smartemf-1.0.0.202411071058.jar;C:\Users\XPS-15\.m2\repository\emoflon-ibex\org.emoflon.smartemf.dependencies\1.0.0\org.emoflon.smartemf.dependencies-1.0.0.jar;C:\Users\XPS-15\.m2\repository\emoflon-ibex\org.emoflon.smartemf.dependencies\1.0.0\org.emoflon.smartemf.dependencies-1.0.0-jdom-2.0.6.jar;C:\Users\XPS-15\.m2\repository\emoflon-ibex\org.emoflon.smartemf.dependencies\1.0.0\org.emoflon.smartemf.dependencies-1.0.0-jdom-2.0.6-contrib.jar;C:\Users\XPS-15\.m2\repository\emoflon-ibex\org.emoflon.smartemf.dependencies\1.0.0\org.emoflon.smartemf.dependencies-1.0.0-jdom-2.0.6-javadoc.jar;C:\Users\XPS-15\.m2\repository\emoflon-ibex\org.emoflon.smartemf.dependencies\1.0.0\org.emoflon.smartemf.dependencies-1.0.0-jdom-2.0.6-junit.jar;C:\Users\XPS-15\.m2\repository\emoflon-ibex\org.emoflon.smartemf.dependencies\1.0.0\org.emoflon.smartemf.dependencies-1.0.0-jdom-2.0.6-sources.jar;C:\Users\XPS-15\.m2\repository\emoflon-ibex\org.moflon.core.propertycontainer\2.1.0.202411071058\org.moflon.core.propertycontainer-2.1.0.202411071058.jar;C:\Users\XPS-15\.m2\repository\emoflon-ibex\org.emoflon.ibex.tgg.runtime\1.0.0.202411071058\org.emoflon.ibex.tgg.runtime-1.0.0.202411071058-lib$commons-io-2.5.jar;C:\Users\XPS-15\.m2\repository\emoflon-ibex\org.emoflon.ibex.tgg.runtime\1.0.0.202411071058\org.emoflon.ibex.tgg.runtime-1.0.0.202411071058-lib$commons-lang3-3.5.jar;C:\Users\XPS-15\.m2\repository\emoflon-ibex\org.emoflon.ibex.tgg.runtime\1.0.0.202411071058\org.emoflon.ibex.tgg.runtime-1.0.0.202411071058-lib$gurobi.jar;C:\Users\XPS-15\.m2\repository\emoflon-ibex\org.emoflon.ibex.tgg.runtime\1.0.0.202411071058\org.emoflon.ibex.tgg.runtime-1.0.0.202411071058-lib$glpk-java.jar;C:\Users\XPS-15\.m2\repository\emoflon-ibex\org.emoflon.ibex.tgg.runtime\1.0.0.202411071058\org.emoflon.ibex.tgg.runtime-1.0.0.202411071058-lib$com.google.ortools.jar;C:\Users\XPS-15\.m2\repository\emoflon-ibex\org.emoflon.ibex.tgg.runtime\1.0.0.202411071058\org.emoflon.ibex.tgg.runtime-1.0.0.202411071058-lib$protobuf.jar;C:\Users\XPS-15\.m2\repository\emoflon-ibex\org.emoflon.ibex.tgg.runtime\1.0.0.202411071058\org.emoflon.ibex.tgg.runtime-1.0.0.202411071058-lib$mipcl.jar;C:\Users\XPS-15\.m2\repository\emoflon-ibex\org.emoflon.ibex.tgg.runtime\1.0.0.202411071058\org.emoflon.ibex.tgg.runtime-1.0.0.202411071058-lib$javabdd-silent.jar;C:\Users\XPS-15\.m2\repository\emoflon-ibex\org.emoflon.ibex.tgg.runtime.hipe\1.0.0.202411071058\org.emoflon.ibex.tgg.runtime.hipe-1.0.0.202411071058.jar;C:\Users\XPS-15\.m2\repository\emoflon-ibex\org.emoflon.ibex.gt.hipe\1.0.0.202411071058\org.emoflon.ibex.gt.hipe-1.0.0.202411071058.jar;C:\Users\XPS-15\.m2\repository\emoflon-ibex\org.emoflon.ibex.gt.editor.ui\1.1.0.202411071058\org.emoflon.ibex.gt.editor.ui-1.1.0.202411071058.jar;C:\Users\XPS-15\.m2\repository\emoflon-ibex\org.emoflon.ibex.gt.editor.ide\1.1.0.202411071058\org.emoflon.ibex.gt.editor.ide-1.1.0.202411071058.jar;C:\Users\XPS-15\.m2\repository\emoflon-ibex\org.moflon.core.ui\1.3.0.202411071058\org.moflon.core.ui-1.3.0.202411071058.jar;C:\Users\XPS-15\.m2\repository\emoflon-ibex\org.moflon.core.build\1.1.0.202411071058\org.moflon.core.build-1.1.0.202411071058.jar;C:\Users\XPS-15\.m2\repository\emoflon-ibex\org.emoflon.ibex.tgg.runtime.democles\1.0.0.202411071058\org.emoflon.ibex.tgg.runtime.democles-1.0.0.202411071058.jar;C:\Users\XPS-15\.m2\repository\emoflon-ibex\org.emoflon.core.dependencies\1.0.0\org.emoflon.core.dependencies-1.0.0.jar;C:\Users\XPS-15\.m2\repository\emoflon-ibex\org.emoflon.core.dependencies\1.0.0\org.emoflon.core.dependencies-1.0.0-org.gervarro.democles.common_3.0.0.v20170612-2312.jar;C:\Users\XPS-15\.m2\repository\emoflon-ibex\org.emoflon.core.dependencies\1.0.0\org.emoflon.core.dependencies-1.0.0-org.gervarro.democles.emf_2.1.0.v20170707-2358.jar;C:\Users\XPS-15\.m2\repository\emoflon-ibex\org.emoflon.core.dependencies\1.0.0\org.emoflon.core.dependencies-1.0.0-org.gervarro.democles.interpreter.emf_1.0.0.v20180320-2254.jar;C:\Users\XPS-15\.m2\repository\emoflon-ibex\org.emoflon.core.dependencies\1.0.0\org.emoflon.core.dependencies-1.0.0-org.gervarro.democles.interpreter.incremental.emf_1.0.0.v20180320-2254.jar;C:\Users\XPS-15\.m2\repository\emoflon-ibex\org.emoflon.core.dependencies\1.0.0\org.emoflon.core.dependencies-1.0.0-org.gervarro.democles.interpreter.incremental_1.0.0.v20180303-2328.jar;C:\Users\XPS-15\.m2\repository\emoflon-ibex\org.emoflon.core.dependencies\1.0.0\org.emoflon.core.dependencies-1.0.0-org.gervarro.democles.interpreter.lightning_1.0.0.v20161103-0122.jar;C:\Users\XPS-15\.m2\repository\emoflon-ibex\org.emoflon.core.dependencies\1.0.0\org.emoflon.core.dependencies-1.0.0-org.gervarro.democles.interpreter_1.0.0.v20181003-2250.jar;C:\Users\XPS-15\.m2\repository\emoflon-ibex\org.emoflon.core.dependencies\1.0.0\org.emoflon.core.dependencies-1.0.0-org.gervarro.democles.notification.emf_1.0.0.v20181003-2254.jar;C:\Users\XPS-15\.m2\repository\emoflon-ibex\org.emoflon.core.dependencies\1.0.0\org.emoflon.core.dependencies-1.0.0-org.gervarro.democles.plan.emf_1.0.0.v20161103-0012.jar;C:\Users\XPS-15\.m2\repository\emoflon-ibex\org.emoflon.core.dependencies\1.0.0\org.emoflon.core.dependencies-1.0.0-org.gervarro.democles.plan.incremental.leaf_1.0.0.v20181003-2253.jar;C:\Users\XPS-15\.m2\repository\emoflon-ibex\org.emoflon.core.dependencies\1.0.0\org.emoflon.core.dependencies-1.0.0-org.gervarro.democles.plan_3.0.0.v20161103-0012.jar;C:\Users\XPS-15\.m2\repository\emoflon-ibex\org.emoflon.core.dependencies\1.0.0\org.emoflon.core.dependencies-1.0.0-org.gervarro.democles.specification.emf_3.0.0.v20170707-2358.jar;C:\Users\XPS-15\.m2\repository\emoflon-ibex\org.emoflon.core.dependencies\1.0.0\org.emoflon.core.dependencies-1.0.0-org.gervarro.eclipse.task_1.0.1.v20160830-1402.jar;C:\Users\XPS-15\.m2\repository\emoflon-ibex\org.emoflon.core.dependencies\1.0.0\org.emoflon.core.dependencies-1.0.0-org.gervarro.eclipse.workspace.autosetup_1.0.0.v20160830-1404.jar;C:\Users\XPS-15\.m2\repository\emoflon-ibex\org.emoflon.core.dependencies\1.0.0\org.emoflon.core.dependencies-1.0.0-org.gervarro.eclipse.workspace.util_2.0.0.v20161231-0038.jar;C:\Users\XPS-15\.m2\repository\emoflon-ibex\org.emoflon.core.dependencies\1.0.0\org.emoflon.core.dependencies-1.0.0-org.gervarro.notification.source_1.0.0.v20170929-1147.jar;C:\Users\XPS-15\.m2\repository\emoflon-ibex\org.emoflon.core.dependencies\1.0.0\org.emoflon.core.dependencies-1.0.0-org.gervarro.notification_1.0.0.v20170929-1147.jar;C:\Users\XPS-15\.m2\repository\emoflon-ibex\org.emoflon.core.dependencies\1.0.0\org.emoflon.core.dependencies-1.0.0-org.gervarro.plan.dynprog_1.0.1.v20161103-0122.jar;C:\Users\XPS-15\.m2\repository\emoflon-ibex\org.emoflon.core.dependencies\1.0.0\org.emoflon.core.dependencies-1.0.0-org.gervarro.util_1.0.0.v20181003-2249.jar;C:\Users\XPS-15\.m2\repository\emoflon-ibex\org.emoflon.core.dependencies\1.0.0\org.emoflon.core.dependencies-1.0.0-org.apache.commons.lang3_3.1.0.v201403281430.jar;C:\Users\XPS-15\.m2\repository\emoflon-ibex\org.emoflon.ibex.gt.democles\1.0.0.202411071058\org.emoflon.ibex.gt.democles-1.0.0.202411071058.jar;C:\Users\XPS-15\.m2\repository\hipe\hipe.dependencies\1.0.0.202411071042\hipe.dependencies-1.0.0.202411071042.jar;C:\Users\XPS-15\.m2\repository\hipe\hipe.dependencies\1.0.0.202411071042\hipe.dependencies-1.0.0.202411071042-akka-actor_2.12-2.5.19.jar;C:\Users\XPS-15\.m2\repository\hipe\hipe.dependencies\1.0.0.202411071042\hipe.dependencies-1.0.0.202411071042-config-1.3.3.jar;C:\Users\XPS-15\.m2\repository\hipe\hipe.dependencies\1.0.0.202411071042\hipe.dependencies-1.0.0.202411071042-scala-java8-compat_2.12-0.8.0.jar;C:\Users\XPS-15\.m2\repository\hipe\hipe.dependencies\1.0.0.202411071042\hipe.dependencies-1.0.0.202411071042-scala-library-2.12.8.jar;C:\Users\XPS-15\.m2\repository\hipe\hipe.dependencies\1.0.0.202411071042\hipe.dependencies-1.0.0.202411071042-akka-stream_2.12-2.5.19.jar;C:\Users\XPS-15\.m2\repository\hipe\hipe.dependencies\1.0.0.202411071042\hipe.dependencies-1.0.0.202411071042-reactive-streams-1.0.2.jar;C:\Users\XPS-15\.m2\repository\hipe\hipe.dependencies\1.0.0.202411071042\hipe.dependencies-1.0.0.202411071042-trove-3.0.3.jar;C:\Users\XPS-15\.m2\repository\hipe\hipe.engine\1.0.0.202411071042\hipe.engine-1.0.0.202411071042.jar;C:\Users\XPS-15\.m2\repository\hipe\hipe.pattern\1.0.0.202411071042\hipe.pattern-1.0.0.202411071042.jar;C:\Users\XPS-15\.m2\repository\hipe\hipe.network\1.0.0.202411071042\hipe.network-1.0.0.202411071042.jar;C:\Users\XPS-15\.m2\repository\tools\vitruv\tools.vitruv.dsls.demo.sdq-demo-metamodels-wrapper\3.2.0-SNAPSHOT\tools.vitruv.dsls.demo.sdq-demo-metamodels-wrapper-3.2.0-SNAPSHOT.jar;C:\Users\XPS-15\.m2\repository\sdq-demo-metamodels\edu.kit.ipd.sdq.metamodels.families\1.9.0.202311201524\edu.kit.ipd.sdq.metamodels.families-1.9.0.202311201524.jar;C:\Users\XPS-15\.m2\repository\sdq-demo-metamodels\edu.kit.ipd.sdq.metamodels.persons\1.9.0.202311201524\edu.kit.ipd.sdq.metamodels.persons-1.9.0.202311201524.jar;C:\Users\XPS-15\.m2\repository\sdq-demo-metamodels\edu.kit.ipd.sdq.metamodels.insurance\1.9.0.202311201524\edu.kit.ipd.sdq.metamodels.insurance-1.9.0.202311201524.jar;C:\Users\XPS-15\.m2\repository\eclipse\org.eclipse.uml2.uml\5.5.0.v20221116-1811\org.eclipse.uml2.uml-5.5.0.v20221116-1811.jar;C:\Users\XPS-15\.m2\repository\eclipse\org.eclipse.core.runtime\3.26.100.v20221021-0005\org.eclipse.core.runtime-3.26.100.v20221021-0005.jar;C:\Users\XPS-15\.m2\repository\eclipse\org.eclipse.osgi\3.18.300.v20230220-1352\org.eclipse.osgi-3.18.300.v20230220-1352.jar;C:\Users\XPS-15\.m2\repository\eclipse\org.eclipse.equinox.common\3.17.100.v20230202-1341\org.eclipse.equinox.common-3.17.100.v20230202-1341.jar;C:\Users\XPS-15\.m2\repository\eclipse\org.eclipse.core.jobs\3.13.300.v20230111-0823\org.eclipse.core.jobs-3.13.300.v20230111-0823.jar;C:\Users\XPS-15\.m2\repository\eclipse\org.eclipse.equinox.registry\3.11.200.v20220817-1601\org.eclipse.equinox.registry-3.11.200.v20220817-1601.jar;C:\Users\XPS-15\.m2\repository\eclipse\org.eclipse.equinox.preferences\3.10.200.v20230120-0604\org.eclipse.equinox.preferences-3.10.200.v20230120-0604.jar;C:\Users\XPS-15\.m2\repository\eclipse\org.osgi.service.prefs\1.1.2.202109301733\org.osgi.service.prefs-1.1.2.202109301733.jar;C:\Users\XPS-15\.m2\repository\eclipse\org.eclipse.core.contenttype\3.8.200.v20220817-1539\org.eclipse.core.contenttype-3.8.200.v20220817-1539.jar;C:\Users\XPS-15\.m2\repository\eclipse\org.eclipse.equinox.app\1.6.200.v20220720-2012\org.eclipse.equinox.app-1.6.200.v20220720-2012.jar;C:\Users\XPS-15\.m2\repository\eclipse\org.eclipse.emf.ecore\2.33.0.v20230226-0921\org.eclipse.emf.ecore-2.33.0.v20230226-0921.jar;C:\Users\XPS-15\.m2\repository\eclipse\org.eclipse.emf.common\2.28.0.v20230223-0922\org.eclipse.emf.common-2.28.0.v20230223-0922.jar;C:\Users\XPS-15\.m2\repository\eclipse\org.eclipse.core.resources\3.18.200.v20230209-0754\org.eclipse.core.resources-3.18.200.v20230209-0754.jar;C:\Users\XPS-15\.m2\repository\eclipse\org.eclipse.ant.core\3.6.500.v20220718-1722\org.eclipse.ant.core-3.6.500.v20220718-1722.jar;C:\Users\XPS-15\.m2\repository\eclipse\org.eclipse.core.variables\3.5.100.v20210721-1355\org.eclipse.core.variables-3.5.100.v20210721-1355.jar;C:\Users\XPS-15\.m2\repository\eclipse\org.eclipse.core.expressions\3.8.200.v20220613-1047\org.eclipse.core.expressions-3.8.200.v20220613-1047.jar;C:\Users\XPS-15\.m2\repository\eclipse\org.eclipse.core.filesystem\1.9.500.v20220817-1539\org.eclipse.core.filesystem-1.9.500.v20220817-1539.jar;C:\Users\XPS-15\.m2\repository\eclipse\org.eclipse.emf.ecore.xmi\2.18.0.v20230211-1150\org.eclipse.emf.ecore.xmi-2.18.0.v20230211-1150.jar;C:\Users\XPS-15\.m2\repository\eclipse\org.eclipse.uml2.common\2.5.0.v20221116-1811\org.eclipse.uml2.common-2.5.0.v20221116-1811.jar;C:\Users\XPS-15\.m2\repository\eclipse\org.eclipse.uml2.types\2.5.0.v20221116-1811\org.eclipse.uml2.types-2.5.0.v20221116-1811.jar;C:\Users\XPS-15\.m2\repository\eclipse\org.eclipse.emf.mapping.ecore2xml\2.12.0.v20230211-1150\org.eclipse.emf.mapping.ecore2xml-2.12.0.v20230211-1150.jar;C:\Users\XPS-15\.m2\repository\emftext\org.emftext.language.java\1.4.0.v201207310007\org.emftext.language.java-1.4.0.v201207310007.jar;C:\Users\XPS-15\.m2\repository\emftext\org.emftext.commons.layout\1.4.1.v201207310007\org.emftext.commons.layout-1.4.1.v201207310007.jar;C:\Users\XPS-15\.m2\repository\org\eclipse\emf\org.eclipse.emf.ecore\2.38.0\org.eclipse.emf.ecore-2.38.0.jar;C:\Users\XPS-15\.m2\repository\log4j\log4j\1.2.17\log4j-1.2.17.jar;C:\Users\XPS-15\.m2\repository\org\junit\jupiter\junit-jupiter\5.10.1\junit-jupiter-5.10.1.jar;C:\Users\XPS-15\.m2\repository\org\junit\jupiter\junit-jupiter-api\5.10.1\junit-jupiter-api-5.10.1.jar;C:\Users\XPS-15\.m2\repository\org\opentest4j\opentest4j\1.3.0\opentest4j-1.3.0.jar;C:\Users\XPS-15\.m2\repository\org\apiguardian\apiguardian-api\1.1.2\apiguardian-api-1.1.2.jar;C:\Users\XPS-15\.m2\repository\org\junit\jupiter\junit-jupiter-params\5.10.1\junit-jupiter-params-5.10.1.jar;C:\Users\XPS-15\.m2\repository\org\junit\jupiter\junit-jupiter-engine\5.10.1\junit-jupiter-engine-5.10.1.jar;C:\Users\XPS-15\.m2\repository\org\junit\platform\junit-platform-engine\1.10.1\junit-platform-engine-1.10.1.jar;C:\Users\XPS-15\.m2\repository\org\eclipse\epsilon\org.eclipse.epsilon.eol.engine\2.8.0\org.eclipse.epsilon.eol.engine-2.8.0.jar;C:\Users\XPS-15\.m2\repository\org\eclipse\epsilon\org.eclipse.epsilon.common\2.8.0\org.eclipse.epsilon.common-2.8.0.jar;C:\Users\XPS-15\.m2\repository\org\antlr\antlr-runtime\3.5.2\antlr-runtime-3.5.2.jar;C:\Users\XPS-15\.m2\repository\org\apache\maven\plugins\maven-surefire-report-plugin\3.5.3\maven-surefire-report-plugin-3.5.3.jar;C:\Users\XPS-15\.m2\repository\org\apache\maven\surefire\surefire-logger-api\3.5.3\surefire-logger-api-3.5.3.jar;C:\Users\XPS-15\.m2\repository\org\apache\maven\surefire\surefire-report-parser\3.5.3\surefire-report-parser-3.5.3.jar;C:\Users\XPS-15\.m2\repository\org\apache\maven\shared\maven-shared-utils\3.3.4\maven-shared-utils-3.3.4.jar;C:\Users\XPS-15\.m2\repository\commons-io\commons-io\2.6\commons-io-2.6.jar;C:\Users\XPS-15\.m2\repository\org\apache\maven\doxia\doxia-sink-api\2.0.0\doxia-sink-api-2.0.0.jar;C:\Users\XPS-15\.m2\repository\org\apache\maven\doxia\doxia-core\2.0.0\doxia-core-2.0.0.jar;C:\Users\XPS-15\.m2\repository\javax\inject\javax.inject\1\javax.inject-1.jar;C:\Users\XPS-15\.m2\repository\org\codehaus\plexus\plexus-utils\4.0.1\plexus-utils-4.0.1.jar;C:\Users\XPS-15\.m2\repository\org\apache\commons\commons-text\1.12.0\commons-text-1.12.0.jar;C:\Users\XPS-15\.m2\repository\org\apache\commons\commons-lang3\3.17.0\commons-lang3-3.17.0.jar;C:\Users\XPS-15\.m2\repository\org\apache\maven\reporting\maven-reporting-impl\4.0.0\maven-reporting-impl-4.0.0.jar;C:\Users\XPS-15\.m2\repository\org\apache\maven\reporting\maven-reporting-api\4.0.0\maven-reporting-api-4.0.0.jar;C:\Users\XPS-15\.m2\repository\org\apache\maven\doxia\doxia-site-model\2.0.0\doxia-site-model-2.0.0.jar;C:\Users\XPS-15\.m2\repository\org\apache\maven\doxia\doxia-integration-tools\2.0.0\doxia-integration-tools-2.0.0.jar;C:\Users\XPS-15\.m2\repository\org\apache\maven\doxia\doxia-site-renderer\2.0.0\doxia-site-renderer-2.0.0.jar;C:\Users\XPS-15\.m2\repository\org\apache\maven\doxia\doxia-skin-model\2.0.0\doxia-skin-model-2.0.0.jar;C:\Users\XPS-15\.m2\repository\org\apache\maven\doxia\doxia-module-xhtml5\2.0.0\doxia-module-xhtml5-2.0.0.jar;C:\Users\XPS-15\.m2\repository\org\codehaus\plexus\plexus-velocity\2.2.0\plexus-velocity-2.2.0.jar;C:\Users\XPS-15\.m2\repository\org\apache\velocity\velocity-engine-core\2.4\velocity-engine-core-2.4.jar;C:\Users\XPS-15\.m2\repository\org\apache\velocity\tools\velocity-tools-generic\3.1\velocity-tools-generic-3.1.jar;C:\Users\XPS-15\.m2\repository\commons-beanutils\commons-beanutils\1.9.4\commons-beanutils-1.9.4.jar;C:\Users\XPS-15\.m2\repository\commons-logging\commons-logging\1.2\commons-logging-1.2.jar;C:\Users\XPS-15\.m2\repository\commons-collections\commons-collections\3.2.2\commons-collections-3.2.2.jar;C:\Users\XPS-15\.m2\repository\org\apache\commons\commons-digester3\3.2\commons-digester3-3.2.jar;C:\Users\XPS-15\.m2\repository\com\github\cliftonlabs\json-simple\3.0.2\json-simple-3.0.2.jar;C:\Users\XPS-15\.m2\repository\org\apache\maven\doxia\doxia-module-apt\2.0.0\doxia-module-apt-2.0.0.jar;C:\Users\XPS-15\.m2\repository\org\apache\maven\doxia\doxia-module-xdoc\2.0.0\doxia-module-xdoc-2.0.0.jar;C:\Users\XPS-15\.m2\repository\org\apache\maven\maven-archiver\3.6.2\maven-archiver-3.6.2.jar;C:\Users\XPS-15\.m2\repository\org\codehaus\plexus\plexus-archiver\4.9.2\plexus-archiver-4.9.2.jar;C:\Users\XPS-15\.m2\repository\org\codehaus\plexus\plexus-io\3.4.2\plexus-io-3.4.2.jar;C:\Users\XPS-15\.m2\repository\org\apache\commons\commons-compress\1.26.1\commons-compress-1.26.1.jar;C:\Users\XPS-15\.m2\repository\commons-codec\commons-codec\1.16.1\commons-codec-1.16.1.jar;C:\Users\XPS-15\.m2\repository\org\iq80\snappy\snappy\0.4\snappy-0.4.jar;C:\Users\XPS-15\.m2\repository\org\tukaani\xz\1.9\xz-1.9.jar;C:\Users\XPS-15\.m2\repository\com\github\luben\zstd-jni\1.5.5-11\zstd-jni-1.5.5-11.jar;C:\Users\XPS-15\.m2\repository\org\apache\maven\resolver\maven-resolver-api\1.4.1\maven-resolver-api-1.4.1.jar;C:\Users\XPS-15\.m2\repository\org\eclipse\sisu\org.eclipse.sisu.plexus\0.9.0.M3\org.eclipse.sisu.plexus-0.9.0.M3.jar;C:\Users\XPS-15\.m2\repository\org\eclipse\sisu\org.eclipse.sisu.inject\0.9.0.M3\org.eclipse.sisu.inject-0.9.0.M3.jar;C:\Users\XPS-15\.m2\repository\org\codehaus\plexus\plexus-component-annotations\2.1.0\plexus-component-annotations-2.1.0.jar;C:\Users\XPS-15\.m2\repository\org\codehaus\plexus\plexus-classworlds\2.6.0\plexus-classworlds-2.6.0.jar;C:\Users\XPS-15\.m2\repository\org\codehaus\plexus\plexus-xml\3.0.1\plexus-xml-3.0.1.jar;C:\Users\XPS-15\.m2\repository\org\codehaus\plexus\plexus-i18n\1.0-beta-10\plexus-i18n-1.0-beta-10.jar;C:\Users\XPS-15\.m2\repository\org\codehaus\plexus\plexus-component-api\1.0-alpha-20\plexus-component-api-1.0-alpha-20.jar;C:\Users\XPS-15\.m2\repository\junit\junit\3.8.1\junit-3.8.1.jar;C:\Users\XPS-15\.m2\repository\org\codehaus\plexus\plexus-interpolation\1.27\plexus-interpolation-1.27.jar;"/>
    <property name="sun.cpu.endian" value="little"/>
    <property name="user.home" value="C:\Users\XPS-15"/>
    <property name="user.language" value="de"/>
    <property name="java.specification.vendor" value="Oracle Corporation"/>
    <property name="java.version.date" value="2024-10-15"/>
    <property name="java.home" value="C:\Users\XPS-15\.jdks\openjdk-23.0.1"/>
    <property name="file.separator" value="\"/>
    <property name="basedir" value="C:\Users\XPS-15\IdeaProjects\Vitruv-TGG-Integration-Test\vsum"/>
    <property name="java.vm.compressedOopsMode" value="Zero based"/>
    <property name="line.separator" value="&#10;"/>
    <property name="java.vm.specification.vendor" value="Oracle Corporation"/>
    <property name="java.specification.name" value="Java Platform API Specification"/>
    <property name="surefire.real.class.path" value="C:\Users\XPS-15\AppData\Local\Temp\surefire6015687523919094470\surefirebooter-20250423155827345_3.jar"/>
    <property name="user.script" value=""/>
    <property name="sun.management.compiler" value="HotSpot 64-Bit Tiered Compilers"/>
    <property name="java.runtime.version" value="23.0.1+11-39"/>
    <property name="user.name" value="XPS-15"/>
    <property name="stdout.encoding" value="Cp1252"/>
    <property name="path.separator" value=";"/>
    <property name="os.version" value="10.0"/>
    <property name="java.runtime.name" value="OpenJDK Runtime Environment"/>
    <property name="file.encoding" value="UTF-8"/>
    <property name="java.vm.name" value="OpenJDK 64-Bit Server VM"/>
    <property name="localRepository" value="C:\Users\XPS-15\.m2\repository"/>
    <property name="java.vendor.url.bug" value="https://bugreport.java.com/bugreport/"/>
    <property name="java.io.tmpdir" value="C:\Users\XPS-15\AppData\Local\Temp\"/>
    <property name="java.version" value="23.0.1"/>
    <property name="user.dir" value="C:\Users\XPS-15\IdeaProjects\Vitruv-TGG-Integration-Test\vsum"/>
    <property name="os.arch" value="amd64"/>
    <property name="java.vm.specification.name" value="Java Virtual Machine Specification"/>
    <property name="sun.os.patch.level" value=""/>
    <property name="native.encoding" value="Cp1252"/>
    <property name="java.library.path" value="C:\Users\XPS-15\.jdks\openjdk-23.0.1\bin;C:\Windows\Sun\Java\bin;C:\Windows\system32;C:\Windows;C:\Program Files (x86)\NVIDIA Corporation\PhysX\Common;C:\Windows\system32;C:\Windows;C:\Windows\System32\Wbem;C:\Windows\System32\WindowsPowerShell\v1.0\;C:\Windows\System32\OpenSSH\;C:\Program Files (x86)\Bitvise SSH Client;C:\Program Files\dotnet\;C:\Program Files\Calibre2\;C:\Program Files\Git\cmd;C:\Program Files\Graphviz\bin;C:\Users\XPS-15\.jdks\jdk-17.0.13.11-hotspot\bin;C:\Users\XPS-15\AppData\Local\Microsoft\WindowsApps;C:\Users\XPS-15\AppData\Local\Programs\Microsoft VS Code\bin;C:\Users\XPS-15\AppData\Local\JetBrains\Toolbox\scripts;;."/>
    <property name="java.vm.info" value="mixed mode, sharing"/>
    <property name="stderr.encoding" value="Cp1252"/>
    <property name="java.vendor" value="Oracle Corporation"/>
    <property name="java.vm.version" value="23.0.1+11-39"/>
    <property name="sun.io.unicode.encoding" value="UnicodeLittle"/>
    <property name="java.class.version" value="67.0"/>
    <property name="maven.test.failure.ignore" value="true"/>
  </properties>
  <testcase name="testEnumAttributeToProperty" classname="tools.vitruv.methodologisttemplate.vsum.Java2UmlEvaluationGoal1Test" time="4.463">
    <system-out><![CDATA[2025-04-23 15:59:01 INFO eclipse-ibex-workspace: C:\Users\XPS-15\IdeaProjects\Vitruv-TGG-Integration-Test\vsum\..\eclipse-ibex-workspace\Java2Uml
2025-04-23 15:59:01 INFO setupCorrAndProtocol: Wiping corr.xmi and protocol.xmi
2025-04-23 15:59:01 INFO setupCorrAndProtocol: Wiping corr.xmi and protocol.xmi
2025-04-23 15:59:02 INFO Starting change propagation
2025-04-23 15:59:02 DEBUG Started synchronizing change: TransactionalChangeImpl: [
	create Uuid(ord__HOh9wCBLEfCt_d1Q4dqckw)
	insert Uuid(ord__HOh9wCBLEfCt_d1Q4dqckw) at target\Java2UmlEvaluationGoal1\testEnumAttributeToProperty\java_instance.model (index 0)
	Uuid(ord__HOh9wCBLEfCt_d1Q4dqckw).name = peketsch (was )
	create Uuid(ord__HOik0CBLEfCt_d1Q4dqckw)
	Uuid(ord__HOh9wCBLEfCt_d1Q4dqckw).compilationUnits += Uuid(ord__HOik0CBLEfCt_d1Q4dqckw) (index 0)
	create Uuid(ord__HOik0SBLEfCt_d1Q4dqckw)
	Uuid(ord__HOik0CBLEfCt_d1Q4dqckw).classifiers += Uuid(ord__HOik0SBLEfCt_d1Q4dqckw) (index 0)
	Uuid(ord__HOik0SBLEfCt_d1Q4dqckw).name = ehnumm (was )
	create Uuid(ord__HOjL4CBLEfCt_d1Q4dqckw)
	Uuid(ord__HOik0SBLEfCt_d1Q4dqckw).members += Uuid(ord__HOjL4CBLEfCt_d1Q4dqckw) (index 0)
	Uuid(ord__HOjL4CBLEfCt_d1Q4dqckw).name = myField (was )
	create Uuid(ord__HOjL4SBLEfCt_d1Q4dqckw)
	Uuid(ord__HOik0SBLEfCt_d1Q4dqckw).members += Uuid(ord__HOjL4SBLEfCt_d1Q4dqckw) (index 1)
	Uuid(ord__HOjL4SBLEfCt_d1Q4dqckw).name = myField2 (was )
]

2025-04-23 15:59:02 DEBUG Create model instance for resource with URI: target\Java2UmlEvaluationGoal1\testEnumAttributeToProperty\java_instance.model
2025-04-23 15:59:02 DEBUG Start recording virtual model
2025-04-23 15:59:02 INFO ------- Calling ibex -------
2025-04-23 15:59:02 INFO Source Model has no respective target model yet. Creating one.
2025-04-23 15:59:02 DEBUG Create model instance for resource with URI: target\Java2UmlEvaluationGoal1\testEnumAttributeToProperty\uml_instance.model
2025-04-23 15:59:03 INFO Resource not found. Not loading. Path=C:\Users\XPS-15\IdeaProjects\Vitruv-TGG-Integration-Test\vsum\..\eclipse-ibex-workspace/Java2Uml/instances/corr.xmi
2025-04-23 15:59:03 INFO Resource not found. Not loading. Path=C:\Users\XPS-15\IdeaProjects\Vitruv-TGG-Integration-Test\vsum\..\eclipse-ibex-workspace/Java2Uml/instances/protocol.xmi
2025-04-23 15:59:04 WARN CORRUPT RULE: EnumProtectedToProtectedhas nodes and/ or edges whose type is an unresolved proxy!
2025-04-23 15:59:04 WARN   - modifier, org.eclipse.emf.ecore.impl.EClassImpl@1f67761b (eProxyURI: platform:/plugin/org.emftext.language.java/metamodel/java.ecore#_Wo2Yudz1Ed2bJ_pQViWxFg)
2025-04-23 15:59:04 WARN CORRUPT RULE: MethodEnumParamTypeToParamTypehas nodes and/ or edges whose type is an unresolved proxy!
2025-04-23 15:59:04 WARN   - parameter__typeReference__typeReference_eMoflonEdge, org.eclipse.emf.ecore.impl.EReferenceImpl@1391af3b (eProxyURI: platform:/plugin/org.emftext.language.java/metamodel/java.ecore#_Wo2ZQdz1Ed2bJ_pQViWxFg)
2025-04-23 15:59:04 WARN CORRUPT RULE: ConstructorInterfaceParamTypeToParamTypehas nodes and/ or edges whose type is an unresolved proxy!
2025-04-23 15:59:04 WARN   - parameter__typeReference__typeReference_eMoflonEdge, org.eclipse.emf.ecore.impl.EReferenceImpl@77ab22be (eProxyURI: platform:/plugin/org.emftext.language.java/metamodel/java.ecore#_Wo2ZQdz1Ed2bJ_pQViWxFg)
2025-04-23 15:59:04 WARN CORRUPT RULE: MethodClassParamTypeToParamTypehas nodes and/ or edges whose type is an unresolved proxy!
2025-04-23 15:59:04 WARN   - parameter__typeReference__typeReference_eMoflonEdge, org.eclipse.emf.ecore.impl.EReferenceImpl@1b6924cb (eProxyURI: platform:/plugin/org.emftext.language.java/metamodel/java.ecore#_Wo2ZQdz1Ed2bJ_pQViWxFg)
2025-04-23 15:59:04 WARN CORRUPT RULE: MethodAbstractToAbstracthas nodes and/ or edges whose type is an unresolved proxy!
2025-04-23 15:59:04 WARN   - modifier, org.eclipse.emf.ecore.impl.EClassImpl@141d3d43 (eProxyURI: platform:/plugin/org.emftext.language.java/metamodel/java.ecore#_Wo2Yt9z1Ed2bJ_pQViWxFg)
2025-04-23 15:59:04 WARN CORRUPT RULE: ClassProtectedToProtectedhas nodes and/ or edges whose type is an unresolved proxy!
2025-04-23 15:59:04 WARN   - modifier, org.eclipse.emf.ecore.impl.EClassImpl@3ebe4ccc (eProxyURI: platform:/plugin/org.emftext.language.java/metamodel/java.ecore#_Wo2Yudz1Ed2bJ_pQViWxFg)
2025-04-23 15:59:04 WARN CORRUPT RULE: MethodFinalToFinalhas nodes and/ or edges whose type is an unresolved proxy!
2025-04-23 15:59:04 WARN   - modifier, org.eclipse.emf.ecore.impl.EClassImpl@135a8c6f (eProxyURI: platform:/plugin/org.emftext.language.java/metamodel/java.ecore#_Wo2Yvdz1Ed2bJ_pQViWxFg)
2025-04-23 15:59:04 WARN CORRUPT RULE: EnumAttributeTypeToPropertyTypehas nodes and/ or edges whose type is an unresolved proxy!
2025-04-23 15:59:04 WARN   - field__typeReference__typeReference_eMoflonEdge, org.eclipse.emf.ecore.impl.EReferenceImpl@280d4882 (eProxyURI: platform:/plugin/org.emftext.language.java/metamodel/java.ecore#_Wo2ZQdz1Ed2bJ_pQViWxFg)
2025-04-23 15:59:04 WARN CORRUPT RULE: InterfaceAttributeTypeToPropertyTypehas nodes and/ or edges whose type is an unresolved proxy!
2025-04-23 15:59:04 WARN   - field__typeReference__typeReference_eMoflonEdge, org.eclipse.emf.ecore.impl.EReferenceImpl@3d19d85 (eProxyURI: platform:/plugin/org.emftext.language.java/metamodel/java.ecore#_Wo2ZQdz1Ed2bJ_pQViWxFg)
2025-04-23 15:59:04 WARN CORRUPT RULE: MethodInterfaceParamTypeToParamTypehas nodes and/ or edges whose type is an unresolved proxy!
2025-04-23 15:59:04 WARN   - parameter__typeReference__typeReference_eMoflonEdge, org.eclipse.emf.ecore.impl.EReferenceImpl@68ed3f30 (eProxyURI: platform:/plugin/org.emftext.language.java/metamodel/java.ecore#_Wo2ZQdz1Ed2bJ_pQViWxFg)
2025-04-23 15:59:04 WARN CORRUPT RULE: FieldFinalToFinalhas nodes and/ or edges whose type is an unresolved proxy!
2025-04-23 15:59:04 WARN   - modifier, org.eclipse.emf.ecore.impl.EClassImpl@590adb41 (eProxyURI: platform:/plugin/org.emftext.language.java/metamodel/java.ecore#_Wo2Yvdz1Ed2bJ_pQViWxFg)
2025-04-23 15:59:04 WARN CORRUPT RULE: ClassAbstractToAbstracthas nodes and/ or edges whose type is an unresolved proxy!
2025-04-23 15:59:04 WARN   - modifier, org.eclipse.emf.ecore.impl.EClassImpl@43bf5397 (eProxyURI: platform:/plugin/org.emftext.language.java/metamodel/java.ecore#_Wo2Yt9z1Ed2bJ_pQViWxFg)
2025-04-23 15:59:04 WARN CORRUPT RULE: ClassAttributeTypeToPropertyTypehas nodes and/ or edges whose type is an unresolved proxy!
2025-04-23 15:59:04 WARN   - field__typeReference__typeReference_eMoflonEdge, org.eclipse.emf.ecore.impl.EReferenceImpl@58015e56 (eProxyURI: platform:/plugin/org.emftext.language.java/metamodel/java.ecore#_Wo2ZQdz1Ed2bJ_pQViWxFg)
2025-04-23 15:59:04 WARN CORRUPT RULE: MethodClassReturnTypeToReturnTypehas nodes and/ or edges whose type is an unresolved proxy!
2025-04-23 15:59:04 WARN   - javaMethod__typeReference__typeReference_eMoflonEdge, org.eclipse.emf.ecore.impl.EReferenceImpl@7426a448 (eProxyURI: platform:/plugin/org.emftext.language.java/metamodel/java.ecore#_Wo2ZQdz1Ed2bJ_pQViWxFg)
2025-04-23 15:59:04 WARN CORRUPT RULE: InterfacePrivateToPrivatehas nodes and/ or edges whose type is an unresolved proxy!
2025-04-23 15:59:04 WARN   - modifier, org.eclipse.emf.ecore.impl.EClassImpl@3456558 (eProxyURI: platform:/plugin/org.emftext.language.java/metamodel/java.ecore#_Wo2Yu9z1Ed2bJ_pQViWxFg)
2025-04-23 15:59:04 WARN CORRUPT RULE: InterfaceProtectedToProtectedhas nodes and/ or edges whose type is an unresolved proxy!
2025-04-23 15:59:04 WARN   - modifier, org.eclipse.emf.ecore.impl.EClassImpl@6cbe7d4d (eProxyURI: platform:/plugin/org.emftext.language.java/metamodel/java.ecore#_Wo2Yudz1Ed2bJ_pQViWxFg)
2025-04-23 15:59:04 WARN CORRUPT RULE: FieldStaticToStatichas nodes and/ or edges whose type is an unresolved proxy!
2025-04-23 15:59:04 WARN   - modifier, org.eclipse.emf.ecore.impl.EClassImpl@3679d92e (eProxyURI: platform:/plugin/org.emftext.language.java/metamodel/java.ecore#_Wo2Yv9z1Ed2bJ_pQViWxFg)
2025-04-23 15:59:04 WARN CORRUPT RULE: ConstructorEnumParamTypeToParamTypehas nodes and/ or edges whose type is an unresolved proxy!
2025-04-23 15:59:04 WARN   - parameter__typeReference__typeReference_eMoflonEdge, org.eclipse.emf.ecore.impl.EReferenceImpl@58fa5769 (eProxyURI: platform:/plugin/org.emftext.language.java/metamodel/java.ecore#_Wo2ZQdz1Ed2bJ_pQViWxFg)
2025-04-23 15:59:04 WARN CORRUPT RULE: EnumPrivateToPrivatehas nodes and/ or edges whose type is an unresolved proxy!
2025-04-23 15:59:04 WARN   - modifier, org.eclipse.emf.ecore.impl.EClassImpl@4ee25d80 (eProxyURI: platform:/plugin/org.emftext.language.java/metamodel/java.ecore#_Wo2Yu9z1Ed2bJ_pQViWxFg)
2025-04-23 15:59:04 WARN CORRUPT RULE: InterfaceFinalToFinalhas nodes and/ or edges whose type is an unresolved proxy!
2025-04-23 15:59:04 WARN   - modifier, org.eclipse.emf.ecore.impl.EClassImpl@ba17be6 (eProxyURI: platform:/plugin/org.emftext.language.java/metamodel/java.ecore#_Wo2Yvdz1Ed2bJ_pQViWxFg)
2025-04-23 15:59:04 WARN CORRUPT RULE: MethodInterfaceReturnTypeToReturnTypehas nodes and/ or edges whose type is an unresolved proxy!
2025-04-23 15:59:04 WARN   - javaMethod__typeReference__typeReference_eMoflonEdge, org.eclipse.emf.ecore.impl.EReferenceImpl@332bcab0 (eProxyURI: platform:/plugin/org.emftext.language.java/metamodel/java.ecore#_Wo2ZQdz1Ed2bJ_pQViWxFg)
2025-04-23 15:59:04 WARN CORRUPT RULE: MethodStaticToStatichas nodes and/ or edges whose type is an unresolved proxy!
2025-04-23 15:59:04 WARN   - modifier, org.eclipse.emf.ecore.impl.EClassImpl@6342ff7f (eProxyURI: platform:/plugin/org.emftext.language.java/metamodel/java.ecore#_Wo2Yv9z1Ed2bJ_pQViWxFg)
2025-04-23 15:59:04 WARN CORRUPT RULE: ClassPublicToPublichas nodes and/ or edges whose type is an unresolved proxy!
2025-04-23 15:59:04 WARN   - modifier, org.eclipse.emf.ecore.impl.EClassImpl@2daf06fc (eProxyURI: platform:/plugin/org.emftext.language.java/metamodel/java.ecore#_Wo2Ytdz1Ed2bJ_pQViWxFg)
2025-04-23 15:59:04 WARN CORRUPT RULE: EnumAbstractToAbstracthas nodes and/ or edges whose type is an unresolved proxy!
2025-04-23 15:59:04 WARN   - modifier, org.eclipse.emf.ecore.impl.EClassImpl@5ceecfee (eProxyURI: platform:/plugin/org.emftext.language.java/metamodel/java.ecore#_Wo2Yt9z1Ed2bJ_pQViWxFg)
2025-04-23 15:59:04 WARN CORRUPT RULE: ClassPrivateToPrivatehas nodes and/ or edges whose type is an unresolved proxy!
2025-04-23 15:59:04 WARN   - modifier, org.eclipse.emf.ecore.impl.EClassImpl@28ee7bee (eProxyURI: platform:/plugin/org.emftext.language.java/metamodel/java.ecore#_Wo2Yu9z1Ed2bJ_pQViWxFg)
2025-04-23 15:59:04 WARN CORRUPT RULE: EnumFinalToFinalhas nodes and/ or edges whose type is an unresolved proxy!
2025-04-23 15:59:04 WARN   - modifier, org.eclipse.emf.ecore.impl.EClassImpl@31e130bf (eProxyURI: platform:/plugin/org.emftext.language.java/metamodel/java.ecore#_Wo2Yvdz1Ed2bJ_pQViWxFg)
2025-04-23 15:59:04 WARN CORRUPT RULE: InterfaceAbstractToAbstracthas nodes and/ or edges whose type is an unresolved proxy!
2025-04-23 15:59:04 WARN   - modifier, org.eclipse.emf.ecore.impl.EClassImpl@f1f7db2 (eProxyURI: platform:/plugin/org.emftext.language.java/metamodel/java.ecore#_Wo2Yt9z1Ed2bJ_pQViWxFg)
2025-04-23 15:59:04 WARN CORRUPT RULE: InterfacePublicToPublichas nodes and/ or edges whose type is an unresolved proxy!
2025-04-23 15:59:04 WARN   - modifier, org.eclipse.emf.ecore.impl.EClassImpl@7c3e4b1a (eProxyURI: platform:/plugin/org.emftext.language.java/metamodel/java.ecore#_Wo2Ytdz1Ed2bJ_pQViWxFg)
2025-04-23 15:59:04 WARN CORRUPT RULE: MethodEnumReturnTypeToReturnTypehas nodes and/ or edges whose type is an unresolved proxy!
2025-04-23 15:59:04 WARN   - javaMethod__typeReference__typeReference_eMoflonEdge, org.eclipse.emf.ecore.impl.EReferenceImpl@765d55d5 (eProxyURI: platform:/plugin/org.emftext.language.java/metamodel/java.ecore#_Wo2ZQdz1Ed2bJ_pQViWxFg)
2025-04-23 15:59:04 WARN CORRUPT RULE: EnumPublicToPublichas nodes and/ or edges whose type is an unresolved proxy!
2025-04-23 15:59:04 WARN   - modifier, org.eclipse.emf.ecore.impl.EClassImpl@2bfb583b (eProxyURI: platform:/plugin/org.emftext.language.java/metamodel/java.ecore#_Wo2Ytdz1Ed2bJ_pQViWxFg)
2025-04-23 15:59:04 WARN CORRUPT RULE: ClassFinalToFinalhas nodes and/ or edges whose type is an unresolved proxy!
2025-04-23 15:59:04 WARN   - modifier, org.eclipse.emf.ecore.impl.EClassImpl@6fc1020a (eProxyURI: platform:/plugin/org.emftext.language.java/metamodel/java.ecore#_Wo2Yvdz1Ed2bJ_pQViWxFg)
2025-04-23 15:59:04 WARN CORRUPT RULE: ConstructorClassParamTypeToParamTypehas nodes and/ or edges whose type is an unresolved proxy!
2025-04-23 15:59:04 WARN   - parameter__typeReference__typeReference_eMoflonEdge, org.eclipse.emf.ecore.impl.EReferenceImpl@2629d5dc (eProxyURI: platform:/plugin/org.emftext.language.java/metamodel/java.ecore#_Wo2ZQdz1Ed2bJ_pQViWxFg)
2025-04-23 15:59:04 INFO Pattern Conversion took 205.5839 ms
2025-04-23 15:59:04 INFO Starting SYNC
2025-04-23 15:59:04 WARN   LOADED MARKERS : 
    - 
2025-04-23 15:59:04 WARN No rule defined to cover the following change's type: [InsertEAttributeValue] AE=Package:260a3a5e, name=peketsch
2025-04-23 15:59:04 WARN No rule defined to cover the following change's type: [InsertEAttributeValue] AE=Enumeration:4f5f6e45, name=ehnumm
2025-04-23 15:59:04 WARN No rule defined to cover the following change's type: [InsertEAttributeValue] AE=Field:615e3f51, name=myField
2025-04-23 15:59:04 WARN No rule defined to cover the following change's type: [InsertEAttributeValue] AE=Field:407873d3, name=myField2
2025-04-23 15:59:04 INFO Pattern Matching took 98.3175 ms
2025-04-23 15:59:05 INFO Created elements: 15
2025-04-23 15:59:05 INFO Deleted elements: 0
2025-04-23 15:59:05 INFO Completed SYNC in: 1107 ms
2025-04-23 15:59:05 DEBUG BENCHMARKLOGGER logs: 
2025-04-23 15:59:05 DEBUG BenchmarkLogger
[
  Total elements created .. 15
  Total elements deleted .. 0
  Total matches found ..... 8
  Total matches repaired .. 0
  Total matches revoked ... 0
  Total matches applied ... 5
]
2025-04-23 15:59:05 INFO VitruviusBackwardConversionTGGEngine::terminate called. We do not use this.
2025-04-23 15:59:05 DEBUG Add root to resource: org.eclipse.emf.ecore.xmi.impl.XMIResourceImpl@476ee5b3 uri='target\Java2UmlEvaluationGoal1\testEnumAttributeToProperty\uml_instance.model'
2025-04-23 15:59:05 INFO -- Added the following corrs: 
2025-04-23 15:59:05 INFO   - [CorrespondenceNode JavaClassifierToUmlClassifier] SRC=Enumeration:4f5f6e45, name=ehnumm, TRG=Enumeration:76cf841, name=ehnumm
2025-04-23 15:59:05 INFO   - [CorrespondenceNode JavaAttributeToUmlProperty] SRC=Field:615e3f51, name=myField, TRG=Property:61ae0d43, name=myField
2025-04-23 15:59:05 INFO   - [CorrespondenceNode JavaCompilationUnitToUmlModel] SRC=CompilationUnit:2e51d054, name=null, TRG=Model:c889805, name=UML_MODEL
2025-04-23 15:59:05 INFO   - [CorrespondenceNode JavaPackageToUmlPackage] SRC=Package:260a3a5e, name=peketsch, TRG=Package:630bf683, name=peketsch
2025-04-23 15:59:05 INFO   - [CorrespondenceNode JavaAttributeToUmlProperty] SRC=Field:407873d3, name=myField2, TRG=Property:2b4d4327, name=myField2
2025-04-23 15:59:05 DEBUG End recording virtual model
2025-04-23 15:59:05 DEBUG Propagated <input change> in [[http://www.emftext.org/java]] -> {[[http://www.eclipse.org/uml2/5.0.0/UML]]}
2025-04-23 15:59:05 DEBUG Propagated <input change> in [[http://www.emftext.org/java]] -> [[http://www.eclipse.org/uml2/5.0.0/UML]] -> {}
2025-04-23 15:59:05 DEBUG Propagated <input change> in [[http://www.emftext.org/java]] -> [[http://www.eclipse.org/uml2/5.0.0/UML]] -> {}
2025-04-23 15:59:05 DEBUG Start recording virtual model
2025-04-23 15:59:05 WARN propagateChange not implemented, use propagateChanges (with an s).
2025-04-23 15:59:05 WARN propagateChange not implemented, use propagateChanges (with an s).
2025-04-23 15:59:05 WARN propagateChange not implemented, use propagateChanges (with an s).
2025-04-23 15:59:05 WARN propagateChange not implemented, use propagateChanges (with an s).
2025-04-23 15:59:05 WARN propagateChange not implemented, use propagateChanges (with an s).
2025-04-23 15:59:05 WARN propagateChange not implemented, use propagateChanges (with an s).
2025-04-23 15:59:05 WARN propagateChange not implemented, use propagateChanges (with an s).
2025-04-23 15:59:05 WARN propagateChange not implemented, use propagateChanges (with an s).
2025-04-23 15:59:05 WARN propagateChange not implemented, use propagateChanges (with an s).
2025-04-23 15:59:05 WARN propagateChange not implemented, use propagateChanges (with an s).
2025-04-23 15:59:05 WARN propagateChange not implemented, use propagateChanges (with an s).
2025-04-23 15:59:05 WARN propagateChange not implemented, use propagateChanges (with an s).
2025-04-23 15:59:05 WARN propagateChange not implemented, use propagateChanges (with an s).
2025-04-23 15:59:05 WARN propagateChange not implemented, use propagateChanges (with an s).
2025-04-23 15:59:05 DEBUG End recording virtual model
2025-04-23 15:59:05 DEBUG Propagated <input change> in [[http://www.emftext.org/java]] -> {}
2025-04-23 15:59:05 DEBUG Saving all models of model repository for VSUM @target\Java2UmlEvaluationGoal1\testEnumAttributeToProperty
2025-04-23 15:59:05 DEBUG Save resource: org.eclipse.emf.ecore.xmi.impl.XMIResourceImpl@476ee5b3 uri='target\Java2UmlEvaluationGoal1\testEnumAttributeToProperty\uml_instance.model'
2025-04-23 15:59:05 DEBUG Finished synchronizing change: TransactionalChangeImpl: [
	create Uuid(ord__HOh9wCBLEfCt_d1Q4dqckw)
	insert Uuid(ord__HOh9wCBLEfCt_d1Q4dqckw) at target\Java2UmlEvaluationGoal1\testEnumAttributeToProperty\java_instance.model (index 0)
	Uuid(ord__HOh9wCBLEfCt_d1Q4dqckw).name = peketsch (was )
	create Uuid(ord__HOik0CBLEfCt_d1Q4dqckw)
	Uuid(ord__HOh9wCBLEfCt_d1Q4dqckw).compilationUnits += Uuid(ord__HOik0CBLEfCt_d1Q4dqckw) (index 0)
	create Uuid(ord__HOik0SBLEfCt_d1Q4dqckw)
	Uuid(ord__HOik0CBLEfCt_d1Q4dqckw).classifiers += Uuid(ord__HOik0SBLEfCt_d1Q4dqckw) (index 0)
	Uuid(ord__HOik0SBLEfCt_d1Q4dqckw).name = ehnumm (was )
	create Uuid(ord__HOjL4CBLEfCt_d1Q4dqckw)
	Uuid(ord__HOik0SBLEfCt_d1Q4dqckw).members += Uuid(ord__HOjL4CBLEfCt_d1Q4dqckw) (index 0)
	Uuid(ord__HOjL4CBLEfCt_d1Q4dqckw).name = myField (was )
	create Uuid(ord__HOjL4SBLEfCt_d1Q4dqckw)
	Uuid(ord__HOik0SBLEfCt_d1Q4dqckw).members += Uuid(ord__HOjL4SBLEfCt_d1Q4dqckw) (index 1)
	Uuid(ord__HOjL4SBLEfCt_d1Q4dqckw).name = myField2 (was )
]

2025-04-23 15:59:05 INFO Finished change propagation
]]></system-out>
  </testcase>
  <testcase name="testJavaMemberDeleted" classname="tools.vitruv.methodologisttemplate.vsum.Java2UmlEvaluationGoal1Test" time="2.137">
    <system-out><![CDATA[2025-04-23 15:59:06 INFO eclipse-ibex-workspace: C:\Users\XPS-15\IdeaProjects\Vitruv-TGG-Integration-Test\vsum\..\eclipse-ibex-workspace\Java2Uml
2025-04-23 15:59:06 INFO setupCorrAndProtocol: Wiping corr.xmi and protocol.xmi
2025-04-23 15:59:06 INFO setupCorrAndProtocol: Wiping corr.xmi and protocol.xmi
2025-04-23 15:59:06 INFO Starting change propagation
2025-04-23 15:59:06 DEBUG Started synchronizing change: TransactionalChangeImpl: [
	create Uuid(ord__HudbACBLEfCt_d1Q4dqckw)
	insert Uuid(ord__HudbACBLEfCt_d1Q4dqckw) at target\Java2UmlEvaluationGoal1\testJavaMemberDeleted\java_instance.model (index 0)
	Uuid(ord__HudbACBLEfCt_d1Q4dqckw).name = peketsch (was )
	create Uuid(ord__HudbASBLEfCt_d1Q4dqckw)
	Uuid(ord__HudbACBLEfCt_d1Q4dqckw).compilationUnits += Uuid(ord__HudbASBLEfCt_d1Q4dqckw) (index 0)
	create Uuid(ord__HueCECBLEfCt_d1Q4dqckw)
	Uuid(ord__HudbASBLEfCt_d1Q4dqckw).classifiers += Uuid(ord__HueCECBLEfCt_d1Q4dqckw) (index 0)
	Uuid(ord__HueCECBLEfCt_d1Q4dqckw).name = kless (was )
	create Uuid(ord__HueCESBLEfCt_d1Q4dqckw)
	Uuid(ord__HueCECBLEfCt_d1Q4dqckw).members += Uuid(ord__HueCESBLEfCt_d1Q4dqckw) (index 0)
	Uuid(ord__HueCESBLEfCt_d1Q4dqckw).name = constructer (was )
	create Uuid(ord__HueCEiBLEfCt_d1Q4dqckw)
	Uuid(ord__HueCESBLEfCt_d1Q4dqckw).parameters += Uuid(ord__HueCEiBLEfCt_d1Q4dqckw) (index 0)
	Uuid(ord__HueCEiBLEfCt_d1Q4dqckw).name = parrametr (was )
	create Uuid(ord__HueCEyBLEfCt_d1Q4dqckw)
	Uuid(ord__HueCECBLEfCt_d1Q4dqckw).members += Uuid(ord__HueCEyBLEfCt_d1Q4dqckw) (index 1)
	Uuid(ord__HueCEyBLEfCt_d1Q4dqckw).name = methed (was )
	create Uuid(ord__HueCFCBLEfCt_d1Q4dqckw)
	Uuid(ord__HueCEyBLEfCt_d1Q4dqckw).parameters += Uuid(ord__HueCFCBLEfCt_d1Q4dqckw) (index 0)
	create Uuid(ord__HuepICBLEfCt_d1Q4dqckw)
	Uuid(ord__HueCECBLEfCt_d1Q4dqckw).members += Uuid(ord__HuepICBLEfCt_d1Q4dqckw) (index 2)
	Uuid(ord__HuepICBLEfCt_d1Q4dqckw).name = myField (was )
]

2025-04-23 15:59:06 DEBUG Create model instance for resource with URI: target\Java2UmlEvaluationGoal1\testJavaMemberDeleted\java_instance.model
2025-04-23 15:59:06 DEBUG Start recording virtual model
2025-04-23 15:59:06 INFO ------- Calling ibex -------
2025-04-23 15:59:06 INFO Source Model has no respective target model yet. Creating one.
2025-04-23 15:59:06 DEBUG Create model instance for resource with URI: target\Java2UmlEvaluationGoal1\testJavaMemberDeleted\uml_instance.model
2025-04-23 15:59:06 INFO Resource not found. Not loading. Path=C:\Users\XPS-15\IdeaProjects\Vitruv-TGG-Integration-Test\vsum\..\eclipse-ibex-workspace/Java2Uml/instances/corr.xmi
2025-04-23 15:59:06 INFO Resource not found. Not loading. Path=C:\Users\XPS-15\IdeaProjects\Vitruv-TGG-Integration-Test\vsum\..\eclipse-ibex-workspace/Java2Uml/instances/protocol.xmi
2025-04-23 15:59:06 WARN CORRUPT RULE: InterfaceAbstractToAbstracthas nodes and/ or edges whose type is an unresolved proxy!
2025-04-23 15:59:06 WARN   - modifier, org.eclipse.emf.ecore.impl.EClassImpl@7fdd43cd (eProxyURI: platform:/plugin/org.emftext.language.java/metamodel/java.ecore#_Wo2Yt9z1Ed2bJ_pQViWxFg)
2025-04-23 15:59:06 WARN CORRUPT RULE: ClassAttributeTypeToPropertyTypehas nodes and/ or edges whose type is an unresolved proxy!
2025-04-23 15:59:06 WARN   - field__typeReference__typeReference_eMoflonEdge, org.eclipse.emf.ecore.impl.EReferenceImpl@2ce03e86 (eProxyURI: platform:/plugin/org.emftext.language.java/metamodel/java.ecore#_Wo2ZQdz1Ed2bJ_pQViWxFg)
2025-04-23 15:59:06 WARN CORRUPT RULE: MethodFinalToFinalhas nodes and/ or edges whose type is an unresolved proxy!
2025-04-23 15:59:06 WARN   - modifier, org.eclipse.emf.ecore.impl.EClassImpl@9b47400 (eProxyURI: platform:/plugin/org.emftext.language.java/metamodel/java.ecore#_Wo2Yvdz1Ed2bJ_pQViWxFg)
2025-04-23 15:59:06 WARN CORRUPT RULE: MethodInterfaceReturnTypeToReturnTypehas nodes and/ or edges whose type is an unresolved proxy!
2025-04-23 15:59:06 WARN   - javaMethod__typeReference__typeReference_eMoflonEdge, org.eclipse.emf.ecore.impl.EReferenceImpl@594131f2 (eProxyURI: platform:/plugin/org.emftext.language.java/metamodel/java.ecore#_Wo2ZQdz1Ed2bJ_pQViWxFg)
2025-04-23 15:59:06 WARN CORRUPT RULE: ClassProtectedToProtectedhas nodes and/ or edges whose type is an unresolved proxy!
2025-04-23 15:59:06 WARN   - modifier, org.eclipse.emf.ecore.impl.EClassImpl@7bee8621 (eProxyURI: platform:/plugin/org.emftext.language.java/metamodel/java.ecore#_Wo2Yudz1Ed2bJ_pQViWxFg)
2025-04-23 15:59:06 WARN CORRUPT RULE: MethodEnumReturnTypeToReturnTypehas nodes and/ or edges whose type is an unresolved proxy!
2025-04-23 15:59:06 WARN   - javaMethod__typeReference__typeReference_eMoflonEdge, org.eclipse.emf.ecore.impl.EReferenceImpl@1e12a5a6 (eProxyURI: platform:/plugin/org.emftext.language.java/metamodel/java.ecore#_Wo2ZQdz1Ed2bJ_pQViWxFg)
2025-04-23 15:59:06 WARN CORRUPT RULE: EnumFinalToFinalhas nodes and/ or edges whose type is an unresolved proxy!
2025-04-23 15:59:06 WARN   - modifier, org.eclipse.emf.ecore.impl.EClassImpl@47a7c93e (eProxyURI: platform:/plugin/org.emftext.language.java/metamodel/java.ecore#_Wo2Yvdz1Ed2bJ_pQViWxFg)
2025-04-23 15:59:06 WARN CORRUPT RULE: InterfacePublicToPublichas nodes and/ or edges whose type is an unresolved proxy!
2025-04-23 15:59:06 WARN   - modifier, org.eclipse.emf.ecore.impl.EClassImpl@64ae105d (eProxyURI: platform:/plugin/org.emftext.language.java/metamodel/java.ecore#_Wo2Ytdz1Ed2bJ_pQViWxFg)
2025-04-23 15:59:06 WARN CORRUPT RULE: ConstructorInterfaceParamTypeToParamTypehas nodes and/ or edges whose type is an unresolved proxy!
2025-04-23 15:59:06 WARN   - parameter__typeReference__typeReference_eMoflonEdge, org.eclipse.emf.ecore.impl.EReferenceImpl@69364b2d (eProxyURI: platform:/plugin/org.emftext.language.java/metamodel/java.ecore#_Wo2ZQdz1Ed2bJ_pQViWxFg)
2025-04-23 15:59:06 WARN CORRUPT RULE: InterfaceFinalToFinalhas nodes and/ or edges whose type is an unresolved proxy!
2025-04-23 15:59:06 WARN   - modifier, org.eclipse.emf.ecore.impl.EClassImpl@4792f119 (eProxyURI: platform:/plugin/org.emftext.language.java/metamodel/java.ecore#_Wo2Yvdz1Ed2bJ_pQViWxFg)
2025-04-23 15:59:06 WARN CORRUPT RULE: MethodAbstractToAbstracthas nodes and/ or edges whose type is an unresolved proxy!
2025-04-23 15:59:06 WARN   - modifier, org.eclipse.emf.ecore.impl.EClassImpl@ea00de (eProxyURI: platform:/plugin/org.emftext.language.java/metamodel/java.ecore#_Wo2Yt9z1Ed2bJ_pQViWxFg)
2025-04-23 15:59:06 WARN CORRUPT RULE: EnumPublicToPublichas nodes and/ or edges whose type is an unresolved proxy!
2025-04-23 15:59:06 WARN   - modifier, org.eclipse.emf.ecore.impl.EClassImpl@52f6900a (eProxyURI: platform:/plugin/org.emftext.language.java/metamodel/java.ecore#_Wo2Ytdz1Ed2bJ_pQViWxFg)
2025-04-23 15:59:06 WARN CORRUPT RULE: InterfacePrivateToPrivatehas nodes and/ or edges whose type is an unresolved proxy!
2025-04-23 15:59:06 WARN   - modifier, org.eclipse.emf.ecore.impl.EClassImpl@2b80e5a9 (eProxyURI: platform:/plugin/org.emftext.language.java/metamodel/java.ecore#_Wo2Yu9z1Ed2bJ_pQViWxFg)
2025-04-23 15:59:06 WARN CORRUPT RULE: EnumAbstractToAbstracthas nodes and/ or edges whose type is an unresolved proxy!
2025-04-23 15:59:06 WARN   - modifier, org.eclipse.emf.ecore.impl.EClassImpl@2a50b32d (eProxyURI: platform:/plugin/org.emftext.language.java/metamodel/java.ecore#_Wo2Yt9z1Ed2bJ_pQViWxFg)
2025-04-23 15:59:06 WARN CORRUPT RULE: EnumPrivateToPrivatehas nodes and/ or edges whose type is an unresolved proxy!
2025-04-23 15:59:06 WARN   - modifier, org.eclipse.emf.ecore.impl.EClassImpl@1ac6dd3d (eProxyURI: platform:/plugin/org.emftext.language.java/metamodel/java.ecore#_Wo2Yu9z1Ed2bJ_pQViWxFg)
2025-04-23 15:59:06 WARN CORRUPT RULE: MethodEnumParamTypeToParamTypehas nodes and/ or edges whose type is an unresolved proxy!
2025-04-23 15:59:06 WARN   - parameter__typeReference__typeReference_eMoflonEdge, org.eclipse.emf.ecore.impl.EReferenceImpl@794f11cd (eProxyURI: platform:/plugin/org.emftext.language.java/metamodel/java.ecore#_Wo2ZQdz1Ed2bJ_pQViWxFg)
2025-04-23 15:59:06 WARN CORRUPT RULE: ClassPrivateToPrivatehas nodes and/ or edges whose type is an unresolved proxy!
2025-04-23 15:59:06 WARN   - modifier, org.eclipse.emf.ecore.impl.EClassImpl@5d5c41e5 (eProxyURI: platform:/plugin/org.emftext.language.java/metamodel/java.ecore#_Wo2Yu9z1Ed2bJ_pQViWxFg)
2025-04-23 15:59:06 WARN CORRUPT RULE: EnumAttributeTypeToPropertyTypehas nodes and/ or edges whose type is an unresolved proxy!
2025-04-23 15:59:06 WARN   - field__typeReference__typeReference_eMoflonEdge, org.eclipse.emf.ecore.impl.EReferenceImpl@42e4e589 (eProxyURI: platform:/plugin/org.emftext.language.java/metamodel/java.ecore#_Wo2ZQdz1Ed2bJ_pQViWxFg)
2025-04-23 15:59:06 WARN CORRUPT RULE: MethodClassReturnTypeToReturnTypehas nodes and/ or edges whose type is an unresolved proxy!
2025-04-23 15:59:06 WARN   - javaMethod__typeReference__typeReference_eMoflonEdge, org.eclipse.emf.ecore.impl.EReferenceImpl@76f2dad9 (eProxyURI: platform:/plugin/org.emftext.language.java/metamodel/java.ecore#_Wo2ZQdz1Ed2bJ_pQViWxFg)
2025-04-23 15:59:06 WARN CORRUPT RULE: FieldStaticToStatichas nodes and/ or edges whose type is an unresolved proxy!
2025-04-23 15:59:06 WARN   - modifier, org.eclipse.emf.ecore.impl.EClassImpl@72b0a004 (eProxyURI: platform:/plugin/org.emftext.language.java/metamodel/java.ecore#_Wo2Yv9z1Ed2bJ_pQViWxFg)
2025-04-23 15:59:06 WARN CORRUPT RULE: InterfaceAttributeTypeToPropertyTypehas nodes and/ or edges whose type is an unresolved proxy!
2025-04-23 15:59:06 WARN   - field__typeReference__typeReference_eMoflonEdge, org.eclipse.emf.ecore.impl.EReferenceImpl@2c1f8dbd (eProxyURI: platform:/plugin/org.emftext.language.java/metamodel/java.ecore#_Wo2ZQdz1Ed2bJ_pQViWxFg)
2025-04-23 15:59:06 WARN CORRUPT RULE: FieldFinalToFinalhas nodes and/ or edges whose type is an unresolved proxy!
2025-04-23 15:59:06 WARN   - modifier, org.eclipse.emf.ecore.impl.EClassImpl@22825e1e (eProxyURI: platform:/plugin/org.emftext.language.java/metamodel/java.ecore#_Wo2Yvdz1Ed2bJ_pQViWxFg)
2025-04-23 15:59:06 WARN CORRUPT RULE: ClassAbstractToAbstracthas nodes and/ or edges whose type is an unresolved proxy!
2025-04-23 15:59:06 WARN   - modifier, org.eclipse.emf.ecore.impl.EClassImpl@63fd4dda (eProxyURI: platform:/plugin/org.emftext.language.java/metamodel/java.ecore#_Wo2Yt9z1Ed2bJ_pQViWxFg)
2025-04-23 15:59:06 WARN CORRUPT RULE: MethodStaticToStatichas nodes and/ or edges whose type is an unresolved proxy!
2025-04-23 15:59:06 WARN   - modifier, org.eclipse.emf.ecore.impl.EClassImpl@2d258eff (eProxyURI: platform:/plugin/org.emftext.language.java/metamodel/java.ecore#_Wo2Yv9z1Ed2bJ_pQViWxFg)
2025-04-23 15:59:06 WARN CORRUPT RULE: ClassFinalToFinalhas nodes and/ or edges whose type is an unresolved proxy!
2025-04-23 15:59:06 WARN   - modifier, org.eclipse.emf.ecore.impl.EClassImpl@6dca31eb (eProxyURI: platform:/plugin/org.emftext.language.java/metamodel/java.ecore#_Wo2Yvdz1Ed2bJ_pQViWxFg)
2025-04-23 15:59:06 WARN CORRUPT RULE: ConstructorEnumParamTypeToParamTypehas nodes and/ or edges whose type is an unresolved proxy!
2025-04-23 15:59:06 WARN   - parameter__typeReference__typeReference_eMoflonEdge, org.eclipse.emf.ecore.impl.EReferenceImpl@4b56b031 (eProxyURI: platform:/plugin/org.emftext.language.java/metamodel/java.ecore#_Wo2ZQdz1Ed2bJ_pQViWxFg)
2025-04-23 15:59:06 WARN CORRUPT RULE: MethodClassParamTypeToParamTypehas nodes and/ or edges whose type is an unresolved proxy!
2025-04-23 15:59:06 WARN   - parameter__typeReference__typeReference_eMoflonEdge, org.eclipse.emf.ecore.impl.EReferenceImpl@1283ca23 (eProxyURI: platform:/plugin/org.emftext.language.java/metamodel/java.ecore#_Wo2ZQdz1Ed2bJ_pQViWxFg)
2025-04-23 15:59:06 WARN CORRUPT RULE: ClassPublicToPublichas nodes and/ or edges whose type is an unresolved proxy!
2025-04-23 15:59:06 WARN   - modifier, org.eclipse.emf.ecore.impl.EClassImpl@aa61e4e (eProxyURI: platform:/plugin/org.emftext.language.java/metamodel/java.ecore#_Wo2Ytdz1Ed2bJ_pQViWxFg)
2025-04-23 15:59:06 WARN CORRUPT RULE: MethodInterfaceParamTypeToParamTypehas nodes and/ or edges whose type is an unresolved proxy!
2025-04-23 15:59:06 WARN   - parameter__typeReference__typeReference_eMoflonEdge, org.eclipse.emf.ecore.impl.EReferenceImpl@7fe07361 (eProxyURI: platform:/plugin/org.emftext.language.java/metamodel/java.ecore#_Wo2ZQdz1Ed2bJ_pQViWxFg)
2025-04-23 15:59:06 WARN CORRUPT RULE: EnumProtectedToProtectedhas nodes and/ or edges whose type is an unresolved proxy!
2025-04-23 15:59:06 WARN   - modifier, org.eclipse.emf.ecore.impl.EClassImpl@4ef4f627 (eProxyURI: platform:/plugin/org.emftext.language.java/metamodel/java.ecore#_Wo2Yudz1Ed2bJ_pQViWxFg)
2025-04-23 15:59:06 WARN CORRUPT RULE: ConstructorClassParamTypeToParamTypehas nodes and/ or edges whose type is an unresolved proxy!
2025-04-23 15:59:06 WARN   - parameter__typeReference__typeReference_eMoflonEdge, org.eclipse.emf.ecore.impl.EReferenceImpl@32227215 (eProxyURI: platform:/plugin/org.emftext.language.java/metamodel/java.ecore#_Wo2ZQdz1Ed2bJ_pQViWxFg)
2025-04-23 15:59:06 WARN CORRUPT RULE: InterfaceProtectedToProtectedhas nodes and/ or edges whose type is an unresolved proxy!
2025-04-23 15:59:06 WARN   - modifier, org.eclipse.emf.ecore.impl.EClassImpl@79a201cf (eProxyURI: platform:/plugin/org.emftext.language.java/metamodel/java.ecore#_Wo2Yudz1Ed2bJ_pQViWxFg)
2025-04-23 15:59:06 INFO Pattern Conversion took 44.2726 ms
2025-04-23 15:59:06 INFO Starting SYNC
2025-04-23 15:59:06 WARN   LOADED MARKERS : 
    - 
2025-04-23 15:59:06 WARN No rule defined to cover the following change's type: [InsertEAttributeValue] AE=Package:3fbe503c, name=peketsch
2025-04-23 15:59:06 WARN No rule defined to cover the following change's type: [InsertEAttributeValue] AE=Class:3ab35b9c, name=kless
2025-04-23 15:59:06 WARN No rule defined to cover the following change's type: [InsertEAttributeValue] AE=Constructor:7741d346, name=constructer
2025-04-23 15:59:06 WARN No rule defined to cover the following change's type: [InsertEAttributeValue] AE=OrdinaryParameter:52454457, name=parrametr
2025-04-23 15:59:06 WARN No rule defined to cover the following change's type: [InsertEAttributeValue] AE=ClassMethod:4130a648, name=methed
2025-04-23 15:59:06 WARN No rule defined to cover the following change's type: [InsertEAttributeValue] AE=Field:18dd5ed3, name=myField
2025-04-23 15:59:06 INFO Pattern Matching took 20.6931 ms
2025-04-23 15:59:07 INFO Created elements: 18
2025-04-23 15:59:07 INFO Deleted elements: 0
2025-04-23 15:59:07 INFO Completed SYNC in: 239 ms
2025-04-23 15:59:07 DEBUG BENCHMARKLOGGER logs: 
2025-04-23 15:59:07 DEBUG BenchmarkLogger
[
  Total elements created .. 18
  Total elements deleted .. 0
  Total matches found ..... 17
  Total matches repaired .. 0
  Total matches revoked ... 0
  Total matches applied ... 8
]
2025-04-23 15:59:07 INFO VitruviusBackwardConversionTGGEngine::terminate called. We do not use this.
2025-04-23 15:59:07 DEBUG Add root to resource: org.eclipse.emf.ecore.xmi.impl.XMIResourceImpl@67f63d26 uri='target\Java2UmlEvaluationGoal1\testJavaMemberDeleted\uml_instance.model'
2025-04-23 15:59:07 INFO -- Added the following corrs: 
2025-04-23 15:59:07 INFO   - [CorrespondenceNode JavaAttributeToUmlProperty] SRC=Field:18dd5ed3, name=myField, TRG=Property:f723cdb, name=myField
2025-04-23 15:59:07 INFO   - [CorrespondenceNode JavaCompilationUnitToUmlModel] SRC=CompilationUnit:15d0d6c9, name=null, TRG=Model:79d7035, name=UML_MODEL
2025-04-23 15:59:07 INFO   - [CorrespondenceNode JavaClassifierToUmlClassifier] SRC=Class:3ab35b9c, name=kless, TRG=Class:17222c11, name=kless
2025-04-23 15:59:07 INFO   - [CorrespondenceNode JavaPackageToUmlPackage] SRC=Package:3fbe503c, name=peketsch, TRG=Package:1625789b, name=peketsch
2025-04-23 15:59:07 INFO   - [CorrespondenceNode JavaParameterToParameter] SRC=OrdinaryParameter:61ff6a49, name=null, TRG=Parameter:3c88191b, name=null
2025-04-23 15:59:07 INFO   - [CorrespondenceNode JavaConstructorToOperation] SRC=Constructor:7741d346, name=constructer, TRG=Operation:7e3236d, name=constructer
2025-04-23 15:59:07 INFO   - [CorrespondenceNode JavaMethodToOperation] SRC=ClassMethod:4130a648, name=methed, TRG=Operation:6ffd4c0d, name=methed
2025-04-23 15:59:07 INFO   - [CorrespondenceNode JavaParameterToParameter] SRC=OrdinaryParameter:52454457, name=parrametr, TRG=Parameter:38029686, name=parrametr
2025-04-23 15:59:07 DEBUG End recording virtual model
2025-04-23 15:59:07 DEBUG Propagated <input change> in [[http://www.emftext.org/java]] -> {[[http://www.eclipse.org/uml2/5.0.0/UML]]}
2025-04-23 15:59:07 DEBUG Propagated <input change> in [[http://www.emftext.org/java]] -> [[http://www.eclipse.org/uml2/5.0.0/UML]] -> {}
2025-04-23 15:59:07 DEBUG Propagated <input change> in [[http://www.emftext.org/java]] -> [[http://www.eclipse.org/uml2/5.0.0/UML]] -> {}
2025-04-23 15:59:07 DEBUG Start recording virtual model
2025-04-23 15:59:07 WARN propagateChange not implemented, use propagateChanges (with an s).
2025-04-23 15:59:07 WARN propagateChange not implemented, use propagateChanges (with an s).
2025-04-23 15:59:07 WARN propagateChange not implemented, use propagateChanges (with an s).
2025-04-23 15:59:07 WARN propagateChange not implemented, use propagateChanges (with an s).
2025-04-23 15:59:07 WARN propagateChange not implemented, use propagateChanges (with an s).
2025-04-23 15:59:07 WARN propagateChange not implemented, use propagateChanges (with an s).
2025-04-23 15:59:07 WARN propagateChange not implemented, use propagateChanges (with an s).
2025-04-23 15:59:07 WARN propagateChange not implemented, use propagateChanges (with an s).
2025-04-23 15:59:07 WARN propagateChange not implemented, use propagateChanges (with an s).
2025-04-23 15:59:07 WARN propagateChange not implemented, use propagateChanges (with an s).
2025-04-23 15:59:07 WARN propagateChange not implemented, use propagateChanges (with an s).
2025-04-23 15:59:07 WARN propagateChange not implemented, use propagateChanges (with an s).
2025-04-23 15:59:07 WARN propagateChange not implemented, use propagateChanges (with an s).
2025-04-23 15:59:07 WARN propagateChange not implemented, use propagateChanges (with an s).
2025-04-23 15:59:07 WARN propagateChange not implemented, use propagateChanges (with an s).
2025-04-23 15:59:07 WARN propagateChange not implemented, use propagateChanges (with an s).
2025-04-23 15:59:07 WARN propagateChange not implemented, use propagateChanges (with an s).
2025-04-23 15:59:07 WARN propagateChange not implemented, use propagateChanges (with an s).
2025-04-23 15:59:07 WARN propagateChange not implemented, use propagateChanges (with an s).
2025-04-23 15:59:07 WARN propagateChange not implemented, use propagateChanges (with an s).
2025-04-23 15:59:07 WARN propagateChange not implemented, use propagateChanges (with an s).
2025-04-23 15:59:07 WARN propagateChange not implemented, use propagateChanges (with an s).
2025-04-23 15:59:07 DEBUG End recording virtual model
2025-04-23 15:59:07 DEBUG Propagated <input change> in [[http://www.emftext.org/java]] -> {}
2025-04-23 15:59:07 DEBUG Saving all models of model repository for VSUM @target\Java2UmlEvaluationGoal1\testJavaMemberDeleted
2025-04-23 15:59:07 DEBUG Save resource: org.eclipse.emf.ecore.xmi.impl.XMIResourceImpl@67f63d26 uri='target\Java2UmlEvaluationGoal1\testJavaMemberDeleted\uml_instance.model'
2025-04-23 15:59:07 DEBUG Finished synchronizing change: TransactionalChangeImpl: [
	create Uuid(ord__HudbACBLEfCt_d1Q4dqckw)
	insert Uuid(ord__HudbACBLEfCt_d1Q4dqckw) at target\Java2UmlEvaluationGoal1\testJavaMemberDeleted\java_instance.model (index 0)
	Uuid(ord__HudbACBLEfCt_d1Q4dqckw).name = peketsch (was )
	create Uuid(ord__HudbASBLEfCt_d1Q4dqckw)
	Uuid(ord__HudbACBLEfCt_d1Q4dqckw).compilationUnits += Uuid(ord__HudbASBLEfCt_d1Q4dqckw) (index 0)
	create Uuid(ord__HueCECBLEfCt_d1Q4dqckw)
	Uuid(ord__HudbASBLEfCt_d1Q4dqckw).classifiers += Uuid(ord__HueCECBLEfCt_d1Q4dqckw) (index 0)
	Uuid(ord__HueCECBLEfCt_d1Q4dqckw).name = kless (was )
	create Uuid(ord__HueCESBLEfCt_d1Q4dqckw)
	Uuid(ord__HueCECBLEfCt_d1Q4dqckw).members += Uuid(ord__HueCESBLEfCt_d1Q4dqckw) (index 0)
	Uuid(ord__HueCESBLEfCt_d1Q4dqckw).name = constructer (was )
	create Uuid(ord__HueCEiBLEfCt_d1Q4dqckw)
	Uuid(ord__HueCESBLEfCt_d1Q4dqckw).parameters += Uuid(ord__HueCEiBLEfCt_d1Q4dqckw) (index 0)
	Uuid(ord__HueCEiBLEfCt_d1Q4dqckw).name = parrametr (was )
	create Uuid(ord__HueCEyBLEfCt_d1Q4dqckw)
	Uuid(ord__HueCECBLEfCt_d1Q4dqckw).members += Uuid(ord__HueCEyBLEfCt_d1Q4dqckw) (index 1)
	Uuid(ord__HueCEyBLEfCt_d1Q4dqckw).name = methed (was )
	create Uuid(ord__HueCFCBLEfCt_d1Q4dqckw)
	Uuid(ord__HueCEyBLEfCt_d1Q4dqckw).parameters += Uuid(ord__HueCFCBLEfCt_d1Q4dqckw) (index 0)
	create Uuid(ord__HuepICBLEfCt_d1Q4dqckw)
	Uuid(ord__HueCECBLEfCt_d1Q4dqckw).members += Uuid(ord__HuepICBLEfCt_d1Q4dqckw) (index 2)
	Uuid(ord__HuepICBLEfCt_d1Q4dqckw).name = myField (was )
]

2025-04-23 15:59:07 INFO Finished change propagation
2025-04-23 15:59:07 INFO Starting change propagation
2025-04-23 15:59:07 DEBUG Started synchronizing change: TransactionalChangeImpl: [
	Uuid(ord__HueCECBLEfCt_d1Q4dqckw).members -= Uuid(ord__HuepICBLEfCt_d1Q4dqckw) (index 2)
	delete Uuid(ord__HuepICBLEfCt_d1Q4dqckw)
]

2025-04-23 15:59:07 DEBUG Start recording virtual model
2025-04-23 15:59:07 INFO ------- Calling ibex -------
2025-04-23 15:59:07 INFO Resource found. Now trying to load resource platform:/resource/Java2Uml/instances/corr.xmi which is located at C:\Users\XPS-15\IdeaProjects\Vitruv-TGG-Integration-Test\vsum\..\eclipse-ibex-workspace/Java2Uml/instances/corr.xmi
2025-04-23 15:59:07 INFO Resource found. Now trying to load resource platform:/resource/Java2Uml/instances/protocol.xmi which is located at C:\Users\XPS-15\IdeaProjects\Vitruv-TGG-Integration-Test\vsum\..\eclipse-ibex-workspace/Java2Uml/instances/protocol.xmi
2025-04-23 15:59:07 WARN CORRUPT RULE: MethodAbstractToAbstracthas nodes and/ or edges whose type is an unresolved proxy!
2025-04-23 15:59:07 WARN   - modifier, org.eclipse.emf.ecore.impl.EClassImpl@4fea840f (eProxyURI: platform:/plugin/org.emftext.language.java/metamodel/java.ecore#_Wo2Yt9z1Ed2bJ_pQViWxFg)
2025-04-23 15:59:07 WARN CORRUPT RULE: MethodFinalToFinalhas nodes and/ or edges whose type is an unresolved proxy!
2025-04-23 15:59:07 WARN   - modifier, org.eclipse.emf.ecore.impl.EClassImpl@75e80a97 (eProxyURI: platform:/plugin/org.emftext.language.java/metamodel/java.ecore#_Wo2Yvdz1Ed2bJ_pQViWxFg)
2025-04-23 15:59:07 WARN CORRUPT RULE: ClassPublicToPublichas nodes and/ or edges whose type is an unresolved proxy!
2025-04-23 15:59:07 WARN   - modifier, org.eclipse.emf.ecore.impl.EClassImpl@1b8aaeab (eProxyURI: platform:/plugin/org.emftext.language.java/metamodel/java.ecore#_Wo2Ytdz1Ed2bJ_pQViWxFg)
2025-04-23 15:59:07 WARN CORRUPT RULE: ClassProtectedToProtectedhas nodes and/ or edges whose type is an unresolved proxy!
2025-04-23 15:59:07 WARN   - modifier, org.eclipse.emf.ecore.impl.EClassImpl@6812c8cc (eProxyURI: platform:/plugin/org.emftext.language.java/metamodel/java.ecore#_Wo2Yudz1Ed2bJ_pQViWxFg)
2025-04-23 15:59:07 WARN CORRUPT RULE: ConstructorEnumParamTypeToParamTypehas nodes and/ or edges whose type is an unresolved proxy!
2025-04-23 15:59:07 WARN   - parameter__typeReference__typeReference_eMoflonEdge, org.eclipse.emf.ecore.impl.EReferenceImpl@7a66c35a (eProxyURI: platform:/plugin/org.emftext.language.java/metamodel/java.ecore#_Wo2ZQdz1Ed2bJ_pQViWxFg)
2025-04-23 15:59:07 WARN CORRUPT RULE: MethodInterfaceParamTypeToParamTypehas nodes and/ or edges whose type is an unresolved proxy!
2025-04-23 15:59:07 WARN   - parameter__typeReference__typeReference_eMoflonEdge, org.eclipse.emf.ecore.impl.EReferenceImpl@73e4387 (eProxyURI: platform:/plugin/org.emftext.language.java/metamodel/java.ecore#_Wo2ZQdz1Ed2bJ_pQViWxFg)
2025-04-23 15:59:07 WARN CORRUPT RULE: InterfacePrivateToPrivatehas nodes and/ or edges whose type is an unresolved proxy!
2025-04-23 15:59:07 WARN   - modifier, org.eclipse.emf.ecore.impl.EClassImpl@4137aab0 (eProxyURI: platform:/plugin/org.emftext.language.java/metamodel/java.ecore#_Wo2Yu9z1Ed2bJ_pQViWxFg)
2025-04-23 15:59:07 WARN CORRUPT RULE: ConstructorClassParamTypeToParamTypehas nodes and/ or edges whose type is an unresolved proxy!
2025-04-23 15:59:07 WARN   - parameter__typeReference__typeReference_eMoflonEdge, org.eclipse.emf.ecore.impl.EReferenceImpl@682e422c (eProxyURI: platform:/plugin/org.emftext.language.java/metamodel/java.ecore#_Wo2ZQdz1Ed2bJ_pQViWxFg)
2025-04-23 15:59:07 WARN CORRUPT RULE: MethodEnumParamTypeToParamTypehas nodes and/ or edges whose type is an unresolved proxy!
2025-04-23 15:59:07 WARN   - parameter__typeReference__typeReference_eMoflonEdge, org.eclipse.emf.ecore.impl.EReferenceImpl@2726a511 (eProxyURI: platform:/plugin/org.emftext.language.java/metamodel/java.ecore#_Wo2ZQdz1Ed2bJ_pQViWxFg)
2025-04-23 15:59:07 WARN CORRUPT RULE: MethodEnumReturnTypeToReturnTypehas nodes and/ or edges whose type is an unresolved proxy!
2025-04-23 15:59:07 WARN   - javaMethod__typeReference__typeReference_eMoflonEdge, org.eclipse.emf.ecore.impl.EReferenceImpl@686cf8ad (eProxyURI: platform:/plugin/org.emftext.language.java/metamodel/java.ecore#_Wo2ZQdz1Ed2bJ_pQViWxFg)
2025-04-23 15:59:07 WARN CORRUPT RULE: InterfaceAbstractToAbstracthas nodes and/ or edges whose type is an unresolved proxy!
2025-04-23 15:59:07 WARN   - modifier, org.eclipse.emf.ecore.impl.EClassImpl@66e341e9 (eProxyURI: platform:/plugin/org.emftext.language.java/metamodel/java.ecore#_Wo2Yt9z1Ed2bJ_pQViWxFg)
2025-04-23 15:59:07 WARN CORRUPT RULE: EnumPublicToPublichas nodes and/ or edges whose type is an unresolved proxy!
2025-04-23 15:59:07 WARN   - modifier, org.eclipse.emf.ecore.impl.EClassImpl@546ed2a0 (eProxyURI: platform:/plugin/org.emftext.language.java/metamodel/java.ecore#_Wo2Ytdz1Ed2bJ_pQViWxFg)
2025-04-23 15:59:07 WARN CORRUPT RULE: InterfaceProtectedToProtectedhas nodes and/ or edges whose type is an unresolved proxy!
2025-04-23 15:59:07 WARN   - modifier, org.eclipse.emf.ecore.impl.EClassImpl@27ec8754 (eProxyURI: platform:/plugin/org.emftext.language.java/metamodel/java.ecore#_Wo2Yudz1Ed2bJ_pQViWxFg)
2025-04-23 15:59:07 WARN CORRUPT RULE: InterfaceAttributeTypeToPropertyTypehas nodes and/ or edges whose type is an unresolved proxy!
2025-04-23 15:59:07 WARN   - field__typeReference__typeReference_eMoflonEdge, org.eclipse.emf.ecore.impl.EReferenceImpl@19662208 (eProxyURI: platform:/plugin/org.emftext.language.java/metamodel/java.ecore#_Wo2ZQdz1Ed2bJ_pQViWxFg)
2025-04-23 15:59:07 WARN CORRUPT RULE: ConstructorInterfaceParamTypeToParamTypehas nodes and/ or edges whose type is an unresolved proxy!
2025-04-23 15:59:07 WARN   - parameter__typeReference__typeReference_eMoflonEdge, org.eclipse.emf.ecore.impl.EReferenceImpl@62f9c790 (eProxyURI: platform:/plugin/org.emftext.language.java/metamodel/java.ecore#_Wo2ZQdz1Ed2bJ_pQViWxFg)
2025-04-23 15:59:07 WARN CORRUPT RULE: FieldStaticToStatichas nodes and/ or edges whose type is an unresolved proxy!
2025-04-23 15:59:07 WARN   - modifier, org.eclipse.emf.ecore.impl.EClassImpl@93bf0e0 (eProxyURI: platform:/plugin/org.emftext.language.java/metamodel/java.ecore#_Wo2Yv9z1Ed2bJ_pQViWxFg)
2025-04-23 15:59:07 WARN CORRUPT RULE: MethodClassReturnTypeToReturnTypehas nodes and/ or edges whose type is an unresolved proxy!
2025-04-23 15:59:07 WARN   - javaMethod__typeReference__typeReference_eMoflonEdge, org.eclipse.emf.ecore.impl.EReferenceImpl@656842bc (eProxyURI: platform:/plugin/org.emftext.language.java/metamodel/java.ecore#_Wo2ZQdz1Ed2bJ_pQViWxFg)
2025-04-23 15:59:07 WARN CORRUPT RULE: MethodStaticToStatichas nodes and/ or edges whose type is an unresolved proxy!
2025-04-23 15:59:07 WARN   - modifier, org.eclipse.emf.ecore.impl.EClassImpl@3dec3f87 (eProxyURI: platform:/plugin/org.emftext.language.java/metamodel/java.ecore#_Wo2Yv9z1Ed2bJ_pQViWxFg)
2025-04-23 15:59:07 WARN CORRUPT RULE: InterfacePublicToPublichas nodes and/ or edges whose type is an unresolved proxy!
2025-04-23 15:59:07 WARN   - modifier, org.eclipse.emf.ecore.impl.EClassImpl@5dbab232 (eProxyURI: platform:/plugin/org.emftext.language.java/metamodel/java.ecore#_Wo2Ytdz1Ed2bJ_pQViWxFg)
2025-04-23 15:59:07 WARN CORRUPT RULE: ClassAttributeTypeToPropertyTypehas nodes and/ or edges whose type is an unresolved proxy!
2025-04-23 15:59:07 WARN   - field__typeReference__typeReference_eMoflonEdge, org.eclipse.emf.ecore.impl.EReferenceImpl@595f9916 (eProxyURI: platform:/plugin/org.emftext.language.java/metamodel/java.ecore#_Wo2ZQdz1Ed2bJ_pQViWxFg)
2025-04-23 15:59:07 WARN CORRUPT RULE: MethodInterfaceReturnTypeToReturnTypehas nodes and/ or edges whose type is an unresolved proxy!
2025-04-23 15:59:07 WARN   - javaMethod__typeReference__typeReference_eMoflonEdge, org.eclipse.emf.ecore.impl.EReferenceImpl@28768e25 (eProxyURI: platform:/plugin/org.emftext.language.java/metamodel/java.ecore#_Wo2ZQdz1Ed2bJ_pQViWxFg)
2025-04-23 15:59:07 WARN CORRUPT RULE: ClassPrivateToPrivatehas nodes and/ or edges whose type is an unresolved proxy!
2025-04-23 15:59:07 WARN   - modifier, org.eclipse.emf.ecore.impl.EClassImpl@143fefaf (eProxyURI: platform:/plugin/org.emftext.language.java/metamodel/java.ecore#_Wo2Yu9z1Ed2bJ_pQViWxFg)
2025-04-23 15:59:07 WARN CORRUPT RULE: FieldFinalToFinalhas nodes and/ or edges whose type is an unresolved proxy!
2025-04-23 15:59:07 WARN   - modifier, org.eclipse.emf.ecore.impl.EClassImpl@46468f0 (eProxyURI: platform:/plugin/org.emftext.language.java/metamodel/java.ecore#_Wo2Yvdz1Ed2bJ_pQViWxFg)
2025-04-23 15:59:07 WARN CORRUPT RULE: EnumAttributeTypeToPropertyTypehas nodes and/ or edges whose type is an unresolved proxy!
2025-04-23 15:59:07 WARN   - field__typeReference__typeReference_eMoflonEdge, org.eclipse.emf.ecore.impl.EReferenceImpl@34a6d9db (eProxyURI: platform:/plugin/org.emftext.language.java/metamodel/java.ecore#_Wo2ZQdz1Ed2bJ_pQViWxFg)
2025-04-23 15:59:07 WARN CORRUPT RULE: ClassAbstractToAbstracthas nodes and/ or edges whose type is an unresolved proxy!
2025-04-23 15:59:07 WARN   - modifier, org.eclipse.emf.ecore.impl.EClassImpl@756808cc (eProxyURI: platform:/plugin/org.emftext.language.java/metamodel/java.ecore#_Wo2Yt9z1Ed2bJ_pQViWxFg)
2025-04-23 15:59:07 WARN CORRUPT RULE: EnumProtectedToProtectedhas nodes and/ or edges whose type is an unresolved proxy!
2025-04-23 15:59:07 WARN   - modifier, org.eclipse.emf.ecore.impl.EClassImpl@5012c571 (eProxyURI: platform:/plugin/org.emftext.language.java/metamodel/java.ecore#_Wo2Yudz1Ed2bJ_pQViWxFg)
2025-04-23 15:59:07 WARN CORRUPT RULE: MethodClassParamTypeToParamTypehas nodes and/ or edges whose type is an unresolved proxy!
2025-04-23 15:59:07 WARN   - parameter__typeReference__typeReference_eMoflonEdge, org.eclipse.emf.ecore.impl.EReferenceImpl@511da44f (eProxyURI: platform:/plugin/org.emftext.language.java/metamodel/java.ecore#_Wo2ZQdz1Ed2bJ_pQViWxFg)
2025-04-23 15:59:07 WARN CORRUPT RULE: ClassFinalToFinalhas nodes and/ or edges whose type is an unresolved proxy!
2025-04-23 15:59:07 WARN   - modifier, org.eclipse.emf.ecore.impl.EClassImpl@3a0b6a (eProxyURI: platform:/plugin/org.emftext.language.java/metamodel/java.ecore#_Wo2Yvdz1Ed2bJ_pQViWxFg)
2025-04-23 15:59:07 WARN CORRUPT RULE: EnumAbstractToAbstracthas nodes and/ or edges whose type is an unresolved proxy!
2025-04-23 15:59:07 WARN   - modifier, org.eclipse.emf.ecore.impl.EClassImpl@6f1fa1d0 (eProxyURI: platform:/plugin/org.emftext.language.java/metamodel/java.ecore#_Wo2Yt9z1Ed2bJ_pQViWxFg)
2025-04-23 15:59:07 WARN CORRUPT RULE: InterfaceFinalToFinalhas nodes and/ or edges whose type is an unresolved proxy!
2025-04-23 15:59:07 WARN   - modifier, org.eclipse.emf.ecore.impl.EClassImpl@52ba685a (eProxyURI: platform:/plugin/org.emftext.language.java/metamodel/java.ecore#_Wo2Yvdz1Ed2bJ_pQViWxFg)
2025-04-23 15:59:07 WARN CORRUPT RULE: EnumFinalToFinalhas nodes and/ or edges whose type is an unresolved proxy!
2025-04-23 15:59:07 WARN   - modifier, org.eclipse.emf.ecore.impl.EClassImpl@71d55b7e (eProxyURI: platform:/plugin/org.emftext.language.java/metamodel/java.ecore#_Wo2Yvdz1Ed2bJ_pQViWxFg)
2025-04-23 15:59:07 WARN CORRUPT RULE: EnumPrivateToPrivatehas nodes and/ or edges whose type is an unresolved proxy!
2025-04-23 15:59:07 WARN   - modifier, org.eclipse.emf.ecore.impl.EClassImpl@28ee882c (eProxyURI: platform:/plugin/org.emftext.language.java/metamodel/java.ecore#_Wo2Yu9z1Ed2bJ_pQViWxFg)
2025-04-23 15:59:07 INFO Pattern Conversion took 35.177 ms
2025-04-23 15:59:07 INFO Starting SYNC
2025-04-23 15:59:07 INFO Object field not found. This must really be a broken match!
2025-04-23 15:59:07 WARN   LOADED MARKERS : 
    - [VitruviusConsistencyMatch] patternName=ClassToUmlClass__CONSISTENCY, type=CONSISTENCY, ruleName=ClassToUmlClass
    - [VitruviusConsistencyMatch] patternName=ClassAttributeToProperty__CONSISTENCY, type=CONSISTENCY, ruleName=ClassAttributeToProperty
    - [VitruviusConsistencyMatch] patternName=OrdinaryConstructorParameterToParameter__CONSISTENCY, type=CONSISTENCY, ruleName=OrdinaryConstructorParameterToParameter
    - [VitruviusConsistencyMatch] patternName=ClassConstructorToConstructor__CONSISTENCY, type=CONSISTENCY, ruleName=ClassConstructorToConstructor
    - [VitruviusConsistencyMatch] patternName=ClassMethodToMethod__CONSISTENCY, type=CONSISTENCY, ruleName=ClassMethodToMethod
    - [VitruviusConsistencyMatch] patternName=JavaFirstCompilationUnitToUmlModel__CONSISTENCY, type=CONSISTENCY, ruleName=JavaFirstCompilationUnitToUmlModel
    - [VitruviusConsistencyMatch] patternName=OrdinaryMethodParameterToParameter__CONSISTENCY, type=CONSISTENCY, ruleName=OrdinaryMethodParameterToParameter
    - [VitruviusConsistencyMatch] patternName=RootJavaPackageToUmlPackage__CONSISTENCY, type=CONSISTENCY, ruleName=RootJavaPackageToUmlPackage
2025-04-23 15:59:07 WARN No rule defined to cover the following change's type: [RemoveEReference] AE=Class:3ab35b9c, name=kless
2025-04-23 15:59:07 WARN No rule defined to cover the following change's type: [DeleteEObject] AE=Field:18dd5ed3, name=myField
2025-04-23 15:59:07 INFO Pattern Matching took 0.7746 ms
2025-04-23 15:59:07 INFO Object field not found. This must really be a broken match!
2025-04-23 15:59:07 WARN   handle breaking change: [RemoveEReference] AE=Class:3ab35b9c, name=kless
2025-04-23 15:59:08 INFO Object field not found. This must really be a broken match!
2025-04-23 15:59:08 WARN   handle breaking change: [RemoveEReference] AE=Class:3ab35b9c, name=kless
2025-04-23 15:59:08 INFO Object field not found. This must really be a broken match!
2025-04-23 15:59:08 WARN   handle breaking change: [RemoveEReference] AE=Class:3ab35b9c, name=kless
2025-04-23 15:59:08 INFO Object field not found. This must really be a broken match!
2025-04-23 15:59:08 WARN   handle breaking change: [RemoveEReference] AE=Class:3ab35b9c, name=kless
2025-04-23 15:59:08 WARN   handle breaking change: [RemoveEReference] AE=Class:3ab35b9c, name=kless
2025-04-23 15:59:08 WARN No rule defined to cover the following change's type: [RemoveEReference] AE=Class:3ab35b9c, name=kless
2025-04-23 15:59:08 WARN No rule defined to cover the following change's type: [DeleteEObject] AE=Field:18dd5ed3, name=myField
2025-04-23 15:59:08 WARN   handle breaking change: [RemoveEReference] AE=Class:3ab35b9c, name=kless
2025-04-23 15:59:08 INFO Created elements: 0
2025-04-23 15:59:08 INFO Deleted elements: 1
2025-04-23 15:59:08 INFO Completed SYNC in: 155 ms
2025-04-23 15:59:08 DEBUG BENCHMARKLOGGER logs: 
2025-04-23 15:59:08 DEBUG BenchmarkLogger
[
  Total elements created .. 0
  Total elements deleted .. 1
  Total matches found ..... 8
  Total matches repaired .. 0
  Total matches revoked ... 1
  Total matches applied ... 0
]
2025-04-23 15:59:08 INFO VitruviusBackwardConversionTGGEngine::terminate called. We do not use this.
2025-04-23 15:59:08 INFO --- No correspondences added.
2025-04-23 15:59:08 DEBUG End recording virtual model
2025-04-23 15:59:08 DEBUG Propagated <input change> in [[http://www.emftext.org/java]] -> {[[http://www.eclipse.org/uml2/5.0.0/UML]]}
2025-04-23 15:59:08 DEBUG Propagated <input change> in [[http://www.emftext.org/java]] -> [[http://www.eclipse.org/uml2/5.0.0/UML]] -> {}
2025-04-23 15:59:08 DEBUG Propagated <input change> in [[http://www.emftext.org/java]] -> [[http://www.eclipse.org/uml2/5.0.0/UML]] -> {}
2025-04-23 15:59:08 DEBUG Start recording virtual model
2025-04-23 15:59:08 WARN propagateChange not implemented, use propagateChanges (with an s).
2025-04-23 15:59:08 WARN propagateChange not implemented, use propagateChanges (with an s).
2025-04-23 15:59:08 DEBUG End recording virtual model
2025-04-23 15:59:08 DEBUG Propagated <input change> in [[http://www.emftext.org/java]] -> {}
2025-04-23 15:59:08 DEBUG Saving all models of model repository for VSUM @target\Java2UmlEvaluationGoal1\testJavaMemberDeleted
2025-04-23 15:59:08 DEBUG Save resource: org.eclipse.emf.ecore.xmi.impl.XMIResourceImpl@67f63d26 uri='target\Java2UmlEvaluationGoal1\testJavaMemberDeleted\uml_instance.model'
2025-04-23 15:59:08 DEBUG Finished synchronizing change: TransactionalChangeImpl: [
	Uuid(ord__HueCECBLEfCt_d1Q4dqckw).members -= Uuid(ord__HuepICBLEfCt_d1Q4dqckw) (index 2)
	delete Uuid(ord__HuepICBLEfCt_d1Q4dqckw)
]

2025-04-23 15:59:08 INFO Finished change propagation
assertChildMatches for StrucFeatExpectation [StrucFeatExpectation] packagedElement
assertChildMatches for StrucFeatExpectation [StrucFeatExpectation] ownedOperation
]]></system-out>
  </testcase>
  <testcase name="testJavaNamedElementRenamed" classname="tools.vitruv.methodologisttemplate.vsum.Java2UmlEvaluationGoal1Test" time="1.335">
    <system-out><![CDATA[2025-04-23 15:59:08 INFO eclipse-ibex-workspace: C:\Users\XPS-15\IdeaProjects\Vitruv-TGG-Integration-Test\vsum\..\eclipse-ibex-workspace\Java2Uml
2025-04-23 15:59:08 INFO setupCorrAndProtocol: Wiping corr.xmi and protocol.xmi
2025-04-23 15:59:08 INFO setupCorrAndProtocol: Wiping corr.xmi and protocol.xmi
2025-04-23 15:59:08 INFO Starting change propagation
2025-04-23 15:59:08 DEBUG Started synchronizing change: TransactionalChangeImpl: [
	create Uuid(ord__ICTkECBLEfCt_d1Q4dqckw)
	insert Uuid(ord__ICTkECBLEfCt_d1Q4dqckw) at target\Java2UmlEvaluationGoal1\testJavaNamedElementRenamed\java_instance.model (index 0)
	Uuid(ord__ICTkECBLEfCt_d1Q4dqckw).name = peketsch (was )
	create Uuid(ord__ICTkESBLEfCt_d1Q4dqckw)
	Uuid(ord__ICTkECBLEfCt_d1Q4dqckw).compilationUnits += Uuid(ord__ICTkESBLEfCt_d1Q4dqckw) (index 0)
	create Uuid(ord__ICTkEiBLEfCt_d1Q4dqckw)
	Uuid(ord__ICTkESBLEfCt_d1Q4dqckw).classifiers += Uuid(ord__ICTkEiBLEfCt_d1Q4dqckw) (index 0)
	Uuid(ord__ICTkEiBLEfCt_d1Q4dqckw).name = kless (was )
	create Uuid(ord__ICTkEyBLEfCt_d1Q4dqckw)
	Uuid(ord__ICTkEiBLEfCt_d1Q4dqckw).members += Uuid(ord__ICTkEyBLEfCt_d1Q4dqckw) (index 0)
	Uuid(ord__ICTkEyBLEfCt_d1Q4dqckw).name = constructer (was )
	create Uuid(ord__ICTkFCBLEfCt_d1Q4dqckw)
	Uuid(ord__ICTkEyBLEfCt_d1Q4dqckw).parameters += Uuid(ord__ICTkFCBLEfCt_d1Q4dqckw) (index 0)
	Uuid(ord__ICTkFCBLEfCt_d1Q4dqckw).name = parrametr (was )
	create Uuid(ord__ICULICBLEfCt_d1Q4dqckw)
	Uuid(ord__ICTkEiBLEfCt_d1Q4dqckw).members += Uuid(ord__ICULICBLEfCt_d1Q4dqckw) (index 1)
	Uuid(ord__ICULICBLEfCt_d1Q4dqckw).name = methed (was )
	create Uuid(ord__ICULISBLEfCt_d1Q4dqckw)
	Uuid(ord__ICULICBLEfCt_d1Q4dqckw).parameters += Uuid(ord__ICULISBLEfCt_d1Q4dqckw) (index 0)
	create Uuid(ord__ICULIiBLEfCt_d1Q4dqckw)
	Uuid(ord__ICTkEiBLEfCt_d1Q4dqckw).members += Uuid(ord__ICULIiBLEfCt_d1Q4dqckw) (index 2)
	Uuid(ord__ICULIiBLEfCt_d1Q4dqckw).name = myField (was )
]

2025-04-23 15:59:08 DEBUG Create model instance for resource with URI: target\Java2UmlEvaluationGoal1\testJavaNamedElementRenamed\java_instance.model
2025-04-23 15:59:08 DEBUG Start recording virtual model
2025-04-23 15:59:08 INFO ------- Calling ibex -------
2025-04-23 15:59:08 INFO Source Model has no respective target model yet. Creating one.
2025-04-23 15:59:08 DEBUG Create model instance for resource with URI: target\Java2UmlEvaluationGoal1\testJavaNamedElementRenamed\uml_instance.model
2025-04-23 15:59:08 INFO Resource not found. Not loading. Path=C:\Users\XPS-15\IdeaProjects\Vitruv-TGG-Integration-Test\vsum\..\eclipse-ibex-workspace/Java2Uml/instances/corr.xmi
2025-04-23 15:59:08 INFO Resource not found. Not loading. Path=C:\Users\XPS-15\IdeaProjects\Vitruv-TGG-Integration-Test\vsum\..\eclipse-ibex-workspace/Java2Uml/instances/protocol.xmi
2025-04-23 15:59:08 WARN CORRUPT RULE: EnumProtectedToProtectedhas nodes and/ or edges whose type is an unresolved proxy!
2025-04-23 15:59:08 WARN   - modifier, org.eclipse.emf.ecore.impl.EClassImpl@38de5daf (eProxyURI: platform:/plugin/org.emftext.language.java/metamodel/java.ecore#_Wo2Yudz1Ed2bJ_pQViWxFg)
2025-04-23 15:59:08 WARN CORRUPT RULE: ConstructorClassParamTypeToParamTypehas nodes and/ or edges whose type is an unresolved proxy!
2025-04-23 15:59:08 WARN   - parameter__typeReference__typeReference_eMoflonEdge, org.eclipse.emf.ecore.impl.EReferenceImpl@7523d5a1 (eProxyURI: platform:/plugin/org.emftext.language.java/metamodel/java.ecore#_Wo2ZQdz1Ed2bJ_pQViWxFg)
2025-04-23 15:59:08 WARN CORRUPT RULE: ClassFinalToFinalhas nodes and/ or edges whose type is an unresolved proxy!
2025-04-23 15:59:08 WARN   - modifier, org.eclipse.emf.ecore.impl.EClassImpl@61853c7e (eProxyURI: platform:/plugin/org.emftext.language.java/metamodel/java.ecore#_Wo2Yvdz1Ed2bJ_pQViWxFg)
2025-04-23 15:59:08 WARN CORRUPT RULE: FieldFinalToFinalhas nodes and/ or edges whose type is an unresolved proxy!
2025-04-23 15:59:08 WARN   - modifier, org.eclipse.emf.ecore.impl.EClassImpl@5980fa73 (eProxyURI: platform:/plugin/org.emftext.language.java/metamodel/java.ecore#_Wo2Yvdz1Ed2bJ_pQViWxFg)
2025-04-23 15:59:08 WARN CORRUPT RULE: InterfaceFinalToFinalhas nodes and/ or edges whose type is an unresolved proxy!
2025-04-23 15:59:08 WARN   - modifier, org.eclipse.emf.ecore.impl.EClassImpl@5be4be74 (eProxyURI: platform:/plugin/org.emftext.language.java/metamodel/java.ecore#_Wo2Yvdz1Ed2bJ_pQViWxFg)
2025-04-23 15:59:08 WARN CORRUPT RULE: MethodFinalToFinalhas nodes and/ or edges whose type is an unresolved proxy!
2025-04-23 15:59:08 WARN   - modifier, org.eclipse.emf.ecore.impl.EClassImpl@1ae924f1 (eProxyURI: platform:/plugin/org.emftext.language.java/metamodel/java.ecore#_Wo2Yvdz1Ed2bJ_pQViWxFg)
2025-04-23 15:59:08 WARN CORRUPT RULE: MethodEnumReturnTypeToReturnTypehas nodes and/ or edges whose type is an unresolved proxy!
2025-04-23 15:59:08 WARN   - javaMethod__typeReference__typeReference_eMoflonEdge, org.eclipse.emf.ecore.impl.EReferenceImpl@27bcb4ad (eProxyURI: platform:/plugin/org.emftext.language.java/metamodel/java.ecore#_Wo2ZQdz1Ed2bJ_pQViWxFg)
2025-04-23 15:59:08 WARN CORRUPT RULE: ClassPublicToPublichas nodes and/ or edges whose type is an unresolved proxy!
2025-04-23 15:59:08 WARN   - modifier, org.eclipse.emf.ecore.impl.EClassImpl@104a287c (eProxyURI: platform:/plugin/org.emftext.language.java/metamodel/java.ecore#_Wo2Ytdz1Ed2bJ_pQViWxFg)
2025-04-23 15:59:08 WARN CORRUPT RULE: InterfaceAttributeTypeToPropertyTypehas nodes and/ or edges whose type is an unresolved proxy!
2025-04-23 15:59:08 WARN   - field__typeReference__typeReference_eMoflonEdge, org.eclipse.emf.ecore.impl.EReferenceImpl@26874f2c (eProxyURI: platform:/plugin/org.emftext.language.java/metamodel/java.ecore#_Wo2ZQdz1Ed2bJ_pQViWxFg)
2025-04-23 15:59:08 WARN CORRUPT RULE: MethodInterfaceParamTypeToParamTypehas nodes and/ or edges whose type is an unresolved proxy!
2025-04-23 15:59:08 WARN   - parameter__typeReference__typeReference_eMoflonEdge, org.eclipse.emf.ecore.impl.EReferenceImpl@1e734eee (eProxyURI: platform:/plugin/org.emftext.language.java/metamodel/java.ecore#_Wo2ZQdz1Ed2bJ_pQViWxFg)
2025-04-23 15:59:08 WARN CORRUPT RULE: EnumPrivateToPrivatehas nodes and/ or edges whose type is an unresolved proxy!
2025-04-23 15:59:08 WARN   - modifier, org.eclipse.emf.ecore.impl.EClassImpl@2fbd390 (eProxyURI: platform:/plugin/org.emftext.language.java/metamodel/java.ecore#_Wo2Yu9z1Ed2bJ_pQViWxFg)
2025-04-23 15:59:08 WARN CORRUPT RULE: ClassAttributeTypeToPropertyTypehas nodes and/ or edges whose type is an unresolved proxy!
2025-04-23 15:59:08 WARN   - field__typeReference__typeReference_eMoflonEdge, org.eclipse.emf.ecore.impl.EReferenceImpl@5e68be2 (eProxyURI: platform:/plugin/org.emftext.language.java/metamodel/java.ecore#_Wo2ZQdz1Ed2bJ_pQViWxFg)
2025-04-23 15:59:08 WARN CORRUPT RULE: MethodEnumParamTypeToParamTypehas nodes and/ or edges whose type is an unresolved proxy!
2025-04-23 15:59:08 WARN   - parameter__typeReference__typeReference_eMoflonEdge, org.eclipse.emf.ecore.impl.EReferenceImpl@f18b738 (eProxyURI: platform:/plugin/org.emftext.language.java/metamodel/java.ecore#_Wo2ZQdz1Ed2bJ_pQViWxFg)
2025-04-23 15:59:08 WARN CORRUPT RULE: ClassAbstractToAbstracthas nodes and/ or edges whose type is an unresolved proxy!
2025-04-23 15:59:08 WARN   - modifier, org.eclipse.emf.ecore.impl.EClassImpl@aca3c85 (eProxyURI: platform:/plugin/org.emftext.language.java/metamodel/java.ecore#_Wo2Yt9z1Ed2bJ_pQViWxFg)
2025-04-23 15:59:08 WARN CORRUPT RULE: InterfaceAbstractToAbstracthas nodes and/ or edges whose type is an unresolved proxy!
2025-04-23 15:59:08 WARN   - modifier, org.eclipse.emf.ecore.impl.EClassImpl@f017dd0 (eProxyURI: platform:/plugin/org.emftext.language.java/metamodel/java.ecore#_Wo2Yt9z1Ed2bJ_pQViWxFg)
2025-04-23 15:59:08 WARN CORRUPT RULE: MethodInterfaceReturnTypeToReturnTypehas nodes and/ or edges whose type is an unresolved proxy!
2025-04-23 15:59:08 WARN   - javaMethod__typeReference__typeReference_eMoflonEdge, org.eclipse.emf.ecore.impl.EReferenceImpl@7f51f588 (eProxyURI: platform:/plugin/org.emftext.language.java/metamodel/java.ecore#_Wo2ZQdz1Ed2bJ_pQViWxFg)
2025-04-23 15:59:08 WARN CORRUPT RULE: InterfacePublicToPublichas nodes and/ or edges whose type is an unresolved proxy!
2025-04-23 15:59:08 WARN   - modifier, org.eclipse.emf.ecore.impl.EClassImpl@6bd92538 (eProxyURI: platform:/plugin/org.emftext.language.java/metamodel/java.ecore#_Wo2Ytdz1Ed2bJ_pQViWxFg)
2025-04-23 15:59:08 WARN CORRUPT RULE: EnumAbstractToAbstracthas nodes and/ or edges whose type is an unresolved proxy!
2025-04-23 15:59:08 WARN   - modifier, org.eclipse.emf.ecore.impl.EClassImpl@19ae36f4 (eProxyURI: platform:/plugin/org.emftext.language.java/metamodel/java.ecore#_Wo2Yt9z1Ed2bJ_pQViWxFg)
2025-04-23 15:59:08 WARN CORRUPT RULE: MethodClassParamTypeToParamTypehas nodes and/ or edges whose type is an unresolved proxy!
2025-04-23 15:59:08 WARN   - parameter__typeReference__typeReference_eMoflonEdge, org.eclipse.emf.ecore.impl.EReferenceImpl@4567fb2b (eProxyURI: platform:/plugin/org.emftext.language.java/metamodel/java.ecore#_Wo2ZQdz1Ed2bJ_pQViWxFg)
2025-04-23 15:59:08 WARN CORRUPT RULE: EnumAttributeTypeToPropertyTypehas nodes and/ or edges whose type is an unresolved proxy!
2025-04-23 15:59:08 WARN   - field__typeReference__typeReference_eMoflonEdge, org.eclipse.emf.ecore.impl.EReferenceImpl@5fd8dd66 (eProxyURI: platform:/plugin/org.emftext.language.java/metamodel/java.ecore#_Wo2ZQdz1Ed2bJ_pQViWxFg)
2025-04-23 15:59:08 WARN CORRUPT RULE: ClassPrivateToPrivatehas nodes and/ or edges whose type is an unresolved proxy!
2025-04-23 15:59:08 WARN   - modifier, org.eclipse.emf.ecore.impl.EClassImpl@6df11e91 (eProxyURI: platform:/plugin/org.emftext.language.java/metamodel/java.ecore#_Wo2Yu9z1Ed2bJ_pQViWxFg)
2025-04-23 15:59:08 WARN CORRUPT RULE: EnumFinalToFinalhas nodes and/ or edges whose type is an unresolved proxy!
2025-04-23 15:59:08 WARN   - modifier, org.eclipse.emf.ecore.impl.EClassImpl@9281d19 (eProxyURI: platform:/plugin/org.emftext.language.java/metamodel/java.ecore#_Wo2Yvdz1Ed2bJ_pQViWxFg)
2025-04-23 15:59:08 WARN CORRUPT RULE: MethodAbstractToAbstracthas nodes and/ or edges whose type is an unresolved proxy!
2025-04-23 15:59:08 WARN   - modifier, org.eclipse.emf.ecore.impl.EClassImpl@53cddaf8 (eProxyURI: platform:/plugin/org.emftext.language.java/metamodel/java.ecore#_Wo2Yt9z1Ed2bJ_pQViWxFg)
2025-04-23 15:59:08 WARN CORRUPT RULE: ClassProtectedToProtectedhas nodes and/ or edges whose type is an unresolved proxy!
2025-04-23 15:59:08 WARN   - modifier, org.eclipse.emf.ecore.impl.EClassImpl@1ccc1026 (eProxyURI: platform:/plugin/org.emftext.language.java/metamodel/java.ecore#_Wo2Yudz1Ed2bJ_pQViWxFg)
2025-04-23 15:59:08 WARN CORRUPT RULE: ConstructorInterfaceParamTypeToParamTypehas nodes and/ or edges whose type is an unresolved proxy!
2025-04-23 15:59:08 WARN   - parameter__typeReference__typeReference_eMoflonEdge, org.eclipse.emf.ecore.impl.EReferenceImpl@7de35070 (eProxyURI: platform:/plugin/org.emftext.language.java/metamodel/java.ecore#_Wo2ZQdz1Ed2bJ_pQViWxFg)
2025-04-23 15:59:08 WARN CORRUPT RULE: InterfacePrivateToPrivatehas nodes and/ or edges whose type is an unresolved proxy!
2025-04-23 15:59:08 WARN   - modifier, org.eclipse.emf.ecore.impl.EClassImpl@7c901203 (eProxyURI: platform:/plugin/org.emftext.language.java/metamodel/java.ecore#_Wo2Yu9z1Ed2bJ_pQViWxFg)
2025-04-23 15:59:08 WARN CORRUPT RULE: FieldStaticToStatichas nodes and/ or edges whose type is an unresolved proxy!
2025-04-23 15:59:08 WARN   - modifier, org.eclipse.emf.ecore.impl.EClassImpl@79f5a6ed (eProxyURI: platform:/plugin/org.emftext.language.java/metamodel/java.ecore#_Wo2Yv9z1Ed2bJ_pQViWxFg)
2025-04-23 15:59:08 WARN CORRUPT RULE: EnumPublicToPublichas nodes and/ or edges whose type is an unresolved proxy!
2025-04-23 15:59:08 WARN   - modifier, org.eclipse.emf.ecore.impl.EClassImpl@edb83f8 (eProxyURI: platform:/plugin/org.emftext.language.java/metamodel/java.ecore#_Wo2Ytdz1Ed2bJ_pQViWxFg)
2025-04-23 15:59:08 WARN CORRUPT RULE: MethodClassReturnTypeToReturnTypehas nodes and/ or edges whose type is an unresolved proxy!
2025-04-23 15:59:08 WARN   - javaMethod__typeReference__typeReference_eMoflonEdge, org.eclipse.emf.ecore.impl.EReferenceImpl@541d4d9f (eProxyURI: platform:/plugin/org.emftext.language.java/metamodel/java.ecore#_Wo2ZQdz1Ed2bJ_pQViWxFg)
2025-04-23 15:59:08 WARN CORRUPT RULE: InterfaceProtectedToProtectedhas nodes and/ or edges whose type is an unresolved proxy!
2025-04-23 15:59:08 WARN   - modifier, org.eclipse.emf.ecore.impl.EClassImpl@48dff674 (eProxyURI: platform:/plugin/org.emftext.language.java/metamodel/java.ecore#_Wo2Yudz1Ed2bJ_pQViWxFg)
2025-04-23 15:59:08 WARN CORRUPT RULE: MethodStaticToStatichas nodes and/ or edges whose type is an unresolved proxy!
2025-04-23 15:59:08 WARN   - modifier, org.eclipse.emf.ecore.impl.EClassImpl@2ccc9681 (eProxyURI: platform:/plugin/org.emftext.language.java/metamodel/java.ecore#_Wo2Yv9z1Ed2bJ_pQViWxFg)
2025-04-23 15:59:08 WARN CORRUPT RULE: ConstructorEnumParamTypeToParamTypehas nodes and/ or edges whose type is an unresolved proxy!
2025-04-23 15:59:08 WARN   - parameter__typeReference__typeReference_eMoflonEdge, org.eclipse.emf.ecore.impl.EReferenceImpl@4a9b3956 (eProxyURI: platform:/plugin/org.emftext.language.java/metamodel/java.ecore#_Wo2ZQdz1Ed2bJ_pQViWxFg)
2025-04-23 15:59:08 INFO Pattern Conversion took 34.1536 ms
2025-04-23 15:59:08 INFO Starting SYNC
2025-04-23 15:59:08 WARN   LOADED MARKERS : 
    - 
2025-04-23 15:59:08 WARN No rule defined to cover the following change's type: [InsertEAttributeValue] AE=Package:1d91fa02, name=peketsch
2025-04-23 15:59:08 WARN No rule defined to cover the following change's type: [InsertEAttributeValue] AE=Class:9e30f9a, name=kless
2025-04-23 15:59:08 WARN No rule defined to cover the following change's type: [InsertEAttributeValue] AE=Constructor:1b30a54e, name=constructer
2025-04-23 15:59:08 WARN No rule defined to cover the following change's type: [InsertEAttributeValue] AE=OrdinaryParameter:26275b46, name=parrametr
2025-04-23 15:59:08 WARN No rule defined to cover the following change's type: [InsertEAttributeValue] AE=ClassMethod:3e9beef2, name=methed
2025-04-23 15:59:08 WARN No rule defined to cover the following change's type: [InsertEAttributeValue] AE=Field:3111631d, name=myField
2025-04-23 15:59:08 INFO Pattern Matching took 16.7289 ms
2025-04-23 15:59:08 INFO Created elements: 18
2025-04-23 15:59:08 INFO Deleted elements: 0
2025-04-23 15:59:08 INFO Completed SYNC in: 125 ms
2025-04-23 15:59:08 DEBUG BENCHMARKLOGGER logs: 
2025-04-23 15:59:08 DEBUG BenchmarkLogger
[
  Total elements created .. 18
  Total elements deleted .. 0
  Total matches found ..... 15
  Total matches repaired .. 0
  Total matches revoked ... 0
  Total matches applied ... 8
]
2025-04-23 15:59:08 INFO VitruviusBackwardConversionTGGEngine::terminate called. We do not use this.
2025-04-23 15:59:08 DEBUG Add root to resource: org.eclipse.emf.ecore.xmi.impl.XMIResourceImpl@6af78a48 uri='target\Java2UmlEvaluationGoal1\testJavaNamedElementRenamed\uml_instance.model'
2025-04-23 15:59:08 INFO -- Added the following corrs: 
2025-04-23 15:59:08 INFO   - [CorrespondenceNode JavaMethodToOperation] SRC=ClassMethod:3e9beef2, name=methed, TRG=Operation:388f1258, name=methed
2025-04-23 15:59:08 INFO   - [CorrespondenceNode JavaParameterToParameter] SRC=OrdinaryParameter:2f15a964, name=null, TRG=Parameter:590013c7, name=null
2025-04-23 15:59:08 INFO   - [CorrespondenceNode JavaParameterToParameter] SRC=OrdinaryParameter:26275b46, name=parrametr, TRG=Parameter:2fee69a1, name=parrametr
2025-04-23 15:59:08 INFO   - [CorrespondenceNode JavaPackageToUmlPackage] SRC=Package:1d91fa02, name=peketsch, TRG=Package:1f179f51, name=peketsch
2025-04-23 15:59:08 INFO   - [CorrespondenceNode JavaConstructorToOperation] SRC=Constructor:1b30a54e, name=constructer, TRG=Operation:710ae6a7, name=constructer
2025-04-23 15:59:08 INFO   - [CorrespondenceNode JavaAttributeToUmlProperty] SRC=Field:3111631d, name=myField, TRG=Property:37b1149b, name=myField
2025-04-23 15:59:08 INFO   - [CorrespondenceNode JavaCompilationUnitToUmlModel] SRC=CompilationUnit:414b2df5, name=null, TRG=Model:7babed9e, name=UML_MODEL
2025-04-23 15:59:08 INFO   - [CorrespondenceNode JavaClassifierToUmlClassifier] SRC=Class:9e30f9a, name=kless, TRG=Class:45dde6ac, name=kless
2025-04-23 15:59:08 DEBUG End recording virtual model
2025-04-23 15:59:08 DEBUG Propagated <input change> in [[http://www.emftext.org/java]] -> {[[http://www.eclipse.org/uml2/5.0.0/UML]]}
2025-04-23 15:59:08 DEBUG Propagated <input change> in [[http://www.emftext.org/java]] -> [[http://www.eclipse.org/uml2/5.0.0/UML]] -> {}
2025-04-23 15:59:08 DEBUG Propagated <input change> in [[http://www.emftext.org/java]] -> [[http://www.eclipse.org/uml2/5.0.0/UML]] -> {}
2025-04-23 15:59:08 DEBUG Start recording virtual model
2025-04-23 15:59:08 WARN propagateChange not implemented, use propagateChanges (with an s).
2025-04-23 15:59:08 WARN propagateChange not implemented, use propagateChanges (with an s).
2025-04-23 15:59:08 WARN propagateChange not implemented, use propagateChanges (with an s).
2025-04-23 15:59:08 WARN propagateChange not implemented, use propagateChanges (with an s).
2025-04-23 15:59:08 WARN propagateChange not implemented, use propagateChanges (with an s).
2025-04-23 15:59:08 WARN propagateChange not implemented, use propagateChanges (with an s).
2025-04-23 15:59:08 WARN propagateChange not implemented, use propagateChanges (with an s).
2025-04-23 15:59:08 WARN propagateChange not implemented, use propagateChanges (with an s).
2025-04-23 15:59:08 WARN propagateChange not implemented, use propagateChanges (with an s).
2025-04-23 15:59:08 WARN propagateChange not implemented, use propagateChanges (with an s).
2025-04-23 15:59:08 WARN propagateChange not implemented, use propagateChanges (with an s).
2025-04-23 15:59:08 WARN propagateChange not implemented, use propagateChanges (with an s).
2025-04-23 15:59:08 WARN propagateChange not implemented, use propagateChanges (with an s).
2025-04-23 15:59:08 WARN propagateChange not implemented, use propagateChanges (with an s).
2025-04-23 15:59:08 WARN propagateChange not implemented, use propagateChanges (with an s).
2025-04-23 15:59:08 WARN propagateChange not implemented, use propagateChanges (with an s).
2025-04-23 15:59:08 WARN propagateChange not implemented, use propagateChanges (with an s).
2025-04-23 15:59:08 WARN propagateChange not implemented, use propagateChanges (with an s).
2025-04-23 15:59:08 WARN propagateChange not implemented, use propagateChanges (with an s).
2025-04-23 15:59:08 WARN propagateChange not implemented, use propagateChanges (with an s).
2025-04-23 15:59:08 WARN propagateChange not implemented, use propagateChanges (with an s).
2025-04-23 15:59:08 WARN propagateChange not implemented, use propagateChanges (with an s).
2025-04-23 15:59:08 DEBUG End recording virtual model
2025-04-23 15:59:08 DEBUG Propagated <input change> in [[http://www.emftext.org/java]] -> {}
2025-04-23 15:59:08 DEBUG Saving all models of model repository for VSUM @target\Java2UmlEvaluationGoal1\testJavaNamedElementRenamed
2025-04-23 15:59:08 DEBUG Save resource: org.eclipse.emf.ecore.xmi.impl.XMIResourceImpl@6af78a48 uri='target\Java2UmlEvaluationGoal1\testJavaNamedElementRenamed\uml_instance.model'
2025-04-23 15:59:08 DEBUG Finished synchronizing change: TransactionalChangeImpl: [
	create Uuid(ord__ICTkECBLEfCt_d1Q4dqckw)
	insert Uuid(ord__ICTkECBLEfCt_d1Q4dqckw) at target\Java2UmlEvaluationGoal1\testJavaNamedElementRenamed\java_instance.model (index 0)
	Uuid(ord__ICTkECBLEfCt_d1Q4dqckw).name = peketsch (was )
	create Uuid(ord__ICTkESBLEfCt_d1Q4dqckw)
	Uuid(ord__ICTkECBLEfCt_d1Q4dqckw).compilationUnits += Uuid(ord__ICTkESBLEfCt_d1Q4dqckw) (index 0)
	create Uuid(ord__ICTkEiBLEfCt_d1Q4dqckw)
	Uuid(ord__ICTkESBLEfCt_d1Q4dqckw).classifiers += Uuid(ord__ICTkEiBLEfCt_d1Q4dqckw) (index 0)
	Uuid(ord__ICTkEiBLEfCt_d1Q4dqckw).name = kless (was )
	create Uuid(ord__ICTkEyBLEfCt_d1Q4dqckw)
	Uuid(ord__ICTkEiBLEfCt_d1Q4dqckw).members += Uuid(ord__ICTkEyBLEfCt_d1Q4dqckw) (index 0)
	Uuid(ord__ICTkEyBLEfCt_d1Q4dqckw).name = constructer (was )
	create Uuid(ord__ICTkFCBLEfCt_d1Q4dqckw)
	Uuid(ord__ICTkEyBLEfCt_d1Q4dqckw).parameters += Uuid(ord__ICTkFCBLEfCt_d1Q4dqckw) (index 0)
	Uuid(ord__ICTkFCBLEfCt_d1Q4dqckw).name = parrametr (was )
	create Uuid(ord__ICULICBLEfCt_d1Q4dqckw)
	Uuid(ord__ICTkEiBLEfCt_d1Q4dqckw).members += Uuid(ord__ICULICBLEfCt_d1Q4dqckw) (index 1)
	Uuid(ord__ICULICBLEfCt_d1Q4dqckw).name = methed (was )
	create Uuid(ord__ICULISBLEfCt_d1Q4dqckw)
	Uuid(ord__ICULICBLEfCt_d1Q4dqckw).parameters += Uuid(ord__ICULISBLEfCt_d1Q4dqckw) (index 0)
	create Uuid(ord__ICULIiBLEfCt_d1Q4dqckw)
	Uuid(ord__ICTkEiBLEfCt_d1Q4dqckw).members += Uuid(ord__ICULIiBLEfCt_d1Q4dqckw) (index 2)
	Uuid(ord__ICULIiBLEfCt_d1Q4dqckw).name = myField (was )
]

2025-04-23 15:59:08 INFO Finished change propagation
2025-04-23 15:59:08 INFO Starting change propagation
2025-04-23 15:59:08 DEBUG Started synchronizing change: TransactionalChangeImpl: [
	Uuid(ord__ICTkEiBLEfCt_d1Q4dqckw).name = kless_new_name (was kless)
	Uuid(ord__ICTkFCBLEfCt_d1Q4dqckw).name = parrametr_new_name (was parrametr)
]

2025-04-23 15:59:08 DEBUG Start recording virtual model
2025-04-23 15:59:08 INFO ------- Calling ibex -------
2025-04-23 15:59:09 INFO Resource found. Now trying to load resource platform:/resource/Java2Uml/instances/corr.xmi which is located at C:\Users\XPS-15\IdeaProjects\Vitruv-TGG-Integration-Test\vsum\..\eclipse-ibex-workspace/Java2Uml/instances/corr.xmi
2025-04-23 15:59:09 INFO Resource found. Now trying to load resource platform:/resource/Java2Uml/instances/protocol.xmi which is located at C:\Users\XPS-15\IdeaProjects\Vitruv-TGG-Integration-Test\vsum\..\eclipse-ibex-workspace/Java2Uml/instances/protocol.xmi
2025-04-23 15:59:09 WARN CORRUPT RULE: MethodClassReturnTypeToReturnTypehas nodes and/ or edges whose type is an unresolved proxy!
2025-04-23 15:59:09 WARN   - javaMethod__typeReference__typeReference_eMoflonEdge, org.eclipse.emf.ecore.impl.EReferenceImpl@395a573c (eProxyURI: platform:/plugin/org.emftext.language.java/metamodel/java.ecore#_Wo2ZQdz1Ed2bJ_pQViWxFg)
2025-04-23 15:59:09 WARN CORRUPT RULE: ClassAttributeTypeToPropertyTypehas nodes and/ or edges whose type is an unresolved proxy!
2025-04-23 15:59:09 WARN   - field__typeReference__typeReference_eMoflonEdge, org.eclipse.emf.ecore.impl.EReferenceImpl@7e3ee128 (eProxyURI: platform:/plugin/org.emftext.language.java/metamodel/java.ecore#_Wo2ZQdz1Ed2bJ_pQViWxFg)
2025-04-23 15:59:09 WARN CORRUPT RULE: InterfaceAbstractToAbstracthas nodes and/ or edges whose type is an unresolved proxy!
2025-04-23 15:59:09 WARN   - modifier, org.eclipse.emf.ecore.impl.EClassImpl@166ce247 (eProxyURI: platform:/plugin/org.emftext.language.java/metamodel/java.ecore#_Wo2Yt9z1Ed2bJ_pQViWxFg)
2025-04-23 15:59:09 WARN CORRUPT RULE: InterfaceProtectedToProtectedhas nodes and/ or edges whose type is an unresolved proxy!
2025-04-23 15:59:09 WARN   - modifier, org.eclipse.emf.ecore.impl.EClassImpl@542c65d9 (eProxyURI: platform:/plugin/org.emftext.language.java/metamodel/java.ecore#_Wo2Yudz1Ed2bJ_pQViWxFg)
2025-04-23 15:59:09 WARN CORRUPT RULE: ClassProtectedToProtectedhas nodes and/ or edges whose type is an unresolved proxy!
2025-04-23 15:59:09 WARN   - modifier, org.eclipse.emf.ecore.impl.EClassImpl@7dd45c93 (eProxyURI: platform:/plugin/org.emftext.language.java/metamodel/java.ecore#_Wo2Yudz1Ed2bJ_pQViWxFg)
2025-04-23 15:59:09 WARN CORRUPT RULE: ConstructorInterfaceParamTypeToParamTypehas nodes and/ or edges whose type is an unresolved proxy!
2025-04-23 15:59:09 WARN   - parameter__typeReference__typeReference_eMoflonEdge, org.eclipse.emf.ecore.impl.EReferenceImpl@7ed7ae (eProxyURI: platform:/plugin/org.emftext.language.java/metamodel/java.ecore#_Wo2ZQdz1Ed2bJ_pQViWxFg)
2025-04-23 15:59:09 WARN CORRUPT RULE: ClassPublicToPublichas nodes and/ or edges whose type is an unresolved proxy!
2025-04-23 15:59:09 WARN   - modifier, org.eclipse.emf.ecore.impl.EClassImpl@cd5ff55 (eProxyURI: platform:/plugin/org.emftext.language.java/metamodel/java.ecore#_Wo2Ytdz1Ed2bJ_pQViWxFg)
2025-04-23 15:59:09 WARN CORRUPT RULE: MethodFinalToFinalhas nodes and/ or edges whose type is an unresolved proxy!
2025-04-23 15:59:09 WARN   - modifier, org.eclipse.emf.ecore.impl.EClassImpl@16b64a03 (eProxyURI: platform:/plugin/org.emftext.language.java/metamodel/java.ecore#_Wo2Yvdz1Ed2bJ_pQViWxFg)
2025-04-23 15:59:09 WARN CORRUPT RULE: MethodEnumParamTypeToParamTypehas nodes and/ or edges whose type is an unresolved proxy!
2025-04-23 15:59:09 WARN   - parameter__typeReference__typeReference_eMoflonEdge, org.eclipse.emf.ecore.impl.EReferenceImpl@3688baab (eProxyURI: platform:/plugin/org.emftext.language.java/metamodel/java.ecore#_Wo2ZQdz1Ed2bJ_pQViWxFg)
2025-04-23 15:59:09 WARN CORRUPT RULE: EnumAttributeTypeToPropertyTypehas nodes and/ or edges whose type is an unresolved proxy!
2025-04-23 15:59:09 WARN   - field__typeReference__typeReference_eMoflonEdge, org.eclipse.emf.ecore.impl.EReferenceImpl@6ba060af (eProxyURI: platform:/plugin/org.emftext.language.java/metamodel/java.ecore#_Wo2ZQdz1Ed2bJ_pQViWxFg)
2025-04-23 15:59:09 WARN CORRUPT RULE: MethodInterfaceReturnTypeToReturnTypehas nodes and/ or edges whose type is an unresolved proxy!
2025-04-23 15:59:09 WARN   - javaMethod__typeReference__typeReference_eMoflonEdge, org.eclipse.emf.ecore.impl.EReferenceImpl@2b395581 (eProxyURI: platform:/plugin/org.emftext.language.java/metamodel/java.ecore#_Wo2ZQdz1Ed2bJ_pQViWxFg)
2025-04-23 15:59:09 WARN CORRUPT RULE: InterfacePublicToPublichas nodes and/ or edges whose type is an unresolved proxy!
2025-04-23 15:59:09 WARN   - modifier, org.eclipse.emf.ecore.impl.EClassImpl@1a2724d3 (eProxyURI: platform:/plugin/org.emftext.language.java/metamodel/java.ecore#_Wo2Ytdz1Ed2bJ_pQViWxFg)
2025-04-23 15:59:09 WARN CORRUPT RULE: MethodAbstractToAbstracthas nodes and/ or edges whose type is an unresolved proxy!
2025-04-23 15:59:09 WARN   - modifier, org.eclipse.emf.ecore.impl.EClassImpl@1c2dd89b (eProxyURI: platform:/plugin/org.emftext.language.java/metamodel/java.ecore#_Wo2Yt9z1Ed2bJ_pQViWxFg)
2025-04-23 15:59:09 WARN CORRUPT RULE: MethodInterfaceParamTypeToParamTypehas nodes and/ or edges whose type is an unresolved proxy!
2025-04-23 15:59:09 WARN   - parameter__typeReference__typeReference_eMoflonEdge, org.eclipse.emf.ecore.impl.EReferenceImpl@19faedcc (eProxyURI: platform:/plugin/org.emftext.language.java/metamodel/java.ecore#_Wo2ZQdz1Ed2bJ_pQViWxFg)
2025-04-23 15:59:09 WARN CORRUPT RULE: EnumProtectedToProtectedhas nodes and/ or edges whose type is an unresolved proxy!
2025-04-23 15:59:09 WARN   - modifier, org.eclipse.emf.ecore.impl.EClassImpl@5ef2cbe6 (eProxyURI: platform:/plugin/org.emftext.language.java/metamodel/java.ecore#_Wo2Yudz1Ed2bJ_pQViWxFg)
2025-04-23 15:59:09 WARN CORRUPT RULE: MethodClassParamTypeToParamTypehas nodes and/ or edges whose type is an unresolved proxy!
2025-04-23 15:59:09 WARN   - parameter__typeReference__typeReference_eMoflonEdge, org.eclipse.emf.ecore.impl.EReferenceImpl@68b7bdcb (eProxyURI: platform:/plugin/org.emftext.language.java/metamodel/java.ecore#_Wo2ZQdz1Ed2bJ_pQViWxFg)
2025-04-23 15:59:09 WARN CORRUPT RULE: MethodEnumReturnTypeToReturnTypehas nodes and/ or edges whose type is an unresolved proxy!
2025-04-23 15:59:09 WARN   - javaMethod__typeReference__typeReference_eMoflonEdge, org.eclipse.emf.ecore.impl.EReferenceImpl@45e11627 (eProxyURI: platform:/plugin/org.emftext.language.java/metamodel/java.ecore#_Wo2ZQdz1Ed2bJ_pQViWxFg)
2025-04-23 15:59:09 WARN CORRUPT RULE: EnumPublicToPublichas nodes and/ or edges whose type is an unresolved proxy!
2025-04-23 15:59:09 WARN   - modifier, org.eclipse.emf.ecore.impl.EClassImpl@5b4954b2 (eProxyURI: platform:/plugin/org.emftext.language.java/metamodel/java.ecore#_Wo2Ytdz1Ed2bJ_pQViWxFg)
2025-04-23 15:59:09 WARN CORRUPT RULE: ClassFinalToFinalhas nodes and/ or edges whose type is an unresolved proxy!
2025-04-23 15:59:09 WARN   - modifier, org.eclipse.emf.ecore.impl.EClassImpl@3973b6d4 (eProxyURI: platform:/plugin/org.emftext.language.java/metamodel/java.ecore#_Wo2Yvdz1Ed2bJ_pQViWxFg)
2025-04-23 15:59:09 WARN CORRUPT RULE: ConstructorClassParamTypeToParamTypehas nodes and/ or edges whose type is an unresolved proxy!
2025-04-23 15:59:09 WARN   - parameter__typeReference__typeReference_eMoflonEdge, org.eclipse.emf.ecore.impl.EReferenceImpl@9205c0a (eProxyURI: platform:/plugin/org.emftext.language.java/metamodel/java.ecore#_Wo2ZQdz1Ed2bJ_pQViWxFg)
2025-04-23 15:59:09 WARN CORRUPT RULE: EnumAbstractToAbstracthas nodes and/ or edges whose type is an unresolved proxy!
2025-04-23 15:59:09 WARN   - modifier, org.eclipse.emf.ecore.impl.EClassImpl@2f1f9515 (eProxyURI: platform:/plugin/org.emftext.language.java/metamodel/java.ecore#_Wo2Yt9z1Ed2bJ_pQViWxFg)
2025-04-23 15:59:09 WARN CORRUPT RULE: MethodStaticToStatichas nodes and/ or edges whose type is an unresolved proxy!
2025-04-23 15:59:09 WARN   - modifier, org.eclipse.emf.ecore.impl.EClassImpl@57416e49 (eProxyURI: platform:/plugin/org.emftext.language.java/metamodel/java.ecore#_Wo2Yv9z1Ed2bJ_pQViWxFg)
2025-04-23 15:59:09 WARN CORRUPT RULE: ConstructorEnumParamTypeToParamTypehas nodes and/ or edges whose type is an unresolved proxy!
2025-04-23 15:59:09 WARN   - parameter__typeReference__typeReference_eMoflonEdge, org.eclipse.emf.ecore.impl.EReferenceImpl@7d1f3fe9 (eProxyURI: platform:/plugin/org.emftext.language.java/metamodel/java.ecore#_Wo2ZQdz1Ed2bJ_pQViWxFg)
2025-04-23 15:59:09 WARN CORRUPT RULE: EnumFinalToFinalhas nodes and/ or edges whose type is an unresolved proxy!
2025-04-23 15:59:09 WARN   - modifier, org.eclipse.emf.ecore.impl.EClassImpl@283d3628 (eProxyURI: platform:/plugin/org.emftext.language.java/metamodel/java.ecore#_Wo2Yvdz1Ed2bJ_pQViWxFg)
2025-04-23 15:59:09 WARN CORRUPT RULE: ClassAbstractToAbstracthas nodes and/ or edges whose type is an unresolved proxy!
2025-04-23 15:59:09 WARN   - modifier, org.eclipse.emf.ecore.impl.EClassImpl@5fd18419 (eProxyURI: platform:/plugin/org.emftext.language.java/metamodel/java.ecore#_Wo2Yt9z1Ed2bJ_pQViWxFg)
2025-04-23 15:59:09 WARN CORRUPT RULE: InterfacePrivateToPrivatehas nodes and/ or edges whose type is an unresolved proxy!
2025-04-23 15:59:09 WARN   - modifier, org.eclipse.emf.ecore.impl.EClassImpl@7b451bf4 (eProxyURI: platform:/plugin/org.emftext.language.java/metamodel/java.ecore#_Wo2Yu9z1Ed2bJ_pQViWxFg)
2025-04-23 15:59:09 WARN CORRUPT RULE: EnumPrivateToPrivatehas nodes and/ or edges whose type is an unresolved proxy!
2025-04-23 15:59:09 WARN   - modifier, org.eclipse.emf.ecore.impl.EClassImpl@5b665a30 (eProxyURI: platform:/plugin/org.emftext.language.java/metamodel/java.ecore#_Wo2Yu9z1Ed2bJ_pQViWxFg)
2025-04-23 15:59:09 WARN CORRUPT RULE: FieldStaticToStatichas nodes and/ or edges whose type is an unresolved proxy!
2025-04-23 15:59:09 WARN   - modifier, org.eclipse.emf.ecore.impl.EClassImpl@75ed7512 (eProxyURI: platform:/plugin/org.emftext.language.java/metamodel/java.ecore#_Wo2Yv9z1Ed2bJ_pQViWxFg)
2025-04-23 15:59:09 WARN CORRUPT RULE: ClassPrivateToPrivatehas nodes and/ or edges whose type is an unresolved proxy!
2025-04-23 15:59:09 WARN   - modifier, org.eclipse.emf.ecore.impl.EClassImpl@33ebe4f0 (eProxyURI: platform:/plugin/org.emftext.language.java/metamodel/java.ecore#_Wo2Yu9z1Ed2bJ_pQViWxFg)
2025-04-23 15:59:09 WARN CORRUPT RULE: FieldFinalToFinalhas nodes and/ or edges whose type is an unresolved proxy!
2025-04-23 15:59:09 WARN   - modifier, org.eclipse.emf.ecore.impl.EClassImpl@29147c12 (eProxyURI: platform:/plugin/org.emftext.language.java/metamodel/java.ecore#_Wo2Yvdz1Ed2bJ_pQViWxFg)
2025-04-23 15:59:09 WARN CORRUPT RULE: InterfaceAttributeTypeToPropertyTypehas nodes and/ or edges whose type is an unresolved proxy!
2025-04-23 15:59:09 WARN   - field__typeReference__typeReference_eMoflonEdge, org.eclipse.emf.ecore.impl.EReferenceImpl@33e50ff2 (eProxyURI: platform:/plugin/org.emftext.language.java/metamodel/java.ecore#_Wo2ZQdz1Ed2bJ_pQViWxFg)
2025-04-23 15:59:09 WARN CORRUPT RULE: InterfaceFinalToFinalhas nodes and/ or edges whose type is an unresolved proxy!
2025-04-23 15:59:09 WARN   - modifier, org.eclipse.emf.ecore.impl.EClassImpl@704d3b00 (eProxyURI: platform:/plugin/org.emftext.language.java/metamodel/java.ecore#_Wo2Yvdz1Ed2bJ_pQViWxFg)
2025-04-23 15:59:09 INFO Pattern Conversion took 28.9674 ms
2025-04-23 15:59:09 INFO Starting SYNC
2025-04-23 15:59:09 WARN   LOADED MARKERS : 
    - [VitruviusConsistencyMatch] patternName=ClassToUmlClass__CONSISTENCY, type=CONSISTENCY, ruleName=ClassToUmlClass
    - [VitruviusConsistencyMatch] patternName=ClassMethodToMethod__CONSISTENCY, type=CONSISTENCY, ruleName=ClassMethodToMethod
    - [VitruviusConsistencyMatch] patternName=ClassAttributeToProperty__CONSISTENCY, type=CONSISTENCY, ruleName=ClassAttributeToProperty
    - [VitruviusConsistencyMatch] patternName=JavaFirstCompilationUnitToUmlModel__CONSISTENCY, type=CONSISTENCY, ruleName=JavaFirstCompilationUnitToUmlModel
    - [VitruviusConsistencyMatch] patternName=OrdinaryConstructorParameterToParameter__CONSISTENCY, type=CONSISTENCY, ruleName=OrdinaryConstructorParameterToParameter
    - [VitruviusConsistencyMatch] patternName=OrdinaryMethodParameterToParameter__CONSISTENCY, type=CONSISTENCY, ruleName=OrdinaryMethodParameterToParameter
    - [VitruviusConsistencyMatch] patternName=RootJavaPackageToUmlPackage__CONSISTENCY, type=CONSISTENCY, ruleName=RootJavaPackageToUmlPackage
    - [VitruviusConsistencyMatch] patternName=ClassConstructorToConstructor__CONSISTENCY, type=CONSISTENCY, ruleName=ClassConstructorToConstructor
2025-04-23 15:59:09 WARN No rule defined to cover the following change's type: [RemoveEAttributeValue] AE=Class:9e30f9a, name=kless_new_name
2025-04-23 15:59:09 WARN No rule defined to cover the following change's type: [InsertEAttributeValue] AE=Class:9e30f9a, name=kless_new_name
2025-04-23 15:59:09 WARN No rule defined to cover the following change's type: [RemoveEAttributeValue] AE=OrdinaryParameter:26275b46, name=parrametr_new_name
2025-04-23 15:59:09 WARN No rule defined to cover the following change's type: [InsertEAttributeValue] AE=OrdinaryParameter:26275b46, name=parrametr_new_name
2025-04-23 15:59:09 INFO Pattern Matching took 1.075 ms
2025-04-23 15:59:09 WARN   handle breaking change: [RemoveEAttributeValue] AE=Class:9e30f9a, name=kless_new_name
2025-04-23 15:59:09 WARN   handle breaking change: [RemoveEAttributeValue] AE=OrdinaryParameter:26275b46, name=parrametr_new_name
2025-04-23 15:59:09 WARN 


FOUND MATCHES BROOOOOOKEEEEN BY ATTRIBUTE CHANGES!!!!!!!!!!!!!!!!!!!!!!!!!!!
2025-04-23 15:59:09 WARN [[VitruviusConsistencyMatch] patternName=ClassToUmlClass__CONSISTENCY, type=CONSISTENCY, ruleName=ClassToUmlClass, [VitruviusConsistencyMatch] patternName=OrdinaryConstructorParameterToParameter__CONSISTENCY, type=CONSISTENCY, ruleName=OrdinaryConstructorParameterToParameter]
2025-04-23 15:59:09 WARN   handle breaking change: [RemoveEAttributeValue] AE=Class:9e30f9a, name=kless_new_name
2025-04-23 15:59:09 WARN   handle breaking change: [RemoveEAttributeValue] AE=OrdinaryParameter:26275b46, name=parrametr_new_name
2025-04-23 15:59:09 WARN 


FOUND MATCHES BROOOOOOKEEEEN BY ATTRIBUTE CHANGES!!!!!!!!!!!!!!!!!!!!!!!!!!!
2025-04-23 15:59:09 WARN [[VitruviusConsistencyMatch] patternName=ClassToUmlClass__CONSISTENCY, type=CONSISTENCY, ruleName=ClassToUmlClass, [VitruviusConsistencyMatch] patternName=OrdinaryConstructorParameterToParameter__CONSISTENCY, type=CONSISTENCY, ruleName=OrdinaryConstructorParameterToParameter]
2025-04-23 15:59:09 WARN   handle breaking change: [RemoveEAttributeValue] AE=Class:9e30f9a, name=kless_new_name
2025-04-23 15:59:09 WARN   handle breaking change: [RemoveEAttributeValue] AE=OrdinaryParameter:26275b46, name=parrametr_new_name
2025-04-23 15:59:09 WARN 


FOUND MATCHES BROOOOOOKEEEEN BY ATTRIBUTE CHANGES!!!!!!!!!!!!!!!!!!!!!!!!!!!
2025-04-23 15:59:09 WARN [[VitruviusConsistencyMatch] patternName=ClassToUmlClass__CONSISTENCY, type=CONSISTENCY, ruleName=ClassToUmlClass, [VitruviusConsistencyMatch] patternName=OrdinaryConstructorParameterToParameter__CONSISTENCY, type=CONSISTENCY, ruleName=OrdinaryConstructorParameterToParameter]
2025-04-23 15:59:09 WARN   handle breaking change: [RemoveEAttributeValue] AE=Class:9e30f9a, name=kless_new_name
2025-04-23 15:59:09 WARN   handle breaking change: [RemoveEAttributeValue] AE=OrdinaryParameter:26275b46, name=parrametr_new_name
2025-04-23 15:59:09 WARN 


FOUND MATCHES BROOOOOOKEEEEN BY ATTRIBUTE CHANGES!!!!!!!!!!!!!!!!!!!!!!!!!!!
2025-04-23 15:59:09 WARN [[VitruviusConsistencyMatch] patternName=ClassToUmlClass__CONSISTENCY, type=CONSISTENCY, ruleName=ClassToUmlClass, [VitruviusConsistencyMatch] patternName=OrdinaryConstructorParameterToParameter__CONSISTENCY, type=CONSISTENCY, ruleName=OrdinaryConstructorParameterToParameter]
2025-04-23 15:59:09 INFO Object j not found. This must really be a broken match!
2025-04-23 15:59:09 INFO Object j not found. This must really be a broken match!
2025-04-23 15:59:09 INFO Object classToUmlClass not found. This must really be a broken match!
2025-04-23 15:59:09 WARN   handle breaking change: [RemoveEAttributeValue] AE=Class:9e30f9a, name=kless_new_name
2025-04-23 15:59:09 WARN   handle breaking change: [RemoveEAttributeValue] AE=OrdinaryParameter:26275b46, name=parrametr_new_name
2025-04-23 15:59:09 INFO Object j not found. This must really be a broken match!
2025-04-23 15:59:09 INFO Object j not found. This must really be a broken match!
2025-04-23 15:59:09 INFO Object classToUmlClass not found. This must really be a broken match!
2025-04-23 15:59:09 WARN No rule defined to cover the following change's type: [RemoveEAttributeValue] AE=Class:9e30f9a, name=kless_new_name
2025-04-23 15:59:09 WARN No rule defined to cover the following change's type: [InsertEAttributeValue] AE=Class:9e30f9a, name=kless_new_name
2025-04-23 15:59:09 WARN No rule defined to cover the following change's type: [RemoveEAttributeValue] AE=OrdinaryParameter:26275b46, name=parrametr_new_name
2025-04-23 15:59:09 WARN No rule defined to cover the following change's type: [InsertEAttributeValue] AE=OrdinaryParameter:26275b46, name=parrametr_new_name
2025-04-23 15:59:09 INFO Object javaMethodToOperation not found. This must really be a broken match!
2025-04-23 15:59:09 WARN   handle breaking change: [RemoveEAttributeValue] AE=Class:9e30f9a, name=kless_new_name
2025-04-23 15:59:09 WARN   handle breaking change: [RemoveEAttributeValue] AE=OrdinaryParameter:26275b46, name=parrametr_new_name
2025-04-23 15:59:09 INFO Object javaMethodToOperation not found. This must really be a broken match!
2025-04-23 15:59:09 WARN No rule defined to cover the following change's type: [RemoveEAttributeValue] AE=Class:9e30f9a, name=kless_new_name
2025-04-23 15:59:09 WARN No rule defined to cover the following change's type: [InsertEAttributeValue] AE=Class:9e30f9a, name=kless_new_name
2025-04-23 15:59:09 WARN No rule defined to cover the following change's type: [RemoveEAttributeValue] AE=OrdinaryParameter:26275b46, name=parrametr_new_name
2025-04-23 15:59:09 WARN No rule defined to cover the following change's type: [InsertEAttributeValue] AE=OrdinaryParameter:26275b46, name=parrametr_new_name
2025-04-23 15:59:09 WARN   handle breaking change: [RemoveEAttributeValue] AE=Class:9e30f9a, name=kless_new_name
2025-04-23 15:59:09 WARN   handle breaking change: [RemoveEAttributeValue] AE=OrdinaryParameter:26275b46, name=parrametr_new_name
2025-04-23 15:59:09 WARN No rule defined to cover the following change's type: [RemoveEAttributeValue] AE=Class:9e30f9a, name=kless_new_name
2025-04-23 15:59:09 WARN No rule defined to cover the following change's type: [InsertEAttributeValue] AE=Class:9e30f9a, name=kless_new_name
2025-04-23 15:59:09 WARN No rule defined to cover the following change's type: [RemoveEAttributeValue] AE=OrdinaryParameter:26275b46, name=parrametr_new_name
2025-04-23 15:59:09 WARN No rule defined to cover the following change's type: [InsertEAttributeValue] AE=OrdinaryParameter:26275b46, name=parrametr_new_name
2025-04-23 15:59:09 WARN   handle breaking change: [RemoveEAttributeValue] AE=Class:9e30f9a, name=kless_new_name
2025-04-23 15:59:09 WARN   handle breaking change: [RemoveEAttributeValue] AE=OrdinaryParameter:26275b46, name=parrametr_new_name
2025-04-23 15:59:09 WARN   handle breaking change: [RemoveEAttributeValue] AE=Class:9e30f9a, name=kless_new_name
2025-04-23 15:59:09 WARN   handle breaking change: [RemoveEAttributeValue] AE=OrdinaryParameter:26275b46, name=parrametr_new_name
2025-04-23 15:59:09 WARN 


FOUND MATCHES BROOOOOOKEEEEN BY ATTRIBUTE CHANGES!!!!!!!!!!!!!!!!!!!!!!!!!!!
2025-04-23 15:59:09 WARN [[VitruviusConsistencyMatch] patternName=ClassToUmlClass__CONSISTENCY, type=CONSISTENCY, ruleName=ClassToUmlClass]
2025-04-23 15:59:09 WARN   handle breaking change: [RemoveEAttributeValue] AE=Class:9e30f9a, name=kless_new_name
2025-04-23 15:59:09 WARN   handle breaking change: [RemoveEAttributeValue] AE=OrdinaryParameter:26275b46, name=parrametr_new_name
2025-04-23 15:59:09 WARN 


FOUND MATCHES BROOOOOOKEEEEN BY ATTRIBUTE CHANGES!!!!!!!!!!!!!!!!!!!!!!!!!!!
2025-04-23 15:59:09 WARN [[VitruviusConsistencyMatch] patternName=ClassToUmlClass__CONSISTENCY, type=CONSISTENCY, ruleName=ClassToUmlClass]
2025-04-23 15:59:09 WARN   handle breaking change: [RemoveEAttributeValue] AE=Class:9e30f9a, name=kless_new_name
2025-04-23 15:59:09 WARN   handle breaking change: [RemoveEAttributeValue] AE=OrdinaryParameter:26275b46, name=parrametr_new_name
2025-04-23 15:59:09 WARN 


FOUND MATCHES BROOOOOOKEEEEN BY ATTRIBUTE CHANGES!!!!!!!!!!!!!!!!!!!!!!!!!!!
2025-04-23 15:59:09 WARN [[VitruviusConsistencyMatch] patternName=ClassToUmlClass__CONSISTENCY, type=CONSISTENCY, ruleName=ClassToUmlClass]
2025-04-23 15:59:09 WARN   handle breaking change: [RemoveEAttributeValue] AE=Class:9e30f9a, name=kless_new_name
2025-04-23 15:59:09 WARN   handle breaking change: [RemoveEAttributeValue] AE=OrdinaryParameter:26275b46, name=parrametr_new_name
2025-04-23 15:59:09 WARN 


FOUND MATCHES BROOOOOOKEEEEN BY ATTRIBUTE CHANGES!!!!!!!!!!!!!!!!!!!!!!!!!!!
2025-04-23 15:59:09 WARN [[VitruviusConsistencyMatch] patternName=ClassToUmlClass__CONSISTENCY, type=CONSISTENCY, ruleName=ClassToUmlClass]
2025-04-23 15:59:09 WARN   handle breaking change: [RemoveEAttributeValue] AE=Class:9e30f9a, name=kless_new_name
2025-04-23 15:59:09 WARN   handle breaking change: [RemoveEAttributeValue] AE=OrdinaryParameter:26275b46, name=parrametr_new_name
2025-04-23 15:59:09 WARN 


FOUND MATCHES BROOOOOOKEEEEN BY ATTRIBUTE CHANGES!!!!!!!!!!!!!!!!!!!!!!!!!!!
2025-04-23 15:59:09 WARN [[VitruviusConsistencyMatch] patternName=ClassToUmlClass__CONSISTENCY, type=CONSISTENCY, ruleName=ClassToUmlClass, [VitruviusConsistencyMatch] patternName=OrdinaryConstructorParameterToParameter__CONSISTENCY, type=CONSISTENCY, ruleName=OrdinaryConstructorParameterToParameter]
2025-04-23 15:59:09 WARN   handle breaking change: [RemoveEAttributeValue] AE=Class:9e30f9a, name=kless_new_name
2025-04-23 15:59:09 WARN   handle breaking change: [RemoveEAttributeValue] AE=OrdinaryParameter:26275b46, name=parrametr_new_name
2025-04-23 15:59:09 WARN 


FOUND MATCHES BROOOOOOKEEEEN BY ATTRIBUTE CHANGES!!!!!!!!!!!!!!!!!!!!!!!!!!!
2025-04-23 15:59:09 WARN [[VitruviusConsistencyMatch] patternName=ClassToUmlClass__CONSISTENCY, type=CONSISTENCY, ruleName=ClassToUmlClass, [VitruviusConsistencyMatch] patternName=OrdinaryConstructorParameterToParameter__CONSISTENCY, type=CONSISTENCY, ruleName=OrdinaryConstructorParameterToParameter]
2025-04-23 15:59:09 INFO Created elements: 6
2025-04-23 15:59:09 INFO Deleted elements: 6
2025-04-23 15:59:09 INFO Completed SYNC in: 221 ms
2025-04-23 15:59:09 DEBUG BENCHMARKLOGGER logs: 
2025-04-23 15:59:09 DEBUG BenchmarkLogger
[
  Total elements created .. 6
  Total elements deleted .. 6
  Total matches found ..... 52
  Total matches repaired .. 0
  Total matches revoked ... 6
  Total matches applied ... 6
]
2025-04-23 15:59:09 INFO VitruviusBackwardConversionTGGEngine::terminate called. We do not use this.
2025-04-23 15:59:09 INFO -- Added the following corrs: 
2025-04-23 15:59:09 INFO   - [CorrespondenceNode JavaConstructorToOperation] SRC=Constructor:1b30a54e, name=constructer, TRG=Operation:1179fc8c, name=constructer
2025-04-23 15:59:09 INFO   - [CorrespondenceNode JavaParameterToParameter] SRC=OrdinaryParameter:2f15a964, name=null, TRG=Parameter:15e5246, name=null
2025-04-23 15:59:09 INFO   - [CorrespondenceNode JavaClassifierToUmlClassifier] SRC=Class:9e30f9a, name=kless_new_name, TRG=Class:1aeff8ca, name=kless_new_name
2025-04-23 15:59:09 INFO   - [CorrespondenceNode JavaAttributeToUmlProperty] SRC=Field:3111631d, name=myField, TRG=Property:1ed9d173, name=myField
2025-04-23 15:59:09 INFO   - [CorrespondenceNode JavaMethodToOperation] SRC=ClassMethod:3e9beef2, name=methed, TRG=Operation:4b32465, name=methed
2025-04-23 15:59:09 INFO   - [CorrespondenceNode JavaParameterToParameter] SRC=OrdinaryParameter:26275b46, name=parrametr_new_name, TRG=Parameter:52285a5f, name=parrametr_new_name
2025-04-23 15:59:09 DEBUG End recording virtual model
2025-04-23 15:59:09 DEBUG Propagated <input change> in [[http://www.emftext.org/java]] -> {[[http://www.eclipse.org/uml2/5.0.0/UML]]}
2025-04-23 15:59:09 DEBUG Propagated <input change> in [[http://www.emftext.org/java]] -> [[http://www.eclipse.org/uml2/5.0.0/UML]] -> {}
2025-04-23 15:59:09 DEBUG Propagated <input change> in [[http://www.emftext.org/java]] -> [[http://www.eclipse.org/uml2/5.0.0/UML]] -> {}
2025-04-23 15:59:09 DEBUG Start recording virtual model
2025-04-23 15:59:09 WARN propagateChange not implemented, use propagateChanges (with an s).
2025-04-23 15:59:09 WARN propagateChange not implemented, use propagateChanges (with an s).
2025-04-23 15:59:09 DEBUG End recording virtual model
2025-04-23 15:59:09 DEBUG Propagated <input change> in [[http://www.emftext.org/java]] -> {}
2025-04-23 15:59:09 DEBUG Saving all models of model repository for VSUM @target\Java2UmlEvaluationGoal1\testJavaNamedElementRenamed
2025-04-23 15:59:09 DEBUG Save resource: org.eclipse.emf.ecore.xmi.impl.XMIResourceImpl@6af78a48 uri='target\Java2UmlEvaluationGoal1\testJavaNamedElementRenamed\uml_instance.model'
2025-04-23 15:59:09 DEBUG Finished synchronizing change: TransactionalChangeImpl: [
	Uuid(ord__ICTkEiBLEfCt_d1Q4dqckw).name = kless_new_name (was kless)
	Uuid(ord__ICTkFCBLEfCt_d1Q4dqckw).name = parrametr_new_name (was parrametr)
]

2025-04-23 15:59:09 INFO Finished change propagation
assertChildMatches for StrucFeatExpectation [StrucFeatExpectation] packagedElement
assertChildMatches for StrucFeatExpectation [StrucFeatExpectation] ownedOperation
assertChildMatches for StrucFeatExpectation [StrucFeatExpectation] ownedParameter
]]></system-out>
  </testcase>
  <testcase name="testInterfaceToUmlInterface" classname="tools.vitruv.methodologisttemplate.vsum.Java2UmlEvaluationGoal1Test" time="0.444">
    <system-out><![CDATA[2025-04-23 15:59:09 INFO eclipse-ibex-workspace: C:\Users\XPS-15\IdeaProjects\Vitruv-TGG-Integration-Test\vsum\..\eclipse-ibex-workspace\Java2Uml
2025-04-23 15:59:09 INFO setupCorrAndProtocol: Wiping corr.xmi and protocol.xmi
2025-04-23 15:59:09 INFO setupCorrAndProtocol: Wiping corr.xmi and protocol.xmi
2025-04-23 15:59:09 INFO Starting change propagation
2025-04-23 15:59:09 DEBUG Started synchronizing change: TransactionalChangeImpl: [
	create Uuid(ord__IPCYgCBLEfCt_d1Q4dqckw)
	insert Uuid(ord__IPCYgCBLEfCt_d1Q4dqckw) at target\Java2UmlEvaluationGoal1\testInterfaceToUmlInterface\java_instance.model (index 0)
	Uuid(ord__IPCYgCBLEfCt_d1Q4dqckw).name = peketsch (was )
	create Uuid(ord__IPC_kCBLEfCt_d1Q4dqckw)
	Uuid(ord__IPCYgCBLEfCt_d1Q4dqckw).compilationUnits += Uuid(ord__IPC_kCBLEfCt_d1Q4dqckw) (index 0)
	create Uuid(ord__IPC_kSBLEfCt_d1Q4dqckw)
	Uuid(ord__IPC_kCBLEfCt_d1Q4dqckw).classifiers += Uuid(ord__IPC_kSBLEfCt_d1Q4dqckw) (index 0)
	Uuid(ord__IPC_kSBLEfCt_d1Q4dqckw).name = interfees (was )
]

2025-04-23 15:59:09 DEBUG Create model instance for resource with URI: target\Java2UmlEvaluationGoal1\testInterfaceToUmlInterface\java_instance.model
2025-04-23 15:59:09 DEBUG Start recording virtual model
2025-04-23 15:59:09 INFO ------- Calling ibex -------
2025-04-23 15:59:09 INFO Source Model has no respective target model yet. Creating one.
2025-04-23 15:59:09 DEBUG Create model instance for resource with URI: target\Java2UmlEvaluationGoal1\testInterfaceToUmlInterface\uml_instance.model
2025-04-23 15:59:09 INFO Resource not found. Not loading. Path=C:\Users\XPS-15\IdeaProjects\Vitruv-TGG-Integration-Test\vsum\..\eclipse-ibex-workspace/Java2Uml/instances/corr.xmi
2025-04-23 15:59:09 INFO Resource not found. Not loading. Path=C:\Users\XPS-15\IdeaProjects\Vitruv-TGG-Integration-Test\vsum\..\eclipse-ibex-workspace/Java2Uml/instances/protocol.xmi
2025-04-23 15:59:09 WARN CORRUPT RULE: EnumProtectedToProtectedhas nodes and/ or edges whose type is an unresolved proxy!
2025-04-23 15:59:09 WARN   - modifier, org.eclipse.emf.ecore.impl.EClassImpl@760a2b6e (eProxyURI: platform:/plugin/org.emftext.language.java/metamodel/java.ecore#_Wo2Yudz1Ed2bJ_pQViWxFg)
2025-04-23 15:59:09 WARN CORRUPT RULE: MethodEnumReturnTypeToReturnTypehas nodes and/ or edges whose type is an unresolved proxy!
2025-04-23 15:59:09 WARN   - javaMethod__typeReference__typeReference_eMoflonEdge, org.eclipse.emf.ecore.impl.EReferenceImpl@6d617b07 (eProxyURI: platform:/plugin/org.emftext.language.java/metamodel/java.ecore#_Wo2ZQdz1Ed2bJ_pQViWxFg)
2025-04-23 15:59:09 WARN CORRUPT RULE: InterfaceFinalToFinalhas nodes and/ or edges whose type is an unresolved proxy!
2025-04-23 15:59:09 WARN   - modifier, org.eclipse.emf.ecore.impl.EClassImpl@137a4b54 (eProxyURI: platform:/plugin/org.emftext.language.java/metamodel/java.ecore#_Wo2Yvdz1Ed2bJ_pQViWxFg)
2025-04-23 15:59:09 WARN CORRUPT RULE: MethodClassParamTypeToParamTypehas nodes and/ or edges whose type is an unresolved proxy!
2025-04-23 15:59:09 WARN   - parameter__typeReference__typeReference_eMoflonEdge, org.eclipse.emf.ecore.impl.EReferenceImpl@1acc873b (eProxyURI: platform:/plugin/org.emftext.language.java/metamodel/java.ecore#_Wo2ZQdz1Ed2bJ_pQViWxFg)
2025-04-23 15:59:09 WARN CORRUPT RULE: ClassPublicToPublichas nodes and/ or edges whose type is an unresolved proxy!
2025-04-23 15:59:09 WARN   - modifier, org.eclipse.emf.ecore.impl.EClassImpl@dc8b2ff (eProxyURI: platform:/plugin/org.emftext.language.java/metamodel/java.ecore#_Wo2Ytdz1Ed2bJ_pQViWxFg)
2025-04-23 15:59:09 WARN CORRUPT RULE: MethodStaticToStatichas nodes and/ or edges whose type is an unresolved proxy!
2025-04-23 15:59:09 WARN   - modifier, org.eclipse.emf.ecore.impl.EClassImpl@14201a90 (eProxyURI: platform:/plugin/org.emftext.language.java/metamodel/java.ecore#_Wo2Yv9z1Ed2bJ_pQViWxFg)
2025-04-23 15:59:09 WARN CORRUPT RULE: ConstructorEnumParamTypeToParamTypehas nodes and/ or edges whose type is an unresolved proxy!
2025-04-23 15:59:09 WARN   - parameter__typeReference__typeReference_eMoflonEdge, org.eclipse.emf.ecore.impl.EReferenceImpl@5b1ff8cd (eProxyURI: platform:/plugin/org.emftext.language.java/metamodel/java.ecore#_Wo2ZQdz1Ed2bJ_pQViWxFg)
2025-04-23 15:59:09 WARN CORRUPT RULE: InterfaceAttributeTypeToPropertyTypehas nodes and/ or edges whose type is an unresolved proxy!
2025-04-23 15:59:09 WARN   - field__typeReference__typeReference_eMoflonEdge, org.eclipse.emf.ecore.impl.EReferenceImpl@780ee3ad (eProxyURI: platform:/plugin/org.emftext.language.java/metamodel/java.ecore#_Wo2ZQdz1Ed2bJ_pQViWxFg)
2025-04-23 15:59:09 WARN CORRUPT RULE: MethodInterfaceReturnTypeToReturnTypehas nodes and/ or edges whose type is an unresolved proxy!
2025-04-23 15:59:09 WARN   - javaMethod__typeReference__typeReference_eMoflonEdge, org.eclipse.emf.ecore.impl.EReferenceImpl@857f74a (eProxyURI: platform:/plugin/org.emftext.language.java/metamodel/java.ecore#_Wo2ZQdz1Ed2bJ_pQViWxFg)
2025-04-23 15:59:09 WARN CORRUPT RULE: ConstructorInterfaceParamTypeToParamTypehas nodes and/ or edges whose type is an unresolved proxy!
2025-04-23 15:59:09 WARN   - parameter__typeReference__typeReference_eMoflonEdge, org.eclipse.emf.ecore.impl.EReferenceImpl@1f3c5308 (eProxyURI: platform:/plugin/org.emftext.language.java/metamodel/java.ecore#_Wo2ZQdz1Ed2bJ_pQViWxFg)
2025-04-23 15:59:09 WARN CORRUPT RULE: InterfacePrivateToPrivatehas nodes and/ or edges whose type is an unresolved proxy!
2025-04-23 15:59:09 WARN   - modifier, org.eclipse.emf.ecore.impl.EClassImpl@51e94b7d (eProxyURI: platform:/plugin/org.emftext.language.java/metamodel/java.ecore#_Wo2Yu9z1Ed2bJ_pQViWxFg)
2025-04-23 15:59:09 WARN CORRUPT RULE: ClassAttributeTypeToPropertyTypehas nodes and/ or edges whose type is an unresolved proxy!
2025-04-23 15:59:09 WARN   - field__typeReference__typeReference_eMoflonEdge, org.eclipse.emf.ecore.impl.EReferenceImpl@3a4f8e8a (eProxyURI: platform:/plugin/org.emftext.language.java/metamodel/java.ecore#_Wo2ZQdz1Ed2bJ_pQViWxFg)
2025-04-23 15:59:09 WARN CORRUPT RULE: EnumFinalToFinalhas nodes and/ or edges whose type is an unresolved proxy!
2025-04-23 15:59:09 WARN   - modifier, org.eclipse.emf.ecore.impl.EClassImpl@5fc1e4fb (eProxyURI: platform:/plugin/org.emftext.language.java/metamodel/java.ecore#_Wo2Yvdz1Ed2bJ_pQViWxFg)
2025-04-23 15:59:09 WARN CORRUPT RULE: EnumAbstractToAbstracthas nodes and/ or edges whose type is an unresolved proxy!
2025-04-23 15:59:09 WARN   - modifier, org.eclipse.emf.ecore.impl.EClassImpl@6fd7aba8 (eProxyURI: platform:/plugin/org.emftext.language.java/metamodel/java.ecore#_Wo2Yt9z1Ed2bJ_pQViWxFg)
2025-04-23 15:59:09 WARN CORRUPT RULE: MethodInterfaceParamTypeToParamTypehas nodes and/ or edges whose type is an unresolved proxy!
2025-04-23 15:59:09 WARN   - parameter__typeReference__typeReference_eMoflonEdge, org.eclipse.emf.ecore.impl.EReferenceImpl@3ce7490a (eProxyURI: platform:/plugin/org.emftext.language.java/metamodel/java.ecore#_Wo2ZQdz1Ed2bJ_pQViWxFg)
2025-04-23 15:59:09 WARN CORRUPT RULE: MethodClassReturnTypeToReturnTypehas nodes and/ or edges whose type is an unresolved proxy!
2025-04-23 15:59:09 WARN   - javaMethod__typeReference__typeReference_eMoflonEdge, org.eclipse.emf.ecore.impl.EReferenceImpl@1530d0f2 (eProxyURI: platform:/plugin/org.emftext.language.java/metamodel/java.ecore#_Wo2ZQdz1Ed2bJ_pQViWxFg)
2025-04-23 15:59:09 WARN CORRUPT RULE: EnumPublicToPublichas nodes and/ or edges whose type is an unresolved proxy!
2025-04-23 15:59:09 WARN   - modifier, org.eclipse.emf.ecore.impl.EClassImpl@73da7f08 (eProxyURI: platform:/plugin/org.emftext.language.java/metamodel/java.ecore#_Wo2Ytdz1Ed2bJ_pQViWxFg)
2025-04-23 15:59:09 WARN CORRUPT RULE: ConstructorClassParamTypeToParamTypehas nodes and/ or edges whose type is an unresolved proxy!
2025-04-23 15:59:09 WARN   - parameter__typeReference__typeReference_eMoflonEdge, org.eclipse.emf.ecore.impl.EReferenceImpl@62de73eb (eProxyURI: platform:/plugin/org.emftext.language.java/metamodel/java.ecore#_Wo2ZQdz1Ed2bJ_pQViWxFg)
2025-04-23 15:59:09 WARN CORRUPT RULE: ClassPrivateToPrivatehas nodes and/ or edges whose type is an unresolved proxy!
2025-04-23 15:59:09 WARN   - modifier, org.eclipse.emf.ecore.impl.EClassImpl@29f95272 (eProxyURI: platform:/plugin/org.emftext.language.java/metamodel/java.ecore#_Wo2Yu9z1Ed2bJ_pQViWxFg)
2025-04-23 15:59:09 WARN CORRUPT RULE: InterfacePublicToPublichas nodes and/ or edges whose type is an unresolved proxy!
2025-04-23 15:59:09 WARN   - modifier, org.eclipse.emf.ecore.impl.EClassImpl@1da53f4f (eProxyURI: platform:/plugin/org.emftext.language.java/metamodel/java.ecore#_Wo2Ytdz1Ed2bJ_pQViWxFg)
2025-04-23 15:59:09 WARN CORRUPT RULE: EnumAttributeTypeToPropertyTypehas nodes and/ or edges whose type is an unresolved proxy!
2025-04-23 15:59:09 WARN   - field__typeReference__typeReference_eMoflonEdge, org.eclipse.emf.ecore.impl.EReferenceImpl@2df71be0 (eProxyURI: platform:/plugin/org.emftext.language.java/metamodel/java.ecore#_Wo2ZQdz1Ed2bJ_pQViWxFg)
2025-04-23 15:59:09 WARN CORRUPT RULE: InterfaceProtectedToProtectedhas nodes and/ or edges whose type is an unresolved proxy!
2025-04-23 15:59:09 WARN   - modifier, org.eclipse.emf.ecore.impl.EClassImpl@3fef1e6b (eProxyURI: platform:/plugin/org.emftext.language.java/metamodel/java.ecore#_Wo2Yudz1Ed2bJ_pQViWxFg)
2025-04-23 15:59:09 WARN CORRUPT RULE: MethodEnumParamTypeToParamTypehas nodes and/ or edges whose type is an unresolved proxy!
2025-04-23 15:59:09 WARN   - parameter__typeReference__typeReference_eMoflonEdge, org.eclipse.emf.ecore.impl.EReferenceImpl@11c3d22f (eProxyURI: platform:/plugin/org.emftext.language.java/metamodel/java.ecore#_Wo2ZQdz1Ed2bJ_pQViWxFg)
2025-04-23 15:59:09 WARN CORRUPT RULE: EnumPrivateToPrivatehas nodes and/ or edges whose type is an unresolved proxy!
2025-04-23 15:59:09 WARN   - modifier, org.eclipse.emf.ecore.impl.EClassImpl@7d8f2eec (eProxyURI: platform:/plugin/org.emftext.language.java/metamodel/java.ecore#_Wo2Yu9z1Ed2bJ_pQViWxFg)
2025-04-23 15:59:09 WARN CORRUPT RULE: InterfaceAbstractToAbstracthas nodes and/ or edges whose type is an unresolved proxy!
2025-04-23 15:59:09 WARN   - modifier, org.eclipse.emf.ecore.impl.EClassImpl@1d585fb (eProxyURI: platform:/plugin/org.emftext.language.java/metamodel/java.ecore#_Wo2Yt9z1Ed2bJ_pQViWxFg)
2025-04-23 15:59:09 WARN CORRUPT RULE: FieldStaticToStatichas nodes and/ or edges whose type is an unresolved proxy!
2025-04-23 15:59:09 WARN   - modifier, org.eclipse.emf.ecore.impl.EClassImpl@1c7843c3 (eProxyURI: platform:/plugin/org.emftext.language.java/metamodel/java.ecore#_Wo2Yv9z1Ed2bJ_pQViWxFg)
2025-04-23 15:59:09 WARN CORRUPT RULE: ClassAbstractToAbstracthas nodes and/ or edges whose type is an unresolved proxy!
2025-04-23 15:59:09 WARN   - modifier, org.eclipse.emf.ecore.impl.EClassImpl@7c8f047a (eProxyURI: platform:/plugin/org.emftext.language.java/metamodel/java.ecore#_Wo2Yt9z1Ed2bJ_pQViWxFg)
2025-04-23 15:59:09 WARN CORRUPT RULE: ClassFinalToFinalhas nodes and/ or edges whose type is an unresolved proxy!
2025-04-23 15:59:09 WARN   - modifier, org.eclipse.emf.ecore.impl.EClassImpl@1dbff71c (eProxyURI: platform:/plugin/org.emftext.language.java/metamodel/java.ecore#_Wo2Yvdz1Ed2bJ_pQViWxFg)
2025-04-23 15:59:09 WARN CORRUPT RULE: MethodAbstractToAbstracthas nodes and/ or edges whose type is an unresolved proxy!
2025-04-23 15:59:09 WARN   - modifier, org.eclipse.emf.ecore.impl.EClassImpl@d949bc4 (eProxyURI: platform:/plugin/org.emftext.language.java/metamodel/java.ecore#_Wo2Yt9z1Ed2bJ_pQViWxFg)
2025-04-23 15:59:09 WARN CORRUPT RULE: MethodFinalToFinalhas nodes and/ or edges whose type is an unresolved proxy!
2025-04-23 15:59:09 WARN   - modifier, org.eclipse.emf.ecore.impl.EClassImpl@121cf6f4 (eProxyURI: platform:/plugin/org.emftext.language.java/metamodel/java.ecore#_Wo2Yvdz1Ed2bJ_pQViWxFg)
2025-04-23 15:59:09 WARN CORRUPT RULE: FieldFinalToFinalhas nodes and/ or edges whose type is an unresolved proxy!
2025-04-23 15:59:09 WARN   - modifier, org.eclipse.emf.ecore.impl.EClassImpl@553fbe94 (eProxyURI: platform:/plugin/org.emftext.language.java/metamodel/java.ecore#_Wo2Yvdz1Ed2bJ_pQViWxFg)
2025-04-23 15:59:09 WARN CORRUPT RULE: ClassProtectedToProtectedhas nodes and/ or edges whose type is an unresolved proxy!
2025-04-23 15:59:09 WARN   - modifier, org.eclipse.emf.ecore.impl.EClassImpl@1f60824e (eProxyURI: platform:/plugin/org.emftext.language.java/metamodel/java.ecore#_Wo2Yudz1Ed2bJ_pQViWxFg)
2025-04-23 15:59:09 INFO Pattern Conversion took 21.2467 ms
2025-04-23 15:59:09 INFO Starting SYNC
2025-04-23 15:59:09 WARN   LOADED MARKERS : 
    - 
2025-04-23 15:59:09 WARN No rule defined to cover the following change's type: [InsertEAttributeValue] AE=Package:1ddf42dd, name=peketsch
2025-04-23 15:59:09 WARN No rule defined to cover the following change's type: [InsertEAttributeValue] AE=Interface:2f99d8c, name=interfees
2025-04-23 15:59:09 INFO Pattern Matching took 4.3491 ms
2025-04-23 15:59:09 INFO Created elements: 13
2025-04-23 15:59:09 INFO Deleted elements: 0
2025-04-23 15:59:09 INFO Completed SYNC in: 61 ms
2025-04-23 15:59:09 DEBUG BENCHMARKLOGGER logs: 
2025-04-23 15:59:09 DEBUG BenchmarkLogger
[
  Total elements created .. 13
  Total elements deleted .. 0
  Total matches found ..... 5
  Total matches repaired .. 0
  Total matches revoked ... 0
  Total matches applied ... 3
]
2025-04-23 15:59:09 INFO VitruviusBackwardConversionTGGEngine::terminate called. We do not use this.
2025-04-23 15:59:09 DEBUG Add root to resource: org.eclipse.emf.ecore.xmi.impl.XMIResourceImpl@56b05bd7 uri='target\Java2UmlEvaluationGoal1\testInterfaceToUmlInterface\uml_instance.model'
2025-04-23 15:59:09 INFO -- Added the following corrs: 
2025-04-23 15:59:09 INFO   - [CorrespondenceNode JavaCompilationUnitToUmlModel] SRC=CompilationUnit:1c18ee69, name=null, TRG=Model:19a7906c, name=UML_MODEL
2025-04-23 15:59:09 INFO   - [CorrespondenceNode JavaPackageToUmlPackage] SRC=Package:1ddf42dd, name=peketsch, TRG=Package:5a7e81, name=peketsch
2025-04-23 15:59:09 INFO   - [CorrespondenceNode JavaClassifierToUmlClassifier] SRC=Interface:2f99d8c, name=interfees, TRG=Interface:78e043e4, name=interfees
2025-04-23 15:59:09 DEBUG End recording virtual model
2025-04-23 15:59:09 DEBUG Propagated <input change> in [[http://www.emftext.org/java]] -> {[[http://www.eclipse.org/uml2/5.0.0/UML]]}
2025-04-23 15:59:09 DEBUG Propagated <input change> in [[http://www.emftext.org/java]] -> [[http://www.eclipse.org/uml2/5.0.0/UML]] -> {}
2025-04-23 15:59:09 DEBUG Propagated <input change> in [[http://www.emftext.org/java]] -> [[http://www.eclipse.org/uml2/5.0.0/UML]] -> {}
2025-04-23 15:59:09 DEBUG Start recording virtual model
2025-04-23 15:59:09 WARN propagateChange not implemented, use propagateChanges (with an s).
2025-04-23 15:59:09 WARN propagateChange not implemented, use propagateChanges (with an s).
2025-04-23 15:59:09 WARN propagateChange not implemented, use propagateChanges (with an s).
2025-04-23 15:59:09 WARN propagateChange not implemented, use propagateChanges (with an s).
2025-04-23 15:59:09 WARN propagateChange not implemented, use propagateChanges (with an s).
2025-04-23 15:59:09 WARN propagateChange not implemented, use propagateChanges (with an s).
2025-04-23 15:59:09 WARN propagateChange not implemented, use propagateChanges (with an s).
2025-04-23 15:59:09 WARN propagateChange not implemented, use propagateChanges (with an s).
2025-04-23 15:59:09 DEBUG End recording virtual model
2025-04-23 15:59:09 DEBUG Propagated <input change> in [[http://www.emftext.org/java]] -> {}
2025-04-23 15:59:09 DEBUG Saving all models of model repository for VSUM @target\Java2UmlEvaluationGoal1\testInterfaceToUmlInterface
2025-04-23 15:59:09 DEBUG Save resource: org.eclipse.emf.ecore.xmi.impl.XMIResourceImpl@56b05bd7 uri='target\Java2UmlEvaluationGoal1\testInterfaceToUmlInterface\uml_instance.model'
2025-04-23 15:59:09 DEBUG Finished synchronizing change: TransactionalChangeImpl: [
	create Uuid(ord__IPCYgCBLEfCt_d1Q4dqckw)
	insert Uuid(ord__IPCYgCBLEfCt_d1Q4dqckw) at target\Java2UmlEvaluationGoal1\testInterfaceToUmlInterface\java_instance.model (index 0)
	Uuid(ord__IPCYgCBLEfCt_d1Q4dqckw).name = peketsch (was )
	create Uuid(ord__IPC_kCBLEfCt_d1Q4dqckw)
	Uuid(ord__IPCYgCBLEfCt_d1Q4dqckw).compilationUnits += Uuid(ord__IPC_kCBLEfCt_d1Q4dqckw) (index 0)
	create Uuid(ord__IPC_kSBLEfCt_d1Q4dqckw)
	Uuid(ord__IPC_kCBLEfCt_d1Q4dqckw).classifiers += Uuid(ord__IPC_kSBLEfCt_d1Q4dqckw) (index 0)
	Uuid(ord__IPC_kSBLEfCt_d1Q4dqckw).name = interfees (was )
]

2025-04-23 15:59:09 INFO Finished change propagation
]]></system-out>
  </testcase>
  <testcase name="testOrdinaryMethodParameter" classname="tools.vitruv.methodologisttemplate.vsum.Java2UmlEvaluationGoal1Test" time="0.398">
    <system-out><![CDATA[2025-04-23 15:59:09 INFO eclipse-ibex-workspace: C:\Users\XPS-15\IdeaProjects\Vitruv-TGG-Integration-Test\vsum\..\eclipse-ibex-workspace\Java2Uml
2025-04-23 15:59:09 INFO setupCorrAndProtocol: Wiping corr.xmi and protocol.xmi
2025-04-23 15:59:09 INFO setupCorrAndProtocol: Wiping corr.xmi and protocol.xmi
2025-04-23 15:59:10 INFO Starting change propagation
2025-04-23 15:59:10 DEBUG Started synchronizing change: TransactionalChangeImpl: [
	create Uuid(ord__ITO8ACBLEfCt_d1Q4dqckw)
	insert Uuid(ord__ITO8ACBLEfCt_d1Q4dqckw) at target\Java2UmlEvaluationGoal1\testOrdinaryMethodParameter\java_instance.model (index 0)
	Uuid(ord__ITO8ACBLEfCt_d1Q4dqckw).name = peketsch (was )
	create Uuid(ord__ITPjECBLEfCt_d1Q4dqckw)
	Uuid(ord__ITO8ACBLEfCt_d1Q4dqckw).compilationUnits += Uuid(ord__ITPjECBLEfCt_d1Q4dqckw) (index 0)
	create Uuid(ord__ITPjESBLEfCt_d1Q4dqckw)
	Uuid(ord__ITPjECBLEfCt_d1Q4dqckw).classifiers += Uuid(ord__ITPjESBLEfCt_d1Q4dqckw) (index 0)
	Uuid(ord__ITPjESBLEfCt_d1Q4dqckw).name = kless (was )
	create Uuid(ord__ITPjEiBLEfCt_d1Q4dqckw)
	Uuid(ord__ITPjESBLEfCt_d1Q4dqckw).members += Uuid(ord__ITPjEiBLEfCt_d1Q4dqckw) (index 0)
	Uuid(ord__ITPjEiBLEfCt_d1Q4dqckw).name = methed (was )
	create Uuid(ord__ITPjEyBLEfCt_d1Q4dqckw)
	Uuid(ord__ITPjEiBLEfCt_d1Q4dqckw).parameters += Uuid(ord__ITPjEyBLEfCt_d1Q4dqckw) (index 0)
	Uuid(ord__ITPjEyBLEfCt_d1Q4dqckw).name = parrametr (was )
]

2025-04-23 15:59:10 DEBUG Create model instance for resource with URI: target\Java2UmlEvaluationGoal1\testOrdinaryMethodParameter\java_instance.model
2025-04-23 15:59:10 DEBUG Start recording virtual model
2025-04-23 15:59:10 INFO ------- Calling ibex -------
2025-04-23 15:59:10 INFO Source Model has no respective target model yet. Creating one.
2025-04-23 15:59:10 DEBUG Create model instance for resource with URI: target\Java2UmlEvaluationGoal1\testOrdinaryMethodParameter\uml_instance.model
2025-04-23 15:59:10 INFO Resource not found. Not loading. Path=C:\Users\XPS-15\IdeaProjects\Vitruv-TGG-Integration-Test\vsum\..\eclipse-ibex-workspace/Java2Uml/instances/corr.xmi
2025-04-23 15:59:10 INFO Resource not found. Not loading. Path=C:\Users\XPS-15\IdeaProjects\Vitruv-TGG-Integration-Test\vsum\..\eclipse-ibex-workspace/Java2Uml/instances/protocol.xmi
2025-04-23 15:59:10 WARN CORRUPT RULE: ClassProtectedToProtectedhas nodes and/ or edges whose type is an unresolved proxy!
2025-04-23 15:59:10 WARN   - modifier, org.eclipse.emf.ecore.impl.EClassImpl@113d0f75 (eProxyURI: platform:/plugin/org.emftext.language.java/metamodel/java.ecore#_Wo2Yudz1Ed2bJ_pQViWxFg)
2025-04-23 15:59:10 WARN CORRUPT RULE: EnumAttributeTypeToPropertyTypehas nodes and/ or edges whose type is an unresolved proxy!
2025-04-23 15:59:10 WARN   - field__typeReference__typeReference_eMoflonEdge, org.eclipse.emf.ecore.impl.EReferenceImpl@773f3360 (eProxyURI: platform:/plugin/org.emftext.language.java/metamodel/java.ecore#_Wo2ZQdz1Ed2bJ_pQViWxFg)
2025-04-23 15:59:10 WARN CORRUPT RULE: ClassPublicToPublichas nodes and/ or edges whose type is an unresolved proxy!
2025-04-23 15:59:10 WARN   - modifier, org.eclipse.emf.ecore.impl.EClassImpl@4c13ca07 (eProxyURI: platform:/plugin/org.emftext.language.java/metamodel/java.ecore#_Wo2Ytdz1Ed2bJ_pQViWxFg)
2025-04-23 15:59:10 WARN CORRUPT RULE: EnumFinalToFinalhas nodes and/ or edges whose type is an unresolved proxy!
2025-04-23 15:59:10 WARN   - modifier, org.eclipse.emf.ecore.impl.EClassImpl@97beeaf (eProxyURI: platform:/plugin/org.emftext.language.java/metamodel/java.ecore#_Wo2Yvdz1Ed2bJ_pQViWxFg)
2025-04-23 15:59:10 WARN CORRUPT RULE: ClassAttributeTypeToPropertyTypehas nodes and/ or edges whose type is an unresolved proxy!
2025-04-23 15:59:10 WARN   - field__typeReference__typeReference_eMoflonEdge, org.eclipse.emf.ecore.impl.EReferenceImpl@f793f15 (eProxyURI: platform:/plugin/org.emftext.language.java/metamodel/java.ecore#_Wo2ZQdz1Ed2bJ_pQViWxFg)
2025-04-23 15:59:10 WARN CORRUPT RULE: EnumPublicToPublichas nodes and/ or edges whose type is an unresolved proxy!
2025-04-23 15:59:10 WARN   - modifier, org.eclipse.emf.ecore.impl.EClassImpl@5534e6f1 (eProxyURI: platform:/plugin/org.emftext.language.java/metamodel/java.ecore#_Wo2Ytdz1Ed2bJ_pQViWxFg)
2025-04-23 15:59:10 WARN CORRUPT RULE: EnumPrivateToPrivatehas nodes and/ or edges whose type is an unresolved proxy!
2025-04-23 15:59:10 WARN   - modifier, org.eclipse.emf.ecore.impl.EClassImpl@aa8dce8 (eProxyURI: platform:/plugin/org.emftext.language.java/metamodel/java.ecore#_Wo2Yu9z1Ed2bJ_pQViWxFg)
2025-04-23 15:59:10 WARN CORRUPT RULE: EnumAbstractToAbstracthas nodes and/ or edges whose type is an unresolved proxy!
2025-04-23 15:59:10 WARN   - modifier, org.eclipse.emf.ecore.impl.EClassImpl@18a0721b (eProxyURI: platform:/plugin/org.emftext.language.java/metamodel/java.ecore#_Wo2Yt9z1Ed2bJ_pQViWxFg)
2025-04-23 15:59:10 WARN CORRUPT RULE: ClassAbstractToAbstracthas nodes and/ or edges whose type is an unresolved proxy!
2025-04-23 15:59:10 WARN   - modifier, org.eclipse.emf.ecore.impl.EClassImpl@66e12c3b (eProxyURI: platform:/plugin/org.emftext.language.java/metamodel/java.ecore#_Wo2Yt9z1Ed2bJ_pQViWxFg)
2025-04-23 15:59:10 WARN CORRUPT RULE: InterfaceAttributeTypeToPropertyTypehas nodes and/ or edges whose type is an unresolved proxy!
2025-04-23 15:59:10 WARN   - field__typeReference__typeReference_eMoflonEdge, org.eclipse.emf.ecore.impl.EReferenceImpl@1f6f0fe2 (eProxyURI: platform:/plugin/org.emftext.language.java/metamodel/java.ecore#_Wo2ZQdz1Ed2bJ_pQViWxFg)
2025-04-23 15:59:10 WARN CORRUPT RULE: MethodEnumReturnTypeToReturnTypehas nodes and/ or edges whose type is an unresolved proxy!
2025-04-23 15:59:10 WARN   - javaMethod__typeReference__typeReference_eMoflonEdge, org.eclipse.emf.ecore.impl.EReferenceImpl@4d8f2cfd (eProxyURI: platform:/plugin/org.emftext.language.java/metamodel/java.ecore#_Wo2ZQdz1Ed2bJ_pQViWxFg)
2025-04-23 15:59:10 WARN CORRUPT RULE: InterfaceFinalToFinalhas nodes and/ or edges whose type is an unresolved proxy!
2025-04-23 15:59:10 WARN   - modifier, org.eclipse.emf.ecore.impl.EClassImpl@ab2009f (eProxyURI: platform:/plugin/org.emftext.language.java/metamodel/java.ecore#_Wo2Yvdz1Ed2bJ_pQViWxFg)
2025-04-23 15:59:10 WARN CORRUPT RULE: InterfaceProtectedToProtectedhas nodes and/ or edges whose type is an unresolved proxy!
2025-04-23 15:59:10 WARN   - modifier, org.eclipse.emf.ecore.impl.EClassImpl@1e4d8770 (eProxyURI: platform:/plugin/org.emftext.language.java/metamodel/java.ecore#_Wo2Yudz1Ed2bJ_pQViWxFg)
2025-04-23 15:59:10 WARN CORRUPT RULE: MethodStaticToStatichas nodes and/ or edges whose type is an unresolved proxy!
2025-04-23 15:59:10 WARN   - modifier, org.eclipse.emf.ecore.impl.EClassImpl@41f7c02d (eProxyURI: platform:/plugin/org.emftext.language.java/metamodel/java.ecore#_Wo2Yv9z1Ed2bJ_pQViWxFg)
2025-04-23 15:59:10 WARN CORRUPT RULE: FieldFinalToFinalhas nodes and/ or edges whose type is an unresolved proxy!
2025-04-23 15:59:10 WARN   - modifier, org.eclipse.emf.ecore.impl.EClassImpl@14b5325f (eProxyURI: platform:/plugin/org.emftext.language.java/metamodel/java.ecore#_Wo2Yvdz1Ed2bJ_pQViWxFg)
2025-04-23 15:59:10 WARN CORRUPT RULE: MethodInterfaceParamTypeToParamTypehas nodes and/ or edges whose type is an unresolved proxy!
2025-04-23 15:59:10 WARN   - parameter__typeReference__typeReference_eMoflonEdge, org.eclipse.emf.ecore.impl.EReferenceImpl@6cc90398 (eProxyURI: platform:/plugin/org.emftext.language.java/metamodel/java.ecore#_Wo2ZQdz1Ed2bJ_pQViWxFg)
2025-04-23 15:59:10 WARN CORRUPT RULE: ClassPrivateToPrivatehas nodes and/ or edges whose type is an unresolved proxy!
2025-04-23 15:59:10 WARN   - modifier, org.eclipse.emf.ecore.impl.EClassImpl@3d718248 (eProxyURI: platform:/plugin/org.emftext.language.java/metamodel/java.ecore#_Wo2Yu9z1Ed2bJ_pQViWxFg)
2025-04-23 15:59:10 WARN CORRUPT RULE: ConstructorInterfaceParamTypeToParamTypehas nodes and/ or edges whose type is an unresolved proxy!
2025-04-23 15:59:10 WARN   - parameter__typeReference__typeReference_eMoflonEdge, org.eclipse.emf.ecore.impl.EReferenceImpl@8aa5ab4 (eProxyURI: platform:/plugin/org.emftext.language.java/metamodel/java.ecore#_Wo2ZQdz1Ed2bJ_pQViWxFg)
2025-04-23 15:59:10 WARN CORRUPT RULE: MethodClassParamTypeToParamTypehas nodes and/ or edges whose type is an unresolved proxy!
2025-04-23 15:59:10 WARN   - parameter__typeReference__typeReference_eMoflonEdge, org.eclipse.emf.ecore.impl.EReferenceImpl@62360a68 (eProxyURI: platform:/plugin/org.emftext.language.java/metamodel/java.ecore#_Wo2ZQdz1Ed2bJ_pQViWxFg)
2025-04-23 15:59:10 WARN CORRUPT RULE: InterfaceAbstractToAbstracthas nodes and/ or edges whose type is an unresolved proxy!
2025-04-23 15:59:10 WARN   - modifier, org.eclipse.emf.ecore.impl.EClassImpl@4e756867 (eProxyURI: platform:/plugin/org.emftext.language.java/metamodel/java.ecore#_Wo2Yt9z1Ed2bJ_pQViWxFg)
2025-04-23 15:59:10 WARN CORRUPT RULE: InterfacePublicToPublichas nodes and/ or edges whose type is an unresolved proxy!
2025-04-23 15:59:10 WARN   - modifier, org.eclipse.emf.ecore.impl.EClassImpl@6adcf059 (eProxyURI: platform:/plugin/org.emftext.language.java/metamodel/java.ecore#_Wo2Ytdz1Ed2bJ_pQViWxFg)
2025-04-23 15:59:10 WARN CORRUPT RULE: MethodClassReturnTypeToReturnTypehas nodes and/ or edges whose type is an unresolved proxy!
2025-04-23 15:59:10 WARN   - javaMethod__typeReference__typeReference_eMoflonEdge, org.eclipse.emf.ecore.impl.EReferenceImpl@1c31de5d (eProxyURI: platform:/plugin/org.emftext.language.java/metamodel/java.ecore#_Wo2ZQdz1Ed2bJ_pQViWxFg)
2025-04-23 15:59:10 WARN CORRUPT RULE: FieldStaticToStatichas nodes and/ or edges whose type is an unresolved proxy!
2025-04-23 15:59:10 WARN   - modifier, org.eclipse.emf.ecore.impl.EClassImpl@772cf46b (eProxyURI: platform:/plugin/org.emftext.language.java/metamodel/java.ecore#_Wo2Yv9z1Ed2bJ_pQViWxFg)
2025-04-23 15:59:10 WARN CORRUPT RULE: InterfacePrivateToPrivatehas nodes and/ or edges whose type is an unresolved proxy!
2025-04-23 15:59:10 WARN   - modifier, org.eclipse.emf.ecore.impl.EClassImpl@949d347 (eProxyURI: platform:/plugin/org.emftext.language.java/metamodel/java.ecore#_Wo2Yu9z1Ed2bJ_pQViWxFg)
2025-04-23 15:59:10 WARN CORRUPT RULE: MethodEnumParamTypeToParamTypehas nodes and/ or edges whose type is an unresolved proxy!
2025-04-23 15:59:10 WARN   - parameter__typeReference__typeReference_eMoflonEdge, org.eclipse.emf.ecore.impl.EReferenceImpl@1fc5c0b2 (eProxyURI: platform:/plugin/org.emftext.language.java/metamodel/java.ecore#_Wo2ZQdz1Ed2bJ_pQViWxFg)
2025-04-23 15:59:10 WARN CORRUPT RULE: MethodInterfaceReturnTypeToReturnTypehas nodes and/ or edges whose type is an unresolved proxy!
2025-04-23 15:59:10 WARN   - javaMethod__typeReference__typeReference_eMoflonEdge, org.eclipse.emf.ecore.impl.EReferenceImpl@2b90cc1 (eProxyURI: platform:/plugin/org.emftext.language.java/metamodel/java.ecore#_Wo2ZQdz1Ed2bJ_pQViWxFg)
2025-04-23 15:59:10 WARN CORRUPT RULE: ClassFinalToFinalhas nodes and/ or edges whose type is an unresolved proxy!
2025-04-23 15:59:10 WARN   - modifier, org.eclipse.emf.ecore.impl.EClassImpl@6bdedbbd (eProxyURI: platform:/plugin/org.emftext.language.java/metamodel/java.ecore#_Wo2Yvdz1Ed2bJ_pQViWxFg)
2025-04-23 15:59:10 WARN CORRUPT RULE: ConstructorEnumParamTypeToParamTypehas nodes and/ or edges whose type is an unresolved proxy!
2025-04-23 15:59:10 WARN   - parameter__typeReference__typeReference_eMoflonEdge, org.eclipse.emf.ecore.impl.EReferenceImpl@d2cb2d0 (eProxyURI: platform:/plugin/org.emftext.language.java/metamodel/java.ecore#_Wo2ZQdz1Ed2bJ_pQViWxFg)
2025-04-23 15:59:10 WARN CORRUPT RULE: MethodAbstractToAbstracthas nodes and/ or edges whose type is an unresolved proxy!
2025-04-23 15:59:10 WARN   - modifier, org.eclipse.emf.ecore.impl.EClassImpl@30bd39d5 (eProxyURI: platform:/plugin/org.emftext.language.java/metamodel/java.ecore#_Wo2Yt9z1Ed2bJ_pQViWxFg)
2025-04-23 15:59:10 WARN CORRUPT RULE: MethodFinalToFinalhas nodes and/ or edges whose type is an unresolved proxy!
2025-04-23 15:59:10 WARN   - modifier, org.eclipse.emf.ecore.impl.EClassImpl@54556723 (eProxyURI: platform:/plugin/org.emftext.language.java/metamodel/java.ecore#_Wo2Yvdz1Ed2bJ_pQViWxFg)
2025-04-23 15:59:10 WARN CORRUPT RULE: EnumProtectedToProtectedhas nodes and/ or edges whose type is an unresolved proxy!
2025-04-23 15:59:10 WARN   - modifier, org.eclipse.emf.ecore.impl.EClassImpl@380e33c2 (eProxyURI: platform:/plugin/org.emftext.language.java/metamodel/java.ecore#_Wo2Yudz1Ed2bJ_pQViWxFg)
2025-04-23 15:59:10 WARN CORRUPT RULE: ConstructorClassParamTypeToParamTypehas nodes and/ or edges whose type is an unresolved proxy!
2025-04-23 15:59:10 WARN   - parameter__typeReference__typeReference_eMoflonEdge, org.eclipse.emf.ecore.impl.EReferenceImpl@445b85d7 (eProxyURI: platform:/plugin/org.emftext.language.java/metamodel/java.ecore#_Wo2ZQdz1Ed2bJ_pQViWxFg)
2025-04-23 15:59:10 INFO Pattern Conversion took 17.5971 ms
2025-04-23 15:59:10 INFO Starting SYNC
2025-04-23 15:59:10 WARN   LOADED MARKERS : 
    - 
2025-04-23 15:59:10 WARN No rule defined to cover the following change's type: [InsertEAttributeValue] AE=Package:21540255, name=peketsch
2025-04-23 15:59:10 WARN No rule defined to cover the following change's type: [InsertEAttributeValue] AE=Class:70f98f7a, name=kless
2025-04-23 15:59:10 WARN No rule defined to cover the following change's type: [InsertEAttributeValue] AE=ClassMethod:713e7d9a, name=methed
2025-04-23 15:59:10 WARN No rule defined to cover the following change's type: [InsertEAttributeValue] AE=OrdinaryParameter:681d704e, name=parrametr
2025-04-23 15:59:10 INFO Pattern Matching took 7.583 ms
2025-04-23 15:59:10 INFO Created elements: 15
2025-04-23 15:59:10 INFO Deleted elements: 0
2025-04-23 15:59:10 INFO Completed SYNC in: 62 ms
2025-04-23 15:59:10 DEBUG BENCHMARKLOGGER logs: 
2025-04-23 15:59:10 DEBUG BenchmarkLogger
[
  Total elements created .. 15
  Total elements deleted .. 0
  Total matches found ..... 7
  Total matches repaired .. 0
  Total matches revoked ... 0
  Total matches applied ... 5
]
2025-04-23 15:59:10 INFO VitruviusBackwardConversionTGGEngine::terminate called. We do not use this.
2025-04-23 15:59:10 DEBUG Add root to resource: org.eclipse.emf.ecore.xmi.impl.XMIResourceImpl@164dea80 uri='target\Java2UmlEvaluationGoal1\testOrdinaryMethodParameter\uml_instance.model'
2025-04-23 15:59:10 INFO -- Added the following corrs: 
2025-04-23 15:59:10 INFO   - [CorrespondenceNode JavaPackageToUmlPackage] SRC=Package:21540255, name=peketsch, TRG=Package:16d61071, name=peketsch
2025-04-23 15:59:10 INFO   - [CorrespondenceNode JavaClassifierToUmlClassifier] SRC=Class:70f98f7a, name=kless, TRG=Class:d978ab9, name=kless
2025-04-23 15:59:10 INFO   - [CorrespondenceNode JavaMethodToOperation] SRC=ClassMethod:713e7d9a, name=methed, TRG=Operation:77998ea7, name=methed
2025-04-23 15:59:10 INFO   - [CorrespondenceNode JavaParameterToParameter] SRC=OrdinaryParameter:681d704e, name=parrametr, TRG=Parameter:229cb4d8, name=parrametr
2025-04-23 15:59:10 INFO   - [CorrespondenceNode JavaCompilationUnitToUmlModel] SRC=CompilationUnit:1c8e8fed, name=null, TRG=Model:41a8f0d8, name=UML_MODEL
2025-04-23 15:59:10 DEBUG End recording virtual model
2025-04-23 15:59:10 DEBUG Propagated <input change> in [[http://www.emftext.org/java]] -> {[[http://www.eclipse.org/uml2/5.0.0/UML]]}
2025-04-23 15:59:10 DEBUG Propagated <input change> in [[http://www.emftext.org/java]] -> [[http://www.eclipse.org/uml2/5.0.0/UML]] -> {}
2025-04-23 15:59:10 DEBUG Propagated <input change> in [[http://www.emftext.org/java]] -> [[http://www.eclipse.org/uml2/5.0.0/UML]] -> {}
2025-04-23 15:59:10 DEBUG Start recording virtual model
2025-04-23 15:59:10 WARN propagateChange not implemented, use propagateChanges (with an s).
2025-04-23 15:59:10 WARN propagateChange not implemented, use propagateChanges (with an s).
2025-04-23 15:59:10 WARN propagateChange not implemented, use propagateChanges (with an s).
2025-04-23 15:59:10 WARN propagateChange not implemented, use propagateChanges (with an s).
2025-04-23 15:59:10 WARN propagateChange not implemented, use propagateChanges (with an s).
2025-04-23 15:59:10 WARN propagateChange not implemented, use propagateChanges (with an s).
2025-04-23 15:59:10 WARN propagateChange not implemented, use propagateChanges (with an s).
2025-04-23 15:59:10 WARN propagateChange not implemented, use propagateChanges (with an s).
2025-04-23 15:59:10 WARN propagateChange not implemented, use propagateChanges (with an s).
2025-04-23 15:59:10 WARN propagateChange not implemented, use propagateChanges (with an s).
2025-04-23 15:59:10 WARN propagateChange not implemented, use propagateChanges (with an s).
2025-04-23 15:59:10 WARN propagateChange not implemented, use propagateChanges (with an s).
2025-04-23 15:59:10 WARN propagateChange not implemented, use propagateChanges (with an s).
2025-04-23 15:59:10 WARN propagateChange not implemented, use propagateChanges (with an s).
2025-04-23 15:59:10 DEBUG End recording virtual model
2025-04-23 15:59:10 DEBUG Propagated <input change> in [[http://www.emftext.org/java]] -> {}
2025-04-23 15:59:10 DEBUG Saving all models of model repository for VSUM @target\Java2UmlEvaluationGoal1\testOrdinaryMethodParameter
2025-04-23 15:59:10 DEBUG Save resource: org.eclipse.emf.ecore.xmi.impl.XMIResourceImpl@164dea80 uri='target\Java2UmlEvaluationGoal1\testOrdinaryMethodParameter\uml_instance.model'
2025-04-23 15:59:10 DEBUG Finished synchronizing change: TransactionalChangeImpl: [
	create Uuid(ord__ITO8ACBLEfCt_d1Q4dqckw)
	insert Uuid(ord__ITO8ACBLEfCt_d1Q4dqckw) at target\Java2UmlEvaluationGoal1\testOrdinaryMethodParameter\java_instance.model (index 0)
	Uuid(ord__ITO8ACBLEfCt_d1Q4dqckw).name = peketsch (was )
	create Uuid(ord__ITPjECBLEfCt_d1Q4dqckw)
	Uuid(ord__ITO8ACBLEfCt_d1Q4dqckw).compilationUnits += Uuid(ord__ITPjECBLEfCt_d1Q4dqckw) (index 0)
	create Uuid(ord__ITPjESBLEfCt_d1Q4dqckw)
	Uuid(ord__ITPjECBLEfCt_d1Q4dqckw).classifiers += Uuid(ord__ITPjESBLEfCt_d1Q4dqckw) (index 0)
	Uuid(ord__ITPjESBLEfCt_d1Q4dqckw).name = kless (was )
	create Uuid(ord__ITPjEiBLEfCt_d1Q4dqckw)
	Uuid(ord__ITPjESBLEfCt_d1Q4dqckw).members += Uuid(ord__ITPjEiBLEfCt_d1Q4dqckw) (index 0)
	Uuid(ord__ITPjEiBLEfCt_d1Q4dqckw).name = methed (was )
	create Uuid(ord__ITPjEyBLEfCt_d1Q4dqckw)
	Uuid(ord__ITPjEiBLEfCt_d1Q4dqckw).parameters += Uuid(ord__ITPjEyBLEfCt_d1Q4dqckw) (index 0)
	Uuid(ord__ITPjEyBLEfCt_d1Q4dqckw).name = parrametr (was )
]

2025-04-23 15:59:10 INFO Finished change propagation
]]></system-out>
  </testcase>
  <testcase name="testSuperInterfaceRemoved" classname="tools.vitruv.methodologisttemplate.vsum.Java2UmlEvaluationGoal1Test" time="0.888">
    <system-out><![CDATA[2025-04-23 15:59:10 INFO eclipse-ibex-workspace: C:\Users\XPS-15\IdeaProjects\Vitruv-TGG-Integration-Test\vsum\..\eclipse-ibex-workspace\Java2Uml
2025-04-23 15:59:10 INFO setupCorrAndProtocol: Wiping corr.xmi and protocol.xmi
2025-04-23 15:59:10 INFO setupCorrAndProtocol: Wiping corr.xmi and protocol.xmi
2025-04-23 15:59:10 INFO Starting change propagation
2025-04-23 15:59:10 DEBUG Started synchronizing change: TransactionalChangeImpl: [
	create Uuid(ord__IXHWcCBLEfCt_d1Q4dqckw)
	insert Uuid(ord__IXHWcCBLEfCt_d1Q4dqckw) at target\Java2UmlEvaluationGoal1\testSuperInterfaceRemoved\java_instance.model (index 0)
	Uuid(ord__IXHWcCBLEfCt_d1Q4dqckw).name = peketsch (was )
	create Uuid(ord__IXH9gCBLEfCt_d1Q4dqckw)
	Uuid(ord__IXHWcCBLEfCt_d1Q4dqckw).compilationUnits += Uuid(ord__IXH9gCBLEfCt_d1Q4dqckw) (index 0)
	create Uuid(ord__IXH9gSBLEfCt_d1Q4dqckw)
	Uuid(ord__IXH9gCBLEfCt_d1Q4dqckw).classifiers += Uuid(ord__IXH9gSBLEfCt_d1Q4dqckw) (index 0)
	Uuid(ord__IXH9gSBLEfCt_d1Q4dqckw).name = interfees (was )
	create Uuid(ord__IXH9giBLEfCt_d1Q4dqckw)
	Uuid(ord__IXHWcCBLEfCt_d1Q4dqckw).compilationUnits += Uuid(ord__IXH9giBLEfCt_d1Q4dqckw) (index 1)
	create Uuid(ord__IXH9gyBLEfCt_d1Q4dqckw)
	Uuid(ord__IXH9giBLEfCt_d1Q4dqckw).classifiers += Uuid(ord__IXH9gyBLEfCt_d1Q4dqckw) (index 0)
	Uuid(ord__IXH9gyBLEfCt_d1Q4dqckw).name = superInterfees (was )
	create Uuid(ord__IXH9hCBLEfCt_d1Q4dqckw)
	Uuid(ord__IXH9gSBLEfCt_d1Q4dqckw).extends += Uuid(ord__IXH9hCBLEfCt_d1Q4dqckw) (index 0)
	Uuid(ord__IXH9hCBLEfCt_d1Q4dqckw).target = Uuid(ord__IXH9gyBLEfCt_d1Q4dqckw) (was )
]

2025-04-23 15:59:10 DEBUG Create model instance for resource with URI: target\Java2UmlEvaluationGoal1\testSuperInterfaceRemoved\java_instance.model
2025-04-23 15:59:10 DEBUG Start recording virtual model
2025-04-23 15:59:10 INFO ------- Calling ibex -------
2025-04-23 15:59:10 INFO Source Model has no respective target model yet. Creating one.
2025-04-23 15:59:10 DEBUG Create model instance for resource with URI: target\Java2UmlEvaluationGoal1\testSuperInterfaceRemoved\uml_instance.model
2025-04-23 15:59:10 INFO Resource not found. Not loading. Path=C:\Users\XPS-15\IdeaProjects\Vitruv-TGG-Integration-Test\vsum\..\eclipse-ibex-workspace/Java2Uml/instances/corr.xmi
2025-04-23 15:59:10 INFO Resource not found. Not loading. Path=C:\Users\XPS-15\IdeaProjects\Vitruv-TGG-Integration-Test\vsum\..\eclipse-ibex-workspace/Java2Uml/instances/protocol.xmi
2025-04-23 15:59:10 WARN CORRUPT RULE: MethodInterfaceReturnTypeToReturnTypehas nodes and/ or edges whose type is an unresolved proxy!
2025-04-23 15:59:10 WARN   - javaMethod__typeReference__typeReference_eMoflonEdge, org.eclipse.emf.ecore.impl.EReferenceImpl@335cdd2 (eProxyURI: platform:/plugin/org.emftext.language.java/metamodel/java.ecore#_Wo2ZQdz1Ed2bJ_pQViWxFg)
2025-04-23 15:59:10 WARN CORRUPT RULE: MethodEnumParamTypeToParamTypehas nodes and/ or edges whose type is an unresolved proxy!
2025-04-23 15:59:10 WARN   - parameter__typeReference__typeReference_eMoflonEdge, org.eclipse.emf.ecore.impl.EReferenceImpl@60a99f3d (eProxyURI: platform:/plugin/org.emftext.language.java/metamodel/java.ecore#_Wo2ZQdz1Ed2bJ_pQViWxFg)
2025-04-23 15:59:10 WARN CORRUPT RULE: MethodClassParamTypeToParamTypehas nodes and/ or edges whose type is an unresolved proxy!
2025-04-23 15:59:10 WARN   - parameter__typeReference__typeReference_eMoflonEdge, org.eclipse.emf.ecore.impl.EReferenceImpl@7a274521 (eProxyURI: platform:/plugin/org.emftext.language.java/metamodel/java.ecore#_Wo2ZQdz1Ed2bJ_pQViWxFg)
2025-04-23 15:59:10 WARN CORRUPT RULE: EnumFinalToFinalhas nodes and/ or edges whose type is an unresolved proxy!
2025-04-23 15:59:10 WARN   - modifier, org.eclipse.emf.ecore.impl.EClassImpl@35841d6 (eProxyURI: platform:/plugin/org.emftext.language.java/metamodel/java.ecore#_Wo2Yvdz1Ed2bJ_pQViWxFg)
2025-04-23 15:59:10 WARN CORRUPT RULE: ClassPublicToPublichas nodes and/ or edges whose type is an unresolved proxy!
2025-04-23 15:59:10 WARN   - modifier, org.eclipse.emf.ecore.impl.EClassImpl@1e50eb3f (eProxyURI: platform:/plugin/org.emftext.language.java/metamodel/java.ecore#_Wo2Ytdz1Ed2bJ_pQViWxFg)
2025-04-23 15:59:10 WARN CORRUPT RULE: EnumAttributeTypeToPropertyTypehas nodes and/ or edges whose type is an unresolved proxy!
2025-04-23 15:59:10 WARN   - field__typeReference__typeReference_eMoflonEdge, org.eclipse.emf.ecore.impl.EReferenceImpl@537451d5 (eProxyURI: platform:/plugin/org.emftext.language.java/metamodel/java.ecore#_Wo2ZQdz1Ed2bJ_pQViWxFg)
2025-04-23 15:59:10 WARN CORRUPT RULE: EnumAbstractToAbstracthas nodes and/ or edges whose type is an unresolved proxy!
2025-04-23 15:59:10 WARN   - modifier, org.eclipse.emf.ecore.impl.EClassImpl@614d7fbf (eProxyURI: platform:/plugin/org.emftext.language.java/metamodel/java.ecore#_Wo2Yt9z1Ed2bJ_pQViWxFg)
2025-04-23 15:59:10 WARN CORRUPT RULE: InterfacePrivateToPrivatehas nodes and/ or edges whose type is an unresolved proxy!
2025-04-23 15:59:10 WARN   - modifier, org.eclipse.emf.ecore.impl.EClassImpl@1d8dbf10 (eProxyURI: platform:/plugin/org.emftext.language.java/metamodel/java.ecore#_Wo2Yu9z1Ed2bJ_pQViWxFg)
2025-04-23 15:59:10 WARN CORRUPT RULE: MethodAbstractToAbstracthas nodes and/ or edges whose type is an unresolved proxy!
2025-04-23 15:59:10 WARN   - modifier, org.eclipse.emf.ecore.impl.EClassImpl@4ad3969 (eProxyURI: platform:/plugin/org.emftext.language.java/metamodel/java.ecore#_Wo2Yt9z1Ed2bJ_pQViWxFg)
2025-04-23 15:59:10 WARN CORRUPT RULE: MethodInterfaceParamTypeToParamTypehas nodes and/ or edges whose type is an unresolved proxy!
2025-04-23 15:59:10 WARN   - parameter__typeReference__typeReference_eMoflonEdge, org.eclipse.emf.ecore.impl.EReferenceImpl@2d7aa291 (eProxyURI: platform:/plugin/org.emftext.language.java/metamodel/java.ecore#_Wo2ZQdz1Ed2bJ_pQViWxFg)
2025-04-23 15:59:10 WARN CORRUPT RULE: ClassPrivateToPrivatehas nodes and/ or edges whose type is an unresolved proxy!
2025-04-23 15:59:10 WARN   - modifier, org.eclipse.emf.ecore.impl.EClassImpl@762cdf46 (eProxyURI: platform:/plugin/org.emftext.language.java/metamodel/java.ecore#_Wo2Yu9z1Ed2bJ_pQViWxFg)
2025-04-23 15:59:10 WARN CORRUPT RULE: ConstructorEnumParamTypeToParamTypehas nodes and/ or edges whose type is an unresolved proxy!
2025-04-23 15:59:10 WARN   - parameter__typeReference__typeReference_eMoflonEdge, org.eclipse.emf.ecore.impl.EReferenceImpl@2cff03cf (eProxyURI: platform:/plugin/org.emftext.language.java/metamodel/java.ecore#_Wo2ZQdz1Ed2bJ_pQViWxFg)
2025-04-23 15:59:10 WARN CORRUPT RULE: MethodStaticToStatichas nodes and/ or edges whose type is an unresolved proxy!
2025-04-23 15:59:10 WARN   - modifier, org.eclipse.emf.ecore.impl.EClassImpl@19e2db7c (eProxyURI: platform:/plugin/org.emftext.language.java/metamodel/java.ecore#_Wo2Yv9z1Ed2bJ_pQViWxFg)
2025-04-23 15:59:10 WARN CORRUPT RULE: InterfaceAttributeTypeToPropertyTypehas nodes and/ or edges whose type is an unresolved proxy!
2025-04-23 15:59:10 WARN   - field__typeReference__typeReference_eMoflonEdge, org.eclipse.emf.ecore.impl.EReferenceImpl@534fc1f7 (eProxyURI: platform:/plugin/org.emftext.language.java/metamodel/java.ecore#_Wo2ZQdz1Ed2bJ_pQViWxFg)
2025-04-23 15:59:10 WARN CORRUPT RULE: MethodEnumReturnTypeToReturnTypehas nodes and/ or edges whose type is an unresolved proxy!
2025-04-23 15:59:10 WARN   - javaMethod__typeReference__typeReference_eMoflonEdge, org.eclipse.emf.ecore.impl.EReferenceImpl@72ec16f8 (eProxyURI: platform:/plugin/org.emftext.language.java/metamodel/java.ecore#_Wo2ZQdz1Ed2bJ_pQViWxFg)
2025-04-23 15:59:10 WARN CORRUPT RULE: ConstructorInterfaceParamTypeToParamTypehas nodes and/ or edges whose type is an unresolved proxy!
2025-04-23 15:59:10 WARN   - parameter__typeReference__typeReference_eMoflonEdge, org.eclipse.emf.ecore.impl.EReferenceImpl@af3295f (eProxyURI: platform:/plugin/org.emftext.language.java/metamodel/java.ecore#_Wo2ZQdz1Ed2bJ_pQViWxFg)
2025-04-23 15:59:10 WARN CORRUPT RULE: InterfaceProtectedToProtectedhas nodes and/ or edges whose type is an unresolved proxy!
2025-04-23 15:59:10 WARN   - modifier, org.eclipse.emf.ecore.impl.EClassImpl@3595086b (eProxyURI: platform:/plugin/org.emftext.language.java/metamodel/java.ecore#_Wo2Yudz1Ed2bJ_pQViWxFg)
2025-04-23 15:59:10 WARN CORRUPT RULE: FieldStaticToStatichas nodes and/ or edges whose type is an unresolved proxy!
2025-04-23 15:59:10 WARN   - modifier, org.eclipse.emf.ecore.impl.EClassImpl@7157413e (eProxyURI: platform:/plugin/org.emftext.language.java/metamodel/java.ecore#_Wo2Yv9z1Ed2bJ_pQViWxFg)
2025-04-23 15:59:10 WARN CORRUPT RULE: FieldFinalToFinalhas nodes and/ or edges whose type is an unresolved proxy!
2025-04-23 15:59:10 WARN   - modifier, org.eclipse.emf.ecore.impl.EClassImpl@2f0e7fa8 (eProxyURI: platform:/plugin/org.emftext.language.java/metamodel/java.ecore#_Wo2Yvdz1Ed2bJ_pQViWxFg)
2025-04-23 15:59:10 WARN CORRUPT RULE: EnumPublicToPublichas nodes and/ or edges whose type is an unresolved proxy!
2025-04-23 15:59:10 WARN   - modifier, org.eclipse.emf.ecore.impl.EClassImpl@6f428e6e (eProxyURI: platform:/plugin/org.emftext.language.java/metamodel/java.ecore#_Wo2Ytdz1Ed2bJ_pQViWxFg)
2025-04-23 15:59:10 WARN CORRUPT RULE: ConstructorClassParamTypeToParamTypehas nodes and/ or edges whose type is an unresolved proxy!
2025-04-23 15:59:10 WARN   - parameter__typeReference__typeReference_eMoflonEdge, org.eclipse.emf.ecore.impl.EReferenceImpl@2e4b5da1 (eProxyURI: platform:/plugin/org.emftext.language.java/metamodel/java.ecore#_Wo2ZQdz1Ed2bJ_pQViWxFg)
2025-04-23 15:59:10 WARN CORRUPT RULE: InterfaceAbstractToAbstracthas nodes and/ or edges whose type is an unresolved proxy!
2025-04-23 15:59:10 WARN   - modifier, org.eclipse.emf.ecore.impl.EClassImpl@4ae2c01b (eProxyURI: platform:/plugin/org.emftext.language.java/metamodel/java.ecore#_Wo2Yt9z1Ed2bJ_pQViWxFg)
2025-04-23 15:59:10 WARN CORRUPT RULE: InterfaceFinalToFinalhas nodes and/ or edges whose type is an unresolved proxy!
2025-04-23 15:59:10 WARN   - modifier, org.eclipse.emf.ecore.impl.EClassImpl@6879e983 (eProxyURI: platform:/plugin/org.emftext.language.java/metamodel/java.ecore#_Wo2Yvdz1Ed2bJ_pQViWxFg)
2025-04-23 15:59:10 WARN CORRUPT RULE: MethodClassReturnTypeToReturnTypehas nodes and/ or edges whose type is an unresolved proxy!
2025-04-23 15:59:10 WARN   - javaMethod__typeReference__typeReference_eMoflonEdge, org.eclipse.emf.ecore.impl.EReferenceImpl@45d38165 (eProxyURI: platform:/plugin/org.emftext.language.java/metamodel/java.ecore#_Wo2ZQdz1Ed2bJ_pQViWxFg)
2025-04-23 15:59:10 WARN CORRUPT RULE: EnumProtectedToProtectedhas nodes and/ or edges whose type is an unresolved proxy!
2025-04-23 15:59:10 WARN   - modifier, org.eclipse.emf.ecore.impl.EClassImpl@26612078 (eProxyURI: platform:/plugin/org.emftext.language.java/metamodel/java.ecore#_Wo2Yudz1Ed2bJ_pQViWxFg)
2025-04-23 15:59:10 WARN CORRUPT RULE: ClassProtectedToProtectedhas nodes and/ or edges whose type is an unresolved proxy!
2025-04-23 15:59:10 WARN   - modifier, org.eclipse.emf.ecore.impl.EClassImpl@d3d5094 (eProxyURI: platform:/plugin/org.emftext.language.java/metamodel/java.ecore#_Wo2Yudz1Ed2bJ_pQViWxFg)
2025-04-23 15:59:10 WARN CORRUPT RULE: InterfacePublicToPublichas nodes and/ or edges whose type is an unresolved proxy!
2025-04-23 15:59:10 WARN   - modifier, org.eclipse.emf.ecore.impl.EClassImpl@3c3cd7a5 (eProxyURI: platform:/plugin/org.emftext.language.java/metamodel/java.ecore#_Wo2Ytdz1Ed2bJ_pQViWxFg)
2025-04-23 15:59:10 WARN CORRUPT RULE: MethodFinalToFinalhas nodes and/ or edges whose type is an unresolved proxy!
2025-04-23 15:59:10 WARN   - modifier, org.eclipse.emf.ecore.impl.EClassImpl@6eb5b9e7 (eProxyURI: platform:/plugin/org.emftext.language.java/metamodel/java.ecore#_Wo2Yvdz1Ed2bJ_pQViWxFg)
2025-04-23 15:59:10 WARN CORRUPT RULE: ClassAttributeTypeToPropertyTypehas nodes and/ or edges whose type is an unresolved proxy!
2025-04-23 15:59:10 WARN   - field__typeReference__typeReference_eMoflonEdge, org.eclipse.emf.ecore.impl.EReferenceImpl@2d3c501b (eProxyURI: platform:/plugin/org.emftext.language.java/metamodel/java.ecore#_Wo2ZQdz1Ed2bJ_pQViWxFg)
2025-04-23 15:59:10 WARN CORRUPT RULE: ClassFinalToFinalhas nodes and/ or edges whose type is an unresolved proxy!
2025-04-23 15:59:10 WARN   - modifier, org.eclipse.emf.ecore.impl.EClassImpl@38b54694 (eProxyURI: platform:/plugin/org.emftext.language.java/metamodel/java.ecore#_Wo2Yvdz1Ed2bJ_pQViWxFg)
2025-04-23 15:59:10 WARN CORRUPT RULE: ClassAbstractToAbstracthas nodes and/ or edges whose type is an unresolved proxy!
2025-04-23 15:59:10 WARN   - modifier, org.eclipse.emf.ecore.impl.EClassImpl@39ead1b7 (eProxyURI: platform:/plugin/org.emftext.language.java/metamodel/java.ecore#_Wo2Yt9z1Ed2bJ_pQViWxFg)
2025-04-23 15:59:10 WARN CORRUPT RULE: EnumPrivateToPrivatehas nodes and/ or edges whose type is an unresolved proxy!
2025-04-23 15:59:10 WARN   - modifier, org.eclipse.emf.ecore.impl.EClassImpl@35ff072c (eProxyURI: platform:/plugin/org.emftext.language.java/metamodel/java.ecore#_Wo2Yu9z1Ed2bJ_pQViWxFg)
2025-04-23 15:59:10 INFO Pattern Conversion took 25.6575 ms
2025-04-23 15:59:10 INFO Starting SYNC
2025-04-23 15:59:10 WARN   LOADED MARKERS : 
    - 
2025-04-23 15:59:10 WARN No rule defined to cover the following change's type: [InsertEAttributeValue] AE=Package:1626bddf, name=peketsch
2025-04-23 15:59:10 WARN No rule defined to cover the following change's type: [InsertEAttributeValue] AE=Interface:7ef60c02, name=interfees
2025-04-23 15:59:10 WARN No rule defined to cover the following change's type: [InsertEAttributeValue] AE=Interface:6d0a14c2, name=superInterfees
2025-04-23 15:59:10 INFO Pattern Matching took 22.5371 ms
2025-04-23 15:59:10 INFO Created elements: 26
2025-04-23 15:59:10 INFO Deleted elements: 0
2025-04-23 15:59:10 INFO Completed SYNC in: 119 ms
2025-04-23 15:59:10 DEBUG BENCHMARKLOGGER logs: 
2025-04-23 15:59:10 DEBUG BenchmarkLogger
[
  Total elements created .. 26
  Total elements deleted .. 0
  Total matches found ..... 14
  Total matches repaired .. 0
  Total matches revoked ... 0
  Total matches applied ... 6
]
2025-04-23 15:59:10 INFO VitruviusBackwardConversionTGGEngine::terminate called. We do not use this.
2025-04-23 15:59:10 DEBUG Add root to resource: org.eclipse.emf.ecore.xmi.impl.XMIResourceImpl@2e44cb34 uri='target\Java2UmlEvaluationGoal1\testSuperInterfaceRemoved\uml_instance.model'
2025-04-23 15:59:10 INFO -- Added the following corrs: 
2025-04-23 15:59:10 INFO   - [CorrespondenceNode JavaCompilationUnitToUmlModel] SRC=CompilationUnit:5d9d8e46, name=null, TRG=Model:6bc62bb9, name=UML_MODEL
2025-04-23 15:59:10 INFO   - [CorrespondenceNode JavaClassifierToUmlClassifier] SRC=Interface:6d0a14c2, name=superInterfees, TRG=Interface:175bf9c9, name=superInterfees
2025-04-23 15:59:10 INFO   - [CorrespondenceNode JavaClassifierToUmlClassifier] SRC=Interface:7ef60c02, name=interfees, TRG=Interface:705d914f, name=interfees
2025-04-23 15:59:10 INFO   - [CorrespondenceNode JavaPackageToUmlPackage] SRC=Package:1626bddf, name=peketsch, TRG=Package:2bf4fa1, name=peketsch
2025-04-23 15:59:10 INFO   - [CorrespondenceNode JavaCompilationUnitToUmlModel] SRC=CompilationUnit:7e691624, name=null, TRG=Model:3664c596, name=UML_MODEL
2025-04-23 15:59:10 DEBUG End recording virtual model
2025-04-23 15:59:10 DEBUG Propagated <input change> in [[http://www.emftext.org/java]] -> {[[http://www.eclipse.org/uml2/5.0.0/UML]]}
2025-04-23 15:59:10 DEBUG Propagated <input change> in [[http://www.emftext.org/java]] -> [[http://www.eclipse.org/uml2/5.0.0/UML]] -> {}
2025-04-23 15:59:10 DEBUG Propagated <input change> in [[http://www.emftext.org/java]] -> [[http://www.eclipse.org/uml2/5.0.0/UML]] -> {}
2025-04-23 15:59:10 DEBUG Start recording virtual model
2025-04-23 15:59:10 WARN propagateChange not implemented, use propagateChanges (with an s).
2025-04-23 15:59:10 WARN propagateChange not implemented, use propagateChanges (with an s).
2025-04-23 15:59:10 WARN propagateChange not implemented, use propagateChanges (with an s).
2025-04-23 15:59:10 WARN propagateChange not implemented, use propagateChanges (with an s).
2025-04-23 15:59:10 WARN propagateChange not implemented, use propagateChanges (with an s).
2025-04-23 15:59:10 WARN propagateChange not implemented, use propagateChanges (with an s).
2025-04-23 15:59:10 WARN propagateChange not implemented, use propagateChanges (with an s).
2025-04-23 15:59:10 WARN propagateChange not implemented, use propagateChanges (with an s).
2025-04-23 15:59:10 WARN propagateChange not implemented, use propagateChanges (with an s).
2025-04-23 15:59:10 WARN propagateChange not implemented, use propagateChanges (with an s).
2025-04-23 15:59:10 WARN propagateChange not implemented, use propagateChanges (with an s).
2025-04-23 15:59:10 WARN propagateChange not implemented, use propagateChanges (with an s).
2025-04-23 15:59:10 WARN propagateChange not implemented, use propagateChanges (with an s).
2025-04-23 15:59:10 WARN propagateChange not implemented, use propagateChanges (with an s).
2025-04-23 15:59:10 WARN propagateChange not implemented, use propagateChanges (with an s).
2025-04-23 15:59:10 WARN propagateChange not implemented, use propagateChanges (with an s).
2025-04-23 15:59:10 DEBUG End recording virtual model
2025-04-23 15:59:10 DEBUG Propagated <input change> in [[http://www.emftext.org/java]] -> {}
2025-04-23 15:59:10 DEBUG Saving all models of model repository for VSUM @target\Java2UmlEvaluationGoal1\testSuperInterfaceRemoved
2025-04-23 15:59:10 DEBUG Save resource: org.eclipse.emf.ecore.xmi.impl.XMIResourceImpl@2e44cb34 uri='target\Java2UmlEvaluationGoal1\testSuperInterfaceRemoved\uml_instance.model'
2025-04-23 15:59:10 DEBUG Finished synchronizing change: TransactionalChangeImpl: [
	create Uuid(ord__IXHWcCBLEfCt_d1Q4dqckw)
	insert Uuid(ord__IXHWcCBLEfCt_d1Q4dqckw) at target\Java2UmlEvaluationGoal1\testSuperInterfaceRemoved\java_instance.model (index 0)
	Uuid(ord__IXHWcCBLEfCt_d1Q4dqckw).name = peketsch (was )
	create Uuid(ord__IXH9gCBLEfCt_d1Q4dqckw)
	Uuid(ord__IXHWcCBLEfCt_d1Q4dqckw).compilationUnits += Uuid(ord__IXH9gCBLEfCt_d1Q4dqckw) (index 0)
	create Uuid(ord__IXH9gSBLEfCt_d1Q4dqckw)
	Uuid(ord__IXH9gCBLEfCt_d1Q4dqckw).classifiers += Uuid(ord__IXH9gSBLEfCt_d1Q4dqckw) (index 0)
	Uuid(ord__IXH9gSBLEfCt_d1Q4dqckw).name = interfees (was )
	create Uuid(ord__IXH9giBLEfCt_d1Q4dqckw)
	Uuid(ord__IXHWcCBLEfCt_d1Q4dqckw).compilationUnits += Uuid(ord__IXH9giBLEfCt_d1Q4dqckw) (index 1)
	create Uuid(ord__IXH9gyBLEfCt_d1Q4dqckw)
	Uuid(ord__IXH9giBLEfCt_d1Q4dqckw).classifiers += Uuid(ord__IXH9gyBLEfCt_d1Q4dqckw) (index 0)
	Uuid(ord__IXH9gyBLEfCt_d1Q4dqckw).name = superInterfees (was )
	create Uuid(ord__IXH9hCBLEfCt_d1Q4dqckw)
	Uuid(ord__IXH9gSBLEfCt_d1Q4dqckw).extends += Uuid(ord__IXH9hCBLEfCt_d1Q4dqckw) (index 0)
	Uuid(ord__IXH9hCBLEfCt_d1Q4dqckw).target = Uuid(ord__IXH9gyBLEfCt_d1Q4dqckw) (was )
]

2025-04-23 15:59:10 INFO Finished change propagation
assertChildMatches for StrucFeatExpectation [StrucFeatExpectation] packagedElement
assertChildMatches for StrucFeatExpectation [StrucFeatExpectation] generalization
assertChildMatches for StrucFeatExpectation [StrucFeatExpectation] general
2025-04-23 15:59:10 INFO Starting change propagation
2025-04-23 15:59:10 DEBUG Started synchronizing change: TransactionalChangeImpl: [
	Uuid(ord__IXH9gSBLEfCt_d1Q4dqckw).extends -= Uuid(ord__IXH9hCBLEfCt_d1Q4dqckw) (index 0)
	delete Uuid(ord__IXH9hCBLEfCt_d1Q4dqckw)
]

2025-04-23 15:59:10 DEBUG Start recording virtual model
2025-04-23 15:59:10 INFO ------- Calling ibex -------
2025-04-23 15:59:10 INFO Resource found. Now trying to load resource platform:/resource/Java2Uml/instances/corr.xmi which is located at C:\Users\XPS-15\IdeaProjects\Vitruv-TGG-Integration-Test\vsum\..\eclipse-ibex-workspace/Java2Uml/instances/corr.xmi
2025-04-23 15:59:11 INFO Resource found. Now trying to load resource platform:/resource/Java2Uml/instances/protocol.xmi which is located at C:\Users\XPS-15\IdeaProjects\Vitruv-TGG-Integration-Test\vsum\..\eclipse-ibex-workspace/Java2Uml/instances/protocol.xmi
2025-04-23 15:59:11 WARN CORRUPT RULE: InterfaceAttributeTypeToPropertyTypehas nodes and/ or edges whose type is an unresolved proxy!
2025-04-23 15:59:11 WARN   - field__typeReference__typeReference_eMoflonEdge, org.eclipse.emf.ecore.impl.EReferenceImpl@5ee0cf64 (eProxyURI: platform:/plugin/org.emftext.language.java/metamodel/java.ecore#_Wo2ZQdz1Ed2bJ_pQViWxFg)
2025-04-23 15:59:11 WARN CORRUPT RULE: MethodEnumParamTypeToParamTypehas nodes and/ or edges whose type is an unresolved proxy!
2025-04-23 15:59:11 WARN   - parameter__typeReference__typeReference_eMoflonEdge, org.eclipse.emf.ecore.impl.EReferenceImpl@14c5283 (eProxyURI: platform:/plugin/org.emftext.language.java/metamodel/java.ecore#_Wo2ZQdz1Ed2bJ_pQViWxFg)
2025-04-23 15:59:11 WARN CORRUPT RULE: InterfaceAbstractToAbstracthas nodes and/ or edges whose type is an unresolved proxy!
2025-04-23 15:59:11 WARN   - modifier, org.eclipse.emf.ecore.impl.EClassImpl@46748b04 (eProxyURI: platform:/plugin/org.emftext.language.java/metamodel/java.ecore#_Wo2Yt9z1Ed2bJ_pQViWxFg)
2025-04-23 15:59:11 WARN CORRUPT RULE: EnumAttributeTypeToPropertyTypehas nodes and/ or edges whose type is an unresolved proxy!
2025-04-23 15:59:11 WARN   - field__typeReference__typeReference_eMoflonEdge, org.eclipse.emf.ecore.impl.EReferenceImpl@5d4a34ff (eProxyURI: platform:/plugin/org.emftext.language.java/metamodel/java.ecore#_Wo2ZQdz1Ed2bJ_pQViWxFg)
2025-04-23 15:59:11 WARN CORRUPT RULE: FieldStaticToStatichas nodes and/ or edges whose type is an unresolved proxy!
2025-04-23 15:59:11 WARN   - modifier, org.eclipse.emf.ecore.impl.EClassImpl@1ef04613 (eProxyURI: platform:/plugin/org.emftext.language.java/metamodel/java.ecore#_Wo2Yv9z1Ed2bJ_pQViWxFg)
2025-04-23 15:59:11 WARN CORRUPT RULE: ClassAbstractToAbstracthas nodes and/ or edges whose type is an unresolved proxy!
2025-04-23 15:59:11 WARN   - modifier, org.eclipse.emf.ecore.impl.EClassImpl@215c6ec0 (eProxyURI: platform:/plugin/org.emftext.language.java/metamodel/java.ecore#_Wo2Yt9z1Ed2bJ_pQViWxFg)
2025-04-23 15:59:11 WARN CORRUPT RULE: EnumProtectedToProtectedhas nodes and/ or edges whose type is an unresolved proxy!
2025-04-23 15:59:11 WARN   - modifier, org.eclipse.emf.ecore.impl.EClassImpl@37c5b8e8 (eProxyURI: platform:/plugin/org.emftext.language.java/metamodel/java.ecore#_Wo2Yudz1Ed2bJ_pQViWxFg)
2025-04-23 15:59:11 WARN CORRUPT RULE: MethodInterfaceParamTypeToParamTypehas nodes and/ or edges whose type is an unresolved proxy!
2025-04-23 15:59:11 WARN   - parameter__typeReference__typeReference_eMoflonEdge, org.eclipse.emf.ecore.impl.EReferenceImpl@3205610d (eProxyURI: platform:/plugin/org.emftext.language.java/metamodel/java.ecore#_Wo2ZQdz1Ed2bJ_pQViWxFg)
2025-04-23 15:59:11 WARN CORRUPT RULE: ClassProtectedToProtectedhas nodes and/ or edges whose type is an unresolved proxy!
2025-04-23 15:59:11 WARN   - modifier, org.eclipse.emf.ecore.impl.EClassImpl@4e789704 (eProxyURI: platform:/plugin/org.emftext.language.java/metamodel/java.ecore#_Wo2Yudz1Ed2bJ_pQViWxFg)
2025-04-23 15:59:11 WARN CORRUPT RULE: InterfaceProtectedToProtectedhas nodes and/ or edges whose type is an unresolved proxy!
2025-04-23 15:59:11 WARN   - modifier, org.eclipse.emf.ecore.impl.EClassImpl@4e45fbd0 (eProxyURI: platform:/plugin/org.emftext.language.java/metamodel/java.ecore#_Wo2Yudz1Ed2bJ_pQViWxFg)
2025-04-23 15:59:11 WARN CORRUPT RULE: EnumPublicToPublichas nodes and/ or edges whose type is an unresolved proxy!
2025-04-23 15:59:11 WARN   - modifier, org.eclipse.emf.ecore.impl.EClassImpl@13047d3d (eProxyURI: platform:/plugin/org.emftext.language.java/metamodel/java.ecore#_Wo2Ytdz1Ed2bJ_pQViWxFg)
2025-04-23 15:59:11 WARN CORRUPT RULE: MethodAbstractToAbstracthas nodes and/ or edges whose type is an unresolved proxy!
2025-04-23 15:59:11 WARN   - modifier, org.eclipse.emf.ecore.impl.EClassImpl@2a5efbb9 (eProxyURI: platform:/plugin/org.emftext.language.java/metamodel/java.ecore#_Wo2Yt9z1Ed2bJ_pQViWxFg)
2025-04-23 15:59:11 WARN CORRUPT RULE: MethodInterfaceReturnTypeToReturnTypehas nodes and/ or edges whose type is an unresolved proxy!
2025-04-23 15:59:11 WARN   - javaMethod__typeReference__typeReference_eMoflonEdge, org.eclipse.emf.ecore.impl.EReferenceImpl@73e93c3a (eProxyURI: platform:/plugin/org.emftext.language.java/metamodel/java.ecore#_Wo2ZQdz1Ed2bJ_pQViWxFg)
2025-04-23 15:59:11 WARN CORRUPT RULE: MethodEnumReturnTypeToReturnTypehas nodes and/ or edges whose type is an unresolved proxy!
2025-04-23 15:59:11 WARN   - javaMethod__typeReference__typeReference_eMoflonEdge, org.eclipse.emf.ecore.impl.EReferenceImpl@456b140f (eProxyURI: platform:/plugin/org.emftext.language.java/metamodel/java.ecore#_Wo2ZQdz1Ed2bJ_pQViWxFg)
2025-04-23 15:59:11 WARN CORRUPT RULE: MethodClassParamTypeToParamTypehas nodes and/ or edges whose type is an unresolved proxy!
2025-04-23 15:59:11 WARN   - parameter__typeReference__typeReference_eMoflonEdge, org.eclipse.emf.ecore.impl.EReferenceImpl@1e6bd367 (eProxyURI: platform:/plugin/org.emftext.language.java/metamodel/java.ecore#_Wo2ZQdz1Ed2bJ_pQViWxFg)
2025-04-23 15:59:11 WARN CORRUPT RULE: MethodClassReturnTypeToReturnTypehas nodes and/ or edges whose type is an unresolved proxy!
2025-04-23 15:59:11 WARN   - javaMethod__typeReference__typeReference_eMoflonEdge, org.eclipse.emf.ecore.impl.EReferenceImpl@3601549f (eProxyURI: platform:/plugin/org.emftext.language.java/metamodel/java.ecore#_Wo2ZQdz1Ed2bJ_pQViWxFg)
2025-04-23 15:59:11 WARN CORRUPT RULE: FieldFinalToFinalhas nodes and/ or edges whose type is an unresolved proxy!
2025-04-23 15:59:11 WARN   - modifier, org.eclipse.emf.ecore.impl.EClassImpl@1b9c716f (eProxyURI: platform:/plugin/org.emftext.language.java/metamodel/java.ecore#_Wo2Yvdz1Ed2bJ_pQViWxFg)
2025-04-23 15:59:11 WARN CORRUPT RULE: MethodFinalToFinalhas nodes and/ or edges whose type is an unresolved proxy!
2025-04-23 15:59:11 WARN   - modifier, org.eclipse.emf.ecore.impl.EClassImpl@33f2cf82 (eProxyURI: platform:/plugin/org.emftext.language.java/metamodel/java.ecore#_Wo2Yvdz1Ed2bJ_pQViWxFg)
2025-04-23 15:59:11 WARN CORRUPT RULE: ClassAttributeTypeToPropertyTypehas nodes and/ or edges whose type is an unresolved proxy!
2025-04-23 15:59:11 WARN   - field__typeReference__typeReference_eMoflonEdge, org.eclipse.emf.ecore.impl.EReferenceImpl@73852720 (eProxyURI: platform:/plugin/org.emftext.language.java/metamodel/java.ecore#_Wo2ZQdz1Ed2bJ_pQViWxFg)
2025-04-23 15:59:11 WARN CORRUPT RULE: InterfacePrivateToPrivatehas nodes and/ or edges whose type is an unresolved proxy!
2025-04-23 15:59:11 WARN   - modifier, org.eclipse.emf.ecore.impl.EClassImpl@7ae0a26 (eProxyURI: platform:/plugin/org.emftext.language.java/metamodel/java.ecore#_Wo2Yu9z1Ed2bJ_pQViWxFg)
2025-04-23 15:59:11 WARN CORRUPT RULE: InterfaceFinalToFinalhas nodes and/ or edges whose type is an unresolved proxy!
2025-04-23 15:59:11 WARN   - modifier, org.eclipse.emf.ecore.impl.EClassImpl@7b9d1a4 (eProxyURI: platform:/plugin/org.emftext.language.java/metamodel/java.ecore#_Wo2Yvdz1Ed2bJ_pQViWxFg)
2025-04-23 15:59:11 WARN CORRUPT RULE: ClassPublicToPublichas nodes and/ or edges whose type is an unresolved proxy!
2025-04-23 15:59:11 WARN   - modifier, org.eclipse.emf.ecore.impl.EClassImpl@7845ee8a (eProxyURI: platform:/plugin/org.emftext.language.java/metamodel/java.ecore#_Wo2Ytdz1Ed2bJ_pQViWxFg)
2025-04-23 15:59:11 WARN CORRUPT RULE: ConstructorInterfaceParamTypeToParamTypehas nodes and/ or edges whose type is an unresolved proxy!
2025-04-23 15:59:11 WARN   - parameter__typeReference__typeReference_eMoflonEdge, org.eclipse.emf.ecore.impl.EReferenceImpl@16c8e9b8 (eProxyURI: platform:/plugin/org.emftext.language.java/metamodel/java.ecore#_Wo2ZQdz1Ed2bJ_pQViWxFg)
2025-04-23 15:59:11 WARN CORRUPT RULE: ClassFinalToFinalhas nodes and/ or edges whose type is an unresolved proxy!
2025-04-23 15:59:11 WARN   - modifier, org.eclipse.emf.ecore.impl.EClassImpl@27d6267e (eProxyURI: platform:/plugin/org.emftext.language.java/metamodel/java.ecore#_Wo2Yvdz1Ed2bJ_pQViWxFg)
2025-04-23 15:59:11 WARN CORRUPT RULE: EnumAbstractToAbstracthas nodes and/ or edges whose type is an unresolved proxy!
2025-04-23 15:59:11 WARN   - modifier, org.eclipse.emf.ecore.impl.EClassImpl@f96654 (eProxyURI: platform:/plugin/org.emftext.language.java/metamodel/java.ecore#_Wo2Yt9z1Ed2bJ_pQViWxFg)
2025-04-23 15:59:11 WARN CORRUPT RULE: EnumPrivateToPrivatehas nodes and/ or edges whose type is an unresolved proxy!
2025-04-23 15:59:11 WARN   - modifier, org.eclipse.emf.ecore.impl.EClassImpl@637506d8 (eProxyURI: platform:/plugin/org.emftext.language.java/metamodel/java.ecore#_Wo2Yu9z1Ed2bJ_pQViWxFg)
2025-04-23 15:59:11 WARN CORRUPT RULE: MethodStaticToStatichas nodes and/ or edges whose type is an unresolved proxy!
2025-04-23 15:59:11 WARN   - modifier, org.eclipse.emf.ecore.impl.EClassImpl@1760e688 (eProxyURI: platform:/plugin/org.emftext.language.java/metamodel/java.ecore#_Wo2Yv9z1Ed2bJ_pQViWxFg)
2025-04-23 15:59:11 WARN CORRUPT RULE: InterfacePublicToPublichas nodes and/ or edges whose type is an unresolved proxy!
2025-04-23 15:59:11 WARN   - modifier, org.eclipse.emf.ecore.impl.EClassImpl@18f4086e (eProxyURI: platform:/plugin/org.emftext.language.java/metamodel/java.ecore#_Wo2Ytdz1Ed2bJ_pQViWxFg)
2025-04-23 15:59:11 WARN CORRUPT RULE: ConstructorEnumParamTypeToParamTypehas nodes and/ or edges whose type is an unresolved proxy!
2025-04-23 15:59:11 WARN   - parameter__typeReference__typeReference_eMoflonEdge, org.eclipse.emf.ecore.impl.EReferenceImpl@538f45f1 (eProxyURI: platform:/plugin/org.emftext.language.java/metamodel/java.ecore#_Wo2ZQdz1Ed2bJ_pQViWxFg)
2025-04-23 15:59:11 WARN CORRUPT RULE: EnumFinalToFinalhas nodes and/ or edges whose type is an unresolved proxy!
2025-04-23 15:59:11 WARN   - modifier, org.eclipse.emf.ecore.impl.EClassImpl@5cf3a7f9 (eProxyURI: platform:/plugin/org.emftext.language.java/metamodel/java.ecore#_Wo2Yvdz1Ed2bJ_pQViWxFg)
2025-04-23 15:59:11 WARN CORRUPT RULE: ClassPrivateToPrivatehas nodes and/ or edges whose type is an unresolved proxy!
2025-04-23 15:59:11 WARN   - modifier, org.eclipse.emf.ecore.impl.EClassImpl@6bd2f039 (eProxyURI: platform:/plugin/org.emftext.language.java/metamodel/java.ecore#_Wo2Yu9z1Ed2bJ_pQViWxFg)
2025-04-23 15:59:11 WARN CORRUPT RULE: ConstructorClassParamTypeToParamTypehas nodes and/ or edges whose type is an unresolved proxy!
2025-04-23 15:59:11 WARN   - parameter__typeReference__typeReference_eMoflonEdge, org.eclipse.emf.ecore.impl.EReferenceImpl@2d0778d0 (eProxyURI: platform:/plugin/org.emftext.language.java/metamodel/java.ecore#_Wo2ZQdz1Ed2bJ_pQViWxFg)
2025-04-23 15:59:11 INFO Pattern Conversion took 14.8624 ms
2025-04-23 15:59:11 INFO Starting SYNC
2025-04-23 15:59:11 INFO Object superclassTypeRef not found. This must really be a broken match!
2025-04-23 15:59:11 WARN   LOADED MARKERS : 
    - [VitruviusConsistencyMatch] patternName=JavaFirstCompilationUnitToUmlModel__CONSISTENCY, type=CONSISTENCY, ruleName=JavaFirstCompilationUnitToUmlModel
    - [VitruviusConsistencyMatch] patternName=JavaFirstCompilationUnitToUmlModel__CONSISTENCY, type=CONSISTENCY, ruleName=JavaFirstCompilationUnitToUmlModel
    - [VitruviusConsistencyMatch] patternName=ExistingSuperInterfaceToSuperInterface__CONSISTENCY, type=CONSISTENCY, ruleName=ExistingSuperInterfaceToSuperInterface
    - [VitruviusConsistencyMatch] patternName=InterfaceToUmlInterface__CONSISTENCY, type=CONSISTENCY, ruleName=InterfaceToUmlInterface
    - [VitruviusConsistencyMatch] patternName=RootJavaPackageToUmlPackage__CONSISTENCY, type=CONSISTENCY, ruleName=RootJavaPackageToUmlPackage
    - [VitruviusConsistencyMatch] patternName=InterfaceToUmlInterface__CONSISTENCY, type=CONSISTENCY, ruleName=InterfaceToUmlInterface
2025-04-23 15:59:11 WARN No rule defined to cover the following change's type: [RemoveEReference] AE=Interface:7ef60c02, name=interfees
2025-04-23 15:59:11 WARN No rule defined to cover the following change's type: [DeleteEObject] AE=ClassifierReference:5b64f771
2025-04-23 15:59:11 INFO Pattern Matching took 0.6811 ms
2025-04-23 15:59:11 INFO Object superclassTypeRef not found. This must really be a broken match!
2025-04-23 15:59:11 WARN   handle breaking change: [RemoveEReference] AE=Interface:7ef60c02, name=interfees
2025-04-23 15:59:11 INFO Object superclassTypeRef not found. This must really be a broken match!
2025-04-23 15:59:11 WARN   handle breaking change: [RemoveEReference] AE=Interface:7ef60c02, name=interfees
2025-04-23 15:59:11 INFO Object superclassTypeRef not found. This must really be a broken match!
2025-04-23 15:59:11 WARN   handle breaking change: [RemoveEReference] AE=Interface:7ef60c02, name=interfees
2025-04-23 15:59:11 INFO Object superclassTypeRef not found. This must really be a broken match!
2025-04-23 15:59:11 WARN   handle breaking change: [RemoveEReference] AE=Interface:7ef60c02, name=interfees
2025-04-23 15:59:11 WARN   handle breaking change: [RemoveEReference] AE=Interface:7ef60c02, name=interfees
2025-04-23 15:59:11 WARN No rule defined to cover the following change's type: [RemoveEReference] AE=Interface:7ef60c02, name=interfees
2025-04-23 15:59:11 WARN No rule defined to cover the following change's type: [DeleteEObject] AE=ClassifierReference:5b64f771
2025-04-23 15:59:11 WARN   handle breaking change: [RemoveEReference] AE=Interface:7ef60c02, name=interfees
2025-04-23 15:59:11 INFO Created elements: 0
2025-04-23 15:59:11 INFO Deleted elements: 1
2025-04-23 15:59:11 INFO Completed SYNC in: 52 ms
2025-04-23 15:59:11 DEBUG BENCHMARKLOGGER logs: 
2025-04-23 15:59:11 DEBUG BenchmarkLogger
[
  Total elements created .. 0
  Total elements deleted .. 1
  Total matches found ..... 6
  Total matches repaired .. 0
  Total matches revoked ... 1
  Total matches applied ... 0
]
2025-04-23 15:59:11 INFO VitruviusBackwardConversionTGGEngine::terminate called. We do not use this.
2025-04-23 15:59:11 INFO --- No correspondences added.
2025-04-23 15:59:11 DEBUG End recording virtual model
2025-04-23 15:59:11 DEBUG Propagated <input change> in [[http://www.emftext.org/java]] -> {[[http://www.eclipse.org/uml2/5.0.0/UML]]}
2025-04-23 15:59:11 DEBUG Propagated <input change> in [[http://www.emftext.org/java]] -> [[http://www.eclipse.org/uml2/5.0.0/UML]] -> {}
2025-04-23 15:59:11 DEBUG Propagated <input change> in [[http://www.emftext.org/java]] -> [[http://www.eclipse.org/uml2/5.0.0/UML]] -> {}
2025-04-23 15:59:11 DEBUG Start recording virtual model
2025-04-23 15:59:11 WARN propagateChange not implemented, use propagateChanges (with an s).
2025-04-23 15:59:11 WARN propagateChange not implemented, use propagateChanges (with an s).
2025-04-23 15:59:11 DEBUG End recording virtual model
2025-04-23 15:59:11 DEBUG Propagated <input change> in [[http://www.emftext.org/java]] -> {}
2025-04-23 15:59:11 DEBUG Saving all models of model repository for VSUM @target\Java2UmlEvaluationGoal1\testSuperInterfaceRemoved
2025-04-23 15:59:11 DEBUG Save resource: org.eclipse.emf.ecore.xmi.impl.XMIResourceImpl@2e44cb34 uri='target\Java2UmlEvaluationGoal1\testSuperInterfaceRemoved\uml_instance.model'
2025-04-23 15:59:11 DEBUG Finished synchronizing change: TransactionalChangeImpl: [
	Uuid(ord__IXH9gSBLEfCt_d1Q4dqckw).extends -= Uuid(ord__IXH9hCBLEfCt_d1Q4dqckw) (index 0)
	delete Uuid(ord__IXH9hCBLEfCt_d1Q4dqckw)
]

2025-04-23 15:59:11 INFO Finished change propagation
assertChildMatches for StrucFeatExpectation [StrucFeatExpectation] packagedElement
assertChildMatches for StrucFeatExpectation [StrucFeatExpectation] generalization
]]></system-out>
  </testcase>
  <testcase name="testClassMethodToMethod" classname="tools.vitruv.methodologisttemplate.vsum.Java2UmlEvaluationGoal1Test" time="0.379">
    <system-out><![CDATA[2025-04-23 15:59:11 INFO eclipse-ibex-workspace: C:\Users\XPS-15\IdeaProjects\Vitruv-TGG-Integration-Test\vsum\..\eclipse-ibex-workspace\Java2Uml
2025-04-23 15:59:11 INFO setupCorrAndProtocol: Wiping corr.xmi and protocol.xmi
2025-04-23 15:59:11 INFO setupCorrAndProtocol: Wiping corr.xmi and protocol.xmi
2025-04-23 15:59:11 INFO Starting change propagation
2025-04-23 15:59:11 DEBUG Started synchronizing change: TransactionalChangeImpl: [
	create Uuid(ord__IfjgwCBLEfCt_d1Q4dqckw)
	insert Uuid(ord__IfjgwCBLEfCt_d1Q4dqckw) at target\Java2UmlEvaluationGoal1\testClassMethodToMethod\java_instance.model (index 0)
	Uuid(ord__IfjgwCBLEfCt_d1Q4dqckw).name = peketsch (was )
	create Uuid(ord__IfkH0CBLEfCt_d1Q4dqckw)
	Uuid(ord__IfjgwCBLEfCt_d1Q4dqckw).compilationUnits += Uuid(ord__IfkH0CBLEfCt_d1Q4dqckw) (index 0)
	create Uuid(ord__IfkH0SBLEfCt_d1Q4dqckw)
	Uuid(ord__IfkH0CBLEfCt_d1Q4dqckw).classifiers += Uuid(ord__IfkH0SBLEfCt_d1Q4dqckw) (index 0)
	Uuid(ord__IfkH0SBLEfCt_d1Q4dqckw).name = kless (was )
	create Uuid(ord__IfkH0iBLEfCt_d1Q4dqckw)
	Uuid(ord__IfkH0SBLEfCt_d1Q4dqckw).members += Uuid(ord__IfkH0iBLEfCt_d1Q4dqckw) (index 0)
	Uuid(ord__IfkH0iBLEfCt_d1Q4dqckw).name = methed (was )
]

2025-04-23 15:59:11 DEBUG Create model instance for resource with URI: target\Java2UmlEvaluationGoal1\testClassMethodToMethod\java_instance.model
2025-04-23 15:59:11 DEBUG Start recording virtual model
2025-04-23 15:59:11 INFO ------- Calling ibex -------
2025-04-23 15:59:11 INFO Source Model has no respective target model yet. Creating one.
2025-04-23 15:59:11 DEBUG Create model instance for resource with URI: target\Java2UmlEvaluationGoal1\testClassMethodToMethod\uml_instance.model
2025-04-23 15:59:11 INFO Resource not found. Not loading. Path=C:\Users\XPS-15\IdeaProjects\Vitruv-TGG-Integration-Test\vsum\..\eclipse-ibex-workspace/Java2Uml/instances/corr.xmi
2025-04-23 15:59:11 INFO Resource not found. Not loading. Path=C:\Users\XPS-15\IdeaProjects\Vitruv-TGG-Integration-Test\vsum\..\eclipse-ibex-workspace/Java2Uml/instances/protocol.xmi
2025-04-23 15:59:11 WARN CORRUPT RULE: MethodEnumReturnTypeToReturnTypehas nodes and/ or edges whose type is an unresolved proxy!
2025-04-23 15:59:11 WARN   - javaMethod__typeReference__typeReference_eMoflonEdge, org.eclipse.emf.ecore.impl.EReferenceImpl@6bf77ee (eProxyURI: platform:/plugin/org.emftext.language.java/metamodel/java.ecore#_Wo2ZQdz1Ed2bJ_pQViWxFg)
2025-04-23 15:59:11 WARN CORRUPT RULE: InterfacePrivateToPrivatehas nodes and/ or edges whose type is an unresolved proxy!
2025-04-23 15:59:11 WARN   - modifier, org.eclipse.emf.ecore.impl.EClassImpl@372841d2 (eProxyURI: platform:/plugin/org.emftext.language.java/metamodel/java.ecore#_Wo2Yu9z1Ed2bJ_pQViWxFg)
2025-04-23 15:59:11 WARN CORRUPT RULE: EnumAttributeTypeToPropertyTypehas nodes and/ or edges whose type is an unresolved proxy!
2025-04-23 15:59:11 WARN   - field__typeReference__typeReference_eMoflonEdge, org.eclipse.emf.ecore.impl.EReferenceImpl@117069f2 (eProxyURI: platform:/plugin/org.emftext.language.java/metamodel/java.ecore#_Wo2ZQdz1Ed2bJ_pQViWxFg)
2025-04-23 15:59:11 WARN CORRUPT RULE: MethodInterfaceReturnTypeToReturnTypehas nodes and/ or edges whose type is an unresolved proxy!
2025-04-23 15:59:11 WARN   - javaMethod__typeReference__typeReference_eMoflonEdge, org.eclipse.emf.ecore.impl.EReferenceImpl@2b82018 (eProxyURI: platform:/plugin/org.emftext.language.java/metamodel/java.ecore#_Wo2ZQdz1Ed2bJ_pQViWxFg)
2025-04-23 15:59:11 WARN CORRUPT RULE: ConstructorInterfaceParamTypeToParamTypehas nodes and/ or edges whose type is an unresolved proxy!
2025-04-23 15:59:11 WARN   - parameter__typeReference__typeReference_eMoflonEdge, org.eclipse.emf.ecore.impl.EReferenceImpl@17034458 (eProxyURI: platform:/plugin/org.emftext.language.java/metamodel/java.ecore#_Wo2ZQdz1Ed2bJ_pQViWxFg)
2025-04-23 15:59:11 WARN CORRUPT RULE: ClassPublicToPublichas nodes and/ or edges whose type is an unresolved proxy!
2025-04-23 15:59:11 WARN   - modifier, org.eclipse.emf.ecore.impl.EClassImpl@7df5549e (eProxyURI: platform:/plugin/org.emftext.language.java/metamodel/java.ecore#_Wo2Ytdz1Ed2bJ_pQViWxFg)
2025-04-23 15:59:11 WARN CORRUPT RULE: EnumFinalToFinalhas nodes and/ or edges whose type is an unresolved proxy!
2025-04-23 15:59:11 WARN   - modifier, org.eclipse.emf.ecore.impl.EClassImpl@11174bf (eProxyURI: platform:/plugin/org.emftext.language.java/metamodel/java.ecore#_Wo2Yvdz1Ed2bJ_pQViWxFg)
2025-04-23 15:59:11 WARN CORRUPT RULE: EnumProtectedToProtectedhas nodes and/ or edges whose type is an unresolved proxy!
2025-04-23 15:59:11 WARN   - modifier, org.eclipse.emf.ecore.impl.EClassImpl@188ae8d2 (eProxyURI: platform:/plugin/org.emftext.language.java/metamodel/java.ecore#_Wo2Yudz1Ed2bJ_pQViWxFg)
2025-04-23 15:59:11 WARN CORRUPT RULE: MethodInterfaceParamTypeToParamTypehas nodes and/ or edges whose type is an unresolved proxy!
2025-04-23 15:59:11 WARN   - parameter__typeReference__typeReference_eMoflonEdge, org.eclipse.emf.ecore.impl.EReferenceImpl@706c062e (eProxyURI: platform:/plugin/org.emftext.language.java/metamodel/java.ecore#_Wo2ZQdz1Ed2bJ_pQViWxFg)
2025-04-23 15:59:11 WARN CORRUPT RULE: MethodClassReturnTypeToReturnTypehas nodes and/ or edges whose type is an unresolved proxy!
2025-04-23 15:59:11 WARN   - javaMethod__typeReference__typeReference_eMoflonEdge, org.eclipse.emf.ecore.impl.EReferenceImpl@10ec4721 (eProxyURI: platform:/plugin/org.emftext.language.java/metamodel/java.ecore#_Wo2ZQdz1Ed2bJ_pQViWxFg)
2025-04-23 15:59:11 WARN CORRUPT RULE: ConstructorEnumParamTypeToParamTypehas nodes and/ or edges whose type is an unresolved proxy!
2025-04-23 15:59:11 WARN   - parameter__typeReference__typeReference_eMoflonEdge, org.eclipse.emf.ecore.impl.EReferenceImpl@6b92a0d1 (eProxyURI: platform:/plugin/org.emftext.language.java/metamodel/java.ecore#_Wo2ZQdz1Ed2bJ_pQViWxFg)
2025-04-23 15:59:11 WARN CORRUPT RULE: ConstructorClassParamTypeToParamTypehas nodes and/ or edges whose type is an unresolved proxy!
2025-04-23 15:59:11 WARN   - parameter__typeReference__typeReference_eMoflonEdge, org.eclipse.emf.ecore.impl.EReferenceImpl@39b95a80 (eProxyURI: platform:/plugin/org.emftext.language.java/metamodel/java.ecore#_Wo2ZQdz1Ed2bJ_pQViWxFg)
2025-04-23 15:59:11 WARN CORRUPT RULE: InterfaceProtectedToProtectedhas nodes and/ or edges whose type is an unresolved proxy!
2025-04-23 15:59:11 WARN   - modifier, org.eclipse.emf.ecore.impl.EClassImpl@402c9a60 (eProxyURI: platform:/plugin/org.emftext.language.java/metamodel/java.ecore#_Wo2Yudz1Ed2bJ_pQViWxFg)
2025-04-23 15:59:11 WARN CORRUPT RULE: EnumAbstractToAbstracthas nodes and/ or edges whose type is an unresolved proxy!
2025-04-23 15:59:11 WARN   - modifier, org.eclipse.emf.ecore.impl.EClassImpl@eddc9bb (eProxyURI: platform:/plugin/org.emftext.language.java/metamodel/java.ecore#_Wo2Yt9z1Ed2bJ_pQViWxFg)
2025-04-23 15:59:11 WARN CORRUPT RULE: MethodAbstractToAbstracthas nodes and/ or edges whose type is an unresolved proxy!
2025-04-23 15:59:11 WARN   - modifier, org.eclipse.emf.ecore.impl.EClassImpl@25c548d1 (eProxyURI: platform:/plugin/org.emftext.language.java/metamodel/java.ecore#_Wo2Yt9z1Ed2bJ_pQViWxFg)
2025-04-23 15:59:11 WARN CORRUPT RULE: MethodClassParamTypeToParamTypehas nodes and/ or edges whose type is an unresolved proxy!
2025-04-23 15:59:11 WARN   - parameter__typeReference__typeReference_eMoflonEdge, org.eclipse.emf.ecore.impl.EReferenceImpl@279ab15e (eProxyURI: platform:/plugin/org.emftext.language.java/metamodel/java.ecore#_Wo2ZQdz1Ed2bJ_pQViWxFg)
2025-04-23 15:59:11 WARN CORRUPT RULE: MethodEnumParamTypeToParamTypehas nodes and/ or edges whose type is an unresolved proxy!
2025-04-23 15:59:11 WARN   - parameter__typeReference__typeReference_eMoflonEdge, org.eclipse.emf.ecore.impl.EReferenceImpl@5810772a (eProxyURI: platform:/plugin/org.emftext.language.java/metamodel/java.ecore#_Wo2ZQdz1Ed2bJ_pQViWxFg)
2025-04-23 15:59:11 WARN CORRUPT RULE: InterfaceAttributeTypeToPropertyTypehas nodes and/ or edges whose type is an unresolved proxy!
2025-04-23 15:59:11 WARN   - field__typeReference__typeReference_eMoflonEdge, org.eclipse.emf.ecore.impl.EReferenceImpl@3ccefe1b (eProxyURI: platform:/plugin/org.emftext.language.java/metamodel/java.ecore#_Wo2ZQdz1Ed2bJ_pQViWxFg)
2025-04-23 15:59:11 WARN CORRUPT RULE: ClassAttributeTypeToPropertyTypehas nodes and/ or edges whose type is an unresolved proxy!
2025-04-23 15:59:11 WARN   - field__typeReference__typeReference_eMoflonEdge, org.eclipse.emf.ecore.impl.EReferenceImpl@51e0f2eb (eProxyURI: platform:/plugin/org.emftext.language.java/metamodel/java.ecore#_Wo2ZQdz1Ed2bJ_pQViWxFg)
2025-04-23 15:59:11 WARN CORRUPT RULE: MethodFinalToFinalhas nodes and/ or edges whose type is an unresolved proxy!
2025-04-23 15:59:11 WARN   - modifier, org.eclipse.emf.ecore.impl.EClassImpl@31a4db4f (eProxyURI: platform:/plugin/org.emftext.language.java/metamodel/java.ecore#_Wo2Yvdz1Ed2bJ_pQViWxFg)
2025-04-23 15:59:11 WARN CORRUPT RULE: ClassAbstractToAbstracthas nodes and/ or edges whose type is an unresolved proxy!
2025-04-23 15:59:11 WARN   - modifier, org.eclipse.emf.ecore.impl.EClassImpl@7e63374b (eProxyURI: platform:/plugin/org.emftext.language.java/metamodel/java.ecore#_Wo2Yt9z1Ed2bJ_pQViWxFg)
2025-04-23 15:59:11 WARN CORRUPT RULE: ClassProtectedToProtectedhas nodes and/ or edges whose type is an unresolved proxy!
2025-04-23 15:59:11 WARN   - modifier, org.eclipse.emf.ecore.impl.EClassImpl@1dce481b (eProxyURI: platform:/plugin/org.emftext.language.java/metamodel/java.ecore#_Wo2Yudz1Ed2bJ_pQViWxFg)
2025-04-23 15:59:11 WARN CORRUPT RULE: FieldFinalToFinalhas nodes and/ or edges whose type is an unresolved proxy!
2025-04-23 15:59:11 WARN   - modifier, org.eclipse.emf.ecore.impl.EClassImpl@45753c22 (eProxyURI: platform:/plugin/org.emftext.language.java/metamodel/java.ecore#_Wo2Yvdz1Ed2bJ_pQViWxFg)
2025-04-23 15:59:11 WARN CORRUPT RULE: MethodStaticToStatichas nodes and/ or edges whose type is an unresolved proxy!
2025-04-23 15:59:11 WARN   - modifier, org.eclipse.emf.ecore.impl.EClassImpl@1ca0aa40 (eProxyURI: platform:/plugin/org.emftext.language.java/metamodel/java.ecore#_Wo2Yv9z1Ed2bJ_pQViWxFg)
2025-04-23 15:59:11 WARN CORRUPT RULE: EnumPublicToPublichas nodes and/ or edges whose type is an unresolved proxy!
2025-04-23 15:59:11 WARN   - modifier, org.eclipse.emf.ecore.impl.EClassImpl@e1fd2bf (eProxyURI: platform:/plugin/org.emftext.language.java/metamodel/java.ecore#_Wo2Ytdz1Ed2bJ_pQViWxFg)
2025-04-23 15:59:11 WARN CORRUPT RULE: InterfacePublicToPublichas nodes and/ or edges whose type is an unresolved proxy!
2025-04-23 15:59:11 WARN   - modifier, org.eclipse.emf.ecore.impl.EClassImpl@691eb389 (eProxyURI: platform:/plugin/org.emftext.language.java/metamodel/java.ecore#_Wo2Ytdz1Ed2bJ_pQViWxFg)
2025-04-23 15:59:11 WARN CORRUPT RULE: InterfaceFinalToFinalhas nodes and/ or edges whose type is an unresolved proxy!
2025-04-23 15:59:11 WARN   - modifier, org.eclipse.emf.ecore.impl.EClassImpl@40edc64e (eProxyURI: platform:/plugin/org.emftext.language.java/metamodel/java.ecore#_Wo2Yvdz1Ed2bJ_pQViWxFg)
2025-04-23 15:59:11 WARN CORRUPT RULE: FieldStaticToStatichas nodes and/ or edges whose type is an unresolved proxy!
2025-04-23 15:59:11 WARN   - modifier, org.eclipse.emf.ecore.impl.EClassImpl@372f7bc (eProxyURI: platform:/plugin/org.emftext.language.java/metamodel/java.ecore#_Wo2Yv9z1Ed2bJ_pQViWxFg)
2025-04-23 15:59:11 WARN CORRUPT RULE: EnumPrivateToPrivatehas nodes and/ or edges whose type is an unresolved proxy!
2025-04-23 15:59:11 WARN   - modifier, org.eclipse.emf.ecore.impl.EClassImpl@2699b656 (eProxyURI: platform:/plugin/org.emftext.language.java/metamodel/java.ecore#_Wo2Yu9z1Ed2bJ_pQViWxFg)
2025-04-23 15:59:11 WARN CORRUPT RULE: ClassPrivateToPrivatehas nodes and/ or edges whose type is an unresolved proxy!
2025-04-23 15:59:11 WARN   - modifier, org.eclipse.emf.ecore.impl.EClassImpl@49bc71b4 (eProxyURI: platform:/plugin/org.emftext.language.java/metamodel/java.ecore#_Wo2Yu9z1Ed2bJ_pQViWxFg)
2025-04-23 15:59:11 WARN CORRUPT RULE: InterfaceAbstractToAbstracthas nodes and/ or edges whose type is an unresolved proxy!
2025-04-23 15:59:11 WARN   - modifier, org.eclipse.emf.ecore.impl.EClassImpl@6c2f8ecb (eProxyURI: platform:/plugin/org.emftext.language.java/metamodel/java.ecore#_Wo2Yt9z1Ed2bJ_pQViWxFg)
2025-04-23 15:59:11 WARN CORRUPT RULE: ClassFinalToFinalhas nodes and/ or edges whose type is an unresolved proxy!
2025-04-23 15:59:11 WARN   - modifier, org.eclipse.emf.ecore.impl.EClassImpl@2626aa35 (eProxyURI: platform:/plugin/org.emftext.language.java/metamodel/java.ecore#_Wo2Yvdz1Ed2bJ_pQViWxFg)
2025-04-23 15:59:11 INFO Pattern Conversion took 15.7857 ms
2025-04-23 15:59:11 INFO Starting SYNC
2025-04-23 15:59:11 WARN   LOADED MARKERS : 
    - 
2025-04-23 15:59:11 WARN No rule defined to cover the following change's type: [InsertEAttributeValue] AE=Package:2e030cc1, name=peketsch
2025-04-23 15:59:11 WARN No rule defined to cover the following change's type: [InsertEAttributeValue] AE=Class:391e5ffa, name=kless
2025-04-23 15:59:11 WARN No rule defined to cover the following change's type: [InsertEAttributeValue] AE=ClassMethod:f4d391c, name=methed
2025-04-23 15:59:11 INFO Pattern Matching took 5.3669 ms
2025-04-23 15:59:11 INFO Created elements: 14
2025-04-23 15:59:11 INFO Deleted elements: 0
2025-04-23 15:59:11 INFO Completed SYNC in: 53 ms
2025-04-23 15:59:11 DEBUG BENCHMARKLOGGER logs: 
2025-04-23 15:59:11 DEBUG BenchmarkLogger
[
  Total elements created .. 14
  Total elements deleted .. 0
  Total matches found ..... 6
  Total matches repaired .. 0
  Total matches revoked ... 0
  Total matches applied ... 4
]
2025-04-23 15:59:11 INFO VitruviusBackwardConversionTGGEngine::terminate called. We do not use this.
2025-04-23 15:59:11 DEBUG Add root to resource: org.eclipse.emf.ecore.xmi.impl.XMIResourceImpl@20f99c18 uri='target\Java2UmlEvaluationGoal1\testClassMethodToMethod\uml_instance.model'
2025-04-23 15:59:11 INFO -- Added the following corrs: 
2025-04-23 15:59:11 INFO   - [CorrespondenceNode JavaClassifierToUmlClassifier] SRC=Class:391e5ffa, name=kless, TRG=Class:464d60fb, name=kless
2025-04-23 15:59:11 INFO   - [CorrespondenceNode JavaCompilationUnitToUmlModel] SRC=CompilationUnit:14bf9fd0, name=null, TRG=Model:55574295, name=UML_MODEL
2025-04-23 15:59:11 INFO   - [CorrespondenceNode JavaPackageToUmlPackage] SRC=Package:2e030cc1, name=peketsch, TRG=Package:3c271988, name=peketsch
2025-04-23 15:59:11 INFO   - [CorrespondenceNode JavaMethodToOperation] SRC=ClassMethod:f4d391c, name=methed, TRG=Operation:2de96eba, name=methed
2025-04-23 15:59:11 DEBUG End recording virtual model
2025-04-23 15:59:11 DEBUG Propagated <input change> in [[http://www.emftext.org/java]] -> {[[http://www.eclipse.org/uml2/5.0.0/UML]]}
2025-04-23 15:59:11 DEBUG Propagated <input change> in [[http://www.emftext.org/java]] -> [[http://www.eclipse.org/uml2/5.0.0/UML]] -> {}
2025-04-23 15:59:11 DEBUG Propagated <input change> in [[http://www.emftext.org/java]] -> [[http://www.eclipse.org/uml2/5.0.0/UML]] -> {}
2025-04-23 15:59:11 DEBUG Start recording virtual model
2025-04-23 15:59:11 WARN propagateChange not implemented, use propagateChanges (with an s).
2025-04-23 15:59:11 WARN propagateChange not implemented, use propagateChanges (with an s).
2025-04-23 15:59:11 WARN propagateChange not implemented, use propagateChanges (with an s).
2025-04-23 15:59:11 WARN propagateChange not implemented, use propagateChanges (with an s).
2025-04-23 15:59:11 WARN propagateChange not implemented, use propagateChanges (with an s).
2025-04-23 15:59:11 WARN propagateChange not implemented, use propagateChanges (with an s).
2025-04-23 15:59:11 WARN propagateChange not implemented, use propagateChanges (with an s).
2025-04-23 15:59:11 WARN propagateChange not implemented, use propagateChanges (with an s).
2025-04-23 15:59:11 WARN propagateChange not implemented, use propagateChanges (with an s).
2025-04-23 15:59:11 WARN propagateChange not implemented, use propagateChanges (with an s).
2025-04-23 15:59:11 WARN propagateChange not implemented, use propagateChanges (with an s).
2025-04-23 15:59:11 DEBUG End recording virtual model
2025-04-23 15:59:11 DEBUG Propagated <input change> in [[http://www.emftext.org/java]] -> {}
2025-04-23 15:59:11 DEBUG Saving all models of model repository for VSUM @target\Java2UmlEvaluationGoal1\testClassMethodToMethod
2025-04-23 15:59:11 DEBUG Save resource: org.eclipse.emf.ecore.xmi.impl.XMIResourceImpl@20f99c18 uri='target\Java2UmlEvaluationGoal1\testClassMethodToMethod\uml_instance.model'
2025-04-23 15:59:11 DEBUG Finished synchronizing change: TransactionalChangeImpl: [
	create Uuid(ord__IfjgwCBLEfCt_d1Q4dqckw)
	insert Uuid(ord__IfjgwCBLEfCt_d1Q4dqckw) at target\Java2UmlEvaluationGoal1\testClassMethodToMethod\java_instance.model (index 0)
	Uuid(ord__IfjgwCBLEfCt_d1Q4dqckw).name = peketsch (was )
	create Uuid(ord__IfkH0CBLEfCt_d1Q4dqckw)
	Uuid(ord__IfjgwCBLEfCt_d1Q4dqckw).compilationUnits += Uuid(ord__IfkH0CBLEfCt_d1Q4dqckw) (index 0)
	create Uuid(ord__IfkH0SBLEfCt_d1Q4dqckw)
	Uuid(ord__IfkH0CBLEfCt_d1Q4dqckw).classifiers += Uuid(ord__IfkH0SBLEfCt_d1Q4dqckw) (index 0)
	Uuid(ord__IfkH0SBLEfCt_d1Q4dqckw).name = kless (was )
	create Uuid(ord__IfkH0iBLEfCt_d1Q4dqckw)
	Uuid(ord__IfkH0SBLEfCt_d1Q4dqckw).members += Uuid(ord__IfkH0iBLEfCt_d1Q4dqckw) (index 0)
	Uuid(ord__IfkH0iBLEfCt_d1Q4dqckw).name = methed (was )
]

2025-04-23 15:59:11 INFO Finished change propagation
]]></system-out>
  </testcase>
  <testcase name="testJavaCompilationUnitToUmlModel" classname="tools.vitruv.methodologisttemplate.vsum.Java2UmlEvaluationGoal1Test" time="0.329">
    <system-out><![CDATA[2025-04-23 15:59:11 INFO eclipse-ibex-workspace: C:\Users\XPS-15\IdeaProjects\Vitruv-TGG-Integration-Test\vsum\..\eclipse-ibex-workspace\Java2Uml
2025-04-23 15:59:11 INFO setupCorrAndProtocol: Wiping corr.xmi and protocol.xmi
2025-04-23 15:59:11 INFO setupCorrAndProtocol: Wiping corr.xmi and protocol.xmi
2025-04-23 15:59:11 INFO Starting change propagation
2025-04-23 15:59:11 DEBUG Started synchronizing change: TransactionalChangeImpl: [
	create Uuid(ord__IjIZMCBLEfCt_d1Q4dqckw)
	insert Uuid(ord__IjIZMCBLEfCt_d1Q4dqckw) at target\Java2UmlEvaluationGoal1\testJavaCompilationUnitToUmlModel\java_instance.model (index 0)
	Uuid(ord__IjIZMCBLEfCt_d1Q4dqckw).name = peketsch (was )
	create Uuid(ord__IjIZMSBLEfCt_d1Q4dqckw)
	Uuid(ord__IjIZMCBLEfCt_d1Q4dqckw).compilationUnits += Uuid(ord__IjIZMSBLEfCt_d1Q4dqckw) (index 0)
]

2025-04-23 15:59:11 DEBUG Create model instance for resource with URI: target\Java2UmlEvaluationGoal1\testJavaCompilationUnitToUmlModel\java_instance.model
2025-04-23 15:59:11 DEBUG Start recording virtual model
2025-04-23 15:59:11 INFO ------- Calling ibex -------
2025-04-23 15:59:11 INFO Source Model has no respective target model yet. Creating one.
2025-04-23 15:59:11 DEBUG Create model instance for resource with URI: target\Java2UmlEvaluationGoal1\testJavaCompilationUnitToUmlModel\uml_instance.model
2025-04-23 15:59:11 INFO Resource not found. Not loading. Path=C:\Users\XPS-15\IdeaProjects\Vitruv-TGG-Integration-Test\vsum\..\eclipse-ibex-workspace/Java2Uml/instances/corr.xmi
2025-04-23 15:59:11 INFO Resource not found. Not loading. Path=C:\Users\XPS-15\IdeaProjects\Vitruv-TGG-Integration-Test\vsum\..\eclipse-ibex-workspace/Java2Uml/instances/protocol.xmi
2025-04-23 15:59:11 WARN CORRUPT RULE: ClassFinalToFinalhas nodes and/ or edges whose type is an unresolved proxy!
2025-04-23 15:59:11 WARN   - modifier, org.eclipse.emf.ecore.impl.EClassImpl@4504a4ed (eProxyURI: platform:/plugin/org.emftext.language.java/metamodel/java.ecore#_Wo2Yvdz1Ed2bJ_pQViWxFg)
2025-04-23 15:59:11 WARN CORRUPT RULE: MethodClassParamTypeToParamTypehas nodes and/ or edges whose type is an unresolved proxy!
2025-04-23 15:59:11 WARN   - parameter__typeReference__typeReference_eMoflonEdge, org.eclipse.emf.ecore.impl.EReferenceImpl@38363e96 (eProxyURI: platform:/plugin/org.emftext.language.java/metamodel/java.ecore#_Wo2ZQdz1Ed2bJ_pQViWxFg)
2025-04-23 15:59:11 WARN CORRUPT RULE: MethodAbstractToAbstracthas nodes and/ or edges whose type is an unresolved proxy!
2025-04-23 15:59:11 WARN   - modifier, org.eclipse.emf.ecore.impl.EClassImpl@558aa1f1 (eProxyURI: platform:/plugin/org.emftext.language.java/metamodel/java.ecore#_Wo2Yt9z1Ed2bJ_pQViWxFg)
2025-04-23 15:59:11 WARN CORRUPT RULE: FieldFinalToFinalhas nodes and/ or edges whose type is an unresolved proxy!
2025-04-23 15:59:11 WARN   - modifier, org.eclipse.emf.ecore.impl.EClassImpl@3fd6dfbc (eProxyURI: platform:/plugin/org.emftext.language.java/metamodel/java.ecore#_Wo2Yvdz1Ed2bJ_pQViWxFg)
2025-04-23 15:59:11 WARN CORRUPT RULE: EnumAttributeTypeToPropertyTypehas nodes and/ or edges whose type is an unresolved proxy!
2025-04-23 15:59:11 WARN   - field__typeReference__typeReference_eMoflonEdge, org.eclipse.emf.ecore.impl.EReferenceImpl@402676e3 (eProxyURI: platform:/plugin/org.emftext.language.java/metamodel/java.ecore#_Wo2ZQdz1Ed2bJ_pQViWxFg)
2025-04-23 15:59:11 WARN CORRUPT RULE: ConstructorClassParamTypeToParamTypehas nodes and/ or edges whose type is an unresolved proxy!
2025-04-23 15:59:11 WARN   - parameter__typeReference__typeReference_eMoflonEdge, org.eclipse.emf.ecore.impl.EReferenceImpl@1368e2f7 (eProxyURI: platform:/plugin/org.emftext.language.java/metamodel/java.ecore#_Wo2ZQdz1Ed2bJ_pQViWxFg)
2025-04-23 15:59:11 WARN CORRUPT RULE: InterfaceAttributeTypeToPropertyTypehas nodes and/ or edges whose type is an unresolved proxy!
2025-04-23 15:59:11 WARN   - field__typeReference__typeReference_eMoflonEdge, org.eclipse.emf.ecore.impl.EReferenceImpl@3ee68eb2 (eProxyURI: platform:/plugin/org.emftext.language.java/metamodel/java.ecore#_Wo2ZQdz1Ed2bJ_pQViWxFg)
2025-04-23 15:59:11 WARN CORRUPT RULE: InterfaceAbstractToAbstracthas nodes and/ or edges whose type is an unresolved proxy!
2025-04-23 15:59:11 WARN   - modifier, org.eclipse.emf.ecore.impl.EClassImpl@27e3dc9a (eProxyURI: platform:/plugin/org.emftext.language.java/metamodel/java.ecore#_Wo2Yt9z1Ed2bJ_pQViWxFg)
2025-04-23 15:59:11 WARN CORRUPT RULE: InterfaceProtectedToProtectedhas nodes and/ or edges whose type is an unresolved proxy!
2025-04-23 15:59:11 WARN   - modifier, org.eclipse.emf.ecore.impl.EClassImpl@43549c6c (eProxyURI: platform:/plugin/org.emftext.language.java/metamodel/java.ecore#_Wo2Yudz1Ed2bJ_pQViWxFg)
2025-04-23 15:59:11 WARN CORRUPT RULE: ClassAbstractToAbstracthas nodes and/ or edges whose type is an unresolved proxy!
2025-04-23 15:59:11 WARN   - modifier, org.eclipse.emf.ecore.impl.EClassImpl@4eace42b (eProxyURI: platform:/plugin/org.emftext.language.java/metamodel/java.ecore#_Wo2Yt9z1Ed2bJ_pQViWxFg)
2025-04-23 15:59:11 WARN CORRUPT RULE: EnumAbstractToAbstracthas nodes and/ or edges whose type is an unresolved proxy!
2025-04-23 15:59:11 WARN   - modifier, org.eclipse.emf.ecore.impl.EClassImpl@857f1a7 (eProxyURI: platform:/plugin/org.emftext.language.java/metamodel/java.ecore#_Wo2Yt9z1Ed2bJ_pQViWxFg)
2025-04-23 15:59:11 WARN CORRUPT RULE: ClassProtectedToProtectedhas nodes and/ or edges whose type is an unresolved proxy!
2025-04-23 15:59:11 WARN   - modifier, org.eclipse.emf.ecore.impl.EClassImpl@418bdde9 (eProxyURI: platform:/plugin/org.emftext.language.java/metamodel/java.ecore#_Wo2Yudz1Ed2bJ_pQViWxFg)
2025-04-23 15:59:11 WARN CORRUPT RULE: ClassAttributeTypeToPropertyTypehas nodes and/ or edges whose type is an unresolved proxy!
2025-04-23 15:59:11 WARN   - field__typeReference__typeReference_eMoflonEdge, org.eclipse.emf.ecore.impl.EReferenceImpl@240df292 (eProxyURI: platform:/plugin/org.emftext.language.java/metamodel/java.ecore#_Wo2ZQdz1Ed2bJ_pQViWxFg)
2025-04-23 15:59:11 WARN CORRUPT RULE: ConstructorEnumParamTypeToParamTypehas nodes and/ or edges whose type is an unresolved proxy!
2025-04-23 15:59:11 WARN   - parameter__typeReference__typeReference_eMoflonEdge, org.eclipse.emf.ecore.impl.EReferenceImpl@2c451c4a (eProxyURI: platform:/plugin/org.emftext.language.java/metamodel/java.ecore#_Wo2ZQdz1Ed2bJ_pQViWxFg)
2025-04-23 15:59:11 WARN CORRUPT RULE: InterfacePublicToPublichas nodes and/ or edges whose type is an unresolved proxy!
2025-04-23 15:59:11 WARN   - modifier, org.eclipse.emf.ecore.impl.EClassImpl@73ff7a54 (eProxyURI: platform:/plugin/org.emftext.language.java/metamodel/java.ecore#_Wo2Ytdz1Ed2bJ_pQViWxFg)
2025-04-23 15:59:11 WARN CORRUPT RULE: MethodStaticToStatichas nodes and/ or edges whose type is an unresolved proxy!
2025-04-23 15:59:11 WARN   - modifier, org.eclipse.emf.ecore.impl.EClassImpl@337c0ee4 (eProxyURI: platform:/plugin/org.emftext.language.java/metamodel/java.ecore#_Wo2Yv9z1Ed2bJ_pQViWxFg)
2025-04-23 15:59:11 WARN CORRUPT RULE: EnumProtectedToProtectedhas nodes and/ or edges whose type is an unresolved proxy!
2025-04-23 15:59:11 WARN   - modifier, org.eclipse.emf.ecore.impl.EClassImpl@6f95654c (eProxyURI: platform:/plugin/org.emftext.language.java/metamodel/java.ecore#_Wo2Yudz1Ed2bJ_pQViWxFg)
2025-04-23 15:59:11 WARN CORRUPT RULE: MethodEnumReturnTypeToReturnTypehas nodes and/ or edges whose type is an unresolved proxy!
2025-04-23 15:59:11 WARN   - javaMethod__typeReference__typeReference_eMoflonEdge, org.eclipse.emf.ecore.impl.EReferenceImpl@74c23525 (eProxyURI: platform:/plugin/org.emftext.language.java/metamodel/java.ecore#_Wo2ZQdz1Ed2bJ_pQViWxFg)
2025-04-23 15:59:11 WARN CORRUPT RULE: MethodInterfaceParamTypeToParamTypehas nodes and/ or edges whose type is an unresolved proxy!
2025-04-23 15:59:11 WARN   - parameter__typeReference__typeReference_eMoflonEdge, org.eclipse.emf.ecore.impl.EReferenceImpl@531bec12 (eProxyURI: platform:/plugin/org.emftext.language.java/metamodel/java.ecore#_Wo2ZQdz1Ed2bJ_pQViWxFg)
2025-04-23 15:59:11 WARN CORRUPT RULE: EnumPublicToPublichas nodes and/ or edges whose type is an unresolved proxy!
2025-04-23 15:59:11 WARN   - modifier, org.eclipse.emf.ecore.impl.EClassImpl@41d84abb (eProxyURI: platform:/plugin/org.emftext.language.java/metamodel/java.ecore#_Wo2Ytdz1Ed2bJ_pQViWxFg)
2025-04-23 15:59:11 WARN CORRUPT RULE: FieldStaticToStatichas nodes and/ or edges whose type is an unresolved proxy!
2025-04-23 15:59:11 WARN   - modifier, org.eclipse.emf.ecore.impl.EClassImpl@587f6634 (eProxyURI: platform:/plugin/org.emftext.language.java/metamodel/java.ecore#_Wo2Yv9z1Ed2bJ_pQViWxFg)
2025-04-23 15:59:11 WARN CORRUPT RULE: MethodInterfaceReturnTypeToReturnTypehas nodes and/ or edges whose type is an unresolved proxy!
2025-04-23 15:59:11 WARN   - javaMethod__typeReference__typeReference_eMoflonEdge, org.eclipse.emf.ecore.impl.EReferenceImpl@4ef28dc4 (eProxyURI: platform:/plugin/org.emftext.language.java/metamodel/java.ecore#_Wo2ZQdz1Ed2bJ_pQViWxFg)
2025-04-23 15:59:11 WARN CORRUPT RULE: InterfacePrivateToPrivatehas nodes and/ or edges whose type is an unresolved proxy!
2025-04-23 15:59:11 WARN   - modifier, org.eclipse.emf.ecore.impl.EClassImpl@7ade62a6 (eProxyURI: platform:/plugin/org.emftext.language.java/metamodel/java.ecore#_Wo2Yu9z1Ed2bJ_pQViWxFg)
2025-04-23 15:59:11 WARN CORRUPT RULE: ClassPrivateToPrivatehas nodes and/ or edges whose type is an unresolved proxy!
2025-04-23 15:59:11 WARN   - modifier, org.eclipse.emf.ecore.impl.EClassImpl@9976b27 (eProxyURI: platform:/plugin/org.emftext.language.java/metamodel/java.ecore#_Wo2Yu9z1Ed2bJ_pQViWxFg)
2025-04-23 15:59:11 WARN CORRUPT RULE: MethodEnumParamTypeToParamTypehas nodes and/ or edges whose type is an unresolved proxy!
2025-04-23 15:59:11 WARN   - parameter__typeReference__typeReference_eMoflonEdge, org.eclipse.emf.ecore.impl.EReferenceImpl@462b239f (eProxyURI: platform:/plugin/org.emftext.language.java/metamodel/java.ecore#_Wo2ZQdz1Ed2bJ_pQViWxFg)
2025-04-23 15:59:11 WARN CORRUPT RULE: EnumPrivateToPrivatehas nodes and/ or edges whose type is an unresolved proxy!
2025-04-23 15:59:11 WARN   - modifier, org.eclipse.emf.ecore.impl.EClassImpl@2d5e051e (eProxyURI: platform:/plugin/org.emftext.language.java/metamodel/java.ecore#_Wo2Yu9z1Ed2bJ_pQViWxFg)
2025-04-23 15:59:11 WARN CORRUPT RULE: ClassPublicToPublichas nodes and/ or edges whose type is an unresolved proxy!
2025-04-23 15:59:11 WARN   - modifier, org.eclipse.emf.ecore.impl.EClassImpl@30811f91 (eProxyURI: platform:/plugin/org.emftext.language.java/metamodel/java.ecore#_Wo2Ytdz1Ed2bJ_pQViWxFg)
2025-04-23 15:59:11 WARN CORRUPT RULE: MethodClassReturnTypeToReturnTypehas nodes and/ or edges whose type is an unresolved proxy!
2025-04-23 15:59:11 WARN   - javaMethod__typeReference__typeReference_eMoflonEdge, org.eclipse.emf.ecore.impl.EReferenceImpl@665f88e1 (eProxyURI: platform:/plugin/org.emftext.language.java/metamodel/java.ecore#_Wo2ZQdz1Ed2bJ_pQViWxFg)
2025-04-23 15:59:11 WARN CORRUPT RULE: MethodFinalToFinalhas nodes and/ or edges whose type is an unresolved proxy!
2025-04-23 15:59:11 WARN   - modifier, org.eclipse.emf.ecore.impl.EClassImpl@3ee200ae (eProxyURI: platform:/plugin/org.emftext.language.java/metamodel/java.ecore#_Wo2Yvdz1Ed2bJ_pQViWxFg)
2025-04-23 15:59:11 WARN CORRUPT RULE: EnumFinalToFinalhas nodes and/ or edges whose type is an unresolved proxy!
2025-04-23 15:59:11 WARN   - modifier, org.eclipse.emf.ecore.impl.EClassImpl@3fecb076 (eProxyURI: platform:/plugin/org.emftext.language.java/metamodel/java.ecore#_Wo2Yvdz1Ed2bJ_pQViWxFg)
2025-04-23 15:59:11 WARN CORRUPT RULE: ConstructorInterfaceParamTypeToParamTypehas nodes and/ or edges whose type is an unresolved proxy!
2025-04-23 15:59:11 WARN   - parameter__typeReference__typeReference_eMoflonEdge, org.eclipse.emf.ecore.impl.EReferenceImpl@28e8dee7 (eProxyURI: platform:/plugin/org.emftext.language.java/metamodel/java.ecore#_Wo2ZQdz1Ed2bJ_pQViWxFg)
2025-04-23 15:59:11 WARN CORRUPT RULE: InterfaceFinalToFinalhas nodes and/ or edges whose type is an unresolved proxy!
2025-04-23 15:59:11 WARN   - modifier, org.eclipse.emf.ecore.impl.EClassImpl@2682cccc (eProxyURI: platform:/plugin/org.emftext.language.java/metamodel/java.ecore#_Wo2Yvdz1Ed2bJ_pQViWxFg)
2025-04-23 15:59:11 INFO Pattern Conversion took 15.2986 ms
2025-04-23 15:59:11 INFO Starting SYNC
2025-04-23 15:59:11 WARN   LOADED MARKERS : 
    - 
2025-04-23 15:59:11 WARN No rule defined to cover the following change's type: [InsertEAttributeValue] AE=Package:1d33e72e, name=peketsch
2025-04-23 15:59:11 INFO Pattern Matching took 2.2841 ms
2025-04-23 15:59:11 INFO Created elements: 12
2025-04-23 15:59:11 INFO Deleted elements: 0
2025-04-23 15:59:11 INFO Completed SYNC in: 23 ms
2025-04-23 15:59:11 DEBUG BENCHMARKLOGGER logs: 
2025-04-23 15:59:11 DEBUG BenchmarkLogger
[
  Total elements created .. 12
  Total elements deleted .. 0
  Total matches found ..... 3
  Total matches repaired .. 0
  Total matches revoked ... 0
  Total matches applied ... 2
]
2025-04-23 15:59:11 INFO VitruviusBackwardConversionTGGEngine::terminate called. We do not use this.
2025-04-23 15:59:11 DEBUG Add root to resource: org.eclipse.emf.ecore.xmi.impl.XMIResourceImpl@34e9de8d uri='target\Java2UmlEvaluationGoal1\testJavaCompilationUnitToUmlModel\uml_instance.model'
2025-04-23 15:59:11 INFO -- Added the following corrs: 
2025-04-23 15:59:11 INFO   - [CorrespondenceNode JavaCompilationUnitToUmlModel] SRC=CompilationUnit:46bdc55e, name=null, TRG=Model:19855799, name=UML_MODEL
2025-04-23 15:59:11 INFO   - [CorrespondenceNode JavaPackageToUmlPackage] SRC=Package:1d33e72e, name=peketsch, TRG=Package:448a6d00, name=peketsch
2025-04-23 15:59:11 DEBUG End recording virtual model
2025-04-23 15:59:11 DEBUG Propagated <input change> in [[http://www.emftext.org/java]] -> {[[http://www.eclipse.org/uml2/5.0.0/UML]]}
2025-04-23 15:59:11 DEBUG Propagated <input change> in [[http://www.emftext.org/java]] -> [[http://www.eclipse.org/uml2/5.0.0/UML]] -> {}
2025-04-23 15:59:11 DEBUG Propagated <input change> in [[http://www.emftext.org/java]] -> [[http://www.eclipse.org/uml2/5.0.0/UML]] -> {}
2025-04-23 15:59:11 DEBUG Start recording virtual model
2025-04-23 15:59:11 WARN propagateChange not implemented, use propagateChanges (with an s).
2025-04-23 15:59:11 WARN propagateChange not implemented, use propagateChanges (with an s).
2025-04-23 15:59:11 WARN propagateChange not implemented, use propagateChanges (with an s).
2025-04-23 15:59:11 WARN propagateChange not implemented, use propagateChanges (with an s).
2025-04-23 15:59:11 WARN propagateChange not implemented, use propagateChanges (with an s).
2025-04-23 15:59:11 DEBUG End recording virtual model
2025-04-23 15:59:11 DEBUG Propagated <input change> in [[http://www.emftext.org/java]] -> {}
2025-04-23 15:59:11 DEBUG Saving all models of model repository for VSUM @target\Java2UmlEvaluationGoal1\testJavaCompilationUnitToUmlModel
2025-04-23 15:59:11 DEBUG Save resource: org.eclipse.emf.ecore.xmi.impl.XMIResourceImpl@34e9de8d uri='target\Java2UmlEvaluationGoal1\testJavaCompilationUnitToUmlModel\uml_instance.model'
2025-04-23 15:59:11 DEBUG Finished synchronizing change: TransactionalChangeImpl: [
	create Uuid(ord__IjIZMCBLEfCt_d1Q4dqckw)
	insert Uuid(ord__IjIZMCBLEfCt_d1Q4dqckw) at target\Java2UmlEvaluationGoal1\testJavaCompilationUnitToUmlModel\java_instance.model (index 0)
	Uuid(ord__IjIZMCBLEfCt_d1Q4dqckw).name = peketsch (was )
	create Uuid(ord__IjIZMSBLEfCt_d1Q4dqckw)
	Uuid(ord__IjIZMCBLEfCt_d1Q4dqckw).compilationUnits += Uuid(ord__IjIZMSBLEfCt_d1Q4dqckw) (index 0)
]

2025-04-23 15:59:11 INFO Finished change propagation
]]></system-out>
  </testcase>
  <testcase name="testVariableLengthMethodParameter" classname="tools.vitruv.methodologisttemplate.vsum.Java2UmlEvaluationGoal1Test" time="0.39">
    <system-out><![CDATA[2025-04-23 15:59:12 INFO eclipse-ibex-workspace: C:\Users\XPS-15\IdeaProjects\Vitruv-TGG-Integration-Test\vsum\..\eclipse-ibex-workspace\Java2Uml
2025-04-23 15:59:12 INFO setupCorrAndProtocol: Wiping corr.xmi and protocol.xmi
2025-04-23 15:59:12 INFO setupCorrAndProtocol: Wiping corr.xmi and protocol.xmi
2025-04-23 15:59:12 INFO Starting change propagation
2025-04-23 15:59:12 DEBUG Started synchronizing change: TransactionalChangeImpl: [
	create Uuid(ord__ImWFQCBLEfCt_d1Q4dqckw)
	insert Uuid(ord__ImWFQCBLEfCt_d1Q4dqckw) at target\Java2UmlEvaluationGoal1\testVariableLengthMethodParameter\java_instance.model (index 0)
	Uuid(ord__ImWFQCBLEfCt_d1Q4dqckw).name = peketsch (was )
	create Uuid(ord__ImWFQSBLEfCt_d1Q4dqckw)
	Uuid(ord__ImWFQCBLEfCt_d1Q4dqckw).compilationUnits += Uuid(ord__ImWFQSBLEfCt_d1Q4dqckw) (index 0)
	create Uuid(ord__ImWFQiBLEfCt_d1Q4dqckw)
	Uuid(ord__ImWFQSBLEfCt_d1Q4dqckw).classifiers += Uuid(ord__ImWFQiBLEfCt_d1Q4dqckw) (index 0)
	Uuid(ord__ImWFQiBLEfCt_d1Q4dqckw).name = kless (was )
	create Uuid(ord__ImWFQyBLEfCt_d1Q4dqckw)
	Uuid(ord__ImWFQiBLEfCt_d1Q4dqckw).members += Uuid(ord__ImWFQyBLEfCt_d1Q4dqckw) (index 0)
	Uuid(ord__ImWFQyBLEfCt_d1Q4dqckw).name = methed (was )
	create Uuid(ord__ImWFRCBLEfCt_d1Q4dqckw)
	Uuid(ord__ImWFQyBLEfCt_d1Q4dqckw).parameters += Uuid(ord__ImWFRCBLEfCt_d1Q4dqckw) (index 0)
	Uuid(ord__ImWFRCBLEfCt_d1Q4dqckw).name = parrametr (was )
]

2025-04-23 15:59:12 DEBUG Create model instance for resource with URI: target\Java2UmlEvaluationGoal1\testVariableLengthMethodParameter\java_instance.model
2025-04-23 15:59:12 DEBUG Start recording virtual model
2025-04-23 15:59:12 INFO ------- Calling ibex -------
2025-04-23 15:59:12 INFO Source Model has no respective target model yet. Creating one.
2025-04-23 15:59:12 DEBUG Create model instance for resource with URI: target\Java2UmlEvaluationGoal1\testVariableLengthMethodParameter\uml_instance.model
2025-04-23 15:59:12 INFO Resource not found. Not loading. Path=C:\Users\XPS-15\IdeaProjects\Vitruv-TGG-Integration-Test\vsum\..\eclipse-ibex-workspace/Java2Uml/instances/corr.xmi
2025-04-23 15:59:12 INFO Resource not found. Not loading. Path=C:\Users\XPS-15\IdeaProjects\Vitruv-TGG-Integration-Test\vsum\..\eclipse-ibex-workspace/Java2Uml/instances/protocol.xmi
2025-04-23 15:59:12 WARN CORRUPT RULE: ClassFinalToFinalhas nodes and/ or edges whose type is an unresolved proxy!
2025-04-23 15:59:12 WARN   - modifier, org.eclipse.emf.ecore.impl.EClassImpl@1b82f62a (eProxyURI: platform:/plugin/org.emftext.language.java/metamodel/java.ecore#_Wo2Yvdz1Ed2bJ_pQViWxFg)
2025-04-23 15:59:12 WARN CORRUPT RULE: MethodStaticToStatichas nodes and/ or edges whose type is an unresolved proxy!
2025-04-23 15:59:12 WARN   - modifier, org.eclipse.emf.ecore.impl.EClassImpl@2184962c (eProxyURI: platform:/plugin/org.emftext.language.java/metamodel/java.ecore#_Wo2Yv9z1Ed2bJ_pQViWxFg)
2025-04-23 15:59:12 WARN CORRUPT RULE: EnumProtectedToProtectedhas nodes and/ or edges whose type is an unresolved proxy!
2025-04-23 15:59:12 WARN   - modifier, org.eclipse.emf.ecore.impl.EClassImpl@412440c1 (eProxyURI: platform:/plugin/org.emftext.language.java/metamodel/java.ecore#_Wo2Yudz1Ed2bJ_pQViWxFg)
2025-04-23 15:59:12 WARN CORRUPT RULE: EnumPrivateToPrivatehas nodes and/ or edges whose type is an unresolved proxy!
2025-04-23 15:59:12 WARN   - modifier, org.eclipse.emf.ecore.impl.EClassImpl@33f4844b (eProxyURI: platform:/plugin/org.emftext.language.java/metamodel/java.ecore#_Wo2Yu9z1Ed2bJ_pQViWxFg)
2025-04-23 15:59:12 WARN CORRUPT RULE: InterfaceFinalToFinalhas nodes and/ or edges whose type is an unresolved proxy!
2025-04-23 15:59:12 WARN   - modifier, org.eclipse.emf.ecore.impl.EClassImpl@435a2c7d (eProxyURI: platform:/plugin/org.emftext.language.java/metamodel/java.ecore#_Wo2Yvdz1Ed2bJ_pQViWxFg)
2025-04-23 15:59:12 WARN CORRUPT RULE: MethodInterfaceReturnTypeToReturnTypehas nodes and/ or edges whose type is an unresolved proxy!
2025-04-23 15:59:12 WARN   - javaMethod__typeReference__typeReference_eMoflonEdge, org.eclipse.emf.ecore.impl.EReferenceImpl@40416321 (eProxyURI: platform:/plugin/org.emftext.language.java/metamodel/java.ecore#_Wo2ZQdz1Ed2bJ_pQViWxFg)
2025-04-23 15:59:12 WARN CORRUPT RULE: EnumPublicToPublichas nodes and/ or edges whose type is an unresolved proxy!
2025-04-23 15:59:12 WARN   - modifier, org.eclipse.emf.ecore.impl.EClassImpl@289cf7db (eProxyURI: platform:/plugin/org.emftext.language.java/metamodel/java.ecore#_Wo2Ytdz1Ed2bJ_pQViWxFg)
2025-04-23 15:59:12 WARN CORRUPT RULE: InterfaceAttributeTypeToPropertyTypehas nodes and/ or edges whose type is an unresolved proxy!
2025-04-23 15:59:12 WARN   - field__typeReference__typeReference_eMoflonEdge, org.eclipse.emf.ecore.impl.EReferenceImpl@3741071d (eProxyURI: platform:/plugin/org.emftext.language.java/metamodel/java.ecore#_Wo2ZQdz1Ed2bJ_pQViWxFg)
2025-04-23 15:59:12 WARN CORRUPT RULE: EnumAttributeTypeToPropertyTypehas nodes and/ or edges whose type is an unresolved proxy!
2025-04-23 15:59:12 WARN   - field__typeReference__typeReference_eMoflonEdge, org.eclipse.emf.ecore.impl.EReferenceImpl@7af0693b (eProxyURI: platform:/plugin/org.emftext.language.java/metamodel/java.ecore#_Wo2ZQdz1Ed2bJ_pQViWxFg)
2025-04-23 15:59:12 WARN CORRUPT RULE: MethodClassReturnTypeToReturnTypehas nodes and/ or edges whose type is an unresolved proxy!
2025-04-23 15:59:12 WARN   - javaMethod__typeReference__typeReference_eMoflonEdge, org.eclipse.emf.ecore.impl.EReferenceImpl@28d7bd6b (eProxyURI: platform:/plugin/org.emftext.language.java/metamodel/java.ecore#_Wo2ZQdz1Ed2bJ_pQViWxFg)
2025-04-23 15:59:12 WARN CORRUPT RULE: ConstructorInterfaceParamTypeToParamTypehas nodes and/ or edges whose type is an unresolved proxy!
2025-04-23 15:59:12 WARN   - parameter__typeReference__typeReference_eMoflonEdge, org.eclipse.emf.ecore.impl.EReferenceImpl@f472245 (eProxyURI: platform:/plugin/org.emftext.language.java/metamodel/java.ecore#_Wo2ZQdz1Ed2bJ_pQViWxFg)
2025-04-23 15:59:12 WARN CORRUPT RULE: InterfacePublicToPublichas nodes and/ or edges whose type is an unresolved proxy!
2025-04-23 15:59:12 WARN   - modifier, org.eclipse.emf.ecore.impl.EClassImpl@42ac309 (eProxyURI: platform:/plugin/org.emftext.language.java/metamodel/java.ecore#_Wo2Ytdz1Ed2bJ_pQViWxFg)
2025-04-23 15:59:12 WARN CORRUPT RULE: ClassProtectedToProtectedhas nodes and/ or edges whose type is an unresolved proxy!
2025-04-23 15:59:12 WARN   - modifier, org.eclipse.emf.ecore.impl.EClassImpl@7d216ee8 (eProxyURI: platform:/plugin/org.emftext.language.java/metamodel/java.ecore#_Wo2Yudz1Ed2bJ_pQViWxFg)
2025-04-23 15:59:12 WARN CORRUPT RULE: MethodFinalToFinalhas nodes and/ or edges whose type is an unresolved proxy!
2025-04-23 15:59:12 WARN   - modifier, org.eclipse.emf.ecore.impl.EClassImpl@268e30d4 (eProxyURI: platform:/plugin/org.emftext.language.java/metamodel/java.ecore#_Wo2Yvdz1Ed2bJ_pQViWxFg)
2025-04-23 15:59:12 WARN CORRUPT RULE: MethodEnumReturnTypeToReturnTypehas nodes and/ or edges whose type is an unresolved proxy!
2025-04-23 15:59:12 WARN   - javaMethod__typeReference__typeReference_eMoflonEdge, org.eclipse.emf.ecore.impl.EReferenceImpl@af007d6 (eProxyURI: platform:/plugin/org.emftext.language.java/metamodel/java.ecore#_Wo2ZQdz1Ed2bJ_pQViWxFg)
2025-04-23 15:59:12 WARN CORRUPT RULE: EnumFinalToFinalhas nodes and/ or edges whose type is an unresolved proxy!
2025-04-23 15:59:12 WARN   - modifier, org.eclipse.emf.ecore.impl.EClassImpl@5dff108c (eProxyURI: platform:/plugin/org.emftext.language.java/metamodel/java.ecore#_Wo2Yvdz1Ed2bJ_pQViWxFg)
2025-04-23 15:59:12 WARN CORRUPT RULE: MethodClassParamTypeToParamTypehas nodes and/ or edges whose type is an unresolved proxy!
2025-04-23 15:59:12 WARN   - parameter__typeReference__typeReference_eMoflonEdge, org.eclipse.emf.ecore.impl.EReferenceImpl@28100232 (eProxyURI: platform:/plugin/org.emftext.language.java/metamodel/java.ecore#_Wo2ZQdz1Ed2bJ_pQViWxFg)
2025-04-23 15:59:12 WARN CORRUPT RULE: ClassAttributeTypeToPropertyTypehas nodes and/ or edges whose type is an unresolved proxy!
2025-04-23 15:59:12 WARN   - field__typeReference__typeReference_eMoflonEdge, org.eclipse.emf.ecore.impl.EReferenceImpl@32c8d67 (eProxyURI: platform:/plugin/org.emftext.language.java/metamodel/java.ecore#_Wo2ZQdz1Ed2bJ_pQViWxFg)
2025-04-23 15:59:12 WARN CORRUPT RULE: MethodInterfaceParamTypeToParamTypehas nodes and/ or edges whose type is an unresolved proxy!
2025-04-23 15:59:12 WARN   - parameter__typeReference__typeReference_eMoflonEdge, org.eclipse.emf.ecore.impl.EReferenceImpl@2a2815cc (eProxyURI: platform:/plugin/org.emftext.language.java/metamodel/java.ecore#_Wo2ZQdz1Ed2bJ_pQViWxFg)
2025-04-23 15:59:12 WARN CORRUPT RULE: ClassPrivateToPrivatehas nodes and/ or edges whose type is an unresolved proxy!
2025-04-23 15:59:12 WARN   - modifier, org.eclipse.emf.ecore.impl.EClassImpl@7fdabb3b (eProxyURI: platform:/plugin/org.emftext.language.java/metamodel/java.ecore#_Wo2Yu9z1Ed2bJ_pQViWxFg)
2025-04-23 15:59:12 WARN CORRUPT RULE: InterfacePrivateToPrivatehas nodes and/ or edges whose type is an unresolved proxy!
2025-04-23 15:59:12 WARN   - modifier, org.eclipse.emf.ecore.impl.EClassImpl@1b881f1f (eProxyURI: platform:/plugin/org.emftext.language.java/metamodel/java.ecore#_Wo2Yu9z1Ed2bJ_pQViWxFg)
2025-04-23 15:59:12 WARN CORRUPT RULE: ClassAbstractToAbstracthas nodes and/ or edges whose type is an unresolved proxy!
2025-04-23 15:59:12 WARN   - modifier, org.eclipse.emf.ecore.impl.EClassImpl@7bc6b117 (eProxyURI: platform:/plugin/org.emftext.language.java/metamodel/java.ecore#_Wo2Yt9z1Ed2bJ_pQViWxFg)
2025-04-23 15:59:12 WARN CORRUPT RULE: InterfaceAbstractToAbstracthas nodes and/ or edges whose type is an unresolved proxy!
2025-04-23 15:59:12 WARN   - modifier, org.eclipse.emf.ecore.impl.EClassImpl@76cbee13 (eProxyURI: platform:/plugin/org.emftext.language.java/metamodel/java.ecore#_Wo2Yt9z1Ed2bJ_pQViWxFg)
2025-04-23 15:59:12 WARN CORRUPT RULE: EnumAbstractToAbstracthas nodes and/ or edges whose type is an unresolved proxy!
2025-04-23 15:59:12 WARN   - modifier, org.eclipse.emf.ecore.impl.EClassImpl@17d0d3d7 (eProxyURI: platform:/plugin/org.emftext.language.java/metamodel/java.ecore#_Wo2Yt9z1Ed2bJ_pQViWxFg)
2025-04-23 15:59:12 WARN CORRUPT RULE: MethodAbstractToAbstracthas nodes and/ or edges whose type is an unresolved proxy!
2025-04-23 15:59:12 WARN   - modifier, org.eclipse.emf.ecore.impl.EClassImpl@106edde4 (eProxyURI: platform:/plugin/org.emftext.language.java/metamodel/java.ecore#_Wo2Yt9z1Ed2bJ_pQViWxFg)
2025-04-23 15:59:12 WARN CORRUPT RULE: FieldFinalToFinalhas nodes and/ or edges whose type is an unresolved proxy!
2025-04-23 15:59:12 WARN   - modifier, org.eclipse.emf.ecore.impl.EClassImpl@5c43cb12 (eProxyURI: platform:/plugin/org.emftext.language.java/metamodel/java.ecore#_Wo2Yvdz1Ed2bJ_pQViWxFg)
2025-04-23 15:59:12 WARN CORRUPT RULE: InterfaceProtectedToProtectedhas nodes and/ or edges whose type is an unresolved proxy!
2025-04-23 15:59:12 WARN   - modifier, org.eclipse.emf.ecore.impl.EClassImpl@633c0a61 (eProxyURI: platform:/plugin/org.emftext.language.java/metamodel/java.ecore#_Wo2Yudz1Ed2bJ_pQViWxFg)
2025-04-23 15:59:12 WARN CORRUPT RULE: ConstructorEnumParamTypeToParamTypehas nodes and/ or edges whose type is an unresolved proxy!
2025-04-23 15:59:12 WARN   - parameter__typeReference__typeReference_eMoflonEdge, org.eclipse.emf.ecore.impl.EReferenceImpl@b6b746b (eProxyURI: platform:/plugin/org.emftext.language.java/metamodel/java.ecore#_Wo2ZQdz1Ed2bJ_pQViWxFg)
2025-04-23 15:59:12 WARN CORRUPT RULE: FieldStaticToStatichas nodes and/ or edges whose type is an unresolved proxy!
2025-04-23 15:59:12 WARN   - modifier, org.eclipse.emf.ecore.impl.EClassImpl@56b48163 (eProxyURI: platform:/plugin/org.emftext.language.java/metamodel/java.ecore#_Wo2Yv9z1Ed2bJ_pQViWxFg)
2025-04-23 15:59:12 WARN CORRUPT RULE: ConstructorClassParamTypeToParamTypehas nodes and/ or edges whose type is an unresolved proxy!
2025-04-23 15:59:12 WARN   - parameter__typeReference__typeReference_eMoflonEdge, org.eclipse.emf.ecore.impl.EReferenceImpl@5eae392d (eProxyURI: platform:/plugin/org.emftext.language.java/metamodel/java.ecore#_Wo2ZQdz1Ed2bJ_pQViWxFg)
2025-04-23 15:59:12 WARN CORRUPT RULE: MethodEnumParamTypeToParamTypehas nodes and/ or edges whose type is an unresolved proxy!
2025-04-23 15:59:12 WARN   - parameter__typeReference__typeReference_eMoflonEdge, org.eclipse.emf.ecore.impl.EReferenceImpl@3e1c5e0d (eProxyURI: platform:/plugin/org.emftext.language.java/metamodel/java.ecore#_Wo2ZQdz1Ed2bJ_pQViWxFg)
2025-04-23 15:59:12 WARN CORRUPT RULE: ClassPublicToPublichas nodes and/ or edges whose type is an unresolved proxy!
2025-04-23 15:59:12 WARN   - modifier, org.eclipse.emf.ecore.impl.EClassImpl@29bf90fc (eProxyURI: platform:/plugin/org.emftext.language.java/metamodel/java.ecore#_Wo2Ytdz1Ed2bJ_pQViWxFg)
2025-04-23 15:59:12 INFO Pattern Conversion took 14.9053 ms
2025-04-23 15:59:12 INFO Starting SYNC
2025-04-23 15:59:12 WARN   LOADED MARKERS : 
    - 
2025-04-23 15:59:12 WARN No rule defined to cover the following change's type: [InsertEAttributeValue] AE=Package:571e2f15, name=peketsch
2025-04-23 15:59:12 WARN No rule defined to cover the following change's type: [InsertEAttributeValue] AE=Class:2e7e4480, name=kless
2025-04-23 15:59:12 WARN No rule defined to cover the following change's type: [InsertEAttributeValue] AE=ClassMethod:8beb0dd, name=methed
2025-04-23 15:59:12 WARN No rule defined to cover the following change's type: [InsertEAttributeValue] AE=VariableLengthParameter:3d99d327, name=parrametr
2025-04-23 15:59:12 INFO Pattern Matching took 6.1371 ms
2025-04-23 15:59:12 INFO Created elements: 16
2025-04-23 15:59:12 INFO Deleted elements: 0
2025-04-23 15:59:12 INFO Completed SYNC in: 71 ms
2025-04-23 15:59:12 DEBUG BENCHMARKLOGGER logs: 
2025-04-23 15:59:12 DEBUG BenchmarkLogger
[
  Total elements created .. 16
  Total elements deleted .. 0
  Total matches found ..... 7
  Total matches repaired .. 0
  Total matches revoked ... 0
  Total matches applied ... 5
]
2025-04-23 15:59:12 INFO VitruviusBackwardConversionTGGEngine::terminate called. We do not use this.
2025-04-23 15:59:12 DEBUG Add root to resource: org.eclipse.emf.ecore.xmi.impl.XMIResourceImpl@35277c6c uri='target\Java2UmlEvaluationGoal1\testVariableLengthMethodParameter\uml_instance.model'
2025-04-23 15:59:12 INFO -- Added the following corrs: 
2025-04-23 15:59:12 INFO   - [CorrespondenceNode JavaCompilationUnitToUmlModel] SRC=CompilationUnit:51d9fd30, name=null, TRG=Model:46507dda, name=UML_MODEL
2025-04-23 15:59:12 INFO   - [CorrespondenceNode JavaParameterToParameter] SRC=VariableLengthParameter:3d99d327, name=parrametr, TRG=Parameter:74f92d14, name=parrametr
2025-04-23 15:59:12 INFO   - [CorrespondenceNode JavaPackageToUmlPackage] SRC=Package:571e2f15, name=peketsch, TRG=Package:37b1218, name=peketsch
2025-04-23 15:59:12 INFO   - [CorrespondenceNode JavaClassifierToUmlClassifier] SRC=Class:2e7e4480, name=kless, TRG=Class:3a00237d, name=kless
2025-04-23 15:59:12 INFO   - [CorrespondenceNode JavaMethodToOperation] SRC=ClassMethod:8beb0dd, name=methed, TRG=Operation:59c00722, name=methed
2025-04-23 15:59:12 DEBUG End recording virtual model
2025-04-23 15:59:12 DEBUG Propagated <input change> in [[http://www.emftext.org/java]] -> {[[http://www.eclipse.org/uml2/5.0.0/UML]]}
2025-04-23 15:59:12 DEBUG Propagated <input change> in [[http://www.emftext.org/java]] -> [[http://www.eclipse.org/uml2/5.0.0/UML]] -> {}
2025-04-23 15:59:12 DEBUG Propagated <input change> in [[http://www.emftext.org/java]] -> [[http://www.eclipse.org/uml2/5.0.0/UML]] -> {}
2025-04-23 15:59:12 DEBUG Start recording virtual model
2025-04-23 15:59:12 WARN propagateChange not implemented, use propagateChanges (with an s).
2025-04-23 15:59:12 WARN propagateChange not implemented, use propagateChanges (with an s).
2025-04-23 15:59:12 WARN propagateChange not implemented, use propagateChanges (with an s).
2025-04-23 15:59:12 WARN propagateChange not implemented, use propagateChanges (with an s).
2025-04-23 15:59:12 WARN propagateChange not implemented, use propagateChanges (with an s).
2025-04-23 15:59:12 WARN propagateChange not implemented, use propagateChanges (with an s).
2025-04-23 15:59:12 WARN propagateChange not implemented, use propagateChanges (with an s).
2025-04-23 15:59:12 WARN propagateChange not implemented, use propagateChanges (with an s).
2025-04-23 15:59:12 WARN propagateChange not implemented, use propagateChanges (with an s).
2025-04-23 15:59:12 WARN propagateChange not implemented, use propagateChanges (with an s).
2025-04-23 15:59:12 WARN propagateChange not implemented, use propagateChanges (with an s).
2025-04-23 15:59:12 WARN propagateChange not implemented, use propagateChanges (with an s).
2025-04-23 15:59:12 WARN propagateChange not implemented, use propagateChanges (with an s).
2025-04-23 15:59:12 WARN propagateChange not implemented, use propagateChanges (with an s).
2025-04-23 15:59:12 DEBUG End recording virtual model
2025-04-23 15:59:12 DEBUG Propagated <input change> in [[http://www.emftext.org/java]] -> {}
2025-04-23 15:59:12 DEBUG Saving all models of model repository for VSUM @target\Java2UmlEvaluationGoal1\testVariableLengthMethodParameter
2025-04-23 15:59:12 DEBUG Save resource: org.eclipse.emf.ecore.xmi.impl.XMIResourceImpl@35277c6c uri='target\Java2UmlEvaluationGoal1\testVariableLengthMethodParameter\uml_instance.model'
2025-04-23 15:59:12 DEBUG Finished synchronizing change: TransactionalChangeImpl: [
	create Uuid(ord__ImWFQCBLEfCt_d1Q4dqckw)
	insert Uuid(ord__ImWFQCBLEfCt_d1Q4dqckw) at target\Java2UmlEvaluationGoal1\testVariableLengthMethodParameter\java_instance.model (index 0)
	Uuid(ord__ImWFQCBLEfCt_d1Q4dqckw).name = peketsch (was )
	create Uuid(ord__ImWFQSBLEfCt_d1Q4dqckw)
	Uuid(ord__ImWFQCBLEfCt_d1Q4dqckw).compilationUnits += Uuid(ord__ImWFQSBLEfCt_d1Q4dqckw) (index 0)
	create Uuid(ord__ImWFQiBLEfCt_d1Q4dqckw)
	Uuid(ord__ImWFQSBLEfCt_d1Q4dqckw).classifiers += Uuid(ord__ImWFQiBLEfCt_d1Q4dqckw) (index 0)
	Uuid(ord__ImWFQiBLEfCt_d1Q4dqckw).name = kless (was )
	create Uuid(ord__ImWFQyBLEfCt_d1Q4dqckw)
	Uuid(ord__ImWFQiBLEfCt_d1Q4dqckw).members += Uuid(ord__ImWFQyBLEfCt_d1Q4dqckw) (index 0)
	Uuid(ord__ImWFQyBLEfCt_d1Q4dqckw).name = methed (was )
	create Uuid(ord__ImWFRCBLEfCt_d1Q4dqckw)
	Uuid(ord__ImWFQyBLEfCt_d1Q4dqckw).parameters += Uuid(ord__ImWFRCBLEfCt_d1Q4dqckw) (index 0)
	Uuid(ord__ImWFRCBLEfCt_d1Q4dqckw).name = parrametr (was )
]

2025-04-23 15:59:12 INFO Finished change propagation
]]></system-out>
  </testcase>
  <testcase name="testAttributeTypeToPropertyType" classname="tools.vitruv.methodologisttemplate.vsum.Java2UmlEvaluationGoal1Test" time="0.038">
    <failure message="EReference &quot;typeReference&quot; of Field (which extends TypedElement) only shows up as a proxy and cannot be resolved!" type="org.opentest4j.AssertionFailedError"><![CDATA[org.opentest4j.AssertionFailedError: EReference "typeReference" of Field (which extends TypedElement) only shows up as a proxy and cannot be resolved!
	at org.junit.jupiter.api.AssertionUtils.fail(AssertionUtils.java:38)
	at org.junit.jupiter.api.Assertions.fail(Assertions.java:138)
	at tools.vitruv.methodologisttemplate.vsum.Java2UmlEvaluationGoal1Test.testAttributeTypeToPropertyType(Java2UmlEvaluationGoal1Test.java:289)
	at java.base/java.lang.reflect.Method.invoke(Method.java:580)
	at java.base/java.util.ArrayList.forEach(ArrayList.java:1597)
	at java.base/java.util.ArrayList.forEach(ArrayList.java:1597)
	Suppressed: java.nio.file.NoSuchFileException: ..\eclipse-ibex-workspace\Java2Uml\instances\corr.xmi
		at java.base/sun.nio.fs.WindowsException.translateToIOException(WindowsException.java:85)
		at java.base/sun.nio.fs.WindowsException.rethrowAsIOException(WindowsException.java:103)
		at java.base/sun.nio.fs.WindowsException.rethrowAsIOException(WindowsException.java:108)
		at java.base/sun.nio.fs.WindowsFileCopy.copy(WindowsFileCopy.java:108)
		at java.base/sun.nio.fs.WindowsFileSystemProvider.copy(WindowsFileSystemProvider.java:282)
		at java.base/java.nio.file.Files.copy(Files.java:1305)
		at tools.vitruv.methodologisttemplate.vsum.AbstractEvaluationTest.storeEvalData(AbstractEvaluationTest.java:104)
		... 3 more
	Suppressed: java.util.NoSuchElementException
		at java.base/java.util.ArrayList.getLast(ArrayList.java:455)
		at tools.vitruv.methodologisttemplate.vsum.AbstractEvaluationTest.storeGlobalEvalData(AbstractEvaluationTest.java:114)
		... 3 more
]]></failure>
    <system-out><![CDATA[2025-04-23 15:59:12 INFO eclipse-ibex-workspace: C:\Users\XPS-15\IdeaProjects\Vitruv-TGG-Integration-Test\vsum\..\eclipse-ibex-workspace\Java2Uml
2025-04-23 15:59:12 INFO setupCorrAndProtocol: Wiping corr.xmi and protocol.xmi
2025-04-23 15:59:12 INFO setupCorrAndProtocol: Wiping corr.xmi and protocol.xmi
]]></system-out>
  </testcase>
  <testcase name="testJavaPackageToUmlPackage" classname="tools.vitruv.methodologisttemplate.vsum.Java2UmlEvaluationGoal1Test" time="0.337">
    <system-out><![CDATA[2025-04-23 15:59:12 INFO eclipse-ibex-workspace: C:\Users\XPS-15\IdeaProjects\Vitruv-TGG-Integration-Test\vsum\..\eclipse-ibex-workspace\Java2Uml
2025-04-23 15:59:12 INFO setupCorrAndProtocol: Wiping corr.xmi and protocol.xmi
2025-04-23 15:59:12 INFO setupCorrAndProtocol: Wiping corr.xmi and protocol.xmi
2025-04-23 15:59:12 INFO Starting change propagation
2025-04-23 15:59:12 DEBUG Started synchronizing change: TransactionalChangeImpl: [
	create Uuid(ord__IqiowCBLEfCt_d1Q4dqckw)
	insert Uuid(ord__IqiowCBLEfCt_d1Q4dqckw) at target\Java2UmlEvaluationGoal1\testJavaPackageToUmlPackage\java_instance.model (index 0)
	Uuid(ord__IqiowCBLEfCt_d1Q4dqckw).name = peketsch (was )
]

2025-04-23 15:59:12 DEBUG Create model instance for resource with URI: target\Java2UmlEvaluationGoal1\testJavaPackageToUmlPackage\java_instance.model
2025-04-23 15:59:12 DEBUG Start recording virtual model
2025-04-23 15:59:12 INFO ------- Calling ibex -------
2025-04-23 15:59:12 INFO Source Model has no respective target model yet. Creating one.
2025-04-23 15:59:12 DEBUG Create model instance for resource with URI: target\Java2UmlEvaluationGoal1\testJavaPackageToUmlPackage\uml_instance.model
2025-04-23 15:59:12 INFO Resource not found. Not loading. Path=C:\Users\XPS-15\IdeaProjects\Vitruv-TGG-Integration-Test\vsum\..\eclipse-ibex-workspace/Java2Uml/instances/corr.xmi
2025-04-23 15:59:12 INFO Resource not found. Not loading. Path=C:\Users\XPS-15\IdeaProjects\Vitruv-TGG-Integration-Test\vsum\..\eclipse-ibex-workspace/Java2Uml/instances/protocol.xmi
2025-04-23 15:59:12 WARN CORRUPT RULE: MethodClassParamTypeToParamTypehas nodes and/ or edges whose type is an unresolved proxy!
2025-04-23 15:59:12 WARN   - parameter__typeReference__typeReference_eMoflonEdge, org.eclipse.emf.ecore.impl.EReferenceImpl@3c468360 (eProxyURI: platform:/plugin/org.emftext.language.java/metamodel/java.ecore#_Wo2ZQdz1Ed2bJ_pQViWxFg)
2025-04-23 15:59:12 WARN CORRUPT RULE: InterfacePrivateToPrivatehas nodes and/ or edges whose type is an unresolved proxy!
2025-04-23 15:59:12 WARN   - modifier, org.eclipse.emf.ecore.impl.EClassImpl@1e75bef1 (eProxyURI: platform:/plugin/org.emftext.language.java/metamodel/java.ecore#_Wo2Yu9z1Ed2bJ_pQViWxFg)
2025-04-23 15:59:12 WARN CORRUPT RULE: EnumAttributeTypeToPropertyTypehas nodes and/ or edges whose type is an unresolved proxy!
2025-04-23 15:59:12 WARN   - field__typeReference__typeReference_eMoflonEdge, org.eclipse.emf.ecore.impl.EReferenceImpl@1e489957 (eProxyURI: platform:/plugin/org.emftext.language.java/metamodel/java.ecore#_Wo2ZQdz1Ed2bJ_pQViWxFg)
2025-04-23 15:59:12 WARN CORRUPT RULE: InterfacePublicToPublichas nodes and/ or edges whose type is an unresolved proxy!
2025-04-23 15:59:12 WARN   - modifier, org.eclipse.emf.ecore.impl.EClassImpl@5b827796 (eProxyURI: platform:/plugin/org.emftext.language.java/metamodel/java.ecore#_Wo2Ytdz1Ed2bJ_pQViWxFg)
2025-04-23 15:59:12 WARN CORRUPT RULE: MethodInterfaceParamTypeToParamTypehas nodes and/ or edges whose type is an unresolved proxy!
2025-04-23 15:59:12 WARN   - parameter__typeReference__typeReference_eMoflonEdge, org.eclipse.emf.ecore.impl.EReferenceImpl@7d108063 (eProxyURI: platform:/plugin/org.emftext.language.java/metamodel/java.ecore#_Wo2ZQdz1Ed2bJ_pQViWxFg)
2025-04-23 15:59:12 WARN CORRUPT RULE: EnumPublicToPublichas nodes and/ or edges whose type is an unresolved proxy!
2025-04-23 15:59:12 WARN   - modifier, org.eclipse.emf.ecore.impl.EClassImpl@4351d055 (eProxyURI: platform:/plugin/org.emftext.language.java/metamodel/java.ecore#_Wo2Ytdz1Ed2bJ_pQViWxFg)
2025-04-23 15:59:12 WARN CORRUPT RULE: EnumFinalToFinalhas nodes and/ or edges whose type is an unresolved proxy!
2025-04-23 15:59:12 WARN   - modifier, org.eclipse.emf.ecore.impl.EClassImpl@5c2ae7d7 (eProxyURI: platform:/plugin/org.emftext.language.java/metamodel/java.ecore#_Wo2Yvdz1Ed2bJ_pQViWxFg)
2025-04-23 15:59:12 WARN CORRUPT RULE: InterfaceFinalToFinalhas nodes and/ or edges whose type is an unresolved proxy!
2025-04-23 15:59:12 WARN   - modifier, org.eclipse.emf.ecore.impl.EClassImpl@236206f8 (eProxyURI: platform:/plugin/org.emftext.language.java/metamodel/java.ecore#_Wo2Yvdz1Ed2bJ_pQViWxFg)
2025-04-23 15:59:12 WARN CORRUPT RULE: ConstructorInterfaceParamTypeToParamTypehas nodes and/ or edges whose type is an unresolved proxy!
2025-04-23 15:59:12 WARN   - parameter__typeReference__typeReference_eMoflonEdge, org.eclipse.emf.ecore.impl.EReferenceImpl@e5f05f8 (eProxyURI: platform:/plugin/org.emftext.language.java/metamodel/java.ecore#_Wo2ZQdz1Ed2bJ_pQViWxFg)
2025-04-23 15:59:12 WARN CORRUPT RULE: MethodFinalToFinalhas nodes and/ or edges whose type is an unresolved proxy!
2025-04-23 15:59:12 WARN   - modifier, org.eclipse.emf.ecore.impl.EClassImpl@36ce0bc2 (eProxyURI: platform:/plugin/org.emftext.language.java/metamodel/java.ecore#_Wo2Yvdz1Ed2bJ_pQViWxFg)
2025-04-23 15:59:12 WARN CORRUPT RULE: ClassPrivateToPrivatehas nodes and/ or edges whose type is an unresolved proxy!
2025-04-23 15:59:12 WARN   - modifier, org.eclipse.emf.ecore.impl.EClassImpl@477906cf (eProxyURI: platform:/plugin/org.emftext.language.java/metamodel/java.ecore#_Wo2Yu9z1Ed2bJ_pQViWxFg)
2025-04-23 15:59:12 WARN CORRUPT RULE: ClassAttributeTypeToPropertyTypehas nodes and/ or edges whose type is an unresolved proxy!
2025-04-23 15:59:12 WARN   - field__typeReference__typeReference_eMoflonEdge, org.eclipse.emf.ecore.impl.EReferenceImpl@4004bfba (eProxyURI: platform:/plugin/org.emftext.language.java/metamodel/java.ecore#_Wo2ZQdz1Ed2bJ_pQViWxFg)
2025-04-23 15:59:12 WARN CORRUPT RULE: ClassAbstractToAbstracthas nodes and/ or edges whose type is an unresolved proxy!
2025-04-23 15:59:12 WARN   - modifier, org.eclipse.emf.ecore.impl.EClassImpl@3599b18 (eProxyURI: platform:/plugin/org.emftext.language.java/metamodel/java.ecore#_Wo2Yt9z1Ed2bJ_pQViWxFg)
2025-04-23 15:59:12 WARN CORRUPT RULE: EnumProtectedToProtectedhas nodes and/ or edges whose type is an unresolved proxy!
2025-04-23 15:59:12 WARN   - modifier, org.eclipse.emf.ecore.impl.EClassImpl@712594f4 (eProxyURI: platform:/plugin/org.emftext.language.java/metamodel/java.ecore#_Wo2Yudz1Ed2bJ_pQViWxFg)
2025-04-23 15:59:12 WARN CORRUPT RULE: InterfaceProtectedToProtectedhas nodes and/ or edges whose type is an unresolved proxy!
2025-04-23 15:59:12 WARN   - modifier, org.eclipse.emf.ecore.impl.EClassImpl@7f6a6d46 (eProxyURI: platform:/plugin/org.emftext.language.java/metamodel/java.ecore#_Wo2Yudz1Ed2bJ_pQViWxFg)
2025-04-23 15:59:12 WARN CORRUPT RULE: MethodAbstractToAbstracthas nodes and/ or edges whose type is an unresolved proxy!
2025-04-23 15:59:12 WARN   - modifier, org.eclipse.emf.ecore.impl.EClassImpl@7ed5cc8c (eProxyURI: platform:/plugin/org.emftext.language.java/metamodel/java.ecore#_Wo2Yt9z1Ed2bJ_pQViWxFg)
2025-04-23 15:59:12 WARN CORRUPT RULE: ClassPublicToPublichas nodes and/ or edges whose type is an unresolved proxy!
2025-04-23 15:59:12 WARN   - modifier, org.eclipse.emf.ecore.impl.EClassImpl@47400608 (eProxyURI: platform:/plugin/org.emftext.language.java/metamodel/java.ecore#_Wo2Ytdz1Ed2bJ_pQViWxFg)
2025-04-23 15:59:12 WARN CORRUPT RULE: ConstructorClassParamTypeToParamTypehas nodes and/ or edges whose type is an unresolved proxy!
2025-04-23 15:59:12 WARN   - parameter__typeReference__typeReference_eMoflonEdge, org.eclipse.emf.ecore.impl.EReferenceImpl@67aaf882 (eProxyURI: platform:/plugin/org.emftext.language.java/metamodel/java.ecore#_Wo2ZQdz1Ed2bJ_pQViWxFg)
2025-04-23 15:59:12 WARN CORRUPT RULE: ClassProtectedToProtectedhas nodes and/ or edges whose type is an unresolved proxy!
2025-04-23 15:59:12 WARN   - modifier, org.eclipse.emf.ecore.impl.EClassImpl@294bb6ae (eProxyURI: platform:/plugin/org.emftext.language.java/metamodel/java.ecore#_Wo2Yudz1Ed2bJ_pQViWxFg)
2025-04-23 15:59:12 WARN CORRUPT RULE: FieldStaticToStatichas nodes and/ or edges whose type is an unresolved proxy!
2025-04-23 15:59:12 WARN   - modifier, org.eclipse.emf.ecore.impl.EClassImpl@71ac5723 (eProxyURI: platform:/plugin/org.emftext.language.java/metamodel/java.ecore#_Wo2Yv9z1Ed2bJ_pQViWxFg)
2025-04-23 15:59:12 WARN CORRUPT RULE: InterfaceAbstractToAbstracthas nodes and/ or edges whose type is an unresolved proxy!
2025-04-23 15:59:12 WARN   - modifier, org.eclipse.emf.ecore.impl.EClassImpl@f391e52 (eProxyURI: platform:/plugin/org.emftext.language.java/metamodel/java.ecore#_Wo2Yt9z1Ed2bJ_pQViWxFg)
2025-04-23 15:59:12 WARN CORRUPT RULE: EnumPrivateToPrivatehas nodes and/ or edges whose type is an unresolved proxy!
2025-04-23 15:59:12 WARN   - modifier, org.eclipse.emf.ecore.impl.EClassImpl@4b518645 (eProxyURI: platform:/plugin/org.emftext.language.java/metamodel/java.ecore#_Wo2Yu9z1Ed2bJ_pQViWxFg)
2025-04-23 15:59:12 WARN CORRUPT RULE: MethodEnumParamTypeToParamTypehas nodes and/ or edges whose type is an unresolved proxy!
2025-04-23 15:59:12 WARN   - parameter__typeReference__typeReference_eMoflonEdge, org.eclipse.emf.ecore.impl.EReferenceImpl@6e466fdf (eProxyURI: platform:/plugin/org.emftext.language.java/metamodel/java.ecore#_Wo2ZQdz1Ed2bJ_pQViWxFg)
2025-04-23 15:59:12 WARN CORRUPT RULE: MethodStaticToStatichas nodes and/ or edges whose type is an unresolved proxy!
2025-04-23 15:59:12 WARN   - modifier, org.eclipse.emf.ecore.impl.EClassImpl@4fea9f19 (eProxyURI: platform:/plugin/org.emftext.language.java/metamodel/java.ecore#_Wo2Yv9z1Ed2bJ_pQViWxFg)
2025-04-23 15:59:12 WARN CORRUPT RULE: EnumAbstractToAbstracthas nodes and/ or edges whose type is an unresolved proxy!
2025-04-23 15:59:12 WARN   - modifier, org.eclipse.emf.ecore.impl.EClassImpl@6ac4f31d (eProxyURI: platform:/plugin/org.emftext.language.java/metamodel/java.ecore#_Wo2Yt9z1Ed2bJ_pQViWxFg)
2025-04-23 15:59:12 WARN CORRUPT RULE: ClassFinalToFinalhas nodes and/ or edges whose type is an unresolved proxy!
2025-04-23 15:59:12 WARN   - modifier, org.eclipse.emf.ecore.impl.EClassImpl@b666366 (eProxyURI: platform:/plugin/org.emftext.language.java/metamodel/java.ecore#_Wo2Yvdz1Ed2bJ_pQViWxFg)
2025-04-23 15:59:12 WARN CORRUPT RULE: MethodInterfaceReturnTypeToReturnTypehas nodes and/ or edges whose type is an unresolved proxy!
2025-04-23 15:59:12 WARN   - javaMethod__typeReference__typeReference_eMoflonEdge, org.eclipse.emf.ecore.impl.EReferenceImpl@7bbe852a (eProxyURI: platform:/plugin/org.emftext.language.java/metamodel/java.ecore#_Wo2ZQdz1Ed2bJ_pQViWxFg)
2025-04-23 15:59:12 WARN CORRUPT RULE: InterfaceAttributeTypeToPropertyTypehas nodes and/ or edges whose type is an unresolved proxy!
2025-04-23 15:59:12 WARN   - field__typeReference__typeReference_eMoflonEdge, org.eclipse.emf.ecore.impl.EReferenceImpl@2adce412 (eProxyURI: platform:/plugin/org.emftext.language.java/metamodel/java.ecore#_Wo2ZQdz1Ed2bJ_pQViWxFg)
2025-04-23 15:59:12 WARN CORRUPT RULE: MethodEnumReturnTypeToReturnTypehas nodes and/ or edges whose type is an unresolved proxy!
2025-04-23 15:59:12 WARN   - javaMethod__typeReference__typeReference_eMoflonEdge, org.eclipse.emf.ecore.impl.EReferenceImpl@6d84ab90 (eProxyURI: platform:/plugin/org.emftext.language.java/metamodel/java.ecore#_Wo2ZQdz1Ed2bJ_pQViWxFg)
2025-04-23 15:59:12 WARN CORRUPT RULE: ConstructorEnumParamTypeToParamTypehas nodes and/ or edges whose type is an unresolved proxy!
2025-04-23 15:59:12 WARN   - parameter__typeReference__typeReference_eMoflonEdge, org.eclipse.emf.ecore.impl.EReferenceImpl@7cb38a6a (eProxyURI: platform:/plugin/org.emftext.language.java/metamodel/java.ecore#_Wo2ZQdz1Ed2bJ_pQViWxFg)
2025-04-23 15:59:12 WARN CORRUPT RULE: FieldFinalToFinalhas nodes and/ or edges whose type is an unresolved proxy!
2025-04-23 15:59:12 WARN   - modifier, org.eclipse.emf.ecore.impl.EClassImpl@3113595e (eProxyURI: platform:/plugin/org.emftext.language.java/metamodel/java.ecore#_Wo2Yvdz1Ed2bJ_pQViWxFg)
2025-04-23 15:59:12 WARN CORRUPT RULE: MethodClassReturnTypeToReturnTypehas nodes and/ or edges whose type is an unresolved proxy!
2025-04-23 15:59:12 WARN   - javaMethod__typeReference__typeReference_eMoflonEdge, org.eclipse.emf.ecore.impl.EReferenceImpl@7091a016 (eProxyURI: platform:/plugin/org.emftext.language.java/metamodel/java.ecore#_Wo2ZQdz1Ed2bJ_pQViWxFg)
2025-04-23 15:59:12 INFO Pattern Conversion took 15.7086 ms
2025-04-23 15:59:12 INFO Starting SYNC
2025-04-23 15:59:12 WARN   LOADED MARKERS : 
    - 
2025-04-23 15:59:12 WARN No rule defined to cover the following change's type: [InsertEAttributeValue] AE=Package:48a21ea6, name=peketsch
2025-04-23 15:59:12 INFO Pattern Matching took 2.0101 ms
2025-04-23 15:59:12 INFO Created elements: 1
2025-04-23 15:59:12 INFO Deleted elements: 0
2025-04-23 15:59:12 INFO Completed SYNC in: 9 ms
2025-04-23 15:59:12 DEBUG BENCHMARKLOGGER logs: 
2025-04-23 15:59:12 DEBUG BenchmarkLogger
[
  Total elements created .. 1
  Total elements deleted .. 0
  Total matches found ..... 1
  Total matches repaired .. 0
  Total matches revoked ... 0
  Total matches applied ... 1
]
2025-04-23 15:59:12 INFO VitruviusBackwardConversionTGGEngine::terminate called. We do not use this.
2025-04-23 15:59:12 DEBUG Add root to resource: org.eclipse.emf.ecore.xmi.impl.XMIResourceImpl@796e2187 uri='target\Java2UmlEvaluationGoal1\testJavaPackageToUmlPackage\uml_instance.model'
2025-04-23 15:59:12 INFO -- Added the following corrs: 
2025-04-23 15:59:12 INFO   - [CorrespondenceNode JavaPackageToUmlPackage] SRC=Package:48a21ea6, name=peketsch, TRG=Package:21f0cc97, name=peketsch
2025-04-23 15:59:12 DEBUG End recording virtual model
2025-04-23 15:59:12 DEBUG Propagated <input change> in [[http://www.emftext.org/java]] -> {[[http://www.eclipse.org/uml2/5.0.0/UML]]}
2025-04-23 15:59:12 DEBUG Propagated <input change> in [[http://www.emftext.org/java]] -> [[http://www.eclipse.org/uml2/5.0.0/UML]] -> {}
2025-04-23 15:59:12 DEBUG Propagated <input change> in [[http://www.emftext.org/java]] -> [[http://www.eclipse.org/uml2/5.0.0/UML]] -> {}
2025-04-23 15:59:12 DEBUG Start recording virtual model
2025-04-23 15:59:12 WARN propagateChange not implemented, use propagateChanges (with an s).
2025-04-23 15:59:12 WARN propagateChange not implemented, use propagateChanges (with an s).
2025-04-23 15:59:12 WARN propagateChange not implemented, use propagateChanges (with an s).
2025-04-23 15:59:12 DEBUG End recording virtual model
2025-04-23 15:59:12 DEBUG Propagated <input change> in [[http://www.emftext.org/java]] -> {}
2025-04-23 15:59:12 DEBUG Saving all models of model repository for VSUM @target\Java2UmlEvaluationGoal1\testJavaPackageToUmlPackage
2025-04-23 15:59:12 DEBUG Save resource: org.eclipse.emf.ecore.xmi.impl.XMIResourceImpl@796e2187 uri='target\Java2UmlEvaluationGoal1\testJavaPackageToUmlPackage\uml_instance.model'
2025-04-23 15:59:12 DEBUG Finished synchronizing change: TransactionalChangeImpl: [
	create Uuid(ord__IqiowCBLEfCt_d1Q4dqckw)
	insert Uuid(ord__IqiowCBLEfCt_d1Q4dqckw) at target\Java2UmlEvaluationGoal1\testJavaPackageToUmlPackage\java_instance.model (index 0)
	Uuid(ord__IqiowCBLEfCt_d1Q4dqckw).name = peketsch (was )
]

2025-04-23 15:59:12 INFO Finished change propagation
]]></system-out>
  </testcase>
  <testcase name="testInterfaceMethodToMethod" classname="tools.vitruv.methodologisttemplate.vsum.Java2UmlEvaluationGoal1Test" time="0.365">
    <system-out><![CDATA[2025-04-23 15:59:12 INFO eclipse-ibex-workspace: C:\Users\XPS-15\IdeaProjects\Vitruv-TGG-Integration-Test\vsum\..\eclipse-ibex-workspace\Java2Uml
2025-04-23 15:59:12 INFO setupCorrAndProtocol: Wiping corr.xmi and protocol.xmi
2025-04-23 15:59:12 INFO setupCorrAndProtocol: Wiping corr.xmi and protocol.xmi
2025-04-23 15:59:12 INFO Starting change propagation
2025-04-23 15:59:12 DEBUG Started synchronizing change: TransactionalChangeImpl: [
	create Uuid(ord__Itxi8CBLEfCt_d1Q4dqckw)
	insert Uuid(ord__Itxi8CBLEfCt_d1Q4dqckw) at target\Java2UmlEvaluationGoal1\testInterfaceMethodToMethod\java_instance.model (index 0)
	Uuid(ord__Itxi8CBLEfCt_d1Q4dqckw).name = peketsch (was )
	create Uuid(ord__ItyKACBLEfCt_d1Q4dqckw)
	Uuid(ord__Itxi8CBLEfCt_d1Q4dqckw).compilationUnits += Uuid(ord__ItyKACBLEfCt_d1Q4dqckw) (index 0)
	create Uuid(ord__ItyKASBLEfCt_d1Q4dqckw)
	Uuid(ord__ItyKACBLEfCt_d1Q4dqckw).classifiers += Uuid(ord__ItyKASBLEfCt_d1Q4dqckw) (index 0)
	Uuid(ord__ItyKASBLEfCt_d1Q4dqckw).name = interfees (was )
	create Uuid(ord__ItyKAiBLEfCt_d1Q4dqckw)
	Uuid(ord__ItyKASBLEfCt_d1Q4dqckw).members += Uuid(ord__ItyKAiBLEfCt_d1Q4dqckw) (index 0)
	Uuid(ord__ItyKAiBLEfCt_d1Q4dqckw).name = methed (was )
]

2025-04-23 15:59:12 DEBUG Create model instance for resource with URI: target\Java2UmlEvaluationGoal1\testInterfaceMethodToMethod\java_instance.model
2025-04-23 15:59:12 DEBUG Start recording virtual model
2025-04-23 15:59:12 INFO ------- Calling ibex -------
2025-04-23 15:59:12 INFO Source Model has no respective target model yet. Creating one.
2025-04-23 15:59:12 DEBUG Create model instance for resource with URI: target\Java2UmlEvaluationGoal1\testInterfaceMethodToMethod\uml_instance.model
2025-04-23 15:59:12 INFO Resource not found. Not loading. Path=C:\Users\XPS-15\IdeaProjects\Vitruv-TGG-Integration-Test\vsum\..\eclipse-ibex-workspace/Java2Uml/instances/corr.xmi
2025-04-23 15:59:12 INFO Resource not found. Not loading. Path=C:\Users\XPS-15\IdeaProjects\Vitruv-TGG-Integration-Test\vsum\..\eclipse-ibex-workspace/Java2Uml/instances/protocol.xmi
2025-04-23 15:59:13 WARN CORRUPT RULE: InterfaceProtectedToProtectedhas nodes and/ or edges whose type is an unresolved proxy!
2025-04-23 15:59:13 WARN   - modifier, org.eclipse.emf.ecore.impl.EClassImpl@7657d29f (eProxyURI: platform:/plugin/org.emftext.language.java/metamodel/java.ecore#_Wo2Yudz1Ed2bJ_pQViWxFg)
2025-04-23 15:59:13 WARN CORRUPT RULE: ClassProtectedToProtectedhas nodes and/ or edges whose type is an unresolved proxy!
2025-04-23 15:59:13 WARN   - modifier, org.eclipse.emf.ecore.impl.EClassImpl@d3b0397 (eProxyURI: platform:/plugin/org.emftext.language.java/metamodel/java.ecore#_Wo2Yudz1Ed2bJ_pQViWxFg)
2025-04-23 15:59:13 WARN CORRUPT RULE: ClassPublicToPublichas nodes and/ or edges whose type is an unresolved proxy!
2025-04-23 15:59:13 WARN   - modifier, org.eclipse.emf.ecore.impl.EClassImpl@52bcfd10 (eProxyURI: platform:/plugin/org.emftext.language.java/metamodel/java.ecore#_Wo2Ytdz1Ed2bJ_pQViWxFg)
2025-04-23 15:59:13 WARN CORRUPT RULE: ClassAttributeTypeToPropertyTypehas nodes and/ or edges whose type is an unresolved proxy!
2025-04-23 15:59:13 WARN   - field__typeReference__typeReference_eMoflonEdge, org.eclipse.emf.ecore.impl.EReferenceImpl@329aa2d1 (eProxyURI: platform:/plugin/org.emftext.language.java/metamodel/java.ecore#_Wo2ZQdz1Ed2bJ_pQViWxFg)
2025-04-23 15:59:13 WARN CORRUPT RULE: ClassAbstractToAbstracthas nodes and/ or edges whose type is an unresolved proxy!
2025-04-23 15:59:13 WARN   - modifier, org.eclipse.emf.ecore.impl.EClassImpl@25511895 (eProxyURI: platform:/plugin/org.emftext.language.java/metamodel/java.ecore#_Wo2Yt9z1Ed2bJ_pQViWxFg)
2025-04-23 15:59:13 WARN CORRUPT RULE: MethodClassParamTypeToParamTypehas nodes and/ or edges whose type is an unresolved proxy!
2025-04-23 15:59:13 WARN   - parameter__typeReference__typeReference_eMoflonEdge, org.eclipse.emf.ecore.impl.EReferenceImpl@6464f017 (eProxyURI: platform:/plugin/org.emftext.language.java/metamodel/java.ecore#_Wo2ZQdz1Ed2bJ_pQViWxFg)
2025-04-23 15:59:13 WARN CORRUPT RULE: MethodAbstractToAbstracthas nodes and/ or edges whose type is an unresolved proxy!
2025-04-23 15:59:13 WARN   - modifier, org.eclipse.emf.ecore.impl.EClassImpl@5862ab28 (eProxyURI: platform:/plugin/org.emftext.language.java/metamodel/java.ecore#_Wo2Yt9z1Ed2bJ_pQViWxFg)
2025-04-23 15:59:13 WARN CORRUPT RULE: MethodEnumReturnTypeToReturnTypehas nodes and/ or edges whose type is an unresolved proxy!
2025-04-23 15:59:13 WARN   - javaMethod__typeReference__typeReference_eMoflonEdge, org.eclipse.emf.ecore.impl.EReferenceImpl@62878d7c (eProxyURI: platform:/plugin/org.emftext.language.java/metamodel/java.ecore#_Wo2ZQdz1Ed2bJ_pQViWxFg)
2025-04-23 15:59:13 WARN CORRUPT RULE: EnumAbstractToAbstracthas nodes and/ or edges whose type is an unresolved proxy!
2025-04-23 15:59:13 WARN   - modifier, org.eclipse.emf.ecore.impl.EClassImpl@e0f2686 (eProxyURI: platform:/plugin/org.emftext.language.java/metamodel/java.ecore#_Wo2Yt9z1Ed2bJ_pQViWxFg)
2025-04-23 15:59:13 WARN CORRUPT RULE: ConstructorClassParamTypeToParamTypehas nodes and/ or edges whose type is an unresolved proxy!
2025-04-23 15:59:13 WARN   - parameter__typeReference__typeReference_eMoflonEdge, org.eclipse.emf.ecore.impl.EReferenceImpl@7095b688 (eProxyURI: platform:/plugin/org.emftext.language.java/metamodel/java.ecore#_Wo2ZQdz1Ed2bJ_pQViWxFg)
2025-04-23 15:59:13 WARN CORRUPT RULE: EnumPrivateToPrivatehas nodes and/ or edges whose type is an unresolved proxy!
2025-04-23 15:59:13 WARN   - modifier, org.eclipse.emf.ecore.impl.EClassImpl@bddac1c (eProxyURI: platform:/plugin/org.emftext.language.java/metamodel/java.ecore#_Wo2Yu9z1Ed2bJ_pQViWxFg)
2025-04-23 15:59:13 WARN CORRUPT RULE: MethodStaticToStatichas nodes and/ or edges whose type is an unresolved proxy!
2025-04-23 15:59:13 WARN   - modifier, org.eclipse.emf.ecore.impl.EClassImpl@41831611 (eProxyURI: platform:/plugin/org.emftext.language.java/metamodel/java.ecore#_Wo2Yv9z1Ed2bJ_pQViWxFg)
2025-04-23 15:59:13 WARN CORRUPT RULE: ClassFinalToFinalhas nodes and/ or edges whose type is an unresolved proxy!
2025-04-23 15:59:13 WARN   - modifier, org.eclipse.emf.ecore.impl.EClassImpl@5749e633 (eProxyURI: platform:/plugin/org.emftext.language.java/metamodel/java.ecore#_Wo2Yvdz1Ed2bJ_pQViWxFg)
2025-04-23 15:59:13 WARN CORRUPT RULE: FieldStaticToStatichas nodes and/ or edges whose type is an unresolved proxy!
2025-04-23 15:59:13 WARN   - modifier, org.eclipse.emf.ecore.impl.EClassImpl@6ca97ddf (eProxyURI: platform:/plugin/org.emftext.language.java/metamodel/java.ecore#_Wo2Yv9z1Ed2bJ_pQViWxFg)
2025-04-23 15:59:13 WARN CORRUPT RULE: FieldFinalToFinalhas nodes and/ or edges whose type is an unresolved proxy!
2025-04-23 15:59:13 WARN   - modifier, org.eclipse.emf.ecore.impl.EClassImpl@5570ee6d (eProxyURI: platform:/plugin/org.emftext.language.java/metamodel/java.ecore#_Wo2Yvdz1Ed2bJ_pQViWxFg)
2025-04-23 15:59:13 WARN CORRUPT RULE: InterfacePrivateToPrivatehas nodes and/ or edges whose type is an unresolved proxy!
2025-04-23 15:59:13 WARN   - modifier, org.eclipse.emf.ecore.impl.EClassImpl@594fcb22 (eProxyURI: platform:/plugin/org.emftext.language.java/metamodel/java.ecore#_Wo2Yu9z1Ed2bJ_pQViWxFg)
2025-04-23 15:59:13 WARN CORRUPT RULE: EnumProtectedToProtectedhas nodes and/ or edges whose type is an unresolved proxy!
2025-04-23 15:59:13 WARN   - modifier, org.eclipse.emf.ecore.impl.EClassImpl@41c83af0 (eProxyURI: platform:/plugin/org.emftext.language.java/metamodel/java.ecore#_Wo2Yudz1Ed2bJ_pQViWxFg)
2025-04-23 15:59:13 WARN CORRUPT RULE: ConstructorInterfaceParamTypeToParamTypehas nodes and/ or edges whose type is an unresolved proxy!
2025-04-23 15:59:13 WARN   - parameter__typeReference__typeReference_eMoflonEdge, org.eclipse.emf.ecore.impl.EReferenceImpl@60658389 (eProxyURI: platform:/plugin/org.emftext.language.java/metamodel/java.ecore#_Wo2ZQdz1Ed2bJ_pQViWxFg)
2025-04-23 15:59:13 WARN CORRUPT RULE: MethodInterfaceParamTypeToParamTypehas nodes and/ or edges whose type is an unresolved proxy!
2025-04-23 15:59:13 WARN   - parameter__typeReference__typeReference_eMoflonEdge, org.eclipse.emf.ecore.impl.EReferenceImpl@3e563293 (eProxyURI: platform:/plugin/org.emftext.language.java/metamodel/java.ecore#_Wo2ZQdz1Ed2bJ_pQViWxFg)
2025-04-23 15:59:13 WARN CORRUPT RULE: EnumPublicToPublichas nodes and/ or edges whose type is an unresolved proxy!
2025-04-23 15:59:13 WARN   - modifier, org.eclipse.emf.ecore.impl.EClassImpl@17e66aed (eProxyURI: platform:/plugin/org.emftext.language.java/metamodel/java.ecore#_Wo2Ytdz1Ed2bJ_pQViWxFg)
2025-04-23 15:59:13 WARN CORRUPT RULE: EnumAttributeTypeToPropertyTypehas nodes and/ or edges whose type is an unresolved proxy!
2025-04-23 15:59:13 WARN   - field__typeReference__typeReference_eMoflonEdge, org.eclipse.emf.ecore.impl.EReferenceImpl@6a905513 (eProxyURI: platform:/plugin/org.emftext.language.java/metamodel/java.ecore#_Wo2ZQdz1Ed2bJ_pQViWxFg)
2025-04-23 15:59:13 WARN CORRUPT RULE: MethodEnumParamTypeToParamTypehas nodes and/ or edges whose type is an unresolved proxy!
2025-04-23 15:59:13 WARN   - parameter__typeReference__typeReference_eMoflonEdge, org.eclipse.emf.ecore.impl.EReferenceImpl@b0d4873 (eProxyURI: platform:/plugin/org.emftext.language.java/metamodel/java.ecore#_Wo2ZQdz1Ed2bJ_pQViWxFg)
2025-04-23 15:59:13 WARN CORRUPT RULE: EnumFinalToFinalhas nodes and/ or edges whose type is an unresolved proxy!
2025-04-23 15:59:13 WARN   - modifier, org.eclipse.emf.ecore.impl.EClassImpl@6f00c40e (eProxyURI: platform:/plugin/org.emftext.language.java/metamodel/java.ecore#_Wo2Yvdz1Ed2bJ_pQViWxFg)
2025-04-23 15:59:13 WARN CORRUPT RULE: MethodInterfaceReturnTypeToReturnTypehas nodes and/ or edges whose type is an unresolved proxy!
2025-04-23 15:59:13 WARN   - javaMethod__typeReference__typeReference_eMoflonEdge, org.eclipse.emf.ecore.impl.EReferenceImpl@66acaa54 (eProxyURI: platform:/plugin/org.emftext.language.java/metamodel/java.ecore#_Wo2ZQdz1Ed2bJ_pQViWxFg)
2025-04-23 15:59:13 WARN CORRUPT RULE: MethodClassReturnTypeToReturnTypehas nodes and/ or edges whose type is an unresolved proxy!
2025-04-23 15:59:13 WARN   - javaMethod__typeReference__typeReference_eMoflonEdge, org.eclipse.emf.ecore.impl.EReferenceImpl@9ba167e (eProxyURI: platform:/plugin/org.emftext.language.java/metamodel/java.ecore#_Wo2ZQdz1Ed2bJ_pQViWxFg)
2025-04-23 15:59:13 WARN CORRUPT RULE: ConstructorEnumParamTypeToParamTypehas nodes and/ or edges whose type is an unresolved proxy!
2025-04-23 15:59:13 WARN   - parameter__typeReference__typeReference_eMoflonEdge, org.eclipse.emf.ecore.impl.EReferenceImpl@147aceec (eProxyURI: platform:/plugin/org.emftext.language.java/metamodel/java.ecore#_Wo2ZQdz1Ed2bJ_pQViWxFg)
2025-04-23 15:59:13 WARN CORRUPT RULE: InterfaceAbstractToAbstracthas nodes and/ or edges whose type is an unresolved proxy!
2025-04-23 15:59:13 WARN   - modifier, org.eclipse.emf.ecore.impl.EClassImpl@315365ef (eProxyURI: platform:/plugin/org.emftext.language.java/metamodel/java.ecore#_Wo2Yt9z1Ed2bJ_pQViWxFg)
2025-04-23 15:59:13 WARN CORRUPT RULE: MethodFinalToFinalhas nodes and/ or edges whose type is an unresolved proxy!
2025-04-23 15:59:13 WARN   - modifier, org.eclipse.emf.ecore.impl.EClassImpl@5df7ae0a (eProxyURI: platform:/plugin/org.emftext.language.java/metamodel/java.ecore#_Wo2Yvdz1Ed2bJ_pQViWxFg)
2025-04-23 15:59:13 WARN CORRUPT RULE: InterfaceAttributeTypeToPropertyTypehas nodes and/ or edges whose type is an unresolved proxy!
2025-04-23 15:59:13 WARN   - field__typeReference__typeReference_eMoflonEdge, org.eclipse.emf.ecore.impl.EReferenceImpl@36dc6b9 (eProxyURI: platform:/plugin/org.emftext.language.java/metamodel/java.ecore#_Wo2ZQdz1Ed2bJ_pQViWxFg)
2025-04-23 15:59:13 WARN CORRUPT RULE: ClassPrivateToPrivatehas nodes and/ or edges whose type is an unresolved proxy!
2025-04-23 15:59:13 WARN   - modifier, org.eclipse.emf.ecore.impl.EClassImpl@3c981f76 (eProxyURI: platform:/plugin/org.emftext.language.java/metamodel/java.ecore#_Wo2Yu9z1Ed2bJ_pQViWxFg)
2025-04-23 15:59:13 WARN CORRUPT RULE: InterfaceFinalToFinalhas nodes and/ or edges whose type is an unresolved proxy!
2025-04-23 15:59:13 WARN   - modifier, org.eclipse.emf.ecore.impl.EClassImpl@2571bdf4 (eProxyURI: platform:/plugin/org.emftext.language.java/metamodel/java.ecore#_Wo2Yvdz1Ed2bJ_pQViWxFg)
2025-04-23 15:59:13 WARN CORRUPT RULE: InterfacePublicToPublichas nodes and/ or edges whose type is an unresolved proxy!
2025-04-23 15:59:13 WARN   - modifier, org.eclipse.emf.ecore.impl.EClassImpl@7e5e7753 (eProxyURI: platform:/plugin/org.emftext.language.java/metamodel/java.ecore#_Wo2Ytdz1Ed2bJ_pQViWxFg)
2025-04-23 15:59:13 INFO Pattern Conversion took 14.8981 ms
2025-04-23 15:59:13 INFO Starting SYNC
2025-04-23 15:59:13 WARN   LOADED MARKERS : 
    - 
2025-04-23 15:59:13 WARN No rule defined to cover the following change's type: [InsertEAttributeValue] AE=Package:1f370472, name=peketsch
2025-04-23 15:59:13 WARN No rule defined to cover the following change's type: [InsertEAttributeValue] AE=Interface:52b6561b, name=interfees
2025-04-23 15:59:13 WARN No rule defined to cover the following change's type: [InsertEAttributeValue] AE=InterfaceMethod:7505dcab, name=methed
2025-04-23 15:59:13 INFO Pattern Matching took 5.4151 ms
2025-04-23 15:59:13 INFO Created elements: 14
2025-04-23 15:59:13 INFO Deleted elements: 0
2025-04-23 15:59:13 INFO Completed SYNC in: 41 ms
2025-04-23 15:59:13 DEBUG BENCHMARKLOGGER logs: 
2025-04-23 15:59:13 DEBUG BenchmarkLogger
[
  Total elements created .. 14
  Total elements deleted .. 0
  Total matches found ..... 6
  Total matches repaired .. 0
  Total matches revoked ... 0
  Total matches applied ... 4
]
2025-04-23 15:59:13 INFO VitruviusBackwardConversionTGGEngine::terminate called. We do not use this.
2025-04-23 15:59:13 DEBUG Add root to resource: org.eclipse.emf.ecore.xmi.impl.XMIResourceImpl@2d399e88 uri='target\Java2UmlEvaluationGoal1\testInterfaceMethodToMethod\uml_instance.model'
2025-04-23 15:59:13 INFO -- Added the following corrs: 
2025-04-23 15:59:13 INFO   - [CorrespondenceNode JavaCompilationUnitToUmlModel] SRC=CompilationUnit:3ace65df, name=null, TRG=Model:65fe1f47, name=UML_MODEL
2025-04-23 15:59:13 INFO   - [CorrespondenceNode JavaPackageToUmlPackage] SRC=Package:1f370472, name=peketsch, TRG=Package:b1f36e5, name=peketsch
2025-04-23 15:59:13 INFO   - [CorrespondenceNode JavaMethodToOperation] SRC=InterfaceMethod:7505dcab, name=methed, TRG=Operation:7cc7e441, name=methed
2025-04-23 15:59:13 INFO   - [CorrespondenceNode JavaClassifierToUmlClassifier] SRC=Interface:52b6561b, name=interfees, TRG=Interface:260ccf0, name=interfees
2025-04-23 15:59:13 DEBUG End recording virtual model
2025-04-23 15:59:13 DEBUG Propagated <input change> in [[http://www.emftext.org/java]] -> {[[http://www.eclipse.org/uml2/5.0.0/UML]]}
2025-04-23 15:59:13 DEBUG Propagated <input change> in [[http://www.emftext.org/java]] -> [[http://www.eclipse.org/uml2/5.0.0/UML]] -> {}
2025-04-23 15:59:13 DEBUG Propagated <input change> in [[http://www.emftext.org/java]] -> [[http://www.eclipse.org/uml2/5.0.0/UML]] -> {}
2025-04-23 15:59:13 DEBUG Start recording virtual model
2025-04-23 15:59:13 WARN propagateChange not implemented, use propagateChanges (with an s).
2025-04-23 15:59:13 WARN propagateChange not implemented, use propagateChanges (with an s).
2025-04-23 15:59:13 WARN propagateChange not implemented, use propagateChanges (with an s).
2025-04-23 15:59:13 WARN propagateChange not implemented, use propagateChanges (with an s).
2025-04-23 15:59:13 WARN propagateChange not implemented, use propagateChanges (with an s).
2025-04-23 15:59:13 WARN propagateChange not implemented, use propagateChanges (with an s).
2025-04-23 15:59:13 WARN propagateChange not implemented, use propagateChanges (with an s).
2025-04-23 15:59:13 WARN propagateChange not implemented, use propagateChanges (with an s).
2025-04-23 15:59:13 WARN propagateChange not implemented, use propagateChanges (with an s).
2025-04-23 15:59:13 WARN propagateChange not implemented, use propagateChanges (with an s).
2025-04-23 15:59:13 WARN propagateChange not implemented, use propagateChanges (with an s).
2025-04-23 15:59:13 DEBUG End recording virtual model
2025-04-23 15:59:13 DEBUG Propagated <input change> in [[http://www.emftext.org/java]] -> {}
2025-04-23 15:59:13 DEBUG Saving all models of model repository for VSUM @target\Java2UmlEvaluationGoal1\testInterfaceMethodToMethod
2025-04-23 15:59:13 DEBUG Save resource: org.eclipse.emf.ecore.xmi.impl.XMIResourceImpl@2d399e88 uri='target\Java2UmlEvaluationGoal1\testInterfaceMethodToMethod\uml_instance.model'
2025-04-23 15:59:13 DEBUG Finished synchronizing change: TransactionalChangeImpl: [
	create Uuid(ord__Itxi8CBLEfCt_d1Q4dqckw)
	insert Uuid(ord__Itxi8CBLEfCt_d1Q4dqckw) at target\Java2UmlEvaluationGoal1\testInterfaceMethodToMethod\java_instance.model (index 0)
	Uuid(ord__Itxi8CBLEfCt_d1Q4dqckw).name = peketsch (was )
	create Uuid(ord__ItyKACBLEfCt_d1Q4dqckw)
	Uuid(ord__Itxi8CBLEfCt_d1Q4dqckw).compilationUnits += Uuid(ord__ItyKACBLEfCt_d1Q4dqckw) (index 0)
	create Uuid(ord__ItyKASBLEfCt_d1Q4dqckw)
	Uuid(ord__ItyKACBLEfCt_d1Q4dqckw).classifiers += Uuid(ord__ItyKASBLEfCt_d1Q4dqckw) (index 0)
	Uuid(ord__ItyKASBLEfCt_d1Q4dqckw).name = interfees (was )
	create Uuid(ord__ItyKAiBLEfCt_d1Q4dqckw)
	Uuid(ord__ItyKASBLEfCt_d1Q4dqckw).members += Uuid(ord__ItyKAiBLEfCt_d1Q4dqckw) (index 0)
	Uuid(ord__ItyKAiBLEfCt_d1Q4dqckw).name = methed (was )
]

2025-04-23 15:59:13 INFO Finished change propagation
]]></system-out>
  </testcase>
  <testcase name="testClassToUmlClass" classname="tools.vitruv.methodologisttemplate.vsum.Java2UmlEvaluationGoal1Test" time="0.333">
    <system-out><![CDATA[2025-04-23 15:59:13 INFO eclipse-ibex-workspace: C:\Users\XPS-15\IdeaProjects\Vitruv-TGG-Integration-Test\vsum\..\eclipse-ibex-workspace\Java2Uml
2025-04-23 15:59:13 INFO setupCorrAndProtocol: Wiping corr.xmi and protocol.xmi
2025-04-23 15:59:13 INFO setupCorrAndProtocol: Wiping corr.xmi and protocol.xmi
2025-04-23 15:59:13 INFO Starting change propagation
2025-04-23 15:59:13 DEBUG Started synchronizing change: TransactionalChangeImpl: [
	create Uuid(ord__IxQ70CBLEfCt_d1Q4dqckw)
	insert Uuid(ord__IxQ70CBLEfCt_d1Q4dqckw) at target\Java2UmlEvaluationGoal1\testClassToUmlClass\java_instance.model (index 0)
	Uuid(ord__IxQ70CBLEfCt_d1Q4dqckw).name = peketsch (was )
	create Uuid(ord__IxQ70SBLEfCt_d1Q4dqckw)
	Uuid(ord__IxQ70CBLEfCt_d1Q4dqckw).compilationUnits += Uuid(ord__IxQ70SBLEfCt_d1Q4dqckw) (index 0)
	create Uuid(ord__IxQ70iBLEfCt_d1Q4dqckw)
	Uuid(ord__IxQ70SBLEfCt_d1Q4dqckw).classifiers += Uuid(ord__IxQ70iBLEfCt_d1Q4dqckw) (index 0)
	Uuid(ord__IxQ70iBLEfCt_d1Q4dqckw).name = kless (was )
]

2025-04-23 15:59:13 DEBUG Create model instance for resource with URI: target\Java2UmlEvaluationGoal1\testClassToUmlClass\java_instance.model
2025-04-23 15:59:13 DEBUG Start recording virtual model
2025-04-23 15:59:13 INFO ------- Calling ibex -------
2025-04-23 15:59:13 INFO Source Model has no respective target model yet. Creating one.
2025-04-23 15:59:13 DEBUG Create model instance for resource with URI: target\Java2UmlEvaluationGoal1\testClassToUmlClass\uml_instance.model
2025-04-23 15:59:13 INFO Resource not found. Not loading. Path=C:\Users\XPS-15\IdeaProjects\Vitruv-TGG-Integration-Test\vsum\..\eclipse-ibex-workspace/Java2Uml/instances/corr.xmi
2025-04-23 15:59:13 INFO Resource not found. Not loading. Path=C:\Users\XPS-15\IdeaProjects\Vitruv-TGG-Integration-Test\vsum\..\eclipse-ibex-workspace/Java2Uml/instances/protocol.xmi
2025-04-23 15:59:13 WARN CORRUPT RULE: MethodEnumReturnTypeToReturnTypehas nodes and/ or edges whose type is an unresolved proxy!
2025-04-23 15:59:13 WARN   - javaMethod__typeReference__typeReference_eMoflonEdge, org.eclipse.emf.ecore.impl.EReferenceImpl@c3836b6 (eProxyURI: platform:/plugin/org.emftext.language.java/metamodel/java.ecore#_Wo2ZQdz1Ed2bJ_pQViWxFg)
2025-04-23 15:59:13 WARN CORRUPT RULE: InterfacePublicToPublichas nodes and/ or edges whose type is an unresolved proxy!
2025-04-23 15:59:13 WARN   - modifier, org.eclipse.emf.ecore.impl.EClassImpl@363e2009 (eProxyURI: platform:/plugin/org.emftext.language.java/metamodel/java.ecore#_Wo2Ytdz1Ed2bJ_pQViWxFg)
2025-04-23 15:59:13 WARN CORRUPT RULE: ConstructorInterfaceParamTypeToParamTypehas nodes and/ or edges whose type is an unresolved proxy!
2025-04-23 15:59:13 WARN   - parameter__typeReference__typeReference_eMoflonEdge, org.eclipse.emf.ecore.impl.EReferenceImpl@3615f8d9 (eProxyURI: platform:/plugin/org.emftext.language.java/metamodel/java.ecore#_Wo2ZQdz1Ed2bJ_pQViWxFg)
2025-04-23 15:59:13 WARN CORRUPT RULE: ClassAttributeTypeToPropertyTypehas nodes and/ or edges whose type is an unresolved proxy!
2025-04-23 15:59:13 WARN   - field__typeReference__typeReference_eMoflonEdge, org.eclipse.emf.ecore.impl.EReferenceImpl@1a59500b (eProxyURI: platform:/plugin/org.emftext.language.java/metamodel/java.ecore#_Wo2ZQdz1Ed2bJ_pQViWxFg)
2025-04-23 15:59:13 WARN CORRUPT RULE: InterfaceAttributeTypeToPropertyTypehas nodes and/ or edges whose type is an unresolved proxy!
2025-04-23 15:59:13 WARN   - field__typeReference__typeReference_eMoflonEdge, org.eclipse.emf.ecore.impl.EReferenceImpl@57f6fc09 (eProxyURI: platform:/plugin/org.emftext.language.java/metamodel/java.ecore#_Wo2ZQdz1Ed2bJ_pQViWxFg)
2025-04-23 15:59:13 WARN CORRUPT RULE: ClassProtectedToProtectedhas nodes and/ or edges whose type is an unresolved proxy!
2025-04-23 15:59:13 WARN   - modifier, org.eclipse.emf.ecore.impl.EClassImpl@5aec151b (eProxyURI: platform:/plugin/org.emftext.language.java/metamodel/java.ecore#_Wo2Yudz1Ed2bJ_pQViWxFg)
2025-04-23 15:59:13 WARN CORRUPT RULE: MethodClassParamTypeToParamTypehas nodes and/ or edges whose type is an unresolved proxy!
2025-04-23 15:59:13 WARN   - parameter__typeReference__typeReference_eMoflonEdge, org.eclipse.emf.ecore.impl.EReferenceImpl@14b9817b (eProxyURI: platform:/plugin/org.emftext.language.java/metamodel/java.ecore#_Wo2ZQdz1Ed2bJ_pQViWxFg)
2025-04-23 15:59:13 WARN CORRUPT RULE: InterfacePrivateToPrivatehas nodes and/ or edges whose type is an unresolved proxy!
2025-04-23 15:59:13 WARN   - modifier, org.eclipse.emf.ecore.impl.EClassImpl@a2ca681 (eProxyURI: platform:/plugin/org.emftext.language.java/metamodel/java.ecore#_Wo2Yu9z1Ed2bJ_pQViWxFg)
2025-04-23 15:59:13 WARN CORRUPT RULE: InterfaceAbstractToAbstracthas nodes and/ or edges whose type is an unresolved proxy!
2025-04-23 15:59:13 WARN   - modifier, org.eclipse.emf.ecore.impl.EClassImpl@5fee3c9c (eProxyURI: platform:/plugin/org.emftext.language.java/metamodel/java.ecore#_Wo2Yt9z1Ed2bJ_pQViWxFg)
2025-04-23 15:59:13 WARN CORRUPT RULE: ClassPublicToPublichas nodes and/ or edges whose type is an unresolved proxy!
2025-04-23 15:59:13 WARN   - modifier, org.eclipse.emf.ecore.impl.EClassImpl@11a0c708 (eProxyURI: platform:/plugin/org.emftext.language.java/metamodel/java.ecore#_Wo2Ytdz1Ed2bJ_pQViWxFg)
2025-04-23 15:59:13 WARN CORRUPT RULE: EnumProtectedToProtectedhas nodes and/ or edges whose type is an unresolved proxy!
2025-04-23 15:59:13 WARN   - modifier, org.eclipse.emf.ecore.impl.EClassImpl@1e9b0c92 (eProxyURI: platform:/plugin/org.emftext.language.java/metamodel/java.ecore#_Wo2Yudz1Ed2bJ_pQViWxFg)
2025-04-23 15:59:13 WARN CORRUPT RULE: MethodClassReturnTypeToReturnTypehas nodes and/ or edges whose type is an unresolved proxy!
2025-04-23 15:59:13 WARN   - javaMethod__typeReference__typeReference_eMoflonEdge, org.eclipse.emf.ecore.impl.EReferenceImpl@4cf1bd4a (eProxyURI: platform:/plugin/org.emftext.language.java/metamodel/java.ecore#_Wo2ZQdz1Ed2bJ_pQViWxFg)
2025-04-23 15:59:13 WARN CORRUPT RULE: MethodInterfaceReturnTypeToReturnTypehas nodes and/ or edges whose type is an unresolved proxy!
2025-04-23 15:59:13 WARN   - javaMethod__typeReference__typeReference_eMoflonEdge, org.eclipse.emf.ecore.impl.EReferenceImpl@445f6aa7 (eProxyURI: platform:/plugin/org.emftext.language.java/metamodel/java.ecore#_Wo2ZQdz1Ed2bJ_pQViWxFg)
2025-04-23 15:59:13 WARN CORRUPT RULE: InterfaceProtectedToProtectedhas nodes and/ or edges whose type is an unresolved proxy!
2025-04-23 15:59:13 WARN   - modifier, org.eclipse.emf.ecore.impl.EClassImpl@2b98c310 (eProxyURI: platform:/plugin/org.emftext.language.java/metamodel/java.ecore#_Wo2Yudz1Ed2bJ_pQViWxFg)
2025-04-23 15:59:13 WARN CORRUPT RULE: FieldFinalToFinalhas nodes and/ or edges whose type is an unresolved proxy!
2025-04-23 15:59:13 WARN   - modifier, org.eclipse.emf.ecore.impl.EClassImpl@26361572 (eProxyURI: platform:/plugin/org.emftext.language.java/metamodel/java.ecore#_Wo2Yvdz1Ed2bJ_pQViWxFg)
2025-04-23 15:59:13 WARN CORRUPT RULE: EnumPublicToPublichas nodes and/ or edges whose type is an unresolved proxy!
2025-04-23 15:59:13 WARN   - modifier, org.eclipse.emf.ecore.impl.EClassImpl@30259c61 (eProxyURI: platform:/plugin/org.emftext.language.java/metamodel/java.ecore#_Wo2Ytdz1Ed2bJ_pQViWxFg)
2025-04-23 15:59:13 WARN CORRUPT RULE: EnumAttributeTypeToPropertyTypehas nodes and/ or edges whose type is an unresolved proxy!
2025-04-23 15:59:13 WARN   - field__typeReference__typeReference_eMoflonEdge, org.eclipse.emf.ecore.impl.EReferenceImpl@255b84a9 (eProxyURI: platform:/plugin/org.emftext.language.java/metamodel/java.ecore#_Wo2ZQdz1Ed2bJ_pQViWxFg)
2025-04-23 15:59:13 WARN CORRUPT RULE: ClassPrivateToPrivatehas nodes and/ or edges whose type is an unresolved proxy!
2025-04-23 15:59:13 WARN   - modifier, org.eclipse.emf.ecore.impl.EClassImpl@26723525 (eProxyURI: platform:/plugin/org.emftext.language.java/metamodel/java.ecore#_Wo2Yu9z1Ed2bJ_pQViWxFg)
2025-04-23 15:59:13 WARN CORRUPT RULE: MethodStaticToStatichas nodes and/ or edges whose type is an unresolved proxy!
2025-04-23 15:59:13 WARN   - modifier, org.eclipse.emf.ecore.impl.EClassImpl@68c3aa38 (eProxyURI: platform:/plugin/org.emftext.language.java/metamodel/java.ecore#_Wo2Yv9z1Ed2bJ_pQViWxFg)
2025-04-23 15:59:13 WARN CORRUPT RULE: ClassAbstractToAbstracthas nodes and/ or edges whose type is an unresolved proxy!
2025-04-23 15:59:13 WARN   - modifier, org.eclipse.emf.ecore.impl.EClassImpl@267a8777 (eProxyURI: platform:/plugin/org.emftext.language.java/metamodel/java.ecore#_Wo2Yt9z1Ed2bJ_pQViWxFg)
2025-04-23 15:59:13 WARN CORRUPT RULE: EnumPrivateToPrivatehas nodes and/ or edges whose type is an unresolved proxy!
2025-04-23 15:59:13 WARN   - modifier, org.eclipse.emf.ecore.impl.EClassImpl@623bdc46 (eProxyURI: platform:/plugin/org.emftext.language.java/metamodel/java.ecore#_Wo2Yu9z1Ed2bJ_pQViWxFg)
2025-04-23 15:59:13 WARN CORRUPT RULE: InterfaceFinalToFinalhas nodes and/ or edges whose type is an unresolved proxy!
2025-04-23 15:59:13 WARN   - modifier, org.eclipse.emf.ecore.impl.EClassImpl@332610ad (eProxyURI: platform:/plugin/org.emftext.language.java/metamodel/java.ecore#_Wo2Yvdz1Ed2bJ_pQViWxFg)
2025-04-23 15:59:13 WARN CORRUPT RULE: MethodEnumParamTypeToParamTypehas nodes and/ or edges whose type is an unresolved proxy!
2025-04-23 15:59:13 WARN   - parameter__typeReference__typeReference_eMoflonEdge, org.eclipse.emf.ecore.impl.EReferenceImpl@795e8ef5 (eProxyURI: platform:/plugin/org.emftext.language.java/metamodel/java.ecore#_Wo2ZQdz1Ed2bJ_pQViWxFg)
2025-04-23 15:59:13 WARN CORRUPT RULE: MethodFinalToFinalhas nodes and/ or edges whose type is an unresolved proxy!
2025-04-23 15:59:13 WARN   - modifier, org.eclipse.emf.ecore.impl.EClassImpl@10b7b5f0 (eProxyURI: platform:/plugin/org.emftext.language.java/metamodel/java.ecore#_Wo2Yvdz1Ed2bJ_pQViWxFg)
2025-04-23 15:59:13 WARN CORRUPT RULE: ConstructorClassParamTypeToParamTypehas nodes and/ or edges whose type is an unresolved proxy!
2025-04-23 15:59:13 WARN   - parameter__typeReference__typeReference_eMoflonEdge, org.eclipse.emf.ecore.impl.EReferenceImpl@5af7e2f (eProxyURI: platform:/plugin/org.emftext.language.java/metamodel/java.ecore#_Wo2ZQdz1Ed2bJ_pQViWxFg)
2025-04-23 15:59:13 WARN CORRUPT RULE: EnumAbstractToAbstracthas nodes and/ or edges whose type is an unresolved proxy!
2025-04-23 15:59:13 WARN   - modifier, org.eclipse.emf.ecore.impl.EClassImpl@c76762 (eProxyURI: platform:/plugin/org.emftext.language.java/metamodel/java.ecore#_Wo2Yt9z1Ed2bJ_pQViWxFg)
2025-04-23 15:59:13 WARN CORRUPT RULE: ClassFinalToFinalhas nodes and/ or edges whose type is an unresolved proxy!
2025-04-23 15:59:13 WARN   - modifier, org.eclipse.emf.ecore.impl.EClassImpl@2db82155 (eProxyURI: platform:/plugin/org.emftext.language.java/metamodel/java.ecore#_Wo2Yvdz1Ed2bJ_pQViWxFg)
2025-04-23 15:59:13 WARN CORRUPT RULE: ConstructorEnumParamTypeToParamTypehas nodes and/ or edges whose type is an unresolved proxy!
2025-04-23 15:59:13 WARN   - parameter__typeReference__typeReference_eMoflonEdge, org.eclipse.emf.ecore.impl.EReferenceImpl@294ab038 (eProxyURI: platform:/plugin/org.emftext.language.java/metamodel/java.ecore#_Wo2ZQdz1Ed2bJ_pQViWxFg)
2025-04-23 15:59:13 WARN CORRUPT RULE: EnumFinalToFinalhas nodes and/ or edges whose type is an unresolved proxy!
2025-04-23 15:59:13 WARN   - modifier, org.eclipse.emf.ecore.impl.EClassImpl@55849272 (eProxyURI: platform:/plugin/org.emftext.language.java/metamodel/java.ecore#_Wo2Yvdz1Ed2bJ_pQViWxFg)
2025-04-23 15:59:13 WARN CORRUPT RULE: MethodInterfaceParamTypeToParamTypehas nodes and/ or edges whose type is an unresolved proxy!
2025-04-23 15:59:13 WARN   - parameter__typeReference__typeReference_eMoflonEdge, org.eclipse.emf.ecore.impl.EReferenceImpl@520eb9f8 (eProxyURI: platform:/plugin/org.emftext.language.java/metamodel/java.ecore#_Wo2ZQdz1Ed2bJ_pQViWxFg)
2025-04-23 15:59:13 WARN CORRUPT RULE: FieldStaticToStatichas nodes and/ or edges whose type is an unresolved proxy!
2025-04-23 15:59:13 WARN   - modifier, org.eclipse.emf.ecore.impl.EClassImpl@4f2a9903 (eProxyURI: platform:/plugin/org.emftext.language.java/metamodel/java.ecore#_Wo2Yv9z1Ed2bJ_pQViWxFg)
2025-04-23 15:59:13 WARN CORRUPT RULE: MethodAbstractToAbstracthas nodes and/ or edges whose type is an unresolved proxy!
2025-04-23 15:59:13 WARN   - modifier, org.eclipse.emf.ecore.impl.EClassImpl@e280006 (eProxyURI: platform:/plugin/org.emftext.language.java/metamodel/java.ecore#_Wo2Yt9z1Ed2bJ_pQViWxFg)
2025-04-23 15:59:13 INFO Pattern Conversion took 14.6354 ms
2025-04-23 15:59:13 INFO Starting SYNC
2025-04-23 15:59:13 WARN   LOADED MARKERS : 
    - 
2025-04-23 15:59:13 WARN No rule defined to cover the following change's type: [InsertEAttributeValue] AE=Package:c770b57, name=peketsch
2025-04-23 15:59:13 WARN No rule defined to cover the following change's type: [InsertEAttributeValue] AE=Class:750adad8, name=kless
2025-04-23 15:59:13 INFO Pattern Matching took 5.8701 ms
2025-04-23 15:59:13 INFO Created elements: 13
2025-04-23 15:59:13 INFO Deleted elements: 0
2025-04-23 15:59:13 INFO Completed SYNC in: 40 ms
2025-04-23 15:59:13 DEBUG BENCHMARKLOGGER logs: 
2025-04-23 15:59:13 DEBUG BenchmarkLogger
[
  Total elements created .. 13
  Total elements deleted .. 0
  Total matches found ..... 5
  Total matches repaired .. 0
  Total matches revoked ... 0
  Total matches applied ... 3
]
2025-04-23 15:59:13 INFO VitruviusBackwardConversionTGGEngine::terminate called. We do not use this.
2025-04-23 15:59:13 DEBUG Add root to resource: org.eclipse.emf.ecore.xmi.impl.XMIResourceImpl@188b9a1e uri='target\Java2UmlEvaluationGoal1\testClassToUmlClass\uml_instance.model'
2025-04-23 15:59:13 INFO -- Added the following corrs: 
2025-04-23 15:59:13 INFO   - [CorrespondenceNode JavaPackageToUmlPackage] SRC=Package:c770b57, name=peketsch, TRG=Package:1516f497, name=peketsch
2025-04-23 15:59:13 INFO   - [CorrespondenceNode JavaClassifierToUmlClassifier] SRC=Class:750adad8, name=kless, TRG=Class:2b0d818d, name=kless
2025-04-23 15:59:13 INFO   - [CorrespondenceNode JavaCompilationUnitToUmlModel] SRC=CompilationUnit:55731ccd, name=null, TRG=Model:923bf67, name=UML_MODEL
2025-04-23 15:59:13 DEBUG End recording virtual model
2025-04-23 15:59:13 DEBUG Propagated <input change> in [[http://www.emftext.org/java]] -> {[[http://www.eclipse.org/uml2/5.0.0/UML]]}
2025-04-23 15:59:13 DEBUG Propagated <input change> in [[http://www.emftext.org/java]] -> [[http://www.eclipse.org/uml2/5.0.0/UML]] -> {}
2025-04-23 15:59:13 DEBUG Propagated <input change> in [[http://www.emftext.org/java]] -> [[http://www.eclipse.org/uml2/5.0.0/UML]] -> {}
2025-04-23 15:59:13 DEBUG Start recording virtual model
2025-04-23 15:59:13 WARN propagateChange not implemented, use propagateChanges (with an s).
2025-04-23 15:59:13 WARN propagateChange not implemented, use propagateChanges (with an s).
2025-04-23 15:59:13 WARN propagateChange not implemented, use propagateChanges (with an s).
2025-04-23 15:59:13 WARN propagateChange not implemented, use propagateChanges (with an s).
2025-04-23 15:59:13 WARN propagateChange not implemented, use propagateChanges (with an s).
2025-04-23 15:59:13 WARN propagateChange not implemented, use propagateChanges (with an s).
2025-04-23 15:59:13 WARN propagateChange not implemented, use propagateChanges (with an s).
2025-04-23 15:59:13 WARN propagateChange not implemented, use propagateChanges (with an s).
2025-04-23 15:59:13 DEBUG End recording virtual model
2025-04-23 15:59:13 DEBUG Propagated <input change> in [[http://www.emftext.org/java]] -> {}
2025-04-23 15:59:13 DEBUG Saving all models of model repository for VSUM @target\Java2UmlEvaluationGoal1\testClassToUmlClass
2025-04-23 15:59:13 DEBUG Save resource: org.eclipse.emf.ecore.xmi.impl.XMIResourceImpl@188b9a1e uri='target\Java2UmlEvaluationGoal1\testClassToUmlClass\uml_instance.model'
2025-04-23 15:59:13 DEBUG Finished synchronizing change: TransactionalChangeImpl: [
	create Uuid(ord__IxQ70CBLEfCt_d1Q4dqckw)
	insert Uuid(ord__IxQ70CBLEfCt_d1Q4dqckw) at target\Java2UmlEvaluationGoal1\testClassToUmlClass\java_instance.model (index 0)
	Uuid(ord__IxQ70CBLEfCt_d1Q4dqckw).name = peketsch (was )
	create Uuid(ord__IxQ70SBLEfCt_d1Q4dqckw)
	Uuid(ord__IxQ70CBLEfCt_d1Q4dqckw).compilationUnits += Uuid(ord__IxQ70SBLEfCt_d1Q4dqckw) (index 0)
	create Uuid(ord__IxQ70iBLEfCt_d1Q4dqckw)
	Uuid(ord__IxQ70SBLEfCt_d1Q4dqckw).classifiers += Uuid(ord__IxQ70iBLEfCt_d1Q4dqckw) (index 0)
	Uuid(ord__IxQ70iBLEfCt_d1Q4dqckw).name = kless (was )
]

2025-04-23 15:59:13 INFO Finished change propagation
]]></system-out>
  </testcase>
  <testcase name="testEnumConstantToEnumLiteral" classname="tools.vitruv.methodologisttemplate.vsum.Java2UmlEvaluationGoal1Test" time="0.363">
    <system-out><![CDATA[2025-04-23 15:59:13 INFO eclipse-ibex-workspace: C:\Users\XPS-15\IdeaProjects\Vitruv-TGG-Integration-Test\vsum\..\eclipse-ibex-workspace\Java2Uml
2025-04-23 15:59:13 INFO setupCorrAndProtocol: Wiping corr.xmi and protocol.xmi
2025-04-23 15:59:13 INFO setupCorrAndProtocol: Wiping corr.xmi and protocol.xmi
2025-04-23 15:59:13 INFO Starting change propagation
2025-04-23 15:59:13 DEBUG Started synchronizing change: TransactionalChangeImpl: [
	create Uuid(ord__I0iSQCBLEfCt_d1Q4dqckw)
	insert Uuid(ord__I0iSQCBLEfCt_d1Q4dqckw) at target\Java2UmlEvaluationGoal1\testEnumConstantToEnumLiteral\java_instance.model (index 0)
	Uuid(ord__I0iSQCBLEfCt_d1Q4dqckw).name = peketsch (was )
	create Uuid(ord__I0iSQSBLEfCt_d1Q4dqckw)
	Uuid(ord__I0iSQCBLEfCt_d1Q4dqckw).compilationUnits += Uuid(ord__I0iSQSBLEfCt_d1Q4dqckw) (index 0)
	create Uuid(ord__I0iSQiBLEfCt_d1Q4dqckw)
	Uuid(ord__I0iSQSBLEfCt_d1Q4dqckw).classifiers += Uuid(ord__I0iSQiBLEfCt_d1Q4dqckw) (index 0)
	Uuid(ord__I0iSQiBLEfCt_d1Q4dqckw).name = ehnumm (was )
	create Uuid(ord__I0iSQyBLEfCt_d1Q4dqckw)
	Uuid(ord__I0iSQiBLEfCt_d1Q4dqckw).constants += Uuid(ord__I0iSQyBLEfCt_d1Q4dqckw) (index 0)
	Uuid(ord__I0iSQyBLEfCt_d1Q4dqckw).name = ehnummKonschtant (was )
]

2025-04-23 15:59:13 DEBUG Create model instance for resource with URI: target\Java2UmlEvaluationGoal1\testEnumConstantToEnumLiteral\java_instance.model
2025-04-23 15:59:13 DEBUG Start recording virtual model
2025-04-23 15:59:13 INFO ------- Calling ibex -------
2025-04-23 15:59:13 INFO Source Model has no respective target model yet. Creating one.
2025-04-23 15:59:13 DEBUG Create model instance for resource with URI: target\Java2UmlEvaluationGoal1\testEnumConstantToEnumLiteral\uml_instance.model
2025-04-23 15:59:13 INFO Resource not found. Not loading. Path=C:\Users\XPS-15\IdeaProjects\Vitruv-TGG-Integration-Test\vsum\..\eclipse-ibex-workspace/Java2Uml/instances/corr.xmi
2025-04-23 15:59:13 INFO Resource not found. Not loading. Path=C:\Users\XPS-15\IdeaProjects\Vitruv-TGG-Integration-Test\vsum\..\eclipse-ibex-workspace/Java2Uml/instances/protocol.xmi
2025-04-23 15:59:13 WARN CORRUPT RULE: EnumAttributeTypeToPropertyTypehas nodes and/ or edges whose type is an unresolved proxy!
2025-04-23 15:59:13 WARN   - field__typeReference__typeReference_eMoflonEdge, org.eclipse.emf.ecore.impl.EReferenceImpl@f5a680 (eProxyURI: platform:/plugin/org.emftext.language.java/metamodel/java.ecore#_Wo2ZQdz1Ed2bJ_pQViWxFg)
2025-04-23 15:59:13 WARN CORRUPT RULE: EnumPrivateToPrivatehas nodes and/ or edges whose type is an unresolved proxy!
2025-04-23 15:59:13 WARN   - modifier, org.eclipse.emf.ecore.impl.EClassImpl@7bf997e0 (eProxyURI: platform:/plugin/org.emftext.language.java/metamodel/java.ecore#_Wo2Yu9z1Ed2bJ_pQViWxFg)
2025-04-23 15:59:13 WARN CORRUPT RULE: FieldStaticToStatichas nodes and/ or edges whose type is an unresolved proxy!
2025-04-23 15:59:13 WARN   - modifier, org.eclipse.emf.ecore.impl.EClassImpl@5c141c7b (eProxyURI: platform:/plugin/org.emftext.language.java/metamodel/java.ecore#_Wo2Yv9z1Ed2bJ_pQViWxFg)
2025-04-23 15:59:13 WARN CORRUPT RULE: InterfaceAttributeTypeToPropertyTypehas nodes and/ or edges whose type is an unresolved proxy!
2025-04-23 15:59:13 WARN   - field__typeReference__typeReference_eMoflonEdge, org.eclipse.emf.ecore.impl.EReferenceImpl@363ee411 (eProxyURI: platform:/plugin/org.emftext.language.java/metamodel/java.ecore#_Wo2ZQdz1Ed2bJ_pQViWxFg)
2025-04-23 15:59:13 WARN CORRUPT RULE: MethodClassParamTypeToParamTypehas nodes and/ or edges whose type is an unresolved proxy!
2025-04-23 15:59:13 WARN   - parameter__typeReference__typeReference_eMoflonEdge, org.eclipse.emf.ecore.impl.EReferenceImpl@785477e5 (eProxyURI: platform:/plugin/org.emftext.language.java/metamodel/java.ecore#_Wo2ZQdz1Ed2bJ_pQViWxFg)
2025-04-23 15:59:13 WARN CORRUPT RULE: ClassAttributeTypeToPropertyTypehas nodes and/ or edges whose type is an unresolved proxy!
2025-04-23 15:59:13 WARN   - field__typeReference__typeReference_eMoflonEdge, org.eclipse.emf.ecore.impl.EReferenceImpl@41962299 (eProxyURI: platform:/plugin/org.emftext.language.java/metamodel/java.ecore#_Wo2ZQdz1Ed2bJ_pQViWxFg)
2025-04-23 15:59:13 WARN CORRUPT RULE: ConstructorEnumParamTypeToParamTypehas nodes and/ or edges whose type is an unresolved proxy!
2025-04-23 15:59:13 WARN   - parameter__typeReference__typeReference_eMoflonEdge, org.eclipse.emf.ecore.impl.EReferenceImpl@6421bc7e (eProxyURI: platform:/plugin/org.emftext.language.java/metamodel/java.ecore#_Wo2ZQdz1Ed2bJ_pQViWxFg)
2025-04-23 15:59:13 WARN CORRUPT RULE: ConstructorClassParamTypeToParamTypehas nodes and/ or edges whose type is an unresolved proxy!
2025-04-23 15:59:13 WARN   - parameter__typeReference__typeReference_eMoflonEdge, org.eclipse.emf.ecore.impl.EReferenceImpl@5e572b08 (eProxyURI: platform:/plugin/org.emftext.language.java/metamodel/java.ecore#_Wo2ZQdz1Ed2bJ_pQViWxFg)
2025-04-23 15:59:13 WARN CORRUPT RULE: ClassAbstractToAbstracthas nodes and/ or edges whose type is an unresolved proxy!
2025-04-23 15:59:13 WARN   - modifier, org.eclipse.emf.ecore.impl.EClassImpl@a3e458 (eProxyURI: platform:/plugin/org.emftext.language.java/metamodel/java.ecore#_Wo2Yt9z1Ed2bJ_pQViWxFg)
2025-04-23 15:59:13 WARN CORRUPT RULE: MethodEnumReturnTypeToReturnTypehas nodes and/ or edges whose type is an unresolved proxy!
2025-04-23 15:59:13 WARN   - javaMethod__typeReference__typeReference_eMoflonEdge, org.eclipse.emf.ecore.impl.EReferenceImpl@63df2eb8 (eProxyURI: platform:/plugin/org.emftext.language.java/metamodel/java.ecore#_Wo2ZQdz1Ed2bJ_pQViWxFg)
2025-04-23 15:59:13 WARN CORRUPT RULE: MethodFinalToFinalhas nodes and/ or edges whose type is an unresolved proxy!
2025-04-23 15:59:13 WARN   - modifier, org.eclipse.emf.ecore.impl.EClassImpl@565983f3 (eProxyURI: platform:/plugin/org.emftext.language.java/metamodel/java.ecore#_Wo2Yvdz1Ed2bJ_pQViWxFg)
2025-04-23 15:59:13 WARN CORRUPT RULE: InterfacePublicToPublichas nodes and/ or edges whose type is an unresolved proxy!
2025-04-23 15:59:13 WARN   - modifier, org.eclipse.emf.ecore.impl.EClassImpl@72321701 (eProxyURI: platform:/plugin/org.emftext.language.java/metamodel/java.ecore#_Wo2Ytdz1Ed2bJ_pQViWxFg)
2025-04-23 15:59:13 WARN CORRUPT RULE: FieldFinalToFinalhas nodes and/ or edges whose type is an unresolved proxy!
2025-04-23 15:59:13 WARN   - modifier, org.eclipse.emf.ecore.impl.EClassImpl@182469d0 (eProxyURI: platform:/plugin/org.emftext.language.java/metamodel/java.ecore#_Wo2Yvdz1Ed2bJ_pQViWxFg)
2025-04-23 15:59:13 WARN CORRUPT RULE: InterfaceProtectedToProtectedhas nodes and/ or edges whose type is an unresolved proxy!
2025-04-23 15:59:13 WARN   - modifier, org.eclipse.emf.ecore.impl.EClassImpl@c6653e (eProxyURI: platform:/plugin/org.emftext.language.java/metamodel/java.ecore#_Wo2Yudz1Ed2bJ_pQViWxFg)
2025-04-23 15:59:13 WARN CORRUPT RULE: MethodClassReturnTypeToReturnTypehas nodes and/ or edges whose type is an unresolved proxy!
2025-04-23 15:59:13 WARN   - javaMethod__typeReference__typeReference_eMoflonEdge, org.eclipse.emf.ecore.impl.EReferenceImpl@788fa91f (eProxyURI: platform:/plugin/org.emftext.language.java/metamodel/java.ecore#_Wo2ZQdz1Ed2bJ_pQViWxFg)
2025-04-23 15:59:13 WARN CORRUPT RULE: MethodInterfaceParamTypeToParamTypehas nodes and/ or edges whose type is an unresolved proxy!
2025-04-23 15:59:13 WARN   - parameter__typeReference__typeReference_eMoflonEdge, org.eclipse.emf.ecore.impl.EReferenceImpl@5e8bc83e (eProxyURI: platform:/plugin/org.emftext.language.java/metamodel/java.ecore#_Wo2ZQdz1Ed2bJ_pQViWxFg)
2025-04-23 15:59:13 WARN CORRUPT RULE: MethodAbstractToAbstracthas nodes and/ or edges whose type is an unresolved proxy!
2025-04-23 15:59:13 WARN   - modifier, org.eclipse.emf.ecore.impl.EClassImpl@69374e28 (eProxyURI: platform:/plugin/org.emftext.language.java/metamodel/java.ecore#_Wo2Yt9z1Ed2bJ_pQViWxFg)
2025-04-23 15:59:13 WARN CORRUPT RULE: InterfaceFinalToFinalhas nodes and/ or edges whose type is an unresolved proxy!
2025-04-23 15:59:13 WARN   - modifier, org.eclipse.emf.ecore.impl.EClassImpl@3903cfc9 (eProxyURI: platform:/plugin/org.emftext.language.java/metamodel/java.ecore#_Wo2Yvdz1Ed2bJ_pQViWxFg)
2025-04-23 15:59:13 WARN CORRUPT RULE: InterfaceAbstractToAbstracthas nodes and/ or edges whose type is an unresolved proxy!
2025-04-23 15:59:13 WARN   - modifier, org.eclipse.emf.ecore.impl.EClassImpl@288e50c1 (eProxyURI: platform:/plugin/org.emftext.language.java/metamodel/java.ecore#_Wo2Yt9z1Ed2bJ_pQViWxFg)
2025-04-23 15:59:13 WARN CORRUPT RULE: MethodInterfaceReturnTypeToReturnTypehas nodes and/ or edges whose type is an unresolved proxy!
2025-04-23 15:59:13 WARN   - javaMethod__typeReference__typeReference_eMoflonEdge, org.eclipse.emf.ecore.impl.EReferenceImpl@7fba30fe (eProxyURI: platform:/plugin/org.emftext.language.java/metamodel/java.ecore#_Wo2ZQdz1Ed2bJ_pQViWxFg)
2025-04-23 15:59:13 WARN CORRUPT RULE: EnumAbstractToAbstracthas nodes and/ or edges whose type is an unresolved proxy!
2025-04-23 15:59:13 WARN   - modifier, org.eclipse.emf.ecore.impl.EClassImpl@66ce4b4 (eProxyURI: platform:/plugin/org.emftext.language.java/metamodel/java.ecore#_Wo2Yt9z1Ed2bJ_pQViWxFg)
2025-04-23 15:59:13 WARN CORRUPT RULE: MethodStaticToStatichas nodes and/ or edges whose type is an unresolved proxy!
2025-04-23 15:59:13 WARN   - modifier, org.eclipse.emf.ecore.impl.EClassImpl@76ccde41 (eProxyURI: platform:/plugin/org.emftext.language.java/metamodel/java.ecore#_Wo2Yv9z1Ed2bJ_pQViWxFg)
2025-04-23 15:59:13 WARN CORRUPT RULE: InterfacePrivateToPrivatehas nodes and/ or edges whose type is an unresolved proxy!
2025-04-23 15:59:13 WARN   - modifier, org.eclipse.emf.ecore.impl.EClassImpl@3e8eea59 (eProxyURI: platform:/plugin/org.emftext.language.java/metamodel/java.ecore#_Wo2Yu9z1Ed2bJ_pQViWxFg)
2025-04-23 15:59:13 WARN CORRUPT RULE: ClassPrivateToPrivatehas nodes and/ or edges whose type is an unresolved proxy!
2025-04-23 15:59:13 WARN   - modifier, org.eclipse.emf.ecore.impl.EClassImpl@f9d8285 (eProxyURI: platform:/plugin/org.emftext.language.java/metamodel/java.ecore#_Wo2Yu9z1Ed2bJ_pQViWxFg)
2025-04-23 15:59:13 WARN CORRUPT RULE: ClassProtectedToProtectedhas nodes and/ or edges whose type is an unresolved proxy!
2025-04-23 15:59:13 WARN   - modifier, org.eclipse.emf.ecore.impl.EClassImpl@2e243122 (eProxyURI: platform:/plugin/org.emftext.language.java/metamodel/java.ecore#_Wo2Yudz1Ed2bJ_pQViWxFg)
2025-04-23 15:59:13 WARN CORRUPT RULE: MethodEnumParamTypeToParamTypehas nodes and/ or edges whose type is an unresolved proxy!
2025-04-23 15:59:13 WARN   - parameter__typeReference__typeReference_eMoflonEdge, org.eclipse.emf.ecore.impl.EReferenceImpl@49b6373f (eProxyURI: platform:/plugin/org.emftext.language.java/metamodel/java.ecore#_Wo2ZQdz1Ed2bJ_pQViWxFg)
2025-04-23 15:59:13 WARN CORRUPT RULE: ConstructorInterfaceParamTypeToParamTypehas nodes and/ or edges whose type is an unresolved proxy!
2025-04-23 15:59:13 WARN   - parameter__typeReference__typeReference_eMoflonEdge, org.eclipse.emf.ecore.impl.EReferenceImpl@2f51b100 (eProxyURI: platform:/plugin/org.emftext.language.java/metamodel/java.ecore#_Wo2ZQdz1Ed2bJ_pQViWxFg)
2025-04-23 15:59:13 WARN CORRUPT RULE: ClassPublicToPublichas nodes and/ or edges whose type is an unresolved proxy!
2025-04-23 15:59:13 WARN   - modifier, org.eclipse.emf.ecore.impl.EClassImpl@1dba7721 (eProxyURI: platform:/plugin/org.emftext.language.java/metamodel/java.ecore#_Wo2Ytdz1Ed2bJ_pQViWxFg)
2025-04-23 15:59:13 WARN CORRUPT RULE: EnumFinalToFinalhas nodes and/ or edges whose type is an unresolved proxy!
2025-04-23 15:59:13 WARN   - modifier, org.eclipse.emf.ecore.impl.EClassImpl@6c3627c (eProxyURI: platform:/plugin/org.emftext.language.java/metamodel/java.ecore#_Wo2Yvdz1Ed2bJ_pQViWxFg)
2025-04-23 15:59:13 WARN CORRUPT RULE: ClassFinalToFinalhas nodes and/ or edges whose type is an unresolved proxy!
2025-04-23 15:59:13 WARN   - modifier, org.eclipse.emf.ecore.impl.EClassImpl@4010f232 (eProxyURI: platform:/plugin/org.emftext.language.java/metamodel/java.ecore#_Wo2Yvdz1Ed2bJ_pQViWxFg)
2025-04-23 15:59:13 WARN CORRUPT RULE: EnumProtectedToProtectedhas nodes and/ or edges whose type is an unresolved proxy!
2025-04-23 15:59:13 WARN   - modifier, org.eclipse.emf.ecore.impl.EClassImpl@39f3285d (eProxyURI: platform:/plugin/org.emftext.language.java/metamodel/java.ecore#_Wo2Yudz1Ed2bJ_pQViWxFg)
2025-04-23 15:59:13 WARN CORRUPT RULE: EnumPublicToPublichas nodes and/ or edges whose type is an unresolved proxy!
2025-04-23 15:59:13 WARN   - modifier, org.eclipse.emf.ecore.impl.EClassImpl@1cf7c055 (eProxyURI: platform:/plugin/org.emftext.language.java/metamodel/java.ecore#_Wo2Ytdz1Ed2bJ_pQViWxFg)
2025-04-23 15:59:13 INFO Pattern Conversion took 13.0719 ms
2025-04-23 15:59:13 INFO Starting SYNC
2025-04-23 15:59:13 WARN   LOADED MARKERS : 
    - 
2025-04-23 15:59:13 WARN No rule defined to cover the following change's type: [InsertEAttributeValue] AE=Package:4ef0bc5b, name=peketsch
2025-04-23 15:59:13 WARN No rule defined to cover the following change's type: [InsertEAttributeValue] AE=Enumeration:32029cd, name=ehnumm
2025-04-23 15:59:13 WARN No rule defined to cover the following change's type: [InsertEAttributeValue] AE=EnumConstant:48f95f96, name=ehnummKonschtant
2025-04-23 15:59:13 INFO Pattern Matching took 3.3746 ms
2025-04-23 15:59:13 INFO Created elements: 14
2025-04-23 15:59:13 INFO Deleted elements: 0
2025-04-23 15:59:13 INFO Completed SYNC in: 56 ms
2025-04-23 15:59:13 DEBUG BENCHMARKLOGGER logs: 
2025-04-23 15:59:13 DEBUG BenchmarkLogger
[
  Total elements created .. 14
  Total elements deleted .. 0
  Total matches found ..... 6
  Total matches repaired .. 0
  Total matches revoked ... 0
  Total matches applied ... 4
]
2025-04-23 15:59:13 INFO VitruviusBackwardConversionTGGEngine::terminate called. We do not use this.
2025-04-23 15:59:13 DEBUG Add root to resource: org.eclipse.emf.ecore.xmi.impl.XMIResourceImpl@434a2a10 uri='target\Java2UmlEvaluationGoal1\testEnumConstantToEnumLiteral\uml_instance.model'
2025-04-23 15:59:13 INFO -- Added the following corrs: 
2025-04-23 15:59:13 INFO   - [CorrespondenceNode JavaEnumConstantToUmlEnumLiteral] SRC=EnumConstant:48f95f96, name=ehnummKonschtant, TRG=EnumerationLiteral:1fd73dcb, name=ehnummKonschtant
2025-04-23 15:59:13 INFO   - [CorrespondenceNode JavaPackageToUmlPackage] SRC=Package:4ef0bc5b, name=peketsch, TRG=Package:3c6e407, name=peketsch
2025-04-23 15:59:13 INFO   - [CorrespondenceNode JavaClassifierToUmlClassifier] SRC=Enumeration:32029cd, name=ehnumm, TRG=Enumeration:4e3bc13b, name=ehnumm
2025-04-23 15:59:13 INFO   - [CorrespondenceNode JavaCompilationUnitToUmlModel] SRC=CompilationUnit:67b2c8bb, name=null, TRG=Model:3bf306d3, name=UML_MODEL
2025-04-23 15:59:13 DEBUG End recording virtual model
2025-04-23 15:59:13 DEBUG Propagated <input change> in [[http://www.emftext.org/java]] -> {[[http://www.eclipse.org/uml2/5.0.0/UML]]}
2025-04-23 15:59:13 DEBUG Propagated <input change> in [[http://www.emftext.org/java]] -> [[http://www.eclipse.org/uml2/5.0.0/UML]] -> {}
2025-04-23 15:59:13 DEBUG Propagated <input change> in [[http://www.emftext.org/java]] -> [[http://www.eclipse.org/uml2/5.0.0/UML]] -> {}
2025-04-23 15:59:13 DEBUG Start recording virtual model
2025-04-23 15:59:13 WARN propagateChange not implemented, use propagateChanges (with an s).
2025-04-23 15:59:13 WARN propagateChange not implemented, use propagateChanges (with an s).
2025-04-23 15:59:13 WARN propagateChange not implemented, use propagateChanges (with an s).
2025-04-23 15:59:13 WARN propagateChange not implemented, use propagateChanges (with an s).
2025-04-23 15:59:13 WARN propagateChange not implemented, use propagateChanges (with an s).
2025-04-23 15:59:13 WARN propagateChange not implemented, use propagateChanges (with an s).
2025-04-23 15:59:13 WARN propagateChange not implemented, use propagateChanges (with an s).
2025-04-23 15:59:13 WARN propagateChange not implemented, use propagateChanges (with an s).
2025-04-23 15:59:13 WARN propagateChange not implemented, use propagateChanges (with an s).
2025-04-23 15:59:13 WARN propagateChange not implemented, use propagateChanges (with an s).
2025-04-23 15:59:13 WARN propagateChange not implemented, use propagateChanges (with an s).
2025-04-23 15:59:13 DEBUG End recording virtual model
2025-04-23 15:59:13 DEBUG Propagated <input change> in [[http://www.emftext.org/java]] -> {}
2025-04-23 15:59:13 DEBUG Saving all models of model repository for VSUM @target\Java2UmlEvaluationGoal1\testEnumConstantToEnumLiteral
2025-04-23 15:59:13 DEBUG Save resource: org.eclipse.emf.ecore.xmi.impl.XMIResourceImpl@434a2a10 uri='target\Java2UmlEvaluationGoal1\testEnumConstantToEnumLiteral\uml_instance.model'
2025-04-23 15:59:13 DEBUG Finished synchronizing change: TransactionalChangeImpl: [
	create Uuid(ord__I0iSQCBLEfCt_d1Q4dqckw)
	insert Uuid(ord__I0iSQCBLEfCt_d1Q4dqckw) at target\Java2UmlEvaluationGoal1\testEnumConstantToEnumLiteral\java_instance.model (index 0)
	Uuid(ord__I0iSQCBLEfCt_d1Q4dqckw).name = peketsch (was )
	create Uuid(ord__I0iSQSBLEfCt_d1Q4dqckw)
	Uuid(ord__I0iSQCBLEfCt_d1Q4dqckw).compilationUnits += Uuid(ord__I0iSQSBLEfCt_d1Q4dqckw) (index 0)
	create Uuid(ord__I0iSQiBLEfCt_d1Q4dqckw)
	Uuid(ord__I0iSQSBLEfCt_d1Q4dqckw).classifiers += Uuid(ord__I0iSQiBLEfCt_d1Q4dqckw) (index 0)
	Uuid(ord__I0iSQiBLEfCt_d1Q4dqckw).name = ehnumm (was )
	create Uuid(ord__I0iSQyBLEfCt_d1Q4dqckw)
	Uuid(ord__I0iSQiBLEfCt_d1Q4dqckw).constants += Uuid(ord__I0iSQyBLEfCt_d1Q4dqckw) (index 0)
	Uuid(ord__I0iSQyBLEfCt_d1Q4dqckw).name = ehnummKonschtant (was )
]

2025-04-23 15:59:13 INFO Finished change propagation
assertChildMatches for StrucFeatExpectation [StrucFeatExpectation] packagedElement
assertChildMatches for StrucFeatExpectation [StrucFeatExpectation] ownedLiteral
]]></system-out>
  </testcase>
  <testcase name="testEnumToUmlEnum" classname="tools.vitruv.methodologisttemplate.vsum.Java2UmlEvaluationGoal1Test" time="0.318">
    <system-out><![CDATA[2025-04-23 15:59:13 INFO eclipse-ibex-workspace: C:\Users\XPS-15\IdeaProjects\Vitruv-TGG-Integration-Test\vsum\..\eclipse-ibex-workspace\Java2Uml
2025-04-23 15:59:13 INFO setupCorrAndProtocol: Wiping corr.xmi and protocol.xmi
2025-04-23 15:59:13 INFO setupCorrAndProtocol: Wiping corr.xmi and protocol.xmi
2025-04-23 15:59:13 INFO Starting change propagation
2025-04-23 15:59:13 DEBUG Started synchronizing change: TransactionalChangeImpl: [
	create Uuid(ord__I3-n0CBLEfCt_d1Q4dqckw)
	insert Uuid(ord__I3-n0CBLEfCt_d1Q4dqckw) at target\Java2UmlEvaluationGoal1\testEnumToUmlEnum\java_instance.model (index 0)
	Uuid(ord__I3-n0CBLEfCt_d1Q4dqckw).name = peketsch (was )
	create Uuid(ord__I3-n0SBLEfCt_d1Q4dqckw)
	Uuid(ord__I3-n0CBLEfCt_d1Q4dqckw).compilationUnits += Uuid(ord__I3-n0SBLEfCt_d1Q4dqckw) (index 0)
	create Uuid(ord__I3_O4CBLEfCt_d1Q4dqckw)
	Uuid(ord__I3-n0SBLEfCt_d1Q4dqckw).classifiers += Uuid(ord__I3_O4CBLEfCt_d1Q4dqckw) (index 0)
	Uuid(ord__I3_O4CBLEfCt_d1Q4dqckw).name = ehnumm (was )
]

2025-04-23 15:59:13 DEBUG Create model instance for resource with URI: target\Java2UmlEvaluationGoal1\testEnumToUmlEnum\java_instance.model
2025-04-23 15:59:13 DEBUG Start recording virtual model
2025-04-23 15:59:13 INFO ------- Calling ibex -------
2025-04-23 15:59:13 INFO Source Model has no respective target model yet. Creating one.
2025-04-23 15:59:13 DEBUG Create model instance for resource with URI: target\Java2UmlEvaluationGoal1\testEnumToUmlEnum\uml_instance.model
2025-04-23 15:59:13 INFO Resource not found. Not loading. Path=C:\Users\XPS-15\IdeaProjects\Vitruv-TGG-Integration-Test\vsum\..\eclipse-ibex-workspace/Java2Uml/instances/corr.xmi
2025-04-23 15:59:13 INFO Resource not found. Not loading. Path=C:\Users\XPS-15\IdeaProjects\Vitruv-TGG-Integration-Test\vsum\..\eclipse-ibex-workspace/Java2Uml/instances/protocol.xmi
2025-04-23 15:59:14 WARN CORRUPT RULE: MethodAbstractToAbstracthas nodes and/ or edges whose type is an unresolved proxy!
2025-04-23 15:59:14 WARN   - modifier, org.eclipse.emf.ecore.impl.EClassImpl@7aa62a90 (eProxyURI: platform:/plugin/org.emftext.language.java/metamodel/java.ecore#_Wo2Yt9z1Ed2bJ_pQViWxFg)
2025-04-23 15:59:14 WARN CORRUPT RULE: InterfacePrivateToPrivatehas nodes and/ or edges whose type is an unresolved proxy!
2025-04-23 15:59:14 WARN   - modifier, org.eclipse.emf.ecore.impl.EClassImpl@5fc42998 (eProxyURI: platform:/plugin/org.emftext.language.java/metamodel/java.ecore#_Wo2Yu9z1Ed2bJ_pQViWxFg)
2025-04-23 15:59:14 WARN CORRUPT RULE: MethodStaticToStatichas nodes and/ or edges whose type is an unresolved proxy!
2025-04-23 15:59:14 WARN   - modifier, org.eclipse.emf.ecore.impl.EClassImpl@5dfb65d5 (eProxyURI: platform:/plugin/org.emftext.language.java/metamodel/java.ecore#_Wo2Yv9z1Ed2bJ_pQViWxFg)
2025-04-23 15:59:14 WARN CORRUPT RULE: InterfacePublicToPublichas nodes and/ or edges whose type is an unresolved proxy!
2025-04-23 15:59:14 WARN   - modifier, org.eclipse.emf.ecore.impl.EClassImpl@713c8cbb (eProxyURI: platform:/plugin/org.emftext.language.java/metamodel/java.ecore#_Wo2Ytdz1Ed2bJ_pQViWxFg)
2025-04-23 15:59:14 WARN CORRUPT RULE: ConstructorEnumParamTypeToParamTypehas nodes and/ or edges whose type is an unresolved proxy!
2025-04-23 15:59:14 WARN   - parameter__typeReference__typeReference_eMoflonEdge, org.eclipse.emf.ecore.impl.EReferenceImpl@7053a864 (eProxyURI: platform:/plugin/org.emftext.language.java/metamodel/java.ecore#_Wo2ZQdz1Ed2bJ_pQViWxFg)
2025-04-23 15:59:14 WARN CORRUPT RULE: ClassFinalToFinalhas nodes and/ or edges whose type is an unresolved proxy!
2025-04-23 15:59:14 WARN   - modifier, org.eclipse.emf.ecore.impl.EClassImpl@3d6c7152 (eProxyURI: platform:/plugin/org.emftext.language.java/metamodel/java.ecore#_Wo2Yvdz1Ed2bJ_pQViWxFg)
2025-04-23 15:59:14 WARN CORRUPT RULE: InterfaceProtectedToProtectedhas nodes and/ or edges whose type is an unresolved proxy!
2025-04-23 15:59:14 WARN   - modifier, org.eclipse.emf.ecore.impl.EClassImpl@23974cac (eProxyURI: platform:/plugin/org.emftext.language.java/metamodel/java.ecore#_Wo2Yudz1Ed2bJ_pQViWxFg)
2025-04-23 15:59:14 WARN CORRUPT RULE: ConstructorInterfaceParamTypeToParamTypehas nodes and/ or edges whose type is an unresolved proxy!
2025-04-23 15:59:14 WARN   - parameter__typeReference__typeReference_eMoflonEdge, org.eclipse.emf.ecore.impl.EReferenceImpl@56e9126f (eProxyURI: platform:/plugin/org.emftext.language.java/metamodel/java.ecore#_Wo2ZQdz1Ed2bJ_pQViWxFg)
2025-04-23 15:59:14 WARN CORRUPT RULE: MethodInterfaceParamTypeToParamTypehas nodes and/ or edges whose type is an unresolved proxy!
2025-04-23 15:59:14 WARN   - parameter__typeReference__typeReference_eMoflonEdge, org.eclipse.emf.ecore.impl.EReferenceImpl@579cfcc4 (eProxyURI: platform:/plugin/org.emftext.language.java/metamodel/java.ecore#_Wo2ZQdz1Ed2bJ_pQViWxFg)
2025-04-23 15:59:14 WARN CORRUPT RULE: InterfaceAttributeTypeToPropertyTypehas nodes and/ or edges whose type is an unresolved proxy!
2025-04-23 15:59:14 WARN   - field__typeReference__typeReference_eMoflonEdge, org.eclipse.emf.ecore.impl.EReferenceImpl@490f2fad (eProxyURI: platform:/plugin/org.emftext.language.java/metamodel/java.ecore#_Wo2ZQdz1Ed2bJ_pQViWxFg)
2025-04-23 15:59:14 WARN CORRUPT RULE: ClassPrivateToPrivatehas nodes and/ or edges whose type is an unresolved proxy!
2025-04-23 15:59:14 WARN   - modifier, org.eclipse.emf.ecore.impl.EClassImpl@e9947af (eProxyURI: platform:/plugin/org.emftext.language.java/metamodel/java.ecore#_Wo2Yu9z1Ed2bJ_pQViWxFg)
2025-04-23 15:59:14 WARN CORRUPT RULE: EnumAbstractToAbstracthas nodes and/ or edges whose type is an unresolved proxy!
2025-04-23 15:59:14 WARN   - modifier, org.eclipse.emf.ecore.impl.EClassImpl@30942f54 (eProxyURI: platform:/plugin/org.emftext.language.java/metamodel/java.ecore#_Wo2Yt9z1Ed2bJ_pQViWxFg)
2025-04-23 15:59:14 WARN CORRUPT RULE: MethodClassReturnTypeToReturnTypehas nodes and/ or edges whose type is an unresolved proxy!
2025-04-23 15:59:14 WARN   - javaMethod__typeReference__typeReference_eMoflonEdge, org.eclipse.emf.ecore.impl.EReferenceImpl@55b5ce0f (eProxyURI: platform:/plugin/org.emftext.language.java/metamodel/java.ecore#_Wo2ZQdz1Ed2bJ_pQViWxFg)
2025-04-23 15:59:14 WARN CORRUPT RULE: EnumPublicToPublichas nodes and/ or edges whose type is an unresolved proxy!
2025-04-23 15:59:14 WARN   - modifier, org.eclipse.emf.ecore.impl.EClassImpl@74f9004c (eProxyURI: platform:/plugin/org.emftext.language.java/metamodel/java.ecore#_Wo2Ytdz1Ed2bJ_pQViWxFg)
2025-04-23 15:59:14 WARN CORRUPT RULE: MethodInterfaceReturnTypeToReturnTypehas nodes and/ or edges whose type is an unresolved proxy!
2025-04-23 15:59:14 WARN   - javaMethod__typeReference__typeReference_eMoflonEdge, org.eclipse.emf.ecore.impl.EReferenceImpl@34947355 (eProxyURI: platform:/plugin/org.emftext.language.java/metamodel/java.ecore#_Wo2ZQdz1Ed2bJ_pQViWxFg)
2025-04-23 15:59:14 WARN CORRUPT RULE: EnumPrivateToPrivatehas nodes and/ or edges whose type is an unresolved proxy!
2025-04-23 15:59:14 WARN   - modifier, org.eclipse.emf.ecore.impl.EClassImpl@5e6ad84c (eProxyURI: platform:/plugin/org.emftext.language.java/metamodel/java.ecore#_Wo2Yu9z1Ed2bJ_pQViWxFg)
2025-04-23 15:59:14 WARN CORRUPT RULE: MethodFinalToFinalhas nodes and/ or edges whose type is an unresolved proxy!
2025-04-23 15:59:14 WARN   - modifier, org.eclipse.emf.ecore.impl.EClassImpl@568e2d65 (eProxyURI: platform:/plugin/org.emftext.language.java/metamodel/java.ecore#_Wo2Yvdz1Ed2bJ_pQViWxFg)
2025-04-23 15:59:14 WARN CORRUPT RULE: EnumProtectedToProtectedhas nodes and/ or edges whose type is an unresolved proxy!
2025-04-23 15:59:14 WARN   - modifier, org.eclipse.emf.ecore.impl.EClassImpl@56728f48 (eProxyURI: platform:/plugin/org.emftext.language.java/metamodel/java.ecore#_Wo2Yudz1Ed2bJ_pQViWxFg)
2025-04-23 15:59:14 WARN CORRUPT RULE: MethodClassParamTypeToParamTypehas nodes and/ or edges whose type is an unresolved proxy!
2025-04-23 15:59:14 WARN   - parameter__typeReference__typeReference_eMoflonEdge, org.eclipse.emf.ecore.impl.EReferenceImpl@fdfd984 (eProxyURI: platform:/plugin/org.emftext.language.java/metamodel/java.ecore#_Wo2ZQdz1Ed2bJ_pQViWxFg)
2025-04-23 15:59:14 WARN CORRUPT RULE: FieldStaticToStatichas nodes and/ or edges whose type is an unresolved proxy!
2025-04-23 15:59:14 WARN   - modifier, org.eclipse.emf.ecore.impl.EClassImpl@72e5206 (eProxyURI: platform:/plugin/org.emftext.language.java/metamodel/java.ecore#_Wo2Yv9z1Ed2bJ_pQViWxFg)
2025-04-23 15:59:14 WARN CORRUPT RULE: ClassAttributeTypeToPropertyTypehas nodes and/ or edges whose type is an unresolved proxy!
2025-04-23 15:59:14 WARN   - field__typeReference__typeReference_eMoflonEdge, org.eclipse.emf.ecore.impl.EReferenceImpl@37f75ebf (eProxyURI: platform:/plugin/org.emftext.language.java/metamodel/java.ecore#_Wo2ZQdz1Ed2bJ_pQViWxFg)
2025-04-23 15:59:14 WARN CORRUPT RULE: ClassPublicToPublichas nodes and/ or edges whose type is an unresolved proxy!
2025-04-23 15:59:14 WARN   - modifier, org.eclipse.emf.ecore.impl.EClassImpl@23d0f6be (eProxyURI: platform:/plugin/org.emftext.language.java/metamodel/java.ecore#_Wo2Ytdz1Ed2bJ_pQViWxFg)
2025-04-23 15:59:14 WARN CORRUPT RULE: MethodEnumParamTypeToParamTypehas nodes and/ or edges whose type is an unresolved proxy!
2025-04-23 15:59:14 WARN   - parameter__typeReference__typeReference_eMoflonEdge, org.eclipse.emf.ecore.impl.EReferenceImpl@45c10678 (eProxyURI: platform:/plugin/org.emftext.language.java/metamodel/java.ecore#_Wo2ZQdz1Ed2bJ_pQViWxFg)
2025-04-23 15:59:14 WARN CORRUPT RULE: FieldFinalToFinalhas nodes and/ or edges whose type is an unresolved proxy!
2025-04-23 15:59:14 WARN   - modifier, org.eclipse.emf.ecore.impl.EClassImpl@6e140753 (eProxyURI: platform:/plugin/org.emftext.language.java/metamodel/java.ecore#_Wo2Yvdz1Ed2bJ_pQViWxFg)
2025-04-23 15:59:14 WARN CORRUPT RULE: EnumFinalToFinalhas nodes and/ or edges whose type is an unresolved proxy!
2025-04-23 15:59:14 WARN   - modifier, org.eclipse.emf.ecore.impl.EClassImpl@1e834a5b (eProxyURI: platform:/plugin/org.emftext.language.java/metamodel/java.ecore#_Wo2Yvdz1Ed2bJ_pQViWxFg)
2025-04-23 15:59:14 WARN CORRUPT RULE: ClassProtectedToProtectedhas nodes and/ or edges whose type is an unresolved proxy!
2025-04-23 15:59:14 WARN   - modifier, org.eclipse.emf.ecore.impl.EClassImpl@313a3af8 (eProxyURI: platform:/plugin/org.emftext.language.java/metamodel/java.ecore#_Wo2Yudz1Ed2bJ_pQViWxFg)
2025-04-23 15:59:14 WARN CORRUPT RULE: MethodEnumReturnTypeToReturnTypehas nodes and/ or edges whose type is an unresolved proxy!
2025-04-23 15:59:14 WARN   - javaMethod__typeReference__typeReference_eMoflonEdge, org.eclipse.emf.ecore.impl.EReferenceImpl@5471342 (eProxyURI: platform:/plugin/org.emftext.language.java/metamodel/java.ecore#_Wo2ZQdz1Ed2bJ_pQViWxFg)
2025-04-23 15:59:14 WARN CORRUPT RULE: ClassAbstractToAbstracthas nodes and/ or edges whose type is an unresolved proxy!
2025-04-23 15:59:14 WARN   - modifier, org.eclipse.emf.ecore.impl.EClassImpl@4e9d1119 (eProxyURI: platform:/plugin/org.emftext.language.java/metamodel/java.ecore#_Wo2Yt9z1Ed2bJ_pQViWxFg)
2025-04-23 15:59:14 WARN CORRUPT RULE: EnumAttributeTypeToPropertyTypehas nodes and/ or edges whose type is an unresolved proxy!
2025-04-23 15:59:14 WARN   - field__typeReference__typeReference_eMoflonEdge, org.eclipse.emf.ecore.impl.EReferenceImpl@6079d219 (eProxyURI: platform:/plugin/org.emftext.language.java/metamodel/java.ecore#_Wo2ZQdz1Ed2bJ_pQViWxFg)
2025-04-23 15:59:14 WARN CORRUPT RULE: InterfaceFinalToFinalhas nodes and/ or edges whose type is an unresolved proxy!
2025-04-23 15:59:14 WARN   - modifier, org.eclipse.emf.ecore.impl.EClassImpl@686ace1f (eProxyURI: platform:/plugin/org.emftext.language.java/metamodel/java.ecore#_Wo2Yvdz1Ed2bJ_pQViWxFg)
2025-04-23 15:59:14 WARN CORRUPT RULE: ConstructorClassParamTypeToParamTypehas nodes and/ or edges whose type is an unresolved proxy!
2025-04-23 15:59:14 WARN   - parameter__typeReference__typeReference_eMoflonEdge, org.eclipse.emf.ecore.impl.EReferenceImpl@531ed68e (eProxyURI: platform:/plugin/org.emftext.language.java/metamodel/java.ecore#_Wo2ZQdz1Ed2bJ_pQViWxFg)
2025-04-23 15:59:14 WARN CORRUPT RULE: InterfaceAbstractToAbstracthas nodes and/ or edges whose type is an unresolved proxy!
2025-04-23 15:59:14 WARN   - modifier, org.eclipse.emf.ecore.impl.EClassImpl@6bbd4048 (eProxyURI: platform:/plugin/org.emftext.language.java/metamodel/java.ecore#_Wo2Yt9z1Ed2bJ_pQViWxFg)
2025-04-23 15:59:14 INFO Pattern Conversion took 11.9451 ms
2025-04-23 15:59:14 INFO Starting SYNC
2025-04-23 15:59:14 WARN   LOADED MARKERS : 
    - 
2025-04-23 15:59:14 WARN No rule defined to cover the following change's type: [InsertEAttributeValue] AE=Package:59ac60d1, name=peketsch
2025-04-23 15:59:14 WARN No rule defined to cover the following change's type: [InsertEAttributeValue] AE=Enumeration:7af17d31, name=ehnumm
2025-04-23 15:59:14 INFO Pattern Matching took 2.3763 ms
2025-04-23 15:59:14 INFO Created elements: 13
2025-04-23 15:59:14 INFO Deleted elements: 0
2025-04-23 15:59:14 INFO Completed SYNC in: 27 ms
2025-04-23 15:59:14 DEBUG BENCHMARKLOGGER logs: 
2025-04-23 15:59:14 DEBUG BenchmarkLogger
[
  Total elements created .. 13
  Total elements deleted .. 0
  Total matches found ..... 5
  Total matches repaired .. 0
  Total matches revoked ... 0
  Total matches applied ... 3
]
2025-04-23 15:59:14 INFO VitruviusBackwardConversionTGGEngine::terminate called. We do not use this.
2025-04-23 15:59:14 DEBUG Add root to resource: org.eclipse.emf.ecore.xmi.impl.XMIResourceImpl@549fe529 uri='target\Java2UmlEvaluationGoal1\testEnumToUmlEnum\uml_instance.model'
2025-04-23 15:59:14 INFO -- Added the following corrs: 
2025-04-23 15:59:14 INFO   - [CorrespondenceNode JavaPackageToUmlPackage] SRC=Package:59ac60d1, name=peketsch, TRG=Package:42eaf47f, name=peketsch
2025-04-23 15:59:14 INFO   - [CorrespondenceNode JavaCompilationUnitToUmlModel] SRC=CompilationUnit:7c8cea05, name=null, TRG=Model:8e100e7, name=UML_MODEL
2025-04-23 15:59:14 INFO   - [CorrespondenceNode JavaClassifierToUmlClassifier] SRC=Enumeration:7af17d31, name=ehnumm, TRG=Enumeration:4e797a39, name=ehnumm
2025-04-23 15:59:14 DEBUG End recording virtual model
2025-04-23 15:59:14 DEBUG Propagated <input change> in [[http://www.emftext.org/java]] -> {[[http://www.eclipse.org/uml2/5.0.0/UML]]}
2025-04-23 15:59:14 DEBUG Propagated <input change> in [[http://www.emftext.org/java]] -> [[http://www.eclipse.org/uml2/5.0.0/UML]] -> {}
2025-04-23 15:59:14 DEBUG Propagated <input change> in [[http://www.emftext.org/java]] -> [[http://www.eclipse.org/uml2/5.0.0/UML]] -> {}
2025-04-23 15:59:14 DEBUG Start recording virtual model
2025-04-23 15:59:14 WARN propagateChange not implemented, use propagateChanges (with an s).
2025-04-23 15:59:14 WARN propagateChange not implemented, use propagateChanges (with an s).
2025-04-23 15:59:14 WARN propagateChange not implemented, use propagateChanges (with an s).
2025-04-23 15:59:14 WARN propagateChange not implemented, use propagateChanges (with an s).
2025-04-23 15:59:14 WARN propagateChange not implemented, use propagateChanges (with an s).
2025-04-23 15:59:14 WARN propagateChange not implemented, use propagateChanges (with an s).
2025-04-23 15:59:14 WARN propagateChange not implemented, use propagateChanges (with an s).
2025-04-23 15:59:14 WARN propagateChange not implemented, use propagateChanges (with an s).
2025-04-23 15:59:14 DEBUG End recording virtual model
2025-04-23 15:59:14 DEBUG Propagated <input change> in [[http://www.emftext.org/java]] -> {}
2025-04-23 15:59:14 DEBUG Saving all models of model repository for VSUM @target\Java2UmlEvaluationGoal1\testEnumToUmlEnum
2025-04-23 15:59:14 DEBUG Save resource: org.eclipse.emf.ecore.xmi.impl.XMIResourceImpl@549fe529 uri='target\Java2UmlEvaluationGoal1\testEnumToUmlEnum\uml_instance.model'
2025-04-23 15:59:14 DEBUG Finished synchronizing change: TransactionalChangeImpl: [
	create Uuid(ord__I3-n0CBLEfCt_d1Q4dqckw)
	insert Uuid(ord__I3-n0CBLEfCt_d1Q4dqckw) at target\Java2UmlEvaluationGoal1\testEnumToUmlEnum\java_instance.model (index 0)
	Uuid(ord__I3-n0CBLEfCt_d1Q4dqckw).name = peketsch (was )
	create Uuid(ord__I3-n0SBLEfCt_d1Q4dqckw)
	Uuid(ord__I3-n0CBLEfCt_d1Q4dqckw).compilationUnits += Uuid(ord__I3-n0SBLEfCt_d1Q4dqckw) (index 0)
	create Uuid(ord__I3_O4CBLEfCt_d1Q4dqckw)
	Uuid(ord__I3-n0SBLEfCt_d1Q4dqckw).classifiers += Uuid(ord__I3_O4CBLEfCt_d1Q4dqckw) (index 0)
	Uuid(ord__I3_O4CBLEfCt_d1Q4dqckw).name = ehnumm (was )
]

2025-04-23 15:59:14 INFO Finished change propagation
]]></system-out>
  </testcase>
  <testcase name="testJavaClassImplementRemoved" classname="tools.vitruv.methodologisttemplate.vsum.Java2UmlEvaluationGoal1Test" time="0.781">
    <system-out><![CDATA[2025-04-23 15:59:14 INFO eclipse-ibex-workspace: C:\Users\XPS-15\IdeaProjects\Vitruv-TGG-Integration-Test\vsum\..\eclipse-ibex-workspace\Java2Uml
2025-04-23 15:59:14 INFO setupCorrAndProtocol: Wiping corr.xmi and protocol.xmi
2025-04-23 15:59:14 INFO setupCorrAndProtocol: Wiping corr.xmi and protocol.xmi
2025-04-23 15:59:14 INFO Starting change propagation
2025-04-23 15:59:14 DEBUG Started synchronizing change: TransactionalChangeImpl: [
	create Uuid(ord__I7AtsCBLEfCt_d1Q4dqckw)
	insert Uuid(ord__I7AtsCBLEfCt_d1Q4dqckw) at target\Java2UmlEvaluationGoal1\testJavaClassImplementRemoved\java_instance.model (index 0)
	Uuid(ord__I7AtsCBLEfCt_d1Q4dqckw).name = peketsch (was )
	create Uuid(ord__I7AtsSBLEfCt_d1Q4dqckw)
	Uuid(ord__I7AtsCBLEfCt_d1Q4dqckw).compilationUnits += Uuid(ord__I7AtsSBLEfCt_d1Q4dqckw) (index 0)
	create Uuid(ord__I7AtsiBLEfCt_d1Q4dqckw)
	Uuid(ord__I7AtsSBLEfCt_d1Q4dqckw).classifiers += Uuid(ord__I7AtsiBLEfCt_d1Q4dqckw) (index 0)
	Uuid(ord__I7AtsiBLEfCt_d1Q4dqckw).name = kless (was )
	create Uuid(ord__I7BUwCBLEfCt_d1Q4dqckw)
	Uuid(ord__I7AtsCBLEfCt_d1Q4dqckw).compilationUnits += Uuid(ord__I7BUwCBLEfCt_d1Q4dqckw) (index 1)
	create Uuid(ord__I7BUwSBLEfCt_d1Q4dqckw)
	Uuid(ord__I7BUwCBLEfCt_d1Q4dqckw).classifiers += Uuid(ord__I7BUwSBLEfCt_d1Q4dqckw) (index 0)
	Uuid(ord__I7BUwSBLEfCt_d1Q4dqckw).name = interfees (was )
	create Uuid(ord__I7BUwiBLEfCt_d1Q4dqckw)
	Uuid(ord__I7AtsiBLEfCt_d1Q4dqckw).implements += Uuid(ord__I7BUwiBLEfCt_d1Q4dqckw) (index 0)
	Uuid(ord__I7BUwiBLEfCt_d1Q4dqckw).target = Uuid(ord__I7BUwSBLEfCt_d1Q4dqckw) (was )
]

2025-04-23 15:59:14 DEBUG Create model instance for resource with URI: target\Java2UmlEvaluationGoal1\testJavaClassImplementRemoved\java_instance.model
2025-04-23 15:59:14 DEBUG Start recording virtual model
2025-04-23 15:59:14 INFO ------- Calling ibex -------
2025-04-23 15:59:14 INFO Source Model has no respective target model yet. Creating one.
2025-04-23 15:59:14 DEBUG Create model instance for resource with URI: target\Java2UmlEvaluationGoal1\testJavaClassImplementRemoved\uml_instance.model
2025-04-23 15:59:14 INFO Resource not found. Not loading. Path=C:\Users\XPS-15\IdeaProjects\Vitruv-TGG-Integration-Test\vsum\..\eclipse-ibex-workspace/Java2Uml/instances/corr.xmi
2025-04-23 15:59:14 INFO Resource not found. Not loading. Path=C:\Users\XPS-15\IdeaProjects\Vitruv-TGG-Integration-Test\vsum\..\eclipse-ibex-workspace/Java2Uml/instances/protocol.xmi
2025-04-23 15:59:14 WARN CORRUPT RULE: MethodInterfaceReturnTypeToReturnTypehas nodes and/ or edges whose type is an unresolved proxy!
2025-04-23 15:59:14 WARN   - javaMethod__typeReference__typeReference_eMoflonEdge, org.eclipse.emf.ecore.impl.EReferenceImpl@22b2d9e3 (eProxyURI: platform:/plugin/org.emftext.language.java/metamodel/java.ecore#_Wo2ZQdz1Ed2bJ_pQViWxFg)
2025-04-23 15:59:14 WARN CORRUPT RULE: InterfacePublicToPublichas nodes and/ or edges whose type is an unresolved proxy!
2025-04-23 15:59:14 WARN   - modifier, org.eclipse.emf.ecore.impl.EClassImpl@6d028c7e (eProxyURI: platform:/plugin/org.emftext.language.java/metamodel/java.ecore#_Wo2Ytdz1Ed2bJ_pQViWxFg)
2025-04-23 15:59:14 WARN CORRUPT RULE: ConstructorInterfaceParamTypeToParamTypehas nodes and/ or edges whose type is an unresolved proxy!
2025-04-23 15:59:14 WARN   - parameter__typeReference__typeReference_eMoflonEdge, org.eclipse.emf.ecore.impl.EReferenceImpl@1a16583d (eProxyURI: platform:/plugin/org.emftext.language.java/metamodel/java.ecore#_Wo2ZQdz1Ed2bJ_pQViWxFg)
2025-04-23 15:59:14 WARN CORRUPT RULE: ConstructorClassParamTypeToParamTypehas nodes and/ or edges whose type is an unresolved proxy!
2025-04-23 15:59:14 WARN   - parameter__typeReference__typeReference_eMoflonEdge, org.eclipse.emf.ecore.impl.EReferenceImpl@20425fab (eProxyURI: platform:/plugin/org.emftext.language.java/metamodel/java.ecore#_Wo2ZQdz1Ed2bJ_pQViWxFg)
2025-04-23 15:59:14 WARN CORRUPT RULE: InterfaceFinalToFinalhas nodes and/ or edges whose type is an unresolved proxy!
2025-04-23 15:59:14 WARN   - modifier, org.eclipse.emf.ecore.impl.EClassImpl@593db293 (eProxyURI: platform:/plugin/org.emftext.language.java/metamodel/java.ecore#_Wo2Yvdz1Ed2bJ_pQViWxFg)
2025-04-23 15:59:14 WARN CORRUPT RULE: ClassAttributeTypeToPropertyTypehas nodes and/ or edges whose type is an unresolved proxy!
2025-04-23 15:59:14 WARN   - field__typeReference__typeReference_eMoflonEdge, org.eclipse.emf.ecore.impl.EReferenceImpl@602d5417 (eProxyURI: platform:/plugin/org.emftext.language.java/metamodel/java.ecore#_Wo2ZQdz1Ed2bJ_pQViWxFg)
2025-04-23 15:59:14 WARN CORRUPT RULE: MethodFinalToFinalhas nodes and/ or edges whose type is an unresolved proxy!
2025-04-23 15:59:14 WARN   - modifier, org.eclipse.emf.ecore.impl.EClassImpl@33ccab9c (eProxyURI: platform:/plugin/org.emftext.language.java/metamodel/java.ecore#_Wo2Yvdz1Ed2bJ_pQViWxFg)
2025-04-23 15:59:14 WARN CORRUPT RULE: MethodClassParamTypeToParamTypehas nodes and/ or edges whose type is an unresolved proxy!
2025-04-23 15:59:14 WARN   - parameter__typeReference__typeReference_eMoflonEdge, org.eclipse.emf.ecore.impl.EReferenceImpl@6c89c92e (eProxyURI: platform:/plugin/org.emftext.language.java/metamodel/java.ecore#_Wo2ZQdz1Ed2bJ_pQViWxFg)
2025-04-23 15:59:14 WARN CORRUPT RULE: EnumAttributeTypeToPropertyTypehas nodes and/ or edges whose type is an unresolved proxy!
2025-04-23 15:59:14 WARN   - field__typeReference__typeReference_eMoflonEdge, org.eclipse.emf.ecore.impl.EReferenceImpl@34d644b5 (eProxyURI: platform:/plugin/org.emftext.language.java/metamodel/java.ecore#_Wo2ZQdz1Ed2bJ_pQViWxFg)
2025-04-23 15:59:14 WARN CORRUPT RULE: ClassFinalToFinalhas nodes and/ or edges whose type is an unresolved proxy!
2025-04-23 15:59:14 WARN   - modifier, org.eclipse.emf.ecore.impl.EClassImpl@50915d5 (eProxyURI: platform:/plugin/org.emftext.language.java/metamodel/java.ecore#_Wo2Yvdz1Ed2bJ_pQViWxFg)
2025-04-23 15:59:14 WARN CORRUPT RULE: MethodInterfaceParamTypeToParamTypehas nodes and/ or edges whose type is an unresolved proxy!
2025-04-23 15:59:14 WARN   - parameter__typeReference__typeReference_eMoflonEdge, org.eclipse.emf.ecore.impl.EReferenceImpl@65130cf2 (eProxyURI: platform:/plugin/org.emftext.language.java/metamodel/java.ecore#_Wo2ZQdz1Ed2bJ_pQViWxFg)
2025-04-23 15:59:14 WARN CORRUPT RULE: InterfacePrivateToPrivatehas nodes and/ or edges whose type is an unresolved proxy!
2025-04-23 15:59:14 WARN   - modifier, org.eclipse.emf.ecore.impl.EClassImpl@542b27af (eProxyURI: platform:/plugin/org.emftext.language.java/metamodel/java.ecore#_Wo2Yu9z1Ed2bJ_pQViWxFg)
2025-04-23 15:59:14 WARN CORRUPT RULE: EnumFinalToFinalhas nodes and/ or edges whose type is an unresolved proxy!
2025-04-23 15:59:14 WARN   - modifier, org.eclipse.emf.ecore.impl.EClassImpl@7ae97a58 (eProxyURI: platform:/plugin/org.emftext.language.java/metamodel/java.ecore#_Wo2Yvdz1Ed2bJ_pQViWxFg)
2025-04-23 15:59:14 WARN CORRUPT RULE: EnumPrivateToPrivatehas nodes and/ or edges whose type is an unresolved proxy!
2025-04-23 15:59:14 WARN   - modifier, org.eclipse.emf.ecore.impl.EClassImpl@67544105 (eProxyURI: platform:/plugin/org.emftext.language.java/metamodel/java.ecore#_Wo2Yu9z1Ed2bJ_pQViWxFg)
2025-04-23 15:59:14 WARN CORRUPT RULE: MethodClassReturnTypeToReturnTypehas nodes and/ or edges whose type is an unresolved proxy!
2025-04-23 15:59:14 WARN   - javaMethod__typeReference__typeReference_eMoflonEdge, org.eclipse.emf.ecore.impl.EReferenceImpl@552b7481 (eProxyURI: platform:/plugin/org.emftext.language.java/metamodel/java.ecore#_Wo2ZQdz1Ed2bJ_pQViWxFg)
2025-04-23 15:59:14 WARN CORRUPT RULE: ClassPublicToPublichas nodes and/ or edges whose type is an unresolved proxy!
2025-04-23 15:59:14 WARN   - modifier, org.eclipse.emf.ecore.impl.EClassImpl@24244ea (eProxyURI: platform:/plugin/org.emftext.language.java/metamodel/java.ecore#_Wo2Ytdz1Ed2bJ_pQViWxFg)
2025-04-23 15:59:14 WARN CORRUPT RULE: ClassProtectedToProtectedhas nodes and/ or edges whose type is an unresolved proxy!
2025-04-23 15:59:14 WARN   - modifier, org.eclipse.emf.ecore.impl.EClassImpl@67c61551 (eProxyURI: platform:/plugin/org.emftext.language.java/metamodel/java.ecore#_Wo2Yudz1Ed2bJ_pQViWxFg)
2025-04-23 15:59:14 WARN CORRUPT RULE: MethodEnumReturnTypeToReturnTypehas nodes and/ or edges whose type is an unresolved proxy!
2025-04-23 15:59:14 WARN   - javaMethod__typeReference__typeReference_eMoflonEdge, org.eclipse.emf.ecore.impl.EReferenceImpl@6bbff652 (eProxyURI: platform:/plugin/org.emftext.language.java/metamodel/java.ecore#_Wo2ZQdz1Ed2bJ_pQViWxFg)
2025-04-23 15:59:14 WARN CORRUPT RULE: EnumPublicToPublichas nodes and/ or edges whose type is an unresolved proxy!
2025-04-23 15:59:14 WARN   - modifier, org.eclipse.emf.ecore.impl.EClassImpl@6a495d88 (eProxyURI: platform:/plugin/org.emftext.language.java/metamodel/java.ecore#_Wo2Ytdz1Ed2bJ_pQViWxFg)
2025-04-23 15:59:14 WARN CORRUPT RULE: FieldFinalToFinalhas nodes and/ or edges whose type is an unresolved proxy!
2025-04-23 15:59:14 WARN   - modifier, org.eclipse.emf.ecore.impl.EClassImpl@51f31fad (eProxyURI: platform:/plugin/org.emftext.language.java/metamodel/java.ecore#_Wo2Yvdz1Ed2bJ_pQViWxFg)
2025-04-23 15:59:14 WARN CORRUPT RULE: InterfaceAttributeTypeToPropertyTypehas nodes and/ or edges whose type is an unresolved proxy!
2025-04-23 15:59:14 WARN   - field__typeReference__typeReference_eMoflonEdge, org.eclipse.emf.ecore.impl.EReferenceImpl@59f36439 (eProxyURI: platform:/plugin/org.emftext.language.java/metamodel/java.ecore#_Wo2ZQdz1Ed2bJ_pQViWxFg)
2025-04-23 15:59:14 WARN CORRUPT RULE: MethodEnumParamTypeToParamTypehas nodes and/ or edges whose type is an unresolved proxy!
2025-04-23 15:59:14 WARN   - parameter__typeReference__typeReference_eMoflonEdge, org.eclipse.emf.ecore.impl.EReferenceImpl@6a9c848 (eProxyURI: platform:/plugin/org.emftext.language.java/metamodel/java.ecore#_Wo2ZQdz1Ed2bJ_pQViWxFg)
2025-04-23 15:59:14 WARN CORRUPT RULE: MethodAbstractToAbstracthas nodes and/ or edges whose type is an unresolved proxy!
2025-04-23 15:59:14 WARN   - modifier, org.eclipse.emf.ecore.impl.EClassImpl@b9c8678 (eProxyURI: platform:/plugin/org.emftext.language.java/metamodel/java.ecore#_Wo2Yt9z1Ed2bJ_pQViWxFg)
2025-04-23 15:59:14 WARN CORRUPT RULE: EnumProtectedToProtectedhas nodes and/ or edges whose type is an unresolved proxy!
2025-04-23 15:59:14 WARN   - modifier, org.eclipse.emf.ecore.impl.EClassImpl@79a88f45 (eProxyURI: platform:/plugin/org.emftext.language.java/metamodel/java.ecore#_Wo2Yudz1Ed2bJ_pQViWxFg)
2025-04-23 15:59:14 WARN CORRUPT RULE: ClassAbstractToAbstracthas nodes and/ or edges whose type is an unresolved proxy!
2025-04-23 15:59:14 WARN   - modifier, org.eclipse.emf.ecore.impl.EClassImpl@38447073 (eProxyURI: platform:/plugin/org.emftext.language.java/metamodel/java.ecore#_Wo2Yt9z1Ed2bJ_pQViWxFg)
2025-04-23 15:59:14 WARN CORRUPT RULE: FieldStaticToStatichas nodes and/ or edges whose type is an unresolved proxy!
2025-04-23 15:59:14 WARN   - modifier, org.eclipse.emf.ecore.impl.EClassImpl@6b9b9cb9 (eProxyURI: platform:/plugin/org.emftext.language.java/metamodel/java.ecore#_Wo2Yv9z1Ed2bJ_pQViWxFg)
2025-04-23 15:59:14 WARN CORRUPT RULE: ConstructorEnumParamTypeToParamTypehas nodes and/ or edges whose type is an unresolved proxy!
2025-04-23 15:59:14 WARN   - parameter__typeReference__typeReference_eMoflonEdge, org.eclipse.emf.ecore.impl.EReferenceImpl@3ad5f99 (eProxyURI: platform:/plugin/org.emftext.language.java/metamodel/java.ecore#_Wo2ZQdz1Ed2bJ_pQViWxFg)
2025-04-23 15:59:14 WARN CORRUPT RULE: EnumAbstractToAbstracthas nodes and/ or edges whose type is an unresolved proxy!
2025-04-23 15:59:14 WARN   - modifier, org.eclipse.emf.ecore.impl.EClassImpl@457dc809 (eProxyURI: platform:/plugin/org.emftext.language.java/metamodel/java.ecore#_Wo2Yt9z1Ed2bJ_pQViWxFg)
2025-04-23 15:59:14 WARN CORRUPT RULE: InterfaceProtectedToProtectedhas nodes and/ or edges whose type is an unresolved proxy!
2025-04-23 15:59:14 WARN   - modifier, org.eclipse.emf.ecore.impl.EClassImpl@3fbf66e7 (eProxyURI: platform:/plugin/org.emftext.language.java/metamodel/java.ecore#_Wo2Yudz1Ed2bJ_pQViWxFg)
2025-04-23 15:59:14 WARN CORRUPT RULE: InterfaceAbstractToAbstracthas nodes and/ or edges whose type is an unresolved proxy!
2025-04-23 15:59:14 WARN   - modifier, org.eclipse.emf.ecore.impl.EClassImpl@41ad6c00 (eProxyURI: platform:/plugin/org.emftext.language.java/metamodel/java.ecore#_Wo2Yt9z1Ed2bJ_pQViWxFg)
2025-04-23 15:59:14 WARN CORRUPT RULE: MethodStaticToStatichas nodes and/ or edges whose type is an unresolved proxy!
2025-04-23 15:59:14 WARN   - modifier, org.eclipse.emf.ecore.impl.EClassImpl@6edc8385 (eProxyURI: platform:/plugin/org.emftext.language.java/metamodel/java.ecore#_Wo2Yv9z1Ed2bJ_pQViWxFg)
2025-04-23 15:59:14 WARN CORRUPT RULE: ClassPrivateToPrivatehas nodes and/ or edges whose type is an unresolved proxy!
2025-04-23 15:59:14 WARN   - modifier, org.eclipse.emf.ecore.impl.EClassImpl@70d24586 (eProxyURI: platform:/plugin/org.emftext.language.java/metamodel/java.ecore#_Wo2Yu9z1Ed2bJ_pQViWxFg)
2025-04-23 15:59:14 INFO Pattern Conversion took 13.9678 ms
2025-04-23 15:59:14 INFO Starting SYNC
2025-04-23 15:59:14 WARN   LOADED MARKERS : 
    - 
2025-04-23 15:59:14 WARN No rule defined to cover the following change's type: [InsertEAttributeValue] AE=Package:665e18d5, name=peketsch
2025-04-23 15:59:14 WARN No rule defined to cover the following change's type: [InsertEAttributeValue] AE=Class:56897de0, name=kless
2025-04-23 15:59:14 WARN No rule defined to cover the following change's type: [InsertEAttributeValue] AE=Interface:2bc21edd, name=interfees
2025-04-23 15:59:14 INFO Pattern Matching took 10.1294 ms
2025-04-23 15:59:14 INFO Created elements: 26
2025-04-23 15:59:14 INFO Deleted elements: 0
2025-04-23 15:59:14 INFO Completed SYNC in: 70 ms
2025-04-23 15:59:14 DEBUG BENCHMARKLOGGER logs: 
2025-04-23 15:59:14 DEBUG BenchmarkLogger
[
  Total elements created .. 26
  Total elements deleted .. 0
  Total matches found ..... 14
  Total matches repaired .. 0
  Total matches revoked ... 0
  Total matches applied ... 6
]
2025-04-23 15:59:14 INFO VitruviusBackwardConversionTGGEngine::terminate called. We do not use this.
2025-04-23 15:59:14 DEBUG Add root to resource: org.eclipse.emf.ecore.xmi.impl.XMIResourceImpl@4b8466c2 uri='target\Java2UmlEvaluationGoal1\testJavaClassImplementRemoved\uml_instance.model'
2025-04-23 15:59:14 INFO -- Added the following corrs: 
2025-04-23 15:59:14 INFO   - [CorrespondenceNode JavaCompilationUnitToUmlModel] SRC=CompilationUnit:40874f54, name=null, TRG=Model:6d21a69f, name=UML_MODEL
2025-04-23 15:59:14 INFO   - [CorrespondenceNode JavaClassifierToUmlClassifier] SRC=Class:56897de0, name=kless, TRG=Class:4cd13fad, name=kless
2025-04-23 15:59:14 INFO   - [CorrespondenceNode JavaPackageToUmlPackage] SRC=Package:665e18d5, name=peketsch, TRG=Package:597084b7, name=peketsch
2025-04-23 15:59:14 INFO   - [CorrespondenceNode JavaCompilationUnitToUmlModel] SRC=CompilationUnit:5c8859b4, name=null, TRG=Model:345f4e0d, name=UML_MODEL
2025-04-23 15:59:14 INFO   - [CorrespondenceNode JavaClassifierToUmlClassifier] SRC=Interface:2bc21edd, name=interfees, TRG=Interface:1738d3b2, name=interfees
2025-04-23 15:59:14 DEBUG End recording virtual model
2025-04-23 15:59:14 DEBUG Propagated <input change> in [[http://www.emftext.org/java]] -> {[[http://www.eclipse.org/uml2/5.0.0/UML]]}
2025-04-23 15:59:14 DEBUG Propagated <input change> in [[http://www.emftext.org/java]] -> [[http://www.eclipse.org/uml2/5.0.0/UML]] -> {}
2025-04-23 15:59:14 DEBUG Propagated <input change> in [[http://www.emftext.org/java]] -> [[http://www.eclipse.org/uml2/5.0.0/UML]] -> {}
2025-04-23 15:59:14 DEBUG Start recording virtual model
2025-04-23 15:59:14 WARN propagateChange not implemented, use propagateChanges (with an s).
2025-04-23 15:59:14 WARN propagateChange not implemented, use propagateChanges (with an s).
2025-04-23 15:59:14 WARN propagateChange not implemented, use propagateChanges (with an s).
2025-04-23 15:59:14 WARN propagateChange not implemented, use propagateChanges (with an s).
2025-04-23 15:59:14 WARN propagateChange not implemented, use propagateChanges (with an s).
2025-04-23 15:59:14 WARN propagateChange not implemented, use propagateChanges (with an s).
2025-04-23 15:59:14 WARN propagateChange not implemented, use propagateChanges (with an s).
2025-04-23 15:59:14 WARN propagateChange not implemented, use propagateChanges (with an s).
2025-04-23 15:59:14 WARN propagateChange not implemented, use propagateChanges (with an s).
2025-04-23 15:59:14 WARN propagateChange not implemented, use propagateChanges (with an s).
2025-04-23 15:59:14 WARN propagateChange not implemented, use propagateChanges (with an s).
2025-04-23 15:59:14 WARN propagateChange not implemented, use propagateChanges (with an s).
2025-04-23 15:59:14 WARN propagateChange not implemented, use propagateChanges (with an s).
2025-04-23 15:59:14 WARN propagateChange not implemented, use propagateChanges (with an s).
2025-04-23 15:59:14 WARN propagateChange not implemented, use propagateChanges (with an s).
2025-04-23 15:59:14 WARN propagateChange not implemented, use propagateChanges (with an s).
2025-04-23 15:59:14 DEBUG End recording virtual model
2025-04-23 15:59:14 DEBUG Propagated <input change> in [[http://www.emftext.org/java]] -> {}
2025-04-23 15:59:14 DEBUG Saving all models of model repository for VSUM @target\Java2UmlEvaluationGoal1\testJavaClassImplementRemoved
2025-04-23 15:59:14 DEBUG Save resource: org.eclipse.emf.ecore.xmi.impl.XMIResourceImpl@4b8466c2 uri='target\Java2UmlEvaluationGoal1\testJavaClassImplementRemoved\uml_instance.model'
2025-04-23 15:59:14 DEBUG Finished synchronizing change: TransactionalChangeImpl: [
	create Uuid(ord__I7AtsCBLEfCt_d1Q4dqckw)
	insert Uuid(ord__I7AtsCBLEfCt_d1Q4dqckw) at target\Java2UmlEvaluationGoal1\testJavaClassImplementRemoved\java_instance.model (index 0)
	Uuid(ord__I7AtsCBLEfCt_d1Q4dqckw).name = peketsch (was )
	create Uuid(ord__I7AtsSBLEfCt_d1Q4dqckw)
	Uuid(ord__I7AtsCBLEfCt_d1Q4dqckw).compilationUnits += Uuid(ord__I7AtsSBLEfCt_d1Q4dqckw) (index 0)
	create Uuid(ord__I7AtsiBLEfCt_d1Q4dqckw)
	Uuid(ord__I7AtsSBLEfCt_d1Q4dqckw).classifiers += Uuid(ord__I7AtsiBLEfCt_d1Q4dqckw) (index 0)
	Uuid(ord__I7AtsiBLEfCt_d1Q4dqckw).name = kless (was )
	create Uuid(ord__I7BUwCBLEfCt_d1Q4dqckw)
	Uuid(ord__I7AtsCBLEfCt_d1Q4dqckw).compilationUnits += Uuid(ord__I7BUwCBLEfCt_d1Q4dqckw) (index 1)
	create Uuid(ord__I7BUwSBLEfCt_d1Q4dqckw)
	Uuid(ord__I7BUwCBLEfCt_d1Q4dqckw).classifiers += Uuid(ord__I7BUwSBLEfCt_d1Q4dqckw) (index 0)
	Uuid(ord__I7BUwSBLEfCt_d1Q4dqckw).name = interfees (was )
	create Uuid(ord__I7BUwiBLEfCt_d1Q4dqckw)
	Uuid(ord__I7AtsiBLEfCt_d1Q4dqckw).implements += Uuid(ord__I7BUwiBLEfCt_d1Q4dqckw) (index 0)
	Uuid(ord__I7BUwiBLEfCt_d1Q4dqckw).target = Uuid(ord__I7BUwSBLEfCt_d1Q4dqckw) (was )
]

2025-04-23 15:59:14 INFO Finished change propagation
assertChildMatches for StrucFeatExpectation [StrucFeatExpectation] packagedElement
assertChildMatches for StrucFeatExpectation [StrucFeatExpectation] interfaceRealization
assertChildMatches for StrucFeatExpectation [StrucFeatExpectation] contract
2025-04-23 15:59:14 INFO Starting change propagation
2025-04-23 15:59:14 DEBUG Started synchronizing change: TransactionalChangeImpl: [
	Uuid(ord__I7AtsiBLEfCt_d1Q4dqckw).implements -= Uuid(ord__I7BUwiBLEfCt_d1Q4dqckw) (index 0)
	delete Uuid(ord__I7BUwiBLEfCt_d1Q4dqckw)
]

2025-04-23 15:59:14 DEBUG Start recording virtual model
2025-04-23 15:59:14 INFO ------- Calling ibex -------
2025-04-23 15:59:14 INFO Resource found. Now trying to load resource platform:/resource/Java2Uml/instances/corr.xmi which is located at C:\Users\XPS-15\IdeaProjects\Vitruv-TGG-Integration-Test\vsum\..\eclipse-ibex-workspace/Java2Uml/instances/corr.xmi
2025-04-23 15:59:14 INFO Resource found. Now trying to load resource platform:/resource/Java2Uml/instances/protocol.xmi which is located at C:\Users\XPS-15\IdeaProjects\Vitruv-TGG-Integration-Test\vsum\..\eclipse-ibex-workspace/Java2Uml/instances/protocol.xmi
2025-04-23 15:59:14 WARN CORRUPT RULE: MethodClassParamTypeToParamTypehas nodes and/ or edges whose type is an unresolved proxy!
2025-04-23 15:59:14 WARN   - parameter__typeReference__typeReference_eMoflonEdge, org.eclipse.emf.ecore.impl.EReferenceImpl@318155b1 (eProxyURI: platform:/plugin/org.emftext.language.java/metamodel/java.ecore#_Wo2ZQdz1Ed2bJ_pQViWxFg)
2025-04-23 15:59:14 WARN CORRUPT RULE: ClassPrivateToPrivatehas nodes and/ or edges whose type is an unresolved proxy!
2025-04-23 15:59:14 WARN   - modifier, org.eclipse.emf.ecore.impl.EClassImpl@6c165921 (eProxyURI: platform:/plugin/org.emftext.language.java/metamodel/java.ecore#_Wo2Yu9z1Ed2bJ_pQViWxFg)
2025-04-23 15:59:14 WARN CORRUPT RULE: FieldFinalToFinalhas nodes and/ or edges whose type is an unresolved proxy!
2025-04-23 15:59:14 WARN   - modifier, org.eclipse.emf.ecore.impl.EClassImpl@7cecd959 (eProxyURI: platform:/plugin/org.emftext.language.java/metamodel/java.ecore#_Wo2Yvdz1Ed2bJ_pQViWxFg)
2025-04-23 15:59:14 WARN CORRUPT RULE: InterfacePrivateToPrivatehas nodes and/ or edges whose type is an unresolved proxy!
2025-04-23 15:59:14 WARN   - modifier, org.eclipse.emf.ecore.impl.EClassImpl@2150dc64 (eProxyURI: platform:/plugin/org.emftext.language.java/metamodel/java.ecore#_Wo2Yu9z1Ed2bJ_pQViWxFg)
2025-04-23 15:59:14 WARN CORRUPT RULE: ClassAbstractToAbstracthas nodes and/ or edges whose type is an unresolved proxy!
2025-04-23 15:59:14 WARN   - modifier, org.eclipse.emf.ecore.impl.EClassImpl@258ff54a (eProxyURI: platform:/plugin/org.emftext.language.java/metamodel/java.ecore#_Wo2Yt9z1Ed2bJ_pQViWxFg)
2025-04-23 15:59:14 WARN CORRUPT RULE: MethodClassReturnTypeToReturnTypehas nodes and/ or edges whose type is an unresolved proxy!
2025-04-23 15:59:14 WARN   - javaMethod__typeReference__typeReference_eMoflonEdge, org.eclipse.emf.ecore.impl.EReferenceImpl@77d03738 (eProxyURI: platform:/plugin/org.emftext.language.java/metamodel/java.ecore#_Wo2ZQdz1Ed2bJ_pQViWxFg)
2025-04-23 15:59:14 WARN CORRUPT RULE: EnumFinalToFinalhas nodes and/ or edges whose type is an unresolved proxy!
2025-04-23 15:59:14 WARN   - modifier, org.eclipse.emf.ecore.impl.EClassImpl@c925ae1 (eProxyURI: platform:/plugin/org.emftext.language.java/metamodel/java.ecore#_Wo2Yvdz1Ed2bJ_pQViWxFg)
2025-04-23 15:59:14 WARN CORRUPT RULE: InterfaceProtectedToProtectedhas nodes and/ or edges whose type is an unresolved proxy!
2025-04-23 15:59:14 WARN   - modifier, org.eclipse.emf.ecore.impl.EClassImpl@92fa950 (eProxyURI: platform:/plugin/org.emftext.language.java/metamodel/java.ecore#_Wo2Yudz1Ed2bJ_pQViWxFg)
2025-04-23 15:59:14 WARN CORRUPT RULE: MethodEnumParamTypeToParamTypehas nodes and/ or edges whose type is an unresolved proxy!
2025-04-23 15:59:14 WARN   - parameter__typeReference__typeReference_eMoflonEdge, org.eclipse.emf.ecore.impl.EReferenceImpl@2f271ae2 (eProxyURI: platform:/plugin/org.emftext.language.java/metamodel/java.ecore#_Wo2ZQdz1Ed2bJ_pQViWxFg)
2025-04-23 15:59:14 WARN CORRUPT RULE: EnumPrivateToPrivatehas nodes and/ or edges whose type is an unresolved proxy!
2025-04-23 15:59:14 WARN   - modifier, org.eclipse.emf.ecore.impl.EClassImpl@25bbca43 (eProxyURI: platform:/plugin/org.emftext.language.java/metamodel/java.ecore#_Wo2Yu9z1Ed2bJ_pQViWxFg)
2025-04-23 15:59:14 WARN CORRUPT RULE: MethodEnumReturnTypeToReturnTypehas nodes and/ or edges whose type is an unresolved proxy!
2025-04-23 15:59:14 WARN   - javaMethod__typeReference__typeReference_eMoflonEdge, org.eclipse.emf.ecore.impl.EReferenceImpl@632a7680 (eProxyURI: platform:/plugin/org.emftext.language.java/metamodel/java.ecore#_Wo2ZQdz1Ed2bJ_pQViWxFg)
2025-04-23 15:59:14 WARN CORRUPT RULE: EnumProtectedToProtectedhas nodes and/ or edges whose type is an unresolved proxy!
2025-04-23 15:59:14 WARN   - modifier, org.eclipse.emf.ecore.impl.EClassImpl@1df77353 (eProxyURI: platform:/plugin/org.emftext.language.java/metamodel/java.ecore#_Wo2Yudz1Ed2bJ_pQViWxFg)
2025-04-23 15:59:14 WARN CORRUPT RULE: EnumAttributeTypeToPropertyTypehas nodes and/ or edges whose type is an unresolved proxy!
2025-04-23 15:59:14 WARN   - field__typeReference__typeReference_eMoflonEdge, org.eclipse.emf.ecore.impl.EReferenceImpl@359b4846 (eProxyURI: platform:/plugin/org.emftext.language.java/metamodel/java.ecore#_Wo2ZQdz1Ed2bJ_pQViWxFg)
2025-04-23 15:59:14 WARN CORRUPT RULE: ClassPublicToPublichas nodes and/ or edges whose type is an unresolved proxy!
2025-04-23 15:59:14 WARN   - modifier, org.eclipse.emf.ecore.impl.EClassImpl@5f59b6c5 (eProxyURI: platform:/plugin/org.emftext.language.java/metamodel/java.ecore#_Wo2Ytdz1Ed2bJ_pQViWxFg)
2025-04-23 15:59:14 WARN CORRUPT RULE: MethodInterfaceReturnTypeToReturnTypehas nodes and/ or edges whose type is an unresolved proxy!
2025-04-23 15:59:14 WARN   - javaMethod__typeReference__typeReference_eMoflonEdge, org.eclipse.emf.ecore.impl.EReferenceImpl@1872a7fe (eProxyURI: platform:/plugin/org.emftext.language.java/metamodel/java.ecore#_Wo2ZQdz1Ed2bJ_pQViWxFg)
2025-04-23 15:59:14 WARN CORRUPT RULE: MethodStaticToStatichas nodes and/ or edges whose type is an unresolved proxy!
2025-04-23 15:59:14 WARN   - modifier, org.eclipse.emf.ecore.impl.EClassImpl@628f642d (eProxyURI: platform:/plugin/org.emftext.language.java/metamodel/java.ecore#_Wo2Yv9z1Ed2bJ_pQViWxFg)
2025-04-23 15:59:14 WARN CORRUPT RULE: ConstructorInterfaceParamTypeToParamTypehas nodes and/ or edges whose type is an unresolved proxy!
2025-04-23 15:59:14 WARN   - parameter__typeReference__typeReference_eMoflonEdge, org.eclipse.emf.ecore.impl.EReferenceImpl@381db99e (eProxyURI: platform:/plugin/org.emftext.language.java/metamodel/java.ecore#_Wo2ZQdz1Ed2bJ_pQViWxFg)
2025-04-23 15:59:14 WARN CORRUPT RULE: EnumAbstractToAbstracthas nodes and/ or edges whose type is an unresolved proxy!
2025-04-23 15:59:14 WARN   - modifier, org.eclipse.emf.ecore.impl.EClassImpl@4163f505 (eProxyURI: platform:/plugin/org.emftext.language.java/metamodel/java.ecore#_Wo2Yt9z1Ed2bJ_pQViWxFg)
2025-04-23 15:59:14 WARN CORRUPT RULE: ClassAttributeTypeToPropertyTypehas nodes and/ or edges whose type is an unresolved proxy!
2025-04-23 15:59:14 WARN   - field__typeReference__typeReference_eMoflonEdge, org.eclipse.emf.ecore.impl.EReferenceImpl@4cce421e (eProxyURI: platform:/plugin/org.emftext.language.java/metamodel/java.ecore#_Wo2ZQdz1Ed2bJ_pQViWxFg)
2025-04-23 15:59:14 WARN CORRUPT RULE: MethodInterfaceParamTypeToParamTypehas nodes and/ or edges whose type is an unresolved proxy!
2025-04-23 15:59:14 WARN   - parameter__typeReference__typeReference_eMoflonEdge, org.eclipse.emf.ecore.impl.EReferenceImpl@6894d28d (eProxyURI: platform:/plugin/org.emftext.language.java/metamodel/java.ecore#_Wo2ZQdz1Ed2bJ_pQViWxFg)
2025-04-23 15:59:14 WARN CORRUPT RULE: ConstructorEnumParamTypeToParamTypehas nodes and/ or edges whose type is an unresolved proxy!
2025-04-23 15:59:14 WARN   - parameter__typeReference__typeReference_eMoflonEdge, org.eclipse.emf.ecore.impl.EReferenceImpl@19beeb61 (eProxyURI: platform:/plugin/org.emftext.language.java/metamodel/java.ecore#_Wo2ZQdz1Ed2bJ_pQViWxFg)
2025-04-23 15:59:14 WARN CORRUPT RULE: MethodAbstractToAbstracthas nodes and/ or edges whose type is an unresolved proxy!
2025-04-23 15:59:14 WARN   - modifier, org.eclipse.emf.ecore.impl.EClassImpl@6f5d292c (eProxyURI: platform:/plugin/org.emftext.language.java/metamodel/java.ecore#_Wo2Yt9z1Ed2bJ_pQViWxFg)
2025-04-23 15:59:14 WARN CORRUPT RULE: InterfacePublicToPublichas nodes and/ or edges whose type is an unresolved proxy!
2025-04-23 15:59:14 WARN   - modifier, org.eclipse.emf.ecore.impl.EClassImpl@524241d9 (eProxyURI: platform:/plugin/org.emftext.language.java/metamodel/java.ecore#_Wo2Ytdz1Ed2bJ_pQViWxFg)
2025-04-23 15:59:14 WARN CORRUPT RULE: FieldStaticToStatichas nodes and/ or edges whose type is an unresolved proxy!
2025-04-23 15:59:14 WARN   - modifier, org.eclipse.emf.ecore.impl.EClassImpl@69c7fe78 (eProxyURI: platform:/plugin/org.emftext.language.java/metamodel/java.ecore#_Wo2Yv9z1Ed2bJ_pQViWxFg)
2025-04-23 15:59:14 WARN CORRUPT RULE: ClassProtectedToProtectedhas nodes and/ or edges whose type is an unresolved proxy!
2025-04-23 15:59:14 WARN   - modifier, org.eclipse.emf.ecore.impl.EClassImpl@5f72aaed (eProxyURI: platform:/plugin/org.emftext.language.java/metamodel/java.ecore#_Wo2Yudz1Ed2bJ_pQViWxFg)
2025-04-23 15:59:14 WARN CORRUPT RULE: MethodFinalToFinalhas nodes and/ or edges whose type is an unresolved proxy!
2025-04-23 15:59:14 WARN   - modifier, org.eclipse.emf.ecore.impl.EClassImpl@4b708c16 (eProxyURI: platform:/plugin/org.emftext.language.java/metamodel/java.ecore#_Wo2Yvdz1Ed2bJ_pQViWxFg)
2025-04-23 15:59:14 WARN CORRUPT RULE: ConstructorClassParamTypeToParamTypehas nodes and/ or edges whose type is an unresolved proxy!
2025-04-23 15:59:14 WARN   - parameter__typeReference__typeReference_eMoflonEdge, org.eclipse.emf.ecore.impl.EReferenceImpl@6def1699 (eProxyURI: platform:/plugin/org.emftext.language.java/metamodel/java.ecore#_Wo2ZQdz1Ed2bJ_pQViWxFg)
2025-04-23 15:59:14 WARN CORRUPT RULE: EnumPublicToPublichas nodes and/ or edges whose type is an unresolved proxy!
2025-04-23 15:59:14 WARN   - modifier, org.eclipse.emf.ecore.impl.EClassImpl@2b0483f2 (eProxyURI: platform:/plugin/org.emftext.language.java/metamodel/java.ecore#_Wo2Ytdz1Ed2bJ_pQViWxFg)
2025-04-23 15:59:14 WARN CORRUPT RULE: InterfaceAttributeTypeToPropertyTypehas nodes and/ or edges whose type is an unresolved proxy!
2025-04-23 15:59:14 WARN   - field__typeReference__typeReference_eMoflonEdge, org.eclipse.emf.ecore.impl.EReferenceImpl@1e40edb7 (eProxyURI: platform:/plugin/org.emftext.language.java/metamodel/java.ecore#_Wo2ZQdz1Ed2bJ_pQViWxFg)
2025-04-23 15:59:14 WARN CORRUPT RULE: InterfaceAbstractToAbstracthas nodes and/ or edges whose type is an unresolved proxy!
2025-04-23 15:59:14 WARN   - modifier, org.eclipse.emf.ecore.impl.EClassImpl@282c0891 (eProxyURI: platform:/plugin/org.emftext.language.java/metamodel/java.ecore#_Wo2Yt9z1Ed2bJ_pQViWxFg)
2025-04-23 15:59:14 WARN CORRUPT RULE: InterfaceFinalToFinalhas nodes and/ or edges whose type is an unresolved proxy!
2025-04-23 15:59:14 WARN   - modifier, org.eclipse.emf.ecore.impl.EClassImpl@4922dc84 (eProxyURI: platform:/plugin/org.emftext.language.java/metamodel/java.ecore#_Wo2Yvdz1Ed2bJ_pQViWxFg)
2025-04-23 15:59:14 WARN CORRUPT RULE: ClassFinalToFinalhas nodes and/ or edges whose type is an unresolved proxy!
2025-04-23 15:59:14 WARN   - modifier, org.eclipse.emf.ecore.impl.EClassImpl@66790851 (eProxyURI: platform:/plugin/org.emftext.language.java/metamodel/java.ecore#_Wo2Yvdz1Ed2bJ_pQViWxFg)
2025-04-23 15:59:14 INFO Pattern Conversion took 15.4072 ms
2025-04-23 15:59:14 INFO Starting SYNC
2025-04-23 15:59:14 INFO Object interfaceTypeRef not found. This must really be a broken match!
2025-04-23 15:59:14 WARN   LOADED MARKERS : 
    - [VitruviusConsistencyMatch] patternName=JavaFirstCompilationUnitToUmlModel__CONSISTENCY, type=CONSISTENCY, ruleName=JavaFirstCompilationUnitToUmlModel
    - [VitruviusConsistencyMatch] patternName=InterfaceToUmlInterface__CONSISTENCY, type=CONSISTENCY, ruleName=InterfaceToUmlInterface
    - [VitruviusConsistencyMatch] patternName=ExistingClassImplementToClassImplement__CONSISTENCY, type=CONSISTENCY, ruleName=ExistingClassImplementToClassImplement
    - [VitruviusConsistencyMatch] patternName=RootJavaPackageToUmlPackage__CONSISTENCY, type=CONSISTENCY, ruleName=RootJavaPackageToUmlPackage
    - [VitruviusConsistencyMatch] patternName=ClassToUmlClass__CONSISTENCY, type=CONSISTENCY, ruleName=ClassToUmlClass
    - [VitruviusConsistencyMatch] patternName=JavaFirstCompilationUnitToUmlModel__CONSISTENCY, type=CONSISTENCY, ruleName=JavaFirstCompilationUnitToUmlModel
2025-04-23 15:59:14 WARN No rule defined to cover the following change's type: [RemoveEReference] AE=Class:56897de0, name=kless
2025-04-23 15:59:14 WARN No rule defined to cover the following change's type: [DeleteEObject] AE=ClassifierReference:3599b7e8
2025-04-23 15:59:14 INFO Pattern Matching took 0.3703 ms
2025-04-23 15:59:14 INFO Object interfaceTypeRef not found. This must really be a broken match!
2025-04-23 15:59:14 WARN   handle breaking change: [RemoveEReference] AE=Class:56897de0, name=kless
2025-04-23 15:59:14 INFO Object interfaceTypeRef not found. This must really be a broken match!
2025-04-23 15:59:14 WARN   handle breaking change: [RemoveEReference] AE=Class:56897de0, name=kless
2025-04-23 15:59:14 INFO Object interfaceTypeRef not found. This must really be a broken match!
2025-04-23 15:59:14 WARN   handle breaking change: [RemoveEReference] AE=Class:56897de0, name=kless
2025-04-23 15:59:14 INFO Object interfaceTypeRef not found. This must really be a broken match!
2025-04-23 15:59:14 WARN   handle breaking change: [RemoveEReference] AE=Class:56897de0, name=kless
2025-04-23 15:59:14 WARN   handle breaking change: [RemoveEReference] AE=Class:56897de0, name=kless
2025-04-23 15:59:14 WARN No rule defined to cover the following change's type: [RemoveEReference] AE=Class:56897de0, name=kless
2025-04-23 15:59:14 WARN No rule defined to cover the following change's type: [DeleteEObject] AE=ClassifierReference:3599b7e8
2025-04-23 15:59:14 WARN   handle breaking change: [RemoveEReference] AE=Class:56897de0, name=kless
2025-04-23 15:59:14 INFO Created elements: 0
2025-04-23 15:59:14 INFO Deleted elements: 1
2025-04-23 15:59:14 INFO Completed SYNC in: 20 ms
2025-04-23 15:59:14 DEBUG BENCHMARKLOGGER logs: 
2025-04-23 15:59:14 DEBUG BenchmarkLogger
[
  Total elements created .. 0
  Total elements deleted .. 1
  Total matches found ..... 6
  Total matches repaired .. 0
  Total matches revoked ... 1
  Total matches applied ... 0
]
2025-04-23 15:59:14 INFO VitruviusBackwardConversionTGGEngine::terminate called. We do not use this.
2025-04-23 15:59:14 INFO --- No correspondences added.
2025-04-23 15:59:14 DEBUG End recording virtual model
2025-04-23 15:59:14 DEBUG Propagated <input change> in [[http://www.emftext.org/java]] -> {[[http://www.eclipse.org/uml2/5.0.0/UML]]}
2025-04-23 15:59:14 DEBUG Propagated <input change> in [[http://www.emftext.org/java]] -> [[http://www.eclipse.org/uml2/5.0.0/UML]] -> {}
2025-04-23 15:59:14 DEBUG Propagated <input change> in [[http://www.emftext.org/java]] -> [[http://www.eclipse.org/uml2/5.0.0/UML]] -> {}
2025-04-23 15:59:14 DEBUG Start recording virtual model
2025-04-23 15:59:14 WARN propagateChange not implemented, use propagateChanges (with an s).
2025-04-23 15:59:14 WARN propagateChange not implemented, use propagateChanges (with an s).
2025-04-23 15:59:14 DEBUG End recording virtual model
2025-04-23 15:59:14 DEBUG Propagated <input change> in [[http://www.emftext.org/java]] -> {}
2025-04-23 15:59:14 DEBUG Saving all models of model repository for VSUM @target\Java2UmlEvaluationGoal1\testJavaClassImplementRemoved
2025-04-23 15:59:14 DEBUG Save resource: org.eclipse.emf.ecore.xmi.impl.XMIResourceImpl@4b8466c2 uri='target\Java2UmlEvaluationGoal1\testJavaClassImplementRemoved\uml_instance.model'
2025-04-23 15:59:14 DEBUG Finished synchronizing change: TransactionalChangeImpl: [
	Uuid(ord__I7AtsiBLEfCt_d1Q4dqckw).implements -= Uuid(ord__I7BUwiBLEfCt_d1Q4dqckw) (index 0)
	delete Uuid(ord__I7BUwiBLEfCt_d1Q4dqckw)
]

2025-04-23 15:59:14 INFO Finished change propagation
assertChildMatches for StrucFeatExpectation [StrucFeatExpectation] packagedElement
]]></system-out>
  </testcase>
  <testcase name="testSuperInterfaceToSuperInterface" classname="tools.vitruv.methodologisttemplate.vsum.Java2UmlEvaluationGoal1Test" time="0.35">
    <system-out><![CDATA[2025-04-23 15:59:14 INFO eclipse-ibex-workspace: C:\Users\XPS-15\IdeaProjects\Vitruv-TGG-Integration-Test\vsum\..\eclipse-ibex-workspace\Java2Uml
2025-04-23 15:59:14 INFO setupCorrAndProtocol: Wiping corr.xmi and protocol.xmi
2025-04-23 15:59:14 INFO setupCorrAndProtocol: Wiping corr.xmi and protocol.xmi
2025-04-23 15:59:14 INFO Starting change propagation
2025-04-23 15:59:14 DEBUG Started synchronizing change: TransactionalChangeImpl: [
	create Uuid(ord__JCcycCBLEfCt_d1Q4dqckw)
	insert Uuid(ord__JCcycCBLEfCt_d1Q4dqckw) at target\Java2UmlEvaluationGoal1\testSuperInterfaceToSuperInterface\java_instance.model (index 0)
	Uuid(ord__JCcycCBLEfCt_d1Q4dqckw).name = peketsch (was )
	create Uuid(ord__JCcycSBLEfCt_d1Q4dqckw)
	Uuid(ord__JCcycCBLEfCt_d1Q4dqckw).compilationUnits += Uuid(ord__JCcycSBLEfCt_d1Q4dqckw) (index 0)
	create Uuid(ord__JCdZgCBLEfCt_d1Q4dqckw)
	Uuid(ord__JCcycSBLEfCt_d1Q4dqckw).classifiers += Uuid(ord__JCdZgCBLEfCt_d1Q4dqckw) (index 0)
	Uuid(ord__JCdZgCBLEfCt_d1Q4dqckw).name = interfees (was )
	create Uuid(ord__JCdZgSBLEfCt_d1Q4dqckw)
	Uuid(ord__JCcycCBLEfCt_d1Q4dqckw).compilationUnits += Uuid(ord__JCdZgSBLEfCt_d1Q4dqckw) (index 1)
	create Uuid(ord__JCdZgiBLEfCt_d1Q4dqckw)
	Uuid(ord__JCdZgSBLEfCt_d1Q4dqckw).classifiers += Uuid(ord__JCdZgiBLEfCt_d1Q4dqckw) (index 0)
	Uuid(ord__JCdZgiBLEfCt_d1Q4dqckw).name = superInterfees (was )
	create Uuid(ord__JCdZgyBLEfCt_d1Q4dqckw)
	Uuid(ord__JCdZgCBLEfCt_d1Q4dqckw).extends += Uuid(ord__JCdZgyBLEfCt_d1Q4dqckw) (index 0)
	Uuid(ord__JCdZgyBLEfCt_d1Q4dqckw).target = Uuid(ord__JCdZgiBLEfCt_d1Q4dqckw) (was )
]

2025-04-23 15:59:14 DEBUG Create model instance for resource with URI: target\Java2UmlEvaluationGoal1\testSuperInterfaceToSuperInterface\java_instance.model
2025-04-23 15:59:14 DEBUG Start recording virtual model
2025-04-23 15:59:14 INFO ------- Calling ibex -------
2025-04-23 15:59:14 INFO Source Model has no respective target model yet. Creating one.
2025-04-23 15:59:14 DEBUG Create model instance for resource with URI: target\Java2UmlEvaluationGoal1\testSuperInterfaceToSuperInterface\uml_instance.model
2025-04-23 15:59:15 INFO Resource not found. Not loading. Path=C:\Users\XPS-15\IdeaProjects\Vitruv-TGG-Integration-Test\vsum\..\eclipse-ibex-workspace/Java2Uml/instances/corr.xmi
2025-04-23 15:59:15 INFO Resource not found. Not loading. Path=C:\Users\XPS-15\IdeaProjects\Vitruv-TGG-Integration-Test\vsum\..\eclipse-ibex-workspace/Java2Uml/instances/protocol.xmi
2025-04-23 15:59:15 WARN CORRUPT RULE: EnumPublicToPublichas nodes and/ or edges whose type is an unresolved proxy!
2025-04-23 15:59:15 WARN   - modifier, org.eclipse.emf.ecore.impl.EClassImpl@591cda84 (eProxyURI: platform:/plugin/org.emftext.language.java/metamodel/java.ecore#_Wo2Ytdz1Ed2bJ_pQViWxFg)
2025-04-23 15:59:15 WARN CORRUPT RULE: MethodFinalToFinalhas nodes and/ or edges whose type is an unresolved proxy!
2025-04-23 15:59:15 WARN   - modifier, org.eclipse.emf.ecore.impl.EClassImpl@58338338 (eProxyURI: platform:/plugin/org.emftext.language.java/metamodel/java.ecore#_Wo2Yvdz1Ed2bJ_pQViWxFg)
2025-04-23 15:59:15 WARN CORRUPT RULE: ClassProtectedToProtectedhas nodes and/ or edges whose type is an unresolved proxy!
2025-04-23 15:59:15 WARN   - modifier, org.eclipse.emf.ecore.impl.EClassImpl@6992a147 (eProxyURI: platform:/plugin/org.emftext.language.java/metamodel/java.ecore#_Wo2Yudz1Ed2bJ_pQViWxFg)
2025-04-23 15:59:15 WARN CORRUPT RULE: MethodStaticToStatichas nodes and/ or edges whose type is an unresolved proxy!
2025-04-23 15:59:15 WARN   - modifier, org.eclipse.emf.ecore.impl.EClassImpl@4b548913 (eProxyURI: platform:/plugin/org.emftext.language.java/metamodel/java.ecore#_Wo2Yv9z1Ed2bJ_pQViWxFg)
2025-04-23 15:59:15 WARN CORRUPT RULE: EnumFinalToFinalhas nodes and/ or edges whose type is an unresolved proxy!
2025-04-23 15:59:15 WARN   - modifier, org.eclipse.emf.ecore.impl.EClassImpl@4d609cc3 (eProxyURI: platform:/plugin/org.emftext.language.java/metamodel/java.ecore#_Wo2Yvdz1Ed2bJ_pQViWxFg)
2025-04-23 15:59:15 WARN CORRUPT RULE: InterfaceAttributeTypeToPropertyTypehas nodes and/ or edges whose type is an unresolved proxy!
2025-04-23 15:59:15 WARN   - field__typeReference__typeReference_eMoflonEdge, org.eclipse.emf.ecore.impl.EReferenceImpl@7a7d25ca (eProxyURI: platform:/plugin/org.emftext.language.java/metamodel/java.ecore#_Wo2ZQdz1Ed2bJ_pQViWxFg)
2025-04-23 15:59:15 WARN CORRUPT RULE: EnumPrivateToPrivatehas nodes and/ or edges whose type is an unresolved proxy!
2025-04-23 15:59:15 WARN   - modifier, org.eclipse.emf.ecore.impl.EClassImpl@267a0b6a (eProxyURI: platform:/plugin/org.emftext.language.java/metamodel/java.ecore#_Wo2Yu9z1Ed2bJ_pQViWxFg)
2025-04-23 15:59:15 WARN CORRUPT RULE: ClassFinalToFinalhas nodes and/ or edges whose type is an unresolved proxy!
2025-04-23 15:59:15 WARN   - modifier, org.eclipse.emf.ecore.impl.EClassImpl@51039ec9 (eProxyURI: platform:/plugin/org.emftext.language.java/metamodel/java.ecore#_Wo2Yvdz1Ed2bJ_pQViWxFg)
2025-04-23 15:59:15 WARN CORRUPT RULE: MethodAbstractToAbstracthas nodes and/ or edges whose type is an unresolved proxy!
2025-04-23 15:59:15 WARN   - modifier, org.eclipse.emf.ecore.impl.EClassImpl@60003305 (eProxyURI: platform:/plugin/org.emftext.language.java/metamodel/java.ecore#_Wo2Yt9z1Ed2bJ_pQViWxFg)
2025-04-23 15:59:15 WARN CORRUPT RULE: EnumAttributeTypeToPropertyTypehas nodes and/ or edges whose type is an unresolved proxy!
2025-04-23 15:59:15 WARN   - field__typeReference__typeReference_eMoflonEdge, org.eclipse.emf.ecore.impl.EReferenceImpl@72259917 (eProxyURI: platform:/plugin/org.emftext.language.java/metamodel/java.ecore#_Wo2ZQdz1Ed2bJ_pQViWxFg)
2025-04-23 15:59:15 WARN CORRUPT RULE: MethodClassReturnTypeToReturnTypehas nodes and/ or edges whose type is an unresolved proxy!
2025-04-23 15:59:15 WARN   - javaMethod__typeReference__typeReference_eMoflonEdge, org.eclipse.emf.ecore.impl.EReferenceImpl@3ff83cc8 (eProxyURI: platform:/plugin/org.emftext.language.java/metamodel/java.ecore#_Wo2ZQdz1Ed2bJ_pQViWxFg)
2025-04-23 15:59:15 WARN CORRUPT RULE: EnumProtectedToProtectedhas nodes and/ or edges whose type is an unresolved proxy!
2025-04-23 15:59:15 WARN   - modifier, org.eclipse.emf.ecore.impl.EClassImpl@336b7da4 (eProxyURI: platform:/plugin/org.emftext.language.java/metamodel/java.ecore#_Wo2Yudz1Ed2bJ_pQViWxFg)
2025-04-23 15:59:15 WARN CORRUPT RULE: MethodInterfaceParamTypeToParamTypehas nodes and/ or edges whose type is an unresolved proxy!
2025-04-23 15:59:15 WARN   - parameter__typeReference__typeReference_eMoflonEdge, org.eclipse.emf.ecore.impl.EReferenceImpl@1e79b0fc (eProxyURI: platform:/plugin/org.emftext.language.java/metamodel/java.ecore#_Wo2ZQdz1Ed2bJ_pQViWxFg)
2025-04-23 15:59:15 WARN CORRUPT RULE: MethodClassParamTypeToParamTypehas nodes and/ or edges whose type is an unresolved proxy!
2025-04-23 15:59:15 WARN   - parameter__typeReference__typeReference_eMoflonEdge, org.eclipse.emf.ecore.impl.EReferenceImpl@5e8633da (eProxyURI: platform:/plugin/org.emftext.language.java/metamodel/java.ecore#_Wo2ZQdz1Ed2bJ_pQViWxFg)
2025-04-23 15:59:15 WARN CORRUPT RULE: ClassAbstractToAbstracthas nodes and/ or edges whose type is an unresolved proxy!
2025-04-23 15:59:15 WARN   - modifier, org.eclipse.emf.ecore.impl.EClassImpl@236e6563 (eProxyURI: platform:/plugin/org.emftext.language.java/metamodel/java.ecore#_Wo2Yt9z1Ed2bJ_pQViWxFg)
2025-04-23 15:59:15 WARN CORRUPT RULE: InterfaceFinalToFinalhas nodes and/ or edges whose type is an unresolved proxy!
2025-04-23 15:59:15 WARN   - modifier, org.eclipse.emf.ecore.impl.EClassImpl@3df79197 (eProxyURI: platform:/plugin/org.emftext.language.java/metamodel/java.ecore#_Wo2Yvdz1Ed2bJ_pQViWxFg)
2025-04-23 15:59:15 WARN CORRUPT RULE: MethodInterfaceReturnTypeToReturnTypehas nodes and/ or edges whose type is an unresolved proxy!
2025-04-23 15:59:15 WARN   - javaMethod__typeReference__typeReference_eMoflonEdge, org.eclipse.emf.ecore.impl.EReferenceImpl@36134f3 (eProxyURI: platform:/plugin/org.emftext.language.java/metamodel/java.ecore#_Wo2ZQdz1Ed2bJ_pQViWxFg)
2025-04-23 15:59:15 WARN CORRUPT RULE: MethodEnumParamTypeToParamTypehas nodes and/ or edges whose type is an unresolved proxy!
2025-04-23 15:59:15 WARN   - parameter__typeReference__typeReference_eMoflonEdge, org.eclipse.emf.ecore.impl.EReferenceImpl@53cdfb09 (eProxyURI: platform:/plugin/org.emftext.language.java/metamodel/java.ecore#_Wo2ZQdz1Ed2bJ_pQViWxFg)
2025-04-23 15:59:15 WARN CORRUPT RULE: ConstructorInterfaceParamTypeToParamTypehas nodes and/ or edges whose type is an unresolved proxy!
2025-04-23 15:59:15 WARN   - parameter__typeReference__typeReference_eMoflonEdge, org.eclipse.emf.ecore.impl.EReferenceImpl@2a3251ad (eProxyURI: platform:/plugin/org.emftext.language.java/metamodel/java.ecore#_Wo2ZQdz1Ed2bJ_pQViWxFg)
2025-04-23 15:59:15 WARN CORRUPT RULE: MethodEnumReturnTypeToReturnTypehas nodes and/ or edges whose type is an unresolved proxy!
2025-04-23 15:59:15 WARN   - javaMethod__typeReference__typeReference_eMoflonEdge, org.eclipse.emf.ecore.impl.EReferenceImpl@795ce9b5 (eProxyURI: platform:/plugin/org.emftext.language.java/metamodel/java.ecore#_Wo2ZQdz1Ed2bJ_pQViWxFg)
2025-04-23 15:59:15 WARN CORRUPT RULE: FieldFinalToFinalhas nodes and/ or edges whose type is an unresolved proxy!
2025-04-23 15:59:15 WARN   - modifier, org.eclipse.emf.ecore.impl.EClassImpl@108b2321 (eProxyURI: platform:/plugin/org.emftext.language.java/metamodel/java.ecore#_Wo2Yvdz1Ed2bJ_pQViWxFg)
2025-04-23 15:59:15 WARN CORRUPT RULE: ConstructorClassParamTypeToParamTypehas nodes and/ or edges whose type is an unresolved proxy!
2025-04-23 15:59:15 WARN   - parameter__typeReference__typeReference_eMoflonEdge, org.eclipse.emf.ecore.impl.EReferenceImpl@61a369cf (eProxyURI: platform:/plugin/org.emftext.language.java/metamodel/java.ecore#_Wo2ZQdz1Ed2bJ_pQViWxFg)
2025-04-23 15:59:15 WARN CORRUPT RULE: InterfaceProtectedToProtectedhas nodes and/ or edges whose type is an unresolved proxy!
2025-04-23 15:59:15 WARN   - modifier, org.eclipse.emf.ecore.impl.EClassImpl@65bc50c9 (eProxyURI: platform:/plugin/org.emftext.language.java/metamodel/java.ecore#_Wo2Yudz1Ed2bJ_pQViWxFg)
2025-04-23 15:59:15 WARN CORRUPT RULE: ConstructorEnumParamTypeToParamTypehas nodes and/ or edges whose type is an unresolved proxy!
2025-04-23 15:59:15 WARN   - parameter__typeReference__typeReference_eMoflonEdge, org.eclipse.emf.ecore.impl.EReferenceImpl@12ff3df (eProxyURI: platform:/plugin/org.emftext.language.java/metamodel/java.ecore#_Wo2ZQdz1Ed2bJ_pQViWxFg)
2025-04-23 15:59:15 WARN CORRUPT RULE: ClassAttributeTypeToPropertyTypehas nodes and/ or edges whose type is an unresolved proxy!
2025-04-23 15:59:15 WARN   - field__typeReference__typeReference_eMoflonEdge, org.eclipse.emf.ecore.impl.EReferenceImpl@15844237 (eProxyURI: platform:/plugin/org.emftext.language.java/metamodel/java.ecore#_Wo2ZQdz1Ed2bJ_pQViWxFg)
2025-04-23 15:59:15 WARN CORRUPT RULE: InterfaceAbstractToAbstracthas nodes and/ or edges whose type is an unresolved proxy!
2025-04-23 15:59:15 WARN   - modifier, org.eclipse.emf.ecore.impl.EClassImpl@50cb64d5 (eProxyURI: platform:/plugin/org.emftext.language.java/metamodel/java.ecore#_Wo2Yt9z1Ed2bJ_pQViWxFg)
2025-04-23 15:59:15 WARN CORRUPT RULE: ClassPrivateToPrivatehas nodes and/ or edges whose type is an unresolved proxy!
2025-04-23 15:59:15 WARN   - modifier, org.eclipse.emf.ecore.impl.EClassImpl@3e1c566d (eProxyURI: platform:/plugin/org.emftext.language.java/metamodel/java.ecore#_Wo2Yu9z1Ed2bJ_pQViWxFg)
2025-04-23 15:59:15 WARN CORRUPT RULE: ClassPublicToPublichas nodes and/ or edges whose type is an unresolved proxy!
2025-04-23 15:59:15 WARN   - modifier, org.eclipse.emf.ecore.impl.EClassImpl@3d287f7c (eProxyURI: platform:/plugin/org.emftext.language.java/metamodel/java.ecore#_Wo2Ytdz1Ed2bJ_pQViWxFg)
2025-04-23 15:59:15 WARN CORRUPT RULE: FieldStaticToStatichas nodes and/ or edges whose type is an unresolved proxy!
2025-04-23 15:59:15 WARN   - modifier, org.eclipse.emf.ecore.impl.EClassImpl@19598b38 (eProxyURI: platform:/plugin/org.emftext.language.java/metamodel/java.ecore#_Wo2Yv9z1Ed2bJ_pQViWxFg)
2025-04-23 15:59:15 WARN CORRUPT RULE: InterfacePrivateToPrivatehas nodes and/ or edges whose type is an unresolved proxy!
2025-04-23 15:59:15 WARN   - modifier, org.eclipse.emf.ecore.impl.EClassImpl@233bfc46 (eProxyURI: platform:/plugin/org.emftext.language.java/metamodel/java.ecore#_Wo2Yu9z1Ed2bJ_pQViWxFg)
2025-04-23 15:59:15 WARN CORRUPT RULE: EnumAbstractToAbstracthas nodes and/ or edges whose type is an unresolved proxy!
2025-04-23 15:59:15 WARN   - modifier, org.eclipse.emf.ecore.impl.EClassImpl@6347ebbc (eProxyURI: platform:/plugin/org.emftext.language.java/metamodel/java.ecore#_Wo2Yt9z1Ed2bJ_pQViWxFg)
2025-04-23 15:59:15 WARN CORRUPT RULE: InterfacePublicToPublichas nodes and/ or edges whose type is an unresolved proxy!
2025-04-23 15:59:15 WARN   - modifier, org.eclipse.emf.ecore.impl.EClassImpl@77c4aeb6 (eProxyURI: platform:/plugin/org.emftext.language.java/metamodel/java.ecore#_Wo2Ytdz1Ed2bJ_pQViWxFg)
2025-04-23 15:59:15 INFO Pattern Conversion took 10.3056 ms
2025-04-23 15:59:15 INFO Starting SYNC
2025-04-23 15:59:15 WARN   LOADED MARKERS : 
    - 
2025-04-23 15:59:15 WARN No rule defined to cover the following change's type: [InsertEAttributeValue] AE=Package:335ff774, name=peketsch
2025-04-23 15:59:15 WARN No rule defined to cover the following change's type: [InsertEAttributeValue] AE=Interface:2453cbb7, name=interfees
2025-04-23 15:59:15 WARN No rule defined to cover the following change's type: [InsertEAttributeValue] AE=Interface:a89dec0, name=superInterfees
2025-04-23 15:59:15 INFO Pattern Matching took 6.2727 ms
2025-04-23 15:59:15 INFO Created elements: 26
2025-04-23 15:59:15 INFO Deleted elements: 0
2025-04-23 15:59:15 INFO Completed SYNC in: 45 ms
2025-04-23 15:59:15 DEBUG BENCHMARKLOGGER logs: 
2025-04-23 15:59:15 DEBUG BenchmarkLogger
[
  Total elements created .. 26
  Total elements deleted .. 0
  Total matches found ..... 14
  Total matches repaired .. 0
  Total matches revoked ... 0
  Total matches applied ... 6
]
2025-04-23 15:59:15 INFO VitruviusBackwardConversionTGGEngine::terminate called. We do not use this.
2025-04-23 15:59:15 DEBUG Add root to resource: org.eclipse.emf.ecore.xmi.impl.XMIResourceImpl@64a0ee65 uri='target\Java2UmlEvaluationGoal1\testSuperInterfaceToSuperInterface\uml_instance.model'
2025-04-23 15:59:15 INFO -- Added the following corrs: 
2025-04-23 15:59:15 INFO   - [CorrespondenceNode JavaClassifierToUmlClassifier] SRC=Interface:a89dec0, name=superInterfees, TRG=Interface:9d455a6, name=superInterfees
2025-04-23 15:59:15 INFO   - [CorrespondenceNode JavaClassifierToUmlClassifier] SRC=Interface:2453cbb7, name=interfees, TRG=Interface:411b75b4, name=interfees
2025-04-23 15:59:15 INFO   - [CorrespondenceNode JavaPackageToUmlPackage] SRC=Package:335ff774, name=peketsch, TRG=Package:6ee0ef34, name=peketsch
2025-04-23 15:59:15 INFO   - [CorrespondenceNode JavaCompilationUnitToUmlModel] SRC=CompilationUnit:68fb6c1e, name=null, TRG=Model:4973fb7d, name=UML_MODEL
2025-04-23 15:59:15 INFO   - [CorrespondenceNode JavaCompilationUnitToUmlModel] SRC=CompilationUnit:4c131823, name=null, TRG=Model:38410ce5, name=UML_MODEL
2025-04-23 15:59:15 DEBUG End recording virtual model
2025-04-23 15:59:15 DEBUG Propagated <input change> in [[http://www.emftext.org/java]] -> {[[http://www.eclipse.org/uml2/5.0.0/UML]]}
2025-04-23 15:59:15 DEBUG Propagated <input change> in [[http://www.emftext.org/java]] -> [[http://www.eclipse.org/uml2/5.0.0/UML]] -> {}
2025-04-23 15:59:15 DEBUG Propagated <input change> in [[http://www.emftext.org/java]] -> [[http://www.eclipse.org/uml2/5.0.0/UML]] -> {}
2025-04-23 15:59:15 DEBUG Start recording virtual model
2025-04-23 15:59:15 WARN propagateChange not implemented, use propagateChanges (with an s).
2025-04-23 15:59:15 WARN propagateChange not implemented, use propagateChanges (with an s).
2025-04-23 15:59:15 WARN propagateChange not implemented, use propagateChanges (with an s).
2025-04-23 15:59:15 WARN propagateChange not implemented, use propagateChanges (with an s).
2025-04-23 15:59:15 WARN propagateChange not implemented, use propagateChanges (with an s).
2025-04-23 15:59:15 WARN propagateChange not implemented, use propagateChanges (with an s).
2025-04-23 15:59:15 WARN propagateChange not implemented, use propagateChanges (with an s).
2025-04-23 15:59:15 WARN propagateChange not implemented, use propagateChanges (with an s).
2025-04-23 15:59:15 WARN propagateChange not implemented, use propagateChanges (with an s).
2025-04-23 15:59:15 WARN propagateChange not implemented, use propagateChanges (with an s).
2025-04-23 15:59:15 WARN propagateChange not implemented, use propagateChanges (with an s).
2025-04-23 15:59:15 WARN propagateChange not implemented, use propagateChanges (with an s).
2025-04-23 15:59:15 WARN propagateChange not implemented, use propagateChanges (with an s).
2025-04-23 15:59:15 WARN propagateChange not implemented, use propagateChanges (with an s).
2025-04-23 15:59:15 WARN propagateChange not implemented, use propagateChanges (with an s).
2025-04-23 15:59:15 WARN propagateChange not implemented, use propagateChanges (with an s).
2025-04-23 15:59:15 DEBUG End recording virtual model
2025-04-23 15:59:15 DEBUG Propagated <input change> in [[http://www.emftext.org/java]] -> {}
2025-04-23 15:59:15 DEBUG Saving all models of model repository for VSUM @target\Java2UmlEvaluationGoal1\testSuperInterfaceToSuperInterface
2025-04-23 15:59:15 DEBUG Save resource: org.eclipse.emf.ecore.xmi.impl.XMIResourceImpl@64a0ee65 uri='target\Java2UmlEvaluationGoal1\testSuperInterfaceToSuperInterface\uml_instance.model'
2025-04-23 15:59:15 DEBUG Finished synchronizing change: TransactionalChangeImpl: [
	create Uuid(ord__JCcycCBLEfCt_d1Q4dqckw)
	insert Uuid(ord__JCcycCBLEfCt_d1Q4dqckw) at target\Java2UmlEvaluationGoal1\testSuperInterfaceToSuperInterface\java_instance.model (index 0)
	Uuid(ord__JCcycCBLEfCt_d1Q4dqckw).name = peketsch (was )
	create Uuid(ord__JCcycSBLEfCt_d1Q4dqckw)
	Uuid(ord__JCcycCBLEfCt_d1Q4dqckw).compilationUnits += Uuid(ord__JCcycSBLEfCt_d1Q4dqckw) (index 0)
	create Uuid(ord__JCdZgCBLEfCt_d1Q4dqckw)
	Uuid(ord__JCcycSBLEfCt_d1Q4dqckw).classifiers += Uuid(ord__JCdZgCBLEfCt_d1Q4dqckw) (index 0)
	Uuid(ord__JCdZgCBLEfCt_d1Q4dqckw).name = interfees (was )
	create Uuid(ord__JCdZgSBLEfCt_d1Q4dqckw)
	Uuid(ord__JCcycCBLEfCt_d1Q4dqckw).compilationUnits += Uuid(ord__JCdZgSBLEfCt_d1Q4dqckw) (index 1)
	create Uuid(ord__JCdZgiBLEfCt_d1Q4dqckw)
	Uuid(ord__JCdZgSBLEfCt_d1Q4dqckw).classifiers += Uuid(ord__JCdZgiBLEfCt_d1Q4dqckw) (index 0)
	Uuid(ord__JCdZgiBLEfCt_d1Q4dqckw).name = superInterfees (was )
	create Uuid(ord__JCdZgyBLEfCt_d1Q4dqckw)
	Uuid(ord__JCdZgCBLEfCt_d1Q4dqckw).extends += Uuid(ord__JCdZgyBLEfCt_d1Q4dqckw) (index 0)
	Uuid(ord__JCdZgyBLEfCt_d1Q4dqckw).target = Uuid(ord__JCdZgiBLEfCt_d1Q4dqckw) (was )
]

2025-04-23 15:59:15 INFO Finished change propagation
assertChildMatches for StrucFeatExpectation [StrucFeatExpectation] packagedElement
assertChildMatches for StrucFeatExpectation [StrucFeatExpectation] generalization
assertChildMatches for StrucFeatExpectation [StrucFeatExpectation] general
]]></system-out>
  </testcase>
  <testcase name="testConstructorClassParamType" classname="tools.vitruv.methodologisttemplate.vsum.Java2UmlEvaluationGoal1Test" time="0.022">
    <failure message="EReference &quot;typeReference&quot; of Parameter (which extends TypedElement) only shows up as a proxy and cannot be resolved!" type="org.opentest4j.AssertionFailedError"><![CDATA[org.opentest4j.AssertionFailedError: EReference "typeReference" of Parameter (which extends TypedElement) only shows up as a proxy and cannot be resolved!
	at org.junit.jupiter.api.AssertionUtils.fail(AssertionUtils.java:38)
	at org.junit.jupiter.api.Assertions.fail(Assertions.java:138)
	at tools.vitruv.methodologisttemplate.vsum.Java2UmlEvaluationGoal1Test.testConstructorClassParamType(Java2UmlEvaluationGoal1Test.java:906)
	at java.base/java.lang.reflect.Method.invoke(Method.java:580)
	at java.base/java.util.ArrayList.forEach(ArrayList.java:1597)
	at java.base/java.util.ArrayList.forEach(ArrayList.java:1597)
	Suppressed: java.nio.file.NoSuchFileException: ..\eclipse-ibex-workspace\Java2Uml\instances\corr.xmi
		at java.base/sun.nio.fs.WindowsException.translateToIOException(WindowsException.java:85)
		at java.base/sun.nio.fs.WindowsException.rethrowAsIOException(WindowsException.java:103)
		at java.base/sun.nio.fs.WindowsException.rethrowAsIOException(WindowsException.java:108)
		at java.base/sun.nio.fs.WindowsFileCopy.copy(WindowsFileCopy.java:108)
		at java.base/sun.nio.fs.WindowsFileSystemProvider.copy(WindowsFileSystemProvider.java:282)
		at java.base/java.nio.file.Files.copy(Files.java:1305)
		at tools.vitruv.methodologisttemplate.vsum.AbstractEvaluationTest.storeEvalData(AbstractEvaluationTest.java:104)
		... 3 more
	Suppressed: java.util.NoSuchElementException
		at java.base/java.util.ArrayList.getLast(ArrayList.java:455)
		at tools.vitruv.methodologisttemplate.vsum.AbstractEvaluationTest.storeGlobalEvalData(AbstractEvaluationTest.java:114)
		... 3 more
]]></failure>
    <system-out><![CDATA[2025-04-23 15:59:15 INFO eclipse-ibex-workspace: C:\Users\XPS-15\IdeaProjects\Vitruv-TGG-Integration-Test\vsum\..\eclipse-ibex-workspace\Java2Uml
2025-04-23 15:59:15 INFO setupCorrAndProtocol: Wiping corr.xmi and protocol.xmi
2025-04-23 15:59:15 INFO setupCorrAndProtocol: Wiping corr.xmi and protocol.xmi
]]></system-out>
  </testcase>
  <testcase name="testOrdinaryConstructorParameter" classname="tools.vitruv.methodologisttemplate.vsum.Java2UmlEvaluationGoal1Test" time="0.286">
    <system-out><![CDATA[2025-04-23 15:59:15 INFO eclipse-ibex-workspace: C:\Users\XPS-15\IdeaProjects\Vitruv-TGG-Integration-Test\vsum\..\eclipse-ibex-workspace\Java2Uml
2025-04-23 15:59:15 INFO setupCorrAndProtocol: Wiping corr.xmi and protocol.xmi
2025-04-23 15:59:15 INFO setupCorrAndProtocol: Wiping corr.xmi and protocol.xmi
2025-04-23 15:59:15 INFO Starting change propagation
2025-04-23 15:59:15 DEBUG Started synchronizing change: TransactionalChangeImpl: [
	create Uuid(ord__JGC5ACBLEfCt_d1Q4dqckw)
	insert Uuid(ord__JGC5ACBLEfCt_d1Q4dqckw) at target\Java2UmlEvaluationGoal1\testOrdinaryConstructorParameter\java_instance.model (index 0)
	Uuid(ord__JGC5ACBLEfCt_d1Q4dqckw).name = peketsch (was )
	create Uuid(ord__JGC5ASBLEfCt_d1Q4dqckw)
	Uuid(ord__JGC5ACBLEfCt_d1Q4dqckw).compilationUnits += Uuid(ord__JGC5ASBLEfCt_d1Q4dqckw) (index 0)
	create Uuid(ord__JGC5AiBLEfCt_d1Q4dqckw)
	Uuid(ord__JGC5ASBLEfCt_d1Q4dqckw).classifiers += Uuid(ord__JGC5AiBLEfCt_d1Q4dqckw) (index 0)
	Uuid(ord__JGC5AiBLEfCt_d1Q4dqckw).name = kless (was )
	create Uuid(ord__JGC5AyBLEfCt_d1Q4dqckw)
	Uuid(ord__JGC5AiBLEfCt_d1Q4dqckw).members += Uuid(ord__JGC5AyBLEfCt_d1Q4dqckw) (index 0)
	Uuid(ord__JGC5AyBLEfCt_d1Q4dqckw).name = constructer (was )
	create Uuid(ord__JGC5BCBLEfCt_d1Q4dqckw)
	Uuid(ord__JGC5AyBLEfCt_d1Q4dqckw).parameters += Uuid(ord__JGC5BCBLEfCt_d1Q4dqckw) (index 0)
	Uuid(ord__JGC5BCBLEfCt_d1Q4dqckw).name = parrametr (was )
]

2025-04-23 15:59:15 DEBUG Create model instance for resource with URI: target\Java2UmlEvaluationGoal1\testOrdinaryConstructorParameter\java_instance.model
2025-04-23 15:59:15 DEBUG Start recording virtual model
2025-04-23 15:59:15 INFO ------- Calling ibex -------
2025-04-23 15:59:15 INFO Source Model has no respective target model yet. Creating one.
2025-04-23 15:59:15 DEBUG Create model instance for resource with URI: target\Java2UmlEvaluationGoal1\testOrdinaryConstructorParameter\uml_instance.model
2025-04-23 15:59:15 INFO Resource not found. Not loading. Path=C:\Users\XPS-15\IdeaProjects\Vitruv-TGG-Integration-Test\vsum\..\eclipse-ibex-workspace/Java2Uml/instances/corr.xmi
2025-04-23 15:59:15 INFO Resource not found. Not loading. Path=C:\Users\XPS-15\IdeaProjects\Vitruv-TGG-Integration-Test\vsum\..\eclipse-ibex-workspace/Java2Uml/instances/protocol.xmi
2025-04-23 15:59:15 WARN CORRUPT RULE: ConstructorClassParamTypeToParamTypehas nodes and/ or edges whose type is an unresolved proxy!
2025-04-23 15:59:15 WARN   - parameter__typeReference__typeReference_eMoflonEdge, org.eclipse.emf.ecore.impl.EReferenceImpl@6a6a60f3 (eProxyURI: platform:/plugin/org.emftext.language.java/metamodel/java.ecore#_Wo2ZQdz1Ed2bJ_pQViWxFg)
2025-04-23 15:59:15 WARN CORRUPT RULE: MethodInterfaceParamTypeToParamTypehas nodes and/ or edges whose type is an unresolved proxy!
2025-04-23 15:59:15 WARN   - parameter__typeReference__typeReference_eMoflonEdge, org.eclipse.emf.ecore.impl.EReferenceImpl@3bc82aa3 (eProxyURI: platform:/plugin/org.emftext.language.java/metamodel/java.ecore#_Wo2ZQdz1Ed2bJ_pQViWxFg)
2025-04-23 15:59:15 WARN CORRUPT RULE: ClassProtectedToProtectedhas nodes and/ or edges whose type is an unresolved proxy!
2025-04-23 15:59:15 WARN   - modifier, org.eclipse.emf.ecore.impl.EClassImpl@1220969 (eProxyURI: platform:/plugin/org.emftext.language.java/metamodel/java.ecore#_Wo2Yudz1Ed2bJ_pQViWxFg)
2025-04-23 15:59:15 WARN CORRUPT RULE: InterfaceAbstractToAbstracthas nodes and/ or edges whose type is an unresolved proxy!
2025-04-23 15:59:15 WARN   - modifier, org.eclipse.emf.ecore.impl.EClassImpl@37b04a2a (eProxyURI: platform:/plugin/org.emftext.language.java/metamodel/java.ecore#_Wo2Yt9z1Ed2bJ_pQViWxFg)
2025-04-23 15:59:15 WARN CORRUPT RULE: InterfaceFinalToFinalhas nodes and/ or edges whose type is an unresolved proxy!
2025-04-23 15:59:15 WARN   - modifier, org.eclipse.emf.ecore.impl.EClassImpl@2ae92511 (eProxyURI: platform:/plugin/org.emftext.language.java/metamodel/java.ecore#_Wo2Yvdz1Ed2bJ_pQViWxFg)
2025-04-23 15:59:15 WARN CORRUPT RULE: EnumPublicToPublichas nodes and/ or edges whose type is an unresolved proxy!
2025-04-23 15:59:15 WARN   - modifier, org.eclipse.emf.ecore.impl.EClassImpl@6df8131c (eProxyURI: platform:/plugin/org.emftext.language.java/metamodel/java.ecore#_Wo2Ytdz1Ed2bJ_pQViWxFg)
2025-04-23 15:59:15 WARN CORRUPT RULE: ClassAttributeTypeToPropertyTypehas nodes and/ or edges whose type is an unresolved proxy!
2025-04-23 15:59:15 WARN   - field__typeReference__typeReference_eMoflonEdge, org.eclipse.emf.ecore.impl.EReferenceImpl@3d2af8d7 (eProxyURI: platform:/plugin/org.emftext.language.java/metamodel/java.ecore#_Wo2ZQdz1Ed2bJ_pQViWxFg)
2025-04-23 15:59:15 WARN CORRUPT RULE: ClassPublicToPublichas nodes and/ or edges whose type is an unresolved proxy!
2025-04-23 15:59:15 WARN   - modifier, org.eclipse.emf.ecore.impl.EClassImpl@2fedf25b (eProxyURI: platform:/plugin/org.emftext.language.java/metamodel/java.ecore#_Wo2Ytdz1Ed2bJ_pQViWxFg)
2025-04-23 15:59:15 WARN CORRUPT RULE: InterfacePublicToPublichas nodes and/ or edges whose type is an unresolved proxy!
2025-04-23 15:59:15 WARN   - modifier, org.eclipse.emf.ecore.impl.EClassImpl@5f84e764 (eProxyURI: platform:/plugin/org.emftext.language.java/metamodel/java.ecore#_Wo2Ytdz1Ed2bJ_pQViWxFg)
2025-04-23 15:59:15 WARN CORRUPT RULE: ClassFinalToFinalhas nodes and/ or edges whose type is an unresolved proxy!
2025-04-23 15:59:15 WARN   - modifier, org.eclipse.emf.ecore.impl.EClassImpl@1e95fc31 (eProxyURI: platform:/plugin/org.emftext.language.java/metamodel/java.ecore#_Wo2Yvdz1Ed2bJ_pQViWxFg)
2025-04-23 15:59:15 WARN CORRUPT RULE: MethodStaticToStatichas nodes and/ or edges whose type is an unresolved proxy!
2025-04-23 15:59:15 WARN   - modifier, org.eclipse.emf.ecore.impl.EClassImpl@419dbd6d (eProxyURI: platform:/plugin/org.emftext.language.java/metamodel/java.ecore#_Wo2Yv9z1Ed2bJ_pQViWxFg)
2025-04-23 15:59:15 WARN CORRUPT RULE: FieldFinalToFinalhas nodes and/ or edges whose type is an unresolved proxy!
2025-04-23 15:59:15 WARN   - modifier, org.eclipse.emf.ecore.impl.EClassImpl@7b6d88d1 (eProxyURI: platform:/plugin/org.emftext.language.java/metamodel/java.ecore#_Wo2Yvdz1Ed2bJ_pQViWxFg)
2025-04-23 15:59:15 WARN CORRUPT RULE: InterfaceProtectedToProtectedhas nodes and/ or edges whose type is an unresolved proxy!
2025-04-23 15:59:15 WARN   - modifier, org.eclipse.emf.ecore.impl.EClassImpl@38159192 (eProxyURI: platform:/plugin/org.emftext.language.java/metamodel/java.ecore#_Wo2Yudz1Ed2bJ_pQViWxFg)
2025-04-23 15:59:15 WARN CORRUPT RULE: MethodInterfaceReturnTypeToReturnTypehas nodes and/ or edges whose type is an unresolved proxy!
2025-04-23 15:59:15 WARN   - javaMethod__typeReference__typeReference_eMoflonEdge, org.eclipse.emf.ecore.impl.EReferenceImpl@2181144e (eProxyURI: platform:/plugin/org.emftext.language.java/metamodel/java.ecore#_Wo2ZQdz1Ed2bJ_pQViWxFg)
2025-04-23 15:59:15 WARN CORRUPT RULE: EnumProtectedToProtectedhas nodes and/ or edges whose type is an unresolved proxy!
2025-04-23 15:59:15 WARN   - modifier, org.eclipse.emf.ecore.impl.EClassImpl@582b6362 (eProxyURI: platform:/plugin/org.emftext.language.java/metamodel/java.ecore#_Wo2Yudz1Ed2bJ_pQViWxFg)
2025-04-23 15:59:15 WARN CORRUPT RULE: MethodAbstractToAbstracthas nodes and/ or edges whose type is an unresolved proxy!
2025-04-23 15:59:15 WARN   - modifier, org.eclipse.emf.ecore.impl.EClassImpl@2e89310c (eProxyURI: platform:/plugin/org.emftext.language.java/metamodel/java.ecore#_Wo2Yt9z1Ed2bJ_pQViWxFg)
2025-04-23 15:59:15 WARN CORRUPT RULE: InterfacePrivateToPrivatehas nodes and/ or edges whose type is an unresolved proxy!
2025-04-23 15:59:15 WARN   - modifier, org.eclipse.emf.ecore.impl.EClassImpl@567412db (eProxyURI: platform:/plugin/org.emftext.language.java/metamodel/java.ecore#_Wo2Yu9z1Ed2bJ_pQViWxFg)
2025-04-23 15:59:15 WARN CORRUPT RULE: MethodEnumParamTypeToParamTypehas nodes and/ or edges whose type is an unresolved proxy!
2025-04-23 15:59:15 WARN   - parameter__typeReference__typeReference_eMoflonEdge, org.eclipse.emf.ecore.impl.EReferenceImpl@2d3bb293 (eProxyURI: platform:/plugin/org.emftext.language.java/metamodel/java.ecore#_Wo2ZQdz1Ed2bJ_pQViWxFg)
2025-04-23 15:59:15 WARN CORRUPT RULE: MethodFinalToFinalhas nodes and/ or edges whose type is an unresolved proxy!
2025-04-23 15:59:15 WARN   - modifier, org.eclipse.emf.ecore.impl.EClassImpl@34dc40d5 (eProxyURI: platform:/plugin/org.emftext.language.java/metamodel/java.ecore#_Wo2Yvdz1Ed2bJ_pQViWxFg)
2025-04-23 15:59:15 WARN CORRUPT RULE: ClassAbstractToAbstracthas nodes and/ or edges whose type is an unresolved proxy!
2025-04-23 15:59:15 WARN   - modifier, org.eclipse.emf.ecore.impl.EClassImpl@61a7930e (eProxyURI: platform:/plugin/org.emftext.language.java/metamodel/java.ecore#_Wo2Yt9z1Ed2bJ_pQViWxFg)
2025-04-23 15:59:15 WARN CORRUPT RULE: ConstructorEnumParamTypeToParamTypehas nodes and/ or edges whose type is an unresolved proxy!
2025-04-23 15:59:15 WARN   - parameter__typeReference__typeReference_eMoflonEdge, org.eclipse.emf.ecore.impl.EReferenceImpl@36e6e59f (eProxyURI: platform:/plugin/org.emftext.language.java/metamodel/java.ecore#_Wo2ZQdz1Ed2bJ_pQViWxFg)
2025-04-23 15:59:15 WARN CORRUPT RULE: EnumFinalToFinalhas nodes and/ or edges whose type is an unresolved proxy!
2025-04-23 15:59:15 WARN   - modifier, org.eclipse.emf.ecore.impl.EClassImpl@3a892b9f (eProxyURI: platform:/plugin/org.emftext.language.java/metamodel/java.ecore#_Wo2Yvdz1Ed2bJ_pQViWxFg)
2025-04-23 15:59:15 WARN CORRUPT RULE: FieldStaticToStatichas nodes and/ or edges whose type is an unresolved proxy!
2025-04-23 15:59:15 WARN   - modifier, org.eclipse.emf.ecore.impl.EClassImpl@d436e51 (eProxyURI: platform:/plugin/org.emftext.language.java/metamodel/java.ecore#_Wo2Yv9z1Ed2bJ_pQViWxFg)
2025-04-23 15:59:15 WARN CORRUPT RULE: ClassPrivateToPrivatehas nodes and/ or edges whose type is an unresolved proxy!
2025-04-23 15:59:15 WARN   - modifier, org.eclipse.emf.ecore.impl.EClassImpl@466a5b80 (eProxyURI: platform:/plugin/org.emftext.language.java/metamodel/java.ecore#_Wo2Yu9z1Ed2bJ_pQViWxFg)
2025-04-23 15:59:15 WARN CORRUPT RULE: InterfaceAttributeTypeToPropertyTypehas nodes and/ or edges whose type is an unresolved proxy!
2025-04-23 15:59:15 WARN   - field__typeReference__typeReference_eMoflonEdge, org.eclipse.emf.ecore.impl.EReferenceImpl@19cee7ed (eProxyURI: platform:/plugin/org.emftext.language.java/metamodel/java.ecore#_Wo2ZQdz1Ed2bJ_pQViWxFg)
2025-04-23 15:59:15 WARN CORRUPT RULE: EnumAttributeTypeToPropertyTypehas nodes and/ or edges whose type is an unresolved proxy!
2025-04-23 15:59:15 WARN   - field__typeReference__typeReference_eMoflonEdge, org.eclipse.emf.ecore.impl.EReferenceImpl@5a2ce458 (eProxyURI: platform:/plugin/org.emftext.language.java/metamodel/java.ecore#_Wo2ZQdz1Ed2bJ_pQViWxFg)
2025-04-23 15:59:15 WARN CORRUPT RULE: MethodEnumReturnTypeToReturnTypehas nodes and/ or edges whose type is an unresolved proxy!
2025-04-23 15:59:15 WARN   - javaMethod__typeReference__typeReference_eMoflonEdge, org.eclipse.emf.ecore.impl.EReferenceImpl@72117fc0 (eProxyURI: platform:/plugin/org.emftext.language.java/metamodel/java.ecore#_Wo2ZQdz1Ed2bJ_pQViWxFg)
2025-04-23 15:59:15 WARN CORRUPT RULE: EnumAbstractToAbstracthas nodes and/ or edges whose type is an unresolved proxy!
2025-04-23 15:59:15 WARN   - modifier, org.eclipse.emf.ecore.impl.EClassImpl@71904ea8 (eProxyURI: platform:/plugin/org.emftext.language.java/metamodel/java.ecore#_Wo2Yt9z1Ed2bJ_pQViWxFg)
2025-04-23 15:59:15 WARN CORRUPT RULE: EnumPrivateToPrivatehas nodes and/ or edges whose type is an unresolved proxy!
2025-04-23 15:59:15 WARN   - modifier, org.eclipse.emf.ecore.impl.EClassImpl@64f55630 (eProxyURI: platform:/plugin/org.emftext.language.java/metamodel/java.ecore#_Wo2Yu9z1Ed2bJ_pQViWxFg)
2025-04-23 15:59:15 WARN CORRUPT RULE: MethodClassParamTypeToParamTypehas nodes and/ or edges whose type is an unresolved proxy!
2025-04-23 15:59:15 WARN   - parameter__typeReference__typeReference_eMoflonEdge, org.eclipse.emf.ecore.impl.EReferenceImpl@40fd9358 (eProxyURI: platform:/plugin/org.emftext.language.java/metamodel/java.ecore#_Wo2ZQdz1Ed2bJ_pQViWxFg)
2025-04-23 15:59:15 WARN CORRUPT RULE: MethodClassReturnTypeToReturnTypehas nodes and/ or edges whose type is an unresolved proxy!
2025-04-23 15:59:15 WARN   - javaMethod__typeReference__typeReference_eMoflonEdge, org.eclipse.emf.ecore.impl.EReferenceImpl@d3e9629 (eProxyURI: platform:/plugin/org.emftext.language.java/metamodel/java.ecore#_Wo2ZQdz1Ed2bJ_pQViWxFg)
2025-04-23 15:59:15 WARN CORRUPT RULE: ConstructorInterfaceParamTypeToParamTypehas nodes and/ or edges whose type is an unresolved proxy!
2025-04-23 15:59:15 WARN   - parameter__typeReference__typeReference_eMoflonEdge, org.eclipse.emf.ecore.impl.EReferenceImpl@49825659 (eProxyURI: platform:/plugin/org.emftext.language.java/metamodel/java.ecore#_Wo2ZQdz1Ed2bJ_pQViWxFg)
2025-04-23 15:59:15 INFO Pattern Conversion took 11.1854 ms
2025-04-23 15:59:15 INFO Starting SYNC
2025-04-23 15:59:15 WARN   LOADED MARKERS : 
    - 
2025-04-23 15:59:15 WARN No rule defined to cover the following change's type: [InsertEAttributeValue] AE=Package:5fc44b4b, name=peketsch
2025-04-23 15:59:15 WARN No rule defined to cover the following change's type: [InsertEAttributeValue] AE=Class:4dfe14d4, name=kless
2025-04-23 15:59:15 WARN No rule defined to cover the following change's type: [InsertEAttributeValue] AE=Constructor:309d9033, name=constructer
2025-04-23 15:59:15 WARN No rule defined to cover the following change's type: [InsertEAttributeValue] AE=OrdinaryParameter:5ebd80f8, name=parrametr
2025-04-23 15:59:15 INFO Pattern Matching took 4.0819 ms
2025-04-23 15:59:15 INFO Created elements: 15
2025-04-23 15:59:15 INFO Deleted elements: 0
2025-04-23 15:59:15 INFO Completed SYNC in: 30 ms
2025-04-23 15:59:15 DEBUG BENCHMARKLOGGER logs: 
2025-04-23 15:59:15 DEBUG BenchmarkLogger
[
  Total elements created .. 15
  Total elements deleted .. 0
  Total matches found ..... 7
  Total matches repaired .. 0
  Total matches revoked ... 0
  Total matches applied ... 5
]
2025-04-23 15:59:15 INFO VitruviusBackwardConversionTGGEngine::terminate called. We do not use this.
2025-04-23 15:59:15 DEBUG Add root to resource: org.eclipse.emf.ecore.xmi.impl.XMIResourceImpl@7ec63b9a uri='target\Java2UmlEvaluationGoal1\testOrdinaryConstructorParameter\uml_instance.model'
2025-04-23 15:59:15 INFO -- Added the following corrs: 
2025-04-23 15:59:15 INFO   - [CorrespondenceNode JavaClassifierToUmlClassifier] SRC=Class:4dfe14d4, name=kless, TRG=Class:7a4ea134, name=kless
2025-04-23 15:59:15 INFO   - [CorrespondenceNode JavaPackageToUmlPackage] SRC=Package:5fc44b4b, name=peketsch, TRG=Package:27a57c66, name=peketsch
2025-04-23 15:59:15 INFO   - [CorrespondenceNode JavaConstructorToOperation] SRC=Constructor:309d9033, name=constructer, TRG=Operation:720b52a7, name=constructer
2025-04-23 15:59:15 INFO   - [CorrespondenceNode JavaParameterToParameter] SRC=OrdinaryParameter:5ebd80f8, name=parrametr, TRG=Parameter:7da6e22a, name=parrametr
2025-04-23 15:59:15 INFO   - [CorrespondenceNode JavaCompilationUnitToUmlModel] SRC=CompilationUnit:7e3062f0, name=null, TRG=Model:2728e305, name=UML_MODEL
2025-04-23 15:59:15 DEBUG End recording virtual model
2025-04-23 15:59:15 DEBUG Propagated <input change> in [[http://www.emftext.org/java]] -> {[[http://www.eclipse.org/uml2/5.0.0/UML]]}
2025-04-23 15:59:15 DEBUG Propagated <input change> in [[http://www.emftext.org/java]] -> [[http://www.eclipse.org/uml2/5.0.0/UML]] -> {}
2025-04-23 15:59:15 DEBUG Propagated <input change> in [[http://www.emftext.org/java]] -> [[http://www.eclipse.org/uml2/5.0.0/UML]] -> {}
2025-04-23 15:59:15 DEBUG Start recording virtual model
2025-04-23 15:59:15 WARN propagateChange not implemented, use propagateChanges (with an s).
2025-04-23 15:59:15 WARN propagateChange not implemented, use propagateChanges (with an s).
2025-04-23 15:59:15 WARN propagateChange not implemented, use propagateChanges (with an s).
2025-04-23 15:59:15 WARN propagateChange not implemented, use propagateChanges (with an s).
2025-04-23 15:59:15 WARN propagateChange not implemented, use propagateChanges (with an s).
2025-04-23 15:59:15 WARN propagateChange not implemented, use propagateChanges (with an s).
2025-04-23 15:59:15 WARN propagateChange not implemented, use propagateChanges (with an s).
2025-04-23 15:59:15 WARN propagateChange not implemented, use propagateChanges (with an s).
2025-04-23 15:59:15 WARN propagateChange not implemented, use propagateChanges (with an s).
2025-04-23 15:59:15 WARN propagateChange not implemented, use propagateChanges (with an s).
2025-04-23 15:59:15 WARN propagateChange not implemented, use propagateChanges (with an s).
2025-04-23 15:59:15 WARN propagateChange not implemented, use propagateChanges (with an s).
2025-04-23 15:59:15 WARN propagateChange not implemented, use propagateChanges (with an s).
2025-04-23 15:59:15 WARN propagateChange not implemented, use propagateChanges (with an s).
2025-04-23 15:59:15 DEBUG End recording virtual model
2025-04-23 15:59:15 DEBUG Propagated <input change> in [[http://www.emftext.org/java]] -> {}
2025-04-23 15:59:15 DEBUG Saving all models of model repository for VSUM @target\Java2UmlEvaluationGoal1\testOrdinaryConstructorParameter
2025-04-23 15:59:15 DEBUG Save resource: org.eclipse.emf.ecore.xmi.impl.XMIResourceImpl@7ec63b9a uri='target\Java2UmlEvaluationGoal1\testOrdinaryConstructorParameter\uml_instance.model'
2025-04-23 15:59:15 DEBUG Finished synchronizing change: TransactionalChangeImpl: [
	create Uuid(ord__JGC5ACBLEfCt_d1Q4dqckw)
	insert Uuid(ord__JGC5ACBLEfCt_d1Q4dqckw) at target\Java2UmlEvaluationGoal1\testOrdinaryConstructorParameter\java_instance.model (index 0)
	Uuid(ord__JGC5ACBLEfCt_d1Q4dqckw).name = peketsch (was )
	create Uuid(ord__JGC5ASBLEfCt_d1Q4dqckw)
	Uuid(ord__JGC5ACBLEfCt_d1Q4dqckw).compilationUnits += Uuid(ord__JGC5ASBLEfCt_d1Q4dqckw) (index 0)
	create Uuid(ord__JGC5AiBLEfCt_d1Q4dqckw)
	Uuid(ord__JGC5ASBLEfCt_d1Q4dqckw).classifiers += Uuid(ord__JGC5AiBLEfCt_d1Q4dqckw) (index 0)
	Uuid(ord__JGC5AiBLEfCt_d1Q4dqckw).name = kless (was )
	create Uuid(ord__JGC5AyBLEfCt_d1Q4dqckw)
	Uuid(ord__JGC5AiBLEfCt_d1Q4dqckw).members += Uuid(ord__JGC5AyBLEfCt_d1Q4dqckw) (index 0)
	Uuid(ord__JGC5AyBLEfCt_d1Q4dqckw).name = constructer (was )
	create Uuid(ord__JGC5BCBLEfCt_d1Q4dqckw)
	Uuid(ord__JGC5AyBLEfCt_d1Q4dqckw).parameters += Uuid(ord__JGC5BCBLEfCt_d1Q4dqckw) (index 0)
	Uuid(ord__JGC5BCBLEfCt_d1Q4dqckw).name = parrametr (was )
]

2025-04-23 15:59:15 INFO Finished change propagation
]]></system-out>
  </testcase>
  <testcase name="testEnumConstantRenamed" classname="tools.vitruv.methodologisttemplate.vsum.Java2UmlEvaluationGoal1Test" time="0.669">
    <system-out><![CDATA[2025-04-23 15:59:15 INFO eclipse-ibex-workspace: C:\Users\XPS-15\IdeaProjects\Vitruv-TGG-Integration-Test\vsum\..\eclipse-ibex-workspace\Java2Uml
2025-04-23 15:59:15 INFO setupCorrAndProtocol: Wiping corr.xmi and protocol.xmi
2025-04-23 15:59:15 INFO setupCorrAndProtocol: Wiping corr.xmi and protocol.xmi
2025-04-23 15:59:15 INFO Starting change propagation
2025-04-23 15:59:15 DEBUG Started synchronizing change: TransactionalChangeImpl: [
	create Uuid(ord__JIyrACBLEfCt_d1Q4dqckw)
	insert Uuid(ord__JIyrACBLEfCt_d1Q4dqckw) at target\Java2UmlEvaluationGoal1\testEnumConstantRenamed\java_instance.model (index 0)
	Uuid(ord__JIyrACBLEfCt_d1Q4dqckw).name = peketsch (was )
	create Uuid(ord__JIyrASBLEfCt_d1Q4dqckw)
	Uuid(ord__JIyrACBLEfCt_d1Q4dqckw).compilationUnits += Uuid(ord__JIyrASBLEfCt_d1Q4dqckw) (index 0)
	create Uuid(ord__JIyrAiBLEfCt_d1Q4dqckw)
	Uuid(ord__JIyrASBLEfCt_d1Q4dqckw).classifiers += Uuid(ord__JIyrAiBLEfCt_d1Q4dqckw) (index 0)
	Uuid(ord__JIyrAiBLEfCt_d1Q4dqckw).name = ehnumm (was )
	create Uuid(ord__JIyrAyBLEfCt_d1Q4dqckw)
	Uuid(ord__JIyrAiBLEfCt_d1Q4dqckw).constants += Uuid(ord__JIyrAyBLEfCt_d1Q4dqckw) (index 0)
	Uuid(ord__JIyrAyBLEfCt_d1Q4dqckw).name = ehnummKonschtant (was )
]

2025-04-23 15:59:15 DEBUG Create model instance for resource with URI: target\Java2UmlEvaluationGoal1\testEnumConstantRenamed\java_instance.model
2025-04-23 15:59:15 DEBUG Start recording virtual model
2025-04-23 15:59:15 INFO ------- Calling ibex -------
2025-04-23 15:59:15 INFO Source Model has no respective target model yet. Creating one.
2025-04-23 15:59:15 DEBUG Create model instance for resource with URI: target\Java2UmlEvaluationGoal1\testEnumConstantRenamed\uml_instance.model
2025-04-23 15:59:15 INFO Resource not found. Not loading. Path=C:\Users\XPS-15\IdeaProjects\Vitruv-TGG-Integration-Test\vsum\..\eclipse-ibex-workspace/Java2Uml/instances/corr.xmi
2025-04-23 15:59:15 INFO Resource not found. Not loading. Path=C:\Users\XPS-15\IdeaProjects\Vitruv-TGG-Integration-Test\vsum\..\eclipse-ibex-workspace/Java2Uml/instances/protocol.xmi
2025-04-23 15:59:15 WARN CORRUPT RULE: InterfacePublicToPublichas nodes and/ or edges whose type is an unresolved proxy!
2025-04-23 15:59:15 WARN   - modifier, org.eclipse.emf.ecore.impl.EClassImpl@17eb35fa (eProxyURI: platform:/plugin/org.emftext.language.java/metamodel/java.ecore#_Wo2Ytdz1Ed2bJ_pQViWxFg)
2025-04-23 15:59:15 WARN CORRUPT RULE: MethodEnumReturnTypeToReturnTypehas nodes and/ or edges whose type is an unresolved proxy!
2025-04-23 15:59:15 WARN   - javaMethod__typeReference__typeReference_eMoflonEdge, org.eclipse.emf.ecore.impl.EReferenceImpl@1082883b (eProxyURI: platform:/plugin/org.emftext.language.java/metamodel/java.ecore#_Wo2ZQdz1Ed2bJ_pQViWxFg)
2025-04-23 15:59:15 WARN CORRUPT RULE: MethodInterfaceParamTypeToParamTypehas nodes and/ or edges whose type is an unresolved proxy!
2025-04-23 15:59:15 WARN   - parameter__typeReference__typeReference_eMoflonEdge, org.eclipse.emf.ecore.impl.EReferenceImpl@35266985 (eProxyURI: platform:/plugin/org.emftext.language.java/metamodel/java.ecore#_Wo2ZQdz1Ed2bJ_pQViWxFg)
2025-04-23 15:59:15 WARN CORRUPT RULE: ClassPublicToPublichas nodes and/ or edges whose type is an unresolved proxy!
2025-04-23 15:59:15 WARN   - modifier, org.eclipse.emf.ecore.impl.EClassImpl@64b7066e (eProxyURI: platform:/plugin/org.emftext.language.java/metamodel/java.ecore#_Wo2Ytdz1Ed2bJ_pQViWxFg)
2025-04-23 15:59:15 WARN CORRUPT RULE: ClassAttributeTypeToPropertyTypehas nodes and/ or edges whose type is an unresolved proxy!
2025-04-23 15:59:15 WARN   - field__typeReference__typeReference_eMoflonEdge, org.eclipse.emf.ecore.impl.EReferenceImpl@7f5582db (eProxyURI: platform:/plugin/org.emftext.language.java/metamodel/java.ecore#_Wo2ZQdz1Ed2bJ_pQViWxFg)
2025-04-23 15:59:15 WARN CORRUPT RULE: MethodInterfaceReturnTypeToReturnTypehas nodes and/ or edges whose type is an unresolved proxy!
2025-04-23 15:59:15 WARN   - javaMethod__typeReference__typeReference_eMoflonEdge, org.eclipse.emf.ecore.impl.EReferenceImpl@47511582 (eProxyURI: platform:/plugin/org.emftext.language.java/metamodel/java.ecore#_Wo2ZQdz1Ed2bJ_pQViWxFg)
2025-04-23 15:59:15 WARN CORRUPT RULE: ConstructorInterfaceParamTypeToParamTypehas nodes and/ or edges whose type is an unresolved proxy!
2025-04-23 15:59:15 WARN   - parameter__typeReference__typeReference_eMoflonEdge, org.eclipse.emf.ecore.impl.EReferenceImpl@20fdf45a (eProxyURI: platform:/plugin/org.emftext.language.java/metamodel/java.ecore#_Wo2ZQdz1Ed2bJ_pQViWxFg)
2025-04-23 15:59:15 WARN CORRUPT RULE: InterfaceFinalToFinalhas nodes and/ or edges whose type is an unresolved proxy!
2025-04-23 15:59:15 WARN   - modifier, org.eclipse.emf.ecore.impl.EClassImpl@3bb59485 (eProxyURI: platform:/plugin/org.emftext.language.java/metamodel/java.ecore#_Wo2Yvdz1Ed2bJ_pQViWxFg)
2025-04-23 15:59:15 WARN CORRUPT RULE: MethodAbstractToAbstracthas nodes and/ or edges whose type is an unresolved proxy!
2025-04-23 15:59:15 WARN   - modifier, org.eclipse.emf.ecore.impl.EClassImpl@68c9cf93 (eProxyURI: platform:/plugin/org.emftext.language.java/metamodel/java.ecore#_Wo2Yt9z1Ed2bJ_pQViWxFg)
2025-04-23 15:59:15 WARN CORRUPT RULE: MethodStaticToStatichas nodes and/ or edges whose type is an unresolved proxy!
2025-04-23 15:59:15 WARN   - modifier, org.eclipse.emf.ecore.impl.EClassImpl@30130a31 (eProxyURI: platform:/plugin/org.emftext.language.java/metamodel/java.ecore#_Wo2Yv9z1Ed2bJ_pQViWxFg)
2025-04-23 15:59:15 WARN CORRUPT RULE: MethodEnumParamTypeToParamTypehas nodes and/ or edges whose type is an unresolved proxy!
2025-04-23 15:59:15 WARN   - parameter__typeReference__typeReference_eMoflonEdge, org.eclipse.emf.ecore.impl.EReferenceImpl@7cb32ca5 (eProxyURI: platform:/plugin/org.emftext.language.java/metamodel/java.ecore#_Wo2ZQdz1Ed2bJ_pQViWxFg)
2025-04-23 15:59:15 WARN CORRUPT RULE: MethodClassParamTypeToParamTypehas nodes and/ or edges whose type is an unresolved proxy!
2025-04-23 15:59:15 WARN   - parameter__typeReference__typeReference_eMoflonEdge, org.eclipse.emf.ecore.impl.EReferenceImpl@5e59844f (eProxyURI: platform:/plugin/org.emftext.language.java/metamodel/java.ecore#_Wo2ZQdz1Ed2bJ_pQViWxFg)
2025-04-23 15:59:15 WARN CORRUPT RULE: ClassProtectedToProtectedhas nodes and/ or edges whose type is an unresolved proxy!
2025-04-23 15:59:15 WARN   - modifier, org.eclipse.emf.ecore.impl.EClassImpl@67bf393c (eProxyURI: platform:/plugin/org.emftext.language.java/metamodel/java.ecore#_Wo2Yudz1Ed2bJ_pQViWxFg)
2025-04-23 15:59:15 WARN CORRUPT RULE: EnumPrivateToPrivatehas nodes and/ or edges whose type is an unresolved proxy!
2025-04-23 15:59:15 WARN   - modifier, org.eclipse.emf.ecore.impl.EClassImpl@19d85bbe (eProxyURI: platform:/plugin/org.emftext.language.java/metamodel/java.ecore#_Wo2Yu9z1Ed2bJ_pQViWxFg)
2025-04-23 15:59:15 WARN CORRUPT RULE: EnumAbstractToAbstracthas nodes and/ or edges whose type is an unresolved proxy!
2025-04-23 15:59:15 WARN   - modifier, org.eclipse.emf.ecore.impl.EClassImpl@628721ba (eProxyURI: platform:/plugin/org.emftext.language.java/metamodel/java.ecore#_Wo2Yt9z1Ed2bJ_pQViWxFg)
2025-04-23 15:59:15 WARN CORRUPT RULE: InterfaceProtectedToProtectedhas nodes and/ or edges whose type is an unresolved proxy!
2025-04-23 15:59:15 WARN   - modifier, org.eclipse.emf.ecore.impl.EClassImpl@3c0640fa (eProxyURI: platform:/plugin/org.emftext.language.java/metamodel/java.ecore#_Wo2Yudz1Ed2bJ_pQViWxFg)
2025-04-23 15:59:15 WARN CORRUPT RULE: EnumPublicToPublichas nodes and/ or edges whose type is an unresolved proxy!
2025-04-23 15:59:15 WARN   - modifier, org.eclipse.emf.ecore.impl.EClassImpl@67b6cb6e (eProxyURI: platform:/plugin/org.emftext.language.java/metamodel/java.ecore#_Wo2Ytdz1Ed2bJ_pQViWxFg)
2025-04-23 15:59:15 WARN CORRUPT RULE: ClassFinalToFinalhas nodes and/ or edges whose type is an unresolved proxy!
2025-04-23 15:59:15 WARN   - modifier, org.eclipse.emf.ecore.impl.EClassImpl@4951c45f (eProxyURI: platform:/plugin/org.emftext.language.java/metamodel/java.ecore#_Wo2Yvdz1Ed2bJ_pQViWxFg)
2025-04-23 15:59:15 WARN CORRUPT RULE: EnumFinalToFinalhas nodes and/ or edges whose type is an unresolved proxy!
2025-04-23 15:59:15 WARN   - modifier, org.eclipse.emf.ecore.impl.EClassImpl@19b6b7e7 (eProxyURI: platform:/plugin/org.emftext.language.java/metamodel/java.ecore#_Wo2Yvdz1Ed2bJ_pQViWxFg)
2025-04-23 15:59:15 WARN CORRUPT RULE: FieldStaticToStatichas nodes and/ or edges whose type is an unresolved proxy!
2025-04-23 15:59:15 WARN   - modifier, org.eclipse.emf.ecore.impl.EClassImpl@6b8773c7 (eProxyURI: platform:/plugin/org.emftext.language.java/metamodel/java.ecore#_Wo2Yv9z1Ed2bJ_pQViWxFg)
2025-04-23 15:59:15 WARN CORRUPT RULE: InterfaceAttributeTypeToPropertyTypehas nodes and/ or edges whose type is an unresolved proxy!
2025-04-23 15:59:15 WARN   - field__typeReference__typeReference_eMoflonEdge, org.eclipse.emf.ecore.impl.EReferenceImpl@5876cd86 (eProxyURI: platform:/plugin/org.emftext.language.java/metamodel/java.ecore#_Wo2ZQdz1Ed2bJ_pQViWxFg)
2025-04-23 15:59:15 WARN CORRUPT RULE: ClassPrivateToPrivatehas nodes and/ or edges whose type is an unresolved proxy!
2025-04-23 15:59:15 WARN   - modifier, org.eclipse.emf.ecore.impl.EClassImpl@3d70dab8 (eProxyURI: platform:/plugin/org.emftext.language.java/metamodel/java.ecore#_Wo2Yu9z1Ed2bJ_pQViWxFg)
2025-04-23 15:59:15 WARN CORRUPT RULE: InterfaceAbstractToAbstracthas nodes and/ or edges whose type is an unresolved proxy!
2025-04-23 15:59:15 WARN   - modifier, org.eclipse.emf.ecore.impl.EClassImpl@3d123d10 (eProxyURI: platform:/plugin/org.emftext.language.java/metamodel/java.ecore#_Wo2Yt9z1Ed2bJ_pQViWxFg)
2025-04-23 15:59:15 WARN CORRUPT RULE: FieldFinalToFinalhas nodes and/ or edges whose type is an unresolved proxy!
2025-04-23 15:59:15 WARN   - modifier, org.eclipse.emf.ecore.impl.EClassImpl@27b89e0a (eProxyURI: platform:/plugin/org.emftext.language.java/metamodel/java.ecore#_Wo2Yvdz1Ed2bJ_pQViWxFg)
2025-04-23 15:59:15 WARN CORRUPT RULE: MethodFinalToFinalhas nodes and/ or edges whose type is an unresolved proxy!
2025-04-23 15:59:15 WARN   - modifier, org.eclipse.emf.ecore.impl.EClassImpl@6eed5b68 (eProxyURI: platform:/plugin/org.emftext.language.java/metamodel/java.ecore#_Wo2Yvdz1Ed2bJ_pQViWxFg)
2025-04-23 15:59:15 WARN CORRUPT RULE: MethodClassReturnTypeToReturnTypehas nodes and/ or edges whose type is an unresolved proxy!
2025-04-23 15:59:15 WARN   - javaMethod__typeReference__typeReference_eMoflonEdge, org.eclipse.emf.ecore.impl.EReferenceImpl@20dc2df1 (eProxyURI: platform:/plugin/org.emftext.language.java/metamodel/java.ecore#_Wo2ZQdz1Ed2bJ_pQViWxFg)
2025-04-23 15:59:15 WARN CORRUPT RULE: EnumProtectedToProtectedhas nodes and/ or edges whose type is an unresolved proxy!
2025-04-23 15:59:15 WARN   - modifier, org.eclipse.emf.ecore.impl.EClassImpl@3e6b08d4 (eProxyURI: platform:/plugin/org.emftext.language.java/metamodel/java.ecore#_Wo2Yudz1Ed2bJ_pQViWxFg)
2025-04-23 15:59:15 WARN CORRUPT RULE: ConstructorClassParamTypeToParamTypehas nodes and/ or edges whose type is an unresolved proxy!
2025-04-23 15:59:15 WARN   - parameter__typeReference__typeReference_eMoflonEdge, org.eclipse.emf.ecore.impl.EReferenceImpl@18a9762 (eProxyURI: platform:/plugin/org.emftext.language.java/metamodel/java.ecore#_Wo2ZQdz1Ed2bJ_pQViWxFg)
2025-04-23 15:59:15 WARN CORRUPT RULE: ConstructorEnumParamTypeToParamTypehas nodes and/ or edges whose type is an unresolved proxy!
2025-04-23 15:59:15 WARN   - parameter__typeReference__typeReference_eMoflonEdge, org.eclipse.emf.ecore.impl.EReferenceImpl@147c00c7 (eProxyURI: platform:/plugin/org.emftext.language.java/metamodel/java.ecore#_Wo2ZQdz1Ed2bJ_pQViWxFg)
2025-04-23 15:59:15 WARN CORRUPT RULE: InterfacePrivateToPrivatehas nodes and/ or edges whose type is an unresolved proxy!
2025-04-23 15:59:15 WARN   - modifier, org.eclipse.emf.ecore.impl.EClassImpl@45add64c (eProxyURI: platform:/plugin/org.emftext.language.java/metamodel/java.ecore#_Wo2Yu9z1Ed2bJ_pQViWxFg)
2025-04-23 15:59:15 WARN CORRUPT RULE: ClassAbstractToAbstracthas nodes and/ or edges whose type is an unresolved proxy!
2025-04-23 15:59:15 WARN   - modifier, org.eclipse.emf.ecore.impl.EClassImpl@7f8586f9 (eProxyURI: platform:/plugin/org.emftext.language.java/metamodel/java.ecore#_Wo2Yt9z1Ed2bJ_pQViWxFg)
2025-04-23 15:59:15 WARN CORRUPT RULE: EnumAttributeTypeToPropertyTypehas nodes and/ or edges whose type is an unresolved proxy!
2025-04-23 15:59:15 WARN   - field__typeReference__typeReference_eMoflonEdge, org.eclipse.emf.ecore.impl.EReferenceImpl@fb69ab1 (eProxyURI: platform:/plugin/org.emftext.language.java/metamodel/java.ecore#_Wo2ZQdz1Ed2bJ_pQViWxFg)
2025-04-23 15:59:15 INFO Pattern Conversion took 9.4768 ms
2025-04-23 15:59:15 INFO Starting SYNC
2025-04-23 15:59:15 WARN   LOADED MARKERS : 
    - 
2025-04-23 15:59:15 WARN No rule defined to cover the following change's type: [InsertEAttributeValue] AE=Package:7f9ebcfe, name=peketsch
2025-04-23 15:59:15 WARN No rule defined to cover the following change's type: [InsertEAttributeValue] AE=Enumeration:165634aa, name=ehnumm
2025-04-23 15:59:15 WARN No rule defined to cover the following change's type: [InsertEAttributeValue] AE=EnumConstant:1c2503d2, name=ehnummKonschtant
2025-04-23 15:59:15 INFO Pattern Matching took 2.4091 ms
2025-04-23 15:59:15 INFO Created elements: 14
2025-04-23 15:59:15 INFO Deleted elements: 0
2025-04-23 15:59:15 INFO Completed SYNC in: 27 ms
2025-04-23 15:59:15 DEBUG BENCHMARKLOGGER logs: 
2025-04-23 15:59:15 DEBUG BenchmarkLogger
[
  Total elements created .. 14
  Total elements deleted .. 0
  Total matches found ..... 6
  Total matches repaired .. 0
  Total matches revoked ... 0
  Total matches applied ... 4
]
2025-04-23 15:59:15 INFO VitruviusBackwardConversionTGGEngine::terminate called. We do not use this.
2025-04-23 15:59:15 DEBUG Add root to resource: org.eclipse.emf.ecore.xmi.impl.XMIResourceImpl@33ccc8cd uri='target\Java2UmlEvaluationGoal1\testEnumConstantRenamed\uml_instance.model'
2025-04-23 15:59:15 INFO -- Added the following corrs: 
2025-04-23 15:59:15 INFO   - [CorrespondenceNode JavaEnumConstantToUmlEnumLiteral] SRC=EnumConstant:1c2503d2, name=ehnummKonschtant, TRG=EnumerationLiteral:5713e261, name=ehnummKonschtant
2025-04-23 15:59:15 INFO   - [CorrespondenceNode JavaCompilationUnitToUmlModel] SRC=CompilationUnit:712adc04, name=null, TRG=Model:3a35a792, name=UML_MODEL
2025-04-23 15:59:15 INFO   - [CorrespondenceNode JavaPackageToUmlPackage] SRC=Package:7f9ebcfe, name=peketsch, TRG=Package:2cb09f00, name=peketsch
2025-04-23 15:59:15 INFO   - [CorrespondenceNode JavaClassifierToUmlClassifier] SRC=Enumeration:165634aa, name=ehnumm, TRG=Enumeration:3c5095df, name=ehnumm
2025-04-23 15:59:15 DEBUG End recording virtual model
2025-04-23 15:59:15 DEBUG Propagated <input change> in [[http://www.emftext.org/java]] -> {[[http://www.eclipse.org/uml2/5.0.0/UML]]}
2025-04-23 15:59:15 DEBUG Propagated <input change> in [[http://www.emftext.org/java]] -> [[http://www.eclipse.org/uml2/5.0.0/UML]] -> {}
2025-04-23 15:59:15 DEBUG Propagated <input change> in [[http://www.emftext.org/java]] -> [[http://www.eclipse.org/uml2/5.0.0/UML]] -> {}
2025-04-23 15:59:15 DEBUG Start recording virtual model
2025-04-23 15:59:15 WARN propagateChange not implemented, use propagateChanges (with an s).
2025-04-23 15:59:15 WARN propagateChange not implemented, use propagateChanges (with an s).
2025-04-23 15:59:15 WARN propagateChange not implemented, use propagateChanges (with an s).
2025-04-23 15:59:15 WARN propagateChange not implemented, use propagateChanges (with an s).
2025-04-23 15:59:15 WARN propagateChange not implemented, use propagateChanges (with an s).
2025-04-23 15:59:15 WARN propagateChange not implemented, use propagateChanges (with an s).
2025-04-23 15:59:15 WARN propagateChange not implemented, use propagateChanges (with an s).
2025-04-23 15:59:15 WARN propagateChange not implemented, use propagateChanges (with an s).
2025-04-23 15:59:15 WARN propagateChange not implemented, use propagateChanges (with an s).
2025-04-23 15:59:15 WARN propagateChange not implemented, use propagateChanges (with an s).
2025-04-23 15:59:15 WARN propagateChange not implemented, use propagateChanges (with an s).
2025-04-23 15:59:15 DEBUG End recording virtual model
2025-04-23 15:59:15 DEBUG Propagated <input change> in [[http://www.emftext.org/java]] -> {}
2025-04-23 15:59:15 DEBUG Saving all models of model repository for VSUM @target\Java2UmlEvaluationGoal1\testEnumConstantRenamed
2025-04-23 15:59:15 DEBUG Save resource: org.eclipse.emf.ecore.xmi.impl.XMIResourceImpl@33ccc8cd uri='target\Java2UmlEvaluationGoal1\testEnumConstantRenamed\uml_instance.model'
2025-04-23 15:59:15 DEBUG Finished synchronizing change: TransactionalChangeImpl: [
	create Uuid(ord__JIyrACBLEfCt_d1Q4dqckw)
	insert Uuid(ord__JIyrACBLEfCt_d1Q4dqckw) at target\Java2UmlEvaluationGoal1\testEnumConstantRenamed\java_instance.model (index 0)
	Uuid(ord__JIyrACBLEfCt_d1Q4dqckw).name = peketsch (was )
	create Uuid(ord__JIyrASBLEfCt_d1Q4dqckw)
	Uuid(ord__JIyrACBLEfCt_d1Q4dqckw).compilationUnits += Uuid(ord__JIyrASBLEfCt_d1Q4dqckw) (index 0)
	create Uuid(ord__JIyrAiBLEfCt_d1Q4dqckw)
	Uuid(ord__JIyrASBLEfCt_d1Q4dqckw).classifiers += Uuid(ord__JIyrAiBLEfCt_d1Q4dqckw) (index 0)
	Uuid(ord__JIyrAiBLEfCt_d1Q4dqckw).name = ehnumm (was )
	create Uuid(ord__JIyrAyBLEfCt_d1Q4dqckw)
	Uuid(ord__JIyrAiBLEfCt_d1Q4dqckw).constants += Uuid(ord__JIyrAyBLEfCt_d1Q4dqckw) (index 0)
	Uuid(ord__JIyrAyBLEfCt_d1Q4dqckw).name = ehnummKonschtant (was )
]

2025-04-23 15:59:15 INFO Finished change propagation
assertChildMatches for StrucFeatExpectation [StrucFeatExpectation] packagedElement
assertChildMatches for StrucFeatExpectation [StrucFeatExpectation] ownedLiteral
2025-04-23 15:59:15 INFO Starting change propagation
2025-04-23 15:59:15 DEBUG Started synchronizing change: TransactionalChangeImpl: [
	Uuid(ord__JIyrAyBLEfCt_d1Q4dqckw).name = aCompletelyDifferentName (was ehnummKonschtant)
]

2025-04-23 15:59:15 DEBUG Start recording virtual model
2025-04-23 15:59:15 INFO ------- Calling ibex -------
2025-04-23 15:59:16 INFO Resource found. Now trying to load resource platform:/resource/Java2Uml/instances/corr.xmi which is located at C:\Users\XPS-15\IdeaProjects\Vitruv-TGG-Integration-Test\vsum\..\eclipse-ibex-workspace/Java2Uml/instances/corr.xmi
2025-04-23 15:59:16 INFO Resource found. Now trying to load resource platform:/resource/Java2Uml/instances/protocol.xmi which is located at C:\Users\XPS-15\IdeaProjects\Vitruv-TGG-Integration-Test\vsum\..\eclipse-ibex-workspace/Java2Uml/instances/protocol.xmi
2025-04-23 15:59:16 WARN CORRUPT RULE: EnumFinalToFinalhas nodes and/ or edges whose type is an unresolved proxy!
2025-04-23 15:59:16 WARN   - modifier, org.eclipse.emf.ecore.impl.EClassImpl@2e8488f4 (eProxyURI: platform:/plugin/org.emftext.language.java/metamodel/java.ecore#_Wo2Yvdz1Ed2bJ_pQViWxFg)
2025-04-23 15:59:16 WARN CORRUPT RULE: FieldStaticToStatichas nodes and/ or edges whose type is an unresolved proxy!
2025-04-23 15:59:16 WARN   - modifier, org.eclipse.emf.ecore.impl.EClassImpl@54a332e4 (eProxyURI: platform:/plugin/org.emftext.language.java/metamodel/java.ecore#_Wo2Yv9z1Ed2bJ_pQViWxFg)
2025-04-23 15:59:16 WARN CORRUPT RULE: ConstructorEnumParamTypeToParamTypehas nodes and/ or edges whose type is an unresolved proxy!
2025-04-23 15:59:16 WARN   - parameter__typeReference__typeReference_eMoflonEdge, org.eclipse.emf.ecore.impl.EReferenceImpl@1476e447 (eProxyURI: platform:/plugin/org.emftext.language.java/metamodel/java.ecore#_Wo2ZQdz1Ed2bJ_pQViWxFg)
2025-04-23 15:59:16 WARN CORRUPT RULE: EnumPublicToPublichas nodes and/ or edges whose type is an unresolved proxy!
2025-04-23 15:59:16 WARN   - modifier, org.eclipse.emf.ecore.impl.EClassImpl@666033b1 (eProxyURI: platform:/plugin/org.emftext.language.java/metamodel/java.ecore#_Wo2Ytdz1Ed2bJ_pQViWxFg)
2025-04-23 15:59:16 WARN CORRUPT RULE: MethodEnumParamTypeToParamTypehas nodes and/ or edges whose type is an unresolved proxy!
2025-04-23 15:59:16 WARN   - parameter__typeReference__typeReference_eMoflonEdge, org.eclipse.emf.ecore.impl.EReferenceImpl@23ac164d (eProxyURI: platform:/plugin/org.emftext.language.java/metamodel/java.ecore#_Wo2ZQdz1Ed2bJ_pQViWxFg)
2025-04-23 15:59:16 WARN CORRUPT RULE: MethodStaticToStatichas nodes and/ or edges whose type is an unresolved proxy!
2025-04-23 15:59:16 WARN   - modifier, org.eclipse.emf.ecore.impl.EClassImpl@274de4bc (eProxyURI: platform:/plugin/org.emftext.language.java/metamodel/java.ecore#_Wo2Yv9z1Ed2bJ_pQViWxFg)
2025-04-23 15:59:16 WARN CORRUPT RULE: ClassPrivateToPrivatehas nodes and/ or edges whose type is an unresolved proxy!
2025-04-23 15:59:16 WARN   - modifier, org.eclipse.emf.ecore.impl.EClassImpl@38e1442a (eProxyURI: platform:/plugin/org.emftext.language.java/metamodel/java.ecore#_Wo2Yu9z1Ed2bJ_pQViWxFg)
2025-04-23 15:59:16 WARN CORRUPT RULE: ConstructorInterfaceParamTypeToParamTypehas nodes and/ or edges whose type is an unresolved proxy!
2025-04-23 15:59:16 WARN   - parameter__typeReference__typeReference_eMoflonEdge, org.eclipse.emf.ecore.impl.EReferenceImpl@d3effcb (eProxyURI: platform:/plugin/org.emftext.language.java/metamodel/java.ecore#_Wo2ZQdz1Ed2bJ_pQViWxFg)
2025-04-23 15:59:16 WARN CORRUPT RULE: ClassPublicToPublichas nodes and/ or edges whose type is an unresolved proxy!
2025-04-23 15:59:16 WARN   - modifier, org.eclipse.emf.ecore.impl.EClassImpl@2531049f (eProxyURI: platform:/plugin/org.emftext.language.java/metamodel/java.ecore#_Wo2Ytdz1Ed2bJ_pQViWxFg)
2025-04-23 15:59:16 WARN CORRUPT RULE: MethodClassParamTypeToParamTypehas nodes and/ or edges whose type is an unresolved proxy!
2025-04-23 15:59:16 WARN   - parameter__typeReference__typeReference_eMoflonEdge, org.eclipse.emf.ecore.impl.EReferenceImpl@6efa2e06 (eProxyURI: platform:/plugin/org.emftext.language.java/metamodel/java.ecore#_Wo2ZQdz1Ed2bJ_pQViWxFg)
2025-04-23 15:59:16 WARN CORRUPT RULE: MethodInterfaceReturnTypeToReturnTypehas nodes and/ or edges whose type is an unresolved proxy!
2025-04-23 15:59:16 WARN   - javaMethod__typeReference__typeReference_eMoflonEdge, org.eclipse.emf.ecore.impl.EReferenceImpl@4a9a0d9d (eProxyURI: platform:/plugin/org.emftext.language.java/metamodel/java.ecore#_Wo2ZQdz1Ed2bJ_pQViWxFg)
2025-04-23 15:59:16 WARN CORRUPT RULE: ClassAttributeTypeToPropertyTypehas nodes and/ or edges whose type is an unresolved proxy!
2025-04-23 15:59:16 WARN   - field__typeReference__typeReference_eMoflonEdge, org.eclipse.emf.ecore.impl.EReferenceImpl@63a6dffd (eProxyURI: platform:/plugin/org.emftext.language.java/metamodel/java.ecore#_Wo2ZQdz1Ed2bJ_pQViWxFg)
2025-04-23 15:59:16 WARN CORRUPT RULE: EnumAttributeTypeToPropertyTypehas nodes and/ or edges whose type is an unresolved proxy!
2025-04-23 15:59:16 WARN   - field__typeReference__typeReference_eMoflonEdge, org.eclipse.emf.ecore.impl.EReferenceImpl@9d818b5 (eProxyURI: platform:/plugin/org.emftext.language.java/metamodel/java.ecore#_Wo2ZQdz1Ed2bJ_pQViWxFg)
2025-04-23 15:59:16 WARN CORRUPT RULE: InterfaceProtectedToProtectedhas nodes and/ or edges whose type is an unresolved proxy!
2025-04-23 15:59:16 WARN   - modifier, org.eclipse.emf.ecore.impl.EClassImpl@1a02063a (eProxyURI: platform:/plugin/org.emftext.language.java/metamodel/java.ecore#_Wo2Yudz1Ed2bJ_pQViWxFg)
2025-04-23 15:59:16 WARN CORRUPT RULE: InterfacePublicToPublichas nodes and/ or edges whose type is an unresolved proxy!
2025-04-23 15:59:16 WARN   - modifier, org.eclipse.emf.ecore.impl.EClassImpl@601c953c (eProxyURI: platform:/plugin/org.emftext.language.java/metamodel/java.ecore#_Wo2Ytdz1Ed2bJ_pQViWxFg)
2025-04-23 15:59:16 WARN CORRUPT RULE: MethodAbstractToAbstracthas nodes and/ or edges whose type is an unresolved proxy!
2025-04-23 15:59:16 WARN   - modifier, org.eclipse.emf.ecore.impl.EClassImpl@561f982f (eProxyURI: platform:/plugin/org.emftext.language.java/metamodel/java.ecore#_Wo2Yt9z1Ed2bJ_pQViWxFg)
2025-04-23 15:59:16 WARN CORRUPT RULE: MethodEnumReturnTypeToReturnTypehas nodes and/ or edges whose type is an unresolved proxy!
2025-04-23 15:59:16 WARN   - javaMethod__typeReference__typeReference_eMoflonEdge, org.eclipse.emf.ecore.impl.EReferenceImpl@3ae648d2 (eProxyURI: platform:/plugin/org.emftext.language.java/metamodel/java.ecore#_Wo2ZQdz1Ed2bJ_pQViWxFg)
2025-04-23 15:59:16 WARN CORRUPT RULE: InterfacePrivateToPrivatehas nodes and/ or edges whose type is an unresolved proxy!
2025-04-23 15:59:16 WARN   - modifier, org.eclipse.emf.ecore.impl.EClassImpl@7f69a16b (eProxyURI: platform:/plugin/org.emftext.language.java/metamodel/java.ecore#_Wo2Yu9z1Ed2bJ_pQViWxFg)
2025-04-23 15:59:16 WARN CORRUPT RULE: ClassProtectedToProtectedhas nodes and/ or edges whose type is an unresolved proxy!
2025-04-23 15:59:16 WARN   - modifier, org.eclipse.emf.ecore.impl.EClassImpl@75ee63f2 (eProxyURI: platform:/plugin/org.emftext.language.java/metamodel/java.ecore#_Wo2Yudz1Ed2bJ_pQViWxFg)
2025-04-23 15:59:16 WARN CORRUPT RULE: EnumAbstractToAbstracthas nodes and/ or edges whose type is an unresolved proxy!
2025-04-23 15:59:16 WARN   - modifier, org.eclipse.emf.ecore.impl.EClassImpl@7e32f76b (eProxyURI: platform:/plugin/org.emftext.language.java/metamodel/java.ecore#_Wo2Yt9z1Ed2bJ_pQViWxFg)
2025-04-23 15:59:16 WARN CORRUPT RULE: FieldFinalToFinalhas nodes and/ or edges whose type is an unresolved proxy!
2025-04-23 15:59:16 WARN   - modifier, org.eclipse.emf.ecore.impl.EClassImpl@356c8c1b (eProxyURI: platform:/plugin/org.emftext.language.java/metamodel/java.ecore#_Wo2Yvdz1Ed2bJ_pQViWxFg)
2025-04-23 15:59:16 WARN CORRUPT RULE: MethodInterfaceParamTypeToParamTypehas nodes and/ or edges whose type is an unresolved proxy!
2025-04-23 15:59:16 WARN   - parameter__typeReference__typeReference_eMoflonEdge, org.eclipse.emf.ecore.impl.EReferenceImpl@39aa595 (eProxyURI: platform:/plugin/org.emftext.language.java/metamodel/java.ecore#_Wo2ZQdz1Ed2bJ_pQViWxFg)
2025-04-23 15:59:16 WARN CORRUPT RULE: ConstructorClassParamTypeToParamTypehas nodes and/ or edges whose type is an unresolved proxy!
2025-04-23 15:59:16 WARN   - parameter__typeReference__typeReference_eMoflonEdge, org.eclipse.emf.ecore.impl.EReferenceImpl@3d707885 (eProxyURI: platform:/plugin/org.emftext.language.java/metamodel/java.ecore#_Wo2ZQdz1Ed2bJ_pQViWxFg)
2025-04-23 15:59:16 WARN CORRUPT RULE: ClassAbstractToAbstracthas nodes and/ or edges whose type is an unresolved proxy!
2025-04-23 15:59:16 WARN   - modifier, org.eclipse.emf.ecore.impl.EClassImpl@55a4a0ab (eProxyURI: platform:/plugin/org.emftext.language.java/metamodel/java.ecore#_Wo2Yt9z1Ed2bJ_pQViWxFg)
2025-04-23 15:59:16 WARN CORRUPT RULE: MethodClassReturnTypeToReturnTypehas nodes and/ or edges whose type is an unresolved proxy!
2025-04-23 15:59:16 WARN   - javaMethod__typeReference__typeReference_eMoflonEdge, org.eclipse.emf.ecore.impl.EReferenceImpl@6eec564c (eProxyURI: platform:/plugin/org.emftext.language.java/metamodel/java.ecore#_Wo2ZQdz1Ed2bJ_pQViWxFg)
2025-04-23 15:59:16 WARN CORRUPT RULE: EnumPrivateToPrivatehas nodes and/ or edges whose type is an unresolved proxy!
2025-04-23 15:59:16 WARN   - modifier, org.eclipse.emf.ecore.impl.EClassImpl@3d805670 (eProxyURI: platform:/plugin/org.emftext.language.java/metamodel/java.ecore#_Wo2Yu9z1Ed2bJ_pQViWxFg)
2025-04-23 15:59:16 WARN CORRUPT RULE: InterfaceAttributeTypeToPropertyTypehas nodes and/ or edges whose type is an unresolved proxy!
2025-04-23 15:59:16 WARN   - field__typeReference__typeReference_eMoflonEdge, org.eclipse.emf.ecore.impl.EReferenceImpl@54950027 (eProxyURI: platform:/plugin/org.emftext.language.java/metamodel/java.ecore#_Wo2ZQdz1Ed2bJ_pQViWxFg)
2025-04-23 15:59:16 WARN CORRUPT RULE: ClassFinalToFinalhas nodes and/ or edges whose type is an unresolved proxy!
2025-04-23 15:59:16 WARN   - modifier, org.eclipse.emf.ecore.impl.EClassImpl@2eb95662 (eProxyURI: platform:/plugin/org.emftext.language.java/metamodel/java.ecore#_Wo2Yvdz1Ed2bJ_pQViWxFg)
2025-04-23 15:59:16 WARN CORRUPT RULE: MethodFinalToFinalhas nodes and/ or edges whose type is an unresolved proxy!
2025-04-23 15:59:16 WARN   - modifier, org.eclipse.emf.ecore.impl.EClassImpl@31efe094 (eProxyURI: platform:/plugin/org.emftext.language.java/metamodel/java.ecore#_Wo2Yvdz1Ed2bJ_pQViWxFg)
2025-04-23 15:59:16 WARN CORRUPT RULE: InterfaceAbstractToAbstracthas nodes and/ or edges whose type is an unresolved proxy!
2025-04-23 15:59:16 WARN   - modifier, org.eclipse.emf.ecore.impl.EClassImpl@6987a0f3 (eProxyURI: platform:/plugin/org.emftext.language.java/metamodel/java.ecore#_Wo2Yt9z1Ed2bJ_pQViWxFg)
2025-04-23 15:59:16 WARN CORRUPT RULE: InterfaceFinalToFinalhas nodes and/ or edges whose type is an unresolved proxy!
2025-04-23 15:59:16 WARN   - modifier, org.eclipse.emf.ecore.impl.EClassImpl@50fbb66a (eProxyURI: platform:/plugin/org.emftext.language.java/metamodel/java.ecore#_Wo2Yvdz1Ed2bJ_pQViWxFg)
2025-04-23 15:59:16 WARN CORRUPT RULE: EnumProtectedToProtectedhas nodes and/ or edges whose type is an unresolved proxy!
2025-04-23 15:59:16 WARN   - modifier, org.eclipse.emf.ecore.impl.EClassImpl@466fb9be (eProxyURI: platform:/plugin/org.emftext.language.java/metamodel/java.ecore#_Wo2Yudz1Ed2bJ_pQViWxFg)
2025-04-23 15:59:16 INFO Pattern Conversion took 7.9775 ms
2025-04-23 15:59:16 INFO Starting SYNC
2025-04-23 15:59:16 WARN   LOADED MARKERS : 
    - [VitruviusConsistencyMatch] patternName=EnumToUmlEnum__CONSISTENCY, type=CONSISTENCY, ruleName=EnumToUmlEnum
    - [VitruviusConsistencyMatch] patternName=RootJavaPackageToUmlPackage__CONSISTENCY, type=CONSISTENCY, ruleName=RootJavaPackageToUmlPackage
    - [VitruviusConsistencyMatch] patternName=JavaFirstCompilationUnitToUmlModel__CONSISTENCY, type=CONSISTENCY, ruleName=JavaFirstCompilationUnitToUmlModel
    - [VitruviusConsistencyMatch] patternName=EnumConstantToEnumConstant__CONSISTENCY, type=CONSISTENCY, ruleName=EnumConstantToEnumConstant
2025-04-23 15:59:16 WARN No rule defined to cover the following change's type: [RemoveEAttributeValue] AE=EnumConstant:1c2503d2, name=aCompletelyDifferentName
2025-04-23 15:59:16 WARN No rule defined to cover the following change's type: [InsertEAttributeValue] AE=EnumConstant:1c2503d2, name=aCompletelyDifferentName
2025-04-23 15:59:16 INFO Pattern Matching took 0.4054 ms
2025-04-23 15:59:16 WARN   handle breaking change: [RemoveEAttributeValue] AE=EnumConstant:1c2503d2, name=aCompletelyDifferentName
2025-04-23 15:59:16 WARN 


FOUND MATCHES BROOOOOOKEEEEN BY ATTRIBUTE CHANGES!!!!!!!!!!!!!!!!!!!!!!!!!!!
2025-04-23 15:59:16 WARN [[VitruviusConsistencyMatch] patternName=EnumConstantToEnumConstant__CONSISTENCY, type=CONSISTENCY, ruleName=EnumConstantToEnumConstant]
2025-04-23 15:59:16 WARN   handle breaking change: [RemoveEAttributeValue] AE=EnumConstant:1c2503d2, name=aCompletelyDifferentName
2025-04-23 15:59:16 WARN 


FOUND MATCHES BROOOOOOKEEEEN BY ATTRIBUTE CHANGES!!!!!!!!!!!!!!!!!!!!!!!!!!!
2025-04-23 15:59:16 WARN [[VitruviusConsistencyMatch] patternName=EnumConstantToEnumConstant__CONSISTENCY, type=CONSISTENCY, ruleName=EnumConstantToEnumConstant]
2025-04-23 15:59:16 WARN   handle breaking change: [RemoveEAttributeValue] AE=EnumConstant:1c2503d2, name=aCompletelyDifferentName
2025-04-23 15:59:16 WARN 


FOUND MATCHES BROOOOOOKEEEEN BY ATTRIBUTE CHANGES!!!!!!!!!!!!!!!!!!!!!!!!!!!
2025-04-23 15:59:16 WARN [[VitruviusConsistencyMatch] patternName=EnumConstantToEnumConstant__CONSISTENCY, type=CONSISTENCY, ruleName=EnumConstantToEnumConstant]
2025-04-23 15:59:16 WARN   handle breaking change: [RemoveEAttributeValue] AE=EnumConstant:1c2503d2, name=aCompletelyDifferentName
2025-04-23 15:59:16 WARN 


FOUND MATCHES BROOOOOOKEEEEN BY ATTRIBUTE CHANGES!!!!!!!!!!!!!!!!!!!!!!!!!!!
2025-04-23 15:59:16 WARN [[VitruviusConsistencyMatch] patternName=EnumConstantToEnumConstant__CONSISTENCY, type=CONSISTENCY, ruleName=EnumConstantToEnumConstant]
2025-04-23 15:59:16 WARN   handle breaking change: [RemoveEAttributeValue] AE=EnumConstant:1c2503d2, name=aCompletelyDifferentName
2025-04-23 15:59:16 WARN No rule defined to cover the following change's type: [RemoveEAttributeValue] AE=EnumConstant:1c2503d2, name=aCompletelyDifferentName
2025-04-23 15:59:16 WARN No rule defined to cover the following change's type: [InsertEAttributeValue] AE=EnumConstant:1c2503d2, name=aCompletelyDifferentName
2025-04-23 15:59:16 WARN   handle breaking change: [RemoveEAttributeValue] AE=EnumConstant:1c2503d2, name=aCompletelyDifferentName
2025-04-23 15:59:16 WARN   handle breaking change: [RemoveEAttributeValue] AE=EnumConstant:1c2503d2, name=aCompletelyDifferentName
2025-04-23 15:59:16 WARN 


FOUND MATCHES BROOOOOOKEEEEN BY ATTRIBUTE CHANGES!!!!!!!!!!!!!!!!!!!!!!!!!!!
2025-04-23 15:59:16 WARN [[VitruviusConsistencyMatch] patternName=EnumConstantToEnumConstant__CONSISTENCY, type=CONSISTENCY, ruleName=EnumConstantToEnumConstant]
2025-04-23 15:59:16 INFO Created elements: 1
2025-04-23 15:59:16 INFO Deleted elements: 1
2025-04-23 15:59:16 INFO Completed SYNC in: 25 ms
2025-04-23 15:59:16 DEBUG BENCHMARKLOGGER logs: 
2025-04-23 15:59:16 DEBUG BenchmarkLogger
[
  Total elements created .. 1
  Total elements deleted .. 1
  Total matches found ..... 6
  Total matches repaired .. 0
  Total matches revoked ... 1
  Total matches applied ... 1
]
2025-04-23 15:59:16 INFO VitruviusBackwardConversionTGGEngine::terminate called. We do not use this.
2025-04-23 15:59:16 INFO -- Added the following corrs: 
2025-04-23 15:59:16 INFO   - [CorrespondenceNode JavaEnumConstantToUmlEnumLiteral] SRC=EnumConstant:1c2503d2, name=aCompletelyDifferentName, TRG=EnumerationLiteral:26204f8f, name=aCompletelyDifferentName
2025-04-23 15:59:16 DEBUG End recording virtual model
2025-04-23 15:59:16 DEBUG Propagated <input change> in [[http://www.emftext.org/java]] -> {[[http://www.eclipse.org/uml2/5.0.0/UML]]}
2025-04-23 15:59:16 DEBUG Propagated <input change> in [[http://www.emftext.org/java]] -> [[http://www.eclipse.org/uml2/5.0.0/UML]] -> {}
2025-04-23 15:59:16 DEBUG Propagated <input change> in [[http://www.emftext.org/java]] -> [[http://www.eclipse.org/uml2/5.0.0/UML]] -> {}
2025-04-23 15:59:16 DEBUG Start recording virtual model
2025-04-23 15:59:16 WARN propagateChange not implemented, use propagateChanges (with an s).
2025-04-23 15:59:16 DEBUG End recording virtual model
2025-04-23 15:59:16 DEBUG Propagated <input change> in [[http://www.emftext.org/java]] -> {}
2025-04-23 15:59:16 DEBUG Saving all models of model repository for VSUM @target\Java2UmlEvaluationGoal1\testEnumConstantRenamed
2025-04-23 15:59:16 DEBUG Save resource: org.eclipse.emf.ecore.xmi.impl.XMIResourceImpl@33ccc8cd uri='target\Java2UmlEvaluationGoal1\testEnumConstantRenamed\uml_instance.model'
2025-04-23 15:59:16 DEBUG Finished synchronizing change: TransactionalChangeImpl: [
	Uuid(ord__JIyrAyBLEfCt_d1Q4dqckw).name = aCompletelyDifferentName (was ehnummKonschtant)
]

2025-04-23 15:59:16 INFO Finished change propagation
assertChildMatches for StrucFeatExpectation [StrucFeatExpectation] packagedElement
assertChildMatches for StrucFeatExpectation [StrucFeatExpectation] ownedLiteral
]]></system-out>
  </testcase>
  <testcase name="testClassImplementToClassImplement" classname="tools.vitruv.methodologisttemplate.vsum.Java2UmlEvaluationGoal1Test" time="0.294">
    <system-out><![CDATA[2025-04-23 15:59:16 INFO eclipse-ibex-workspace: C:\Users\XPS-15\IdeaProjects\Vitruv-TGG-Integration-Test\vsum\..\eclipse-ibex-workspace\Java2Uml
2025-04-23 15:59:16 INFO setupCorrAndProtocol: Wiping corr.xmi and protocol.xmi
2025-04-23 15:59:16 INFO setupCorrAndProtocol: Wiping corr.xmi and protocol.xmi
2025-04-23 15:59:16 INFO Starting change propagation
2025-04-23 15:59:16 DEBUG Started synchronizing change: TransactionalChangeImpl: [
	create Uuid(ord__JPM1ACBLEfCt_d1Q4dqckw)
	insert Uuid(ord__JPM1ACBLEfCt_d1Q4dqckw) at target\Java2UmlEvaluationGoal1\testClassImplementToClassImplement\java_instance.model (index 0)
	Uuid(ord__JPM1ACBLEfCt_d1Q4dqckw).name = peketsch (was )
	create Uuid(ord__JPNcECBLEfCt_d1Q4dqckw)
	Uuid(ord__JPM1ACBLEfCt_d1Q4dqckw).compilationUnits += Uuid(ord__JPNcECBLEfCt_d1Q4dqckw) (index 0)
	create Uuid(ord__JPNcESBLEfCt_d1Q4dqckw)
	Uuid(ord__JPNcECBLEfCt_d1Q4dqckw).classifiers += Uuid(ord__JPNcESBLEfCt_d1Q4dqckw) (index 0)
	Uuid(ord__JPNcESBLEfCt_d1Q4dqckw).name = kless (was )
	create Uuid(ord__JPNcEiBLEfCt_d1Q4dqckw)
	Uuid(ord__JPM1ACBLEfCt_d1Q4dqckw).compilationUnits += Uuid(ord__JPNcEiBLEfCt_d1Q4dqckw) (index 1)
	create Uuid(ord__JPNcEyBLEfCt_d1Q4dqckw)
	Uuid(ord__JPNcEiBLEfCt_d1Q4dqckw).classifiers += Uuid(ord__JPNcEyBLEfCt_d1Q4dqckw) (index 0)
	Uuid(ord__JPNcEyBLEfCt_d1Q4dqckw).name = interfees (was )
	create Uuid(ord__JPNcFCBLEfCt_d1Q4dqckw)
	Uuid(ord__JPNcESBLEfCt_d1Q4dqckw).implements += Uuid(ord__JPNcFCBLEfCt_d1Q4dqckw) (index 0)
	Uuid(ord__JPNcFCBLEfCt_d1Q4dqckw).target = Uuid(ord__JPNcEyBLEfCt_d1Q4dqckw) (was )
]

2025-04-23 15:59:16 DEBUG Create model instance for resource with URI: target\Java2UmlEvaluationGoal1\testClassImplementToClassImplement\java_instance.model
2025-04-23 15:59:16 DEBUG Start recording virtual model
2025-04-23 15:59:16 INFO ------- Calling ibex -------
2025-04-23 15:59:16 INFO Source Model has no respective target model yet. Creating one.
2025-04-23 15:59:16 DEBUG Create model instance for resource with URI: target\Java2UmlEvaluationGoal1\testClassImplementToClassImplement\uml_instance.model
2025-04-23 15:59:16 INFO Resource not found. Not loading. Path=C:\Users\XPS-15\IdeaProjects\Vitruv-TGG-Integration-Test\vsum\..\eclipse-ibex-workspace/Java2Uml/instances/corr.xmi
2025-04-23 15:59:16 INFO Resource not found. Not loading. Path=C:\Users\XPS-15\IdeaProjects\Vitruv-TGG-Integration-Test\vsum\..\eclipse-ibex-workspace/Java2Uml/instances/protocol.xmi
2025-04-23 15:59:16 WARN CORRUPT RULE: ClassFinalToFinalhas nodes and/ or edges whose type is an unresolved proxy!
2025-04-23 15:59:16 WARN   - modifier, org.eclipse.emf.ecore.impl.EClassImpl@54500139 (eProxyURI: platform:/plugin/org.emftext.language.java/metamodel/java.ecore#_Wo2Yvdz1Ed2bJ_pQViWxFg)
2025-04-23 15:59:16 WARN CORRUPT RULE: MethodEnumReturnTypeToReturnTypehas nodes and/ or edges whose type is an unresolved proxy!
2025-04-23 15:59:16 WARN   - javaMethod__typeReference__typeReference_eMoflonEdge, org.eclipse.emf.ecore.impl.EReferenceImpl@119d21ce (eProxyURI: platform:/plugin/org.emftext.language.java/metamodel/java.ecore#_Wo2ZQdz1Ed2bJ_pQViWxFg)
2025-04-23 15:59:16 WARN CORRUPT RULE: MethodClassReturnTypeToReturnTypehas nodes and/ or edges whose type is an unresolved proxy!
2025-04-23 15:59:16 WARN   - javaMethod__typeReference__typeReference_eMoflonEdge, org.eclipse.emf.ecore.impl.EReferenceImpl@667713c4 (eProxyURI: platform:/plugin/org.emftext.language.java/metamodel/java.ecore#_Wo2ZQdz1Ed2bJ_pQViWxFg)
2025-04-23 15:59:16 WARN CORRUPT RULE: MethodInterfaceReturnTypeToReturnTypehas nodes and/ or edges whose type is an unresolved proxy!
2025-04-23 15:59:16 WARN   - javaMethod__typeReference__typeReference_eMoflonEdge, org.eclipse.emf.ecore.impl.EReferenceImpl@178cfe5e (eProxyURI: platform:/plugin/org.emftext.language.java/metamodel/java.ecore#_Wo2ZQdz1Ed2bJ_pQViWxFg)
2025-04-23 15:59:16 WARN CORRUPT RULE: FieldStaticToStatichas nodes and/ or edges whose type is an unresolved proxy!
2025-04-23 15:59:16 WARN   - modifier, org.eclipse.emf.ecore.impl.EClassImpl@2f8cb4c9 (eProxyURI: platform:/plugin/org.emftext.language.java/metamodel/java.ecore#_Wo2Yv9z1Ed2bJ_pQViWxFg)
2025-04-23 15:59:16 WARN CORRUPT RULE: ClassAbstractToAbstracthas nodes and/ or edges whose type is an unresolved proxy!
2025-04-23 15:59:16 WARN   - modifier, org.eclipse.emf.ecore.impl.EClassImpl@93a793a (eProxyURI: platform:/plugin/org.emftext.language.java/metamodel/java.ecore#_Wo2Yt9z1Ed2bJ_pQViWxFg)
2025-04-23 15:59:16 WARN CORRUPT RULE: FieldFinalToFinalhas nodes and/ or edges whose type is an unresolved proxy!
2025-04-23 15:59:16 WARN   - modifier, org.eclipse.emf.ecore.impl.EClassImpl@69cb296c (eProxyURI: platform:/plugin/org.emftext.language.java/metamodel/java.ecore#_Wo2Yvdz1Ed2bJ_pQViWxFg)
2025-04-23 15:59:16 WARN CORRUPT RULE: InterfacePrivateToPrivatehas nodes and/ or edges whose type is an unresolved proxy!
2025-04-23 15:59:16 WARN   - modifier, org.eclipse.emf.ecore.impl.EClassImpl@6abd88fe (eProxyURI: platform:/plugin/org.emftext.language.java/metamodel/java.ecore#_Wo2Yu9z1Ed2bJ_pQViWxFg)
2025-04-23 15:59:16 WARN CORRUPT RULE: MethodAbstractToAbstracthas nodes and/ or edges whose type is an unresolved proxy!
2025-04-23 15:59:16 WARN   - modifier, org.eclipse.emf.ecore.impl.EClassImpl@2603a76d (eProxyURI: platform:/plugin/org.emftext.language.java/metamodel/java.ecore#_Wo2Yt9z1Ed2bJ_pQViWxFg)
2025-04-23 15:59:16 WARN CORRUPT RULE: MethodFinalToFinalhas nodes and/ or edges whose type is an unresolved proxy!
2025-04-23 15:59:16 WARN   - modifier, org.eclipse.emf.ecore.impl.EClassImpl@36deacfc (eProxyURI: platform:/plugin/org.emftext.language.java/metamodel/java.ecore#_Wo2Yvdz1Ed2bJ_pQViWxFg)
2025-04-23 15:59:16 WARN CORRUPT RULE: InterfaceAttributeTypeToPropertyTypehas nodes and/ or edges whose type is an unresolved proxy!
2025-04-23 15:59:16 WARN   - field__typeReference__typeReference_eMoflonEdge, org.eclipse.emf.ecore.impl.EReferenceImpl@78167 (eProxyURI: platform:/plugin/org.emftext.language.java/metamodel/java.ecore#_Wo2ZQdz1Ed2bJ_pQViWxFg)
2025-04-23 15:59:16 WARN CORRUPT RULE: MethodStaticToStatichas nodes and/ or edges whose type is an unresolved proxy!
2025-04-23 15:59:16 WARN   - modifier, org.eclipse.emf.ecore.impl.EClassImpl@623dc959 (eProxyURI: platform:/plugin/org.emftext.language.java/metamodel/java.ecore#_Wo2Yv9z1Ed2bJ_pQViWxFg)
2025-04-23 15:59:16 WARN CORRUPT RULE: InterfaceAbstractToAbstracthas nodes and/ or edges whose type is an unresolved proxy!
2025-04-23 15:59:16 WARN   - modifier, org.eclipse.emf.ecore.impl.EClassImpl@469caf69 (eProxyURI: platform:/plugin/org.emftext.language.java/metamodel/java.ecore#_Wo2Yt9z1Ed2bJ_pQViWxFg)
2025-04-23 15:59:16 WARN CORRUPT RULE: InterfacePublicToPublichas nodes and/ or edges whose type is an unresolved proxy!
2025-04-23 15:59:16 WARN   - modifier, org.eclipse.emf.ecore.impl.EClassImpl@527e6bd3 (eProxyURI: platform:/plugin/org.emftext.language.java/metamodel/java.ecore#_Wo2Ytdz1Ed2bJ_pQViWxFg)
2025-04-23 15:59:16 WARN CORRUPT RULE: EnumFinalToFinalhas nodes and/ or edges whose type is an unresolved proxy!
2025-04-23 15:59:16 WARN   - modifier, org.eclipse.emf.ecore.impl.EClassImpl@6ba3eee9 (eProxyURI: platform:/plugin/org.emftext.language.java/metamodel/java.ecore#_Wo2Yvdz1Ed2bJ_pQViWxFg)
2025-04-23 15:59:16 WARN CORRUPT RULE: ConstructorEnumParamTypeToParamTypehas nodes and/ or edges whose type is an unresolved proxy!
2025-04-23 15:59:16 WARN   - parameter__typeReference__typeReference_eMoflonEdge, org.eclipse.emf.ecore.impl.EReferenceImpl@3c634a04 (eProxyURI: platform:/plugin/org.emftext.language.java/metamodel/java.ecore#_Wo2ZQdz1Ed2bJ_pQViWxFg)
2025-04-23 15:59:16 WARN CORRUPT RULE: EnumAbstractToAbstracthas nodes and/ or edges whose type is an unresolved proxy!
2025-04-23 15:59:16 WARN   - modifier, org.eclipse.emf.ecore.impl.EClassImpl@3fe8d57a (eProxyURI: platform:/plugin/org.emftext.language.java/metamodel/java.ecore#_Wo2Yt9z1Ed2bJ_pQViWxFg)
2025-04-23 15:59:16 WARN CORRUPT RULE: MethodInterfaceParamTypeToParamTypehas nodes and/ or edges whose type is an unresolved proxy!
2025-04-23 15:59:16 WARN   - parameter__typeReference__typeReference_eMoflonEdge, org.eclipse.emf.ecore.impl.EReferenceImpl@10c26161 (eProxyURI: platform:/plugin/org.emftext.language.java/metamodel/java.ecore#_Wo2ZQdz1Ed2bJ_pQViWxFg)
2025-04-23 15:59:16 WARN CORRUPT RULE: ClassAttributeTypeToPropertyTypehas nodes and/ or edges whose type is an unresolved proxy!
2025-04-23 15:59:16 WARN   - field__typeReference__typeReference_eMoflonEdge, org.eclipse.emf.ecore.impl.EReferenceImpl@674cd2da (eProxyURI: platform:/plugin/org.emftext.language.java/metamodel/java.ecore#_Wo2ZQdz1Ed2bJ_pQViWxFg)
2025-04-23 15:59:16 WARN CORRUPT RULE: ConstructorInterfaceParamTypeToParamTypehas nodes and/ or edges whose type is an unresolved proxy!
2025-04-23 15:59:16 WARN   - parameter__typeReference__typeReference_eMoflonEdge, org.eclipse.emf.ecore.impl.EReferenceImpl@6b28d4e4 (eProxyURI: platform:/plugin/org.emftext.language.java/metamodel/java.ecore#_Wo2ZQdz1Ed2bJ_pQViWxFg)
2025-04-23 15:59:16 WARN CORRUPT RULE: ConstructorClassParamTypeToParamTypehas nodes and/ or edges whose type is an unresolved proxy!
2025-04-23 15:59:16 WARN   - parameter__typeReference__typeReference_eMoflonEdge, org.eclipse.emf.ecore.impl.EReferenceImpl@40941b54 (eProxyURI: platform:/plugin/org.emftext.language.java/metamodel/java.ecore#_Wo2ZQdz1Ed2bJ_pQViWxFg)
2025-04-23 15:59:16 WARN CORRUPT RULE: InterfaceProtectedToProtectedhas nodes and/ or edges whose type is an unresolved proxy!
2025-04-23 15:59:16 WARN   - modifier, org.eclipse.emf.ecore.impl.EClassImpl@1660bba7 (eProxyURI: platform:/plugin/org.emftext.language.java/metamodel/java.ecore#_Wo2Yudz1Ed2bJ_pQViWxFg)
2025-04-23 15:59:16 WARN CORRUPT RULE: MethodClassParamTypeToParamTypehas nodes and/ or edges whose type is an unresolved proxy!
2025-04-23 15:59:16 WARN   - parameter__typeReference__typeReference_eMoflonEdge, org.eclipse.emf.ecore.impl.EReferenceImpl@49e3b86b (eProxyURI: platform:/plugin/org.emftext.language.java/metamodel/java.ecore#_Wo2ZQdz1Ed2bJ_pQViWxFg)
2025-04-23 15:59:16 WARN CORRUPT RULE: InterfaceFinalToFinalhas nodes and/ or edges whose type is an unresolved proxy!
2025-04-23 15:59:16 WARN   - modifier, org.eclipse.emf.ecore.impl.EClassImpl@771c4015 (eProxyURI: platform:/plugin/org.emftext.language.java/metamodel/java.ecore#_Wo2Yvdz1Ed2bJ_pQViWxFg)
2025-04-23 15:59:16 WARN CORRUPT RULE: EnumProtectedToProtectedhas nodes and/ or edges whose type is an unresolved proxy!
2025-04-23 15:59:16 WARN   - modifier, org.eclipse.emf.ecore.impl.EClassImpl@60a3a0fa (eProxyURI: platform:/plugin/org.emftext.language.java/metamodel/java.ecore#_Wo2Yudz1Ed2bJ_pQViWxFg)
2025-04-23 15:59:16 WARN CORRUPT RULE: MethodEnumParamTypeToParamTypehas nodes and/ or edges whose type is an unresolved proxy!
2025-04-23 15:59:16 WARN   - parameter__typeReference__typeReference_eMoflonEdge, org.eclipse.emf.ecore.impl.EReferenceImpl@27aa700 (eProxyURI: platform:/plugin/org.emftext.language.java/metamodel/java.ecore#_Wo2ZQdz1Ed2bJ_pQViWxFg)
2025-04-23 15:59:16 WARN CORRUPT RULE: ClassProtectedToProtectedhas nodes and/ or edges whose type is an unresolved proxy!
2025-04-23 15:59:16 WARN   - modifier, org.eclipse.emf.ecore.impl.EClassImpl@704c3ca2 (eProxyURI: platform:/plugin/org.emftext.language.java/metamodel/java.ecore#_Wo2Yudz1Ed2bJ_pQViWxFg)
2025-04-23 15:59:16 WARN CORRUPT RULE: EnumPublicToPublichas nodes and/ or edges whose type is an unresolved proxy!
2025-04-23 15:59:16 WARN   - modifier, org.eclipse.emf.ecore.impl.EClassImpl@2a2f7a61 (eProxyURI: platform:/plugin/org.emftext.language.java/metamodel/java.ecore#_Wo2Ytdz1Ed2bJ_pQViWxFg)
2025-04-23 15:59:16 WARN CORRUPT RULE: ClassPublicToPublichas nodes and/ or edges whose type is an unresolved proxy!
2025-04-23 15:59:16 WARN   - modifier, org.eclipse.emf.ecore.impl.EClassImpl@196c8b93 (eProxyURI: platform:/plugin/org.emftext.language.java/metamodel/java.ecore#_Wo2Ytdz1Ed2bJ_pQViWxFg)
2025-04-23 15:59:16 WARN CORRUPT RULE: ClassPrivateToPrivatehas nodes and/ or edges whose type is an unresolved proxy!
2025-04-23 15:59:16 WARN   - modifier, org.eclipse.emf.ecore.impl.EClassImpl@61d1315b (eProxyURI: platform:/plugin/org.emftext.language.java/metamodel/java.ecore#_Wo2Yu9z1Ed2bJ_pQViWxFg)
2025-04-23 15:59:16 WARN CORRUPT RULE: EnumAttributeTypeToPropertyTypehas nodes and/ or edges whose type is an unresolved proxy!
2025-04-23 15:59:16 WARN   - field__typeReference__typeReference_eMoflonEdge, org.eclipse.emf.ecore.impl.EReferenceImpl@34989ceb (eProxyURI: platform:/plugin/org.emftext.language.java/metamodel/java.ecore#_Wo2ZQdz1Ed2bJ_pQViWxFg)
2025-04-23 15:59:16 WARN CORRUPT RULE: EnumPrivateToPrivatehas nodes and/ or edges whose type is an unresolved proxy!
2025-04-23 15:59:16 WARN   - modifier, org.eclipse.emf.ecore.impl.EClassImpl@9c88323 (eProxyURI: platform:/plugin/org.emftext.language.java/metamodel/java.ecore#_Wo2Yu9z1Ed2bJ_pQViWxFg)
2025-04-23 15:59:16 INFO Pattern Conversion took 7.4047 ms
2025-04-23 15:59:16 INFO Starting SYNC
2025-04-23 15:59:16 WARN   LOADED MARKERS : 
    - 
2025-04-23 15:59:16 WARN No rule defined to cover the following change's type: [InsertEAttributeValue] AE=Package:2a03b87, name=peketsch
2025-04-23 15:59:16 WARN No rule defined to cover the following change's type: [InsertEAttributeValue] AE=Class:69a8617c, name=kless
2025-04-23 15:59:16 WARN No rule defined to cover the following change's type: [InsertEAttributeValue] AE=Interface:5d237827, name=interfees
2025-04-23 15:59:16 INFO Pattern Matching took 5.7079 ms
2025-04-23 15:59:16 INFO Created elements: 26
2025-04-23 15:59:16 INFO Deleted elements: 0
2025-04-23 15:59:16 INFO Completed SYNC in: 40 ms
2025-04-23 15:59:16 DEBUG BENCHMARKLOGGER logs: 
2025-04-23 15:59:16 DEBUG BenchmarkLogger
[
  Total elements created .. 26
  Total elements deleted .. 0
  Total matches found ..... 14
  Total matches repaired .. 0
  Total matches revoked ... 0
  Total matches applied ... 6
]
2025-04-23 15:59:16 INFO VitruviusBackwardConversionTGGEngine::terminate called. We do not use this.
2025-04-23 15:59:16 DEBUG Add root to resource: org.eclipse.emf.ecore.xmi.impl.XMIResourceImpl@fed510f uri='target\Java2UmlEvaluationGoal1\testClassImplementToClassImplement\uml_instance.model'
2025-04-23 15:59:16 INFO -- Added the following corrs: 
2025-04-23 15:59:16 INFO   - [CorrespondenceNode JavaCompilationUnitToUmlModel] SRC=CompilationUnit:6ad703cd, name=null, TRG=Model:60b721c9, name=UML_MODEL
2025-04-23 15:59:16 INFO   - [CorrespondenceNode JavaCompilationUnitToUmlModel] SRC=CompilationUnit:4606e1a6, name=null, TRG=Model:47cf41d7, name=UML_MODEL
2025-04-23 15:59:16 INFO   - [CorrespondenceNode JavaClassifierToUmlClassifier] SRC=Interface:5d237827, name=interfees, TRG=Interface:6bfa228c, name=interfees
2025-04-23 15:59:16 INFO   - [CorrespondenceNode JavaPackageToUmlPackage] SRC=Package:2a03b87, name=peketsch, TRG=Package:3744c760, name=peketsch
2025-04-23 15:59:16 INFO   - [CorrespondenceNode JavaClassifierToUmlClassifier] SRC=Class:69a8617c, name=kless, TRG=Class:533d28aa, name=kless
2025-04-23 15:59:16 DEBUG End recording virtual model
2025-04-23 15:59:16 DEBUG Propagated <input change> in [[http://www.emftext.org/java]] -> {[[http://www.eclipse.org/uml2/5.0.0/UML]]}
2025-04-23 15:59:16 DEBUG Propagated <input change> in [[http://www.emftext.org/java]] -> [[http://www.eclipse.org/uml2/5.0.0/UML]] -> {}
2025-04-23 15:59:16 DEBUG Propagated <input change> in [[http://www.emftext.org/java]] -> [[http://www.eclipse.org/uml2/5.0.0/UML]] -> {}
2025-04-23 15:59:16 DEBUG Start recording virtual model
2025-04-23 15:59:16 WARN propagateChange not implemented, use propagateChanges (with an s).
2025-04-23 15:59:16 WARN propagateChange not implemented, use propagateChanges (with an s).
2025-04-23 15:59:16 WARN propagateChange not implemented, use propagateChanges (with an s).
2025-04-23 15:59:16 WARN propagateChange not implemented, use propagateChanges (with an s).
2025-04-23 15:59:16 WARN propagateChange not implemented, use propagateChanges (with an s).
2025-04-23 15:59:16 WARN propagateChange not implemented, use propagateChanges (with an s).
2025-04-23 15:59:16 WARN propagateChange not implemented, use propagateChanges (with an s).
2025-04-23 15:59:16 WARN propagateChange not implemented, use propagateChanges (with an s).
2025-04-23 15:59:16 WARN propagateChange not implemented, use propagateChanges (with an s).
2025-04-23 15:59:16 WARN propagateChange not implemented, use propagateChanges (with an s).
2025-04-23 15:59:16 WARN propagateChange not implemented, use propagateChanges (with an s).
2025-04-23 15:59:16 WARN propagateChange not implemented, use propagateChanges (with an s).
2025-04-23 15:59:16 WARN propagateChange not implemented, use propagateChanges (with an s).
2025-04-23 15:59:16 WARN propagateChange not implemented, use propagateChanges (with an s).
2025-04-23 15:59:16 WARN propagateChange not implemented, use propagateChanges (with an s).
2025-04-23 15:59:16 WARN propagateChange not implemented, use propagateChanges (with an s).
2025-04-23 15:59:16 DEBUG End recording virtual model
2025-04-23 15:59:16 DEBUG Propagated <input change> in [[http://www.emftext.org/java]] -> {}
2025-04-23 15:59:16 DEBUG Saving all models of model repository for VSUM @target\Java2UmlEvaluationGoal1\testClassImplementToClassImplement
2025-04-23 15:59:16 DEBUG Save resource: org.eclipse.emf.ecore.xmi.impl.XMIResourceImpl@fed510f uri='target\Java2UmlEvaluationGoal1\testClassImplementToClassImplement\uml_instance.model'
2025-04-23 15:59:16 DEBUG Finished synchronizing change: TransactionalChangeImpl: [
	create Uuid(ord__JPM1ACBLEfCt_d1Q4dqckw)
	insert Uuid(ord__JPM1ACBLEfCt_d1Q4dqckw) at target\Java2UmlEvaluationGoal1\testClassImplementToClassImplement\java_instance.model (index 0)
	Uuid(ord__JPM1ACBLEfCt_d1Q4dqckw).name = peketsch (was )
	create Uuid(ord__JPNcECBLEfCt_d1Q4dqckw)
	Uuid(ord__JPM1ACBLEfCt_d1Q4dqckw).compilationUnits += Uuid(ord__JPNcECBLEfCt_d1Q4dqckw) (index 0)
	create Uuid(ord__JPNcESBLEfCt_d1Q4dqckw)
	Uuid(ord__JPNcECBLEfCt_d1Q4dqckw).classifiers += Uuid(ord__JPNcESBLEfCt_d1Q4dqckw) (index 0)
	Uuid(ord__JPNcESBLEfCt_d1Q4dqckw).name = kless (was )
	create Uuid(ord__JPNcEiBLEfCt_d1Q4dqckw)
	Uuid(ord__JPM1ACBLEfCt_d1Q4dqckw).compilationUnits += Uuid(ord__JPNcEiBLEfCt_d1Q4dqckw) (index 1)
	create Uuid(ord__JPNcEyBLEfCt_d1Q4dqckw)
	Uuid(ord__JPNcEiBLEfCt_d1Q4dqckw).classifiers += Uuid(ord__JPNcEyBLEfCt_d1Q4dqckw) (index 0)
	Uuid(ord__JPNcEyBLEfCt_d1Q4dqckw).name = interfees (was )
	create Uuid(ord__JPNcFCBLEfCt_d1Q4dqckw)
	Uuid(ord__JPNcESBLEfCt_d1Q4dqckw).implements += Uuid(ord__JPNcFCBLEfCt_d1Q4dqckw) (index 0)
	Uuid(ord__JPNcFCBLEfCt_d1Q4dqckw).target = Uuid(ord__JPNcEyBLEfCt_d1Q4dqckw) (was )
]

2025-04-23 15:59:16 INFO Finished change propagation
assertChildMatches for StrucFeatExpectation [StrucFeatExpectation] packagedElement
assertChildMatches for StrucFeatExpectation [StrucFeatExpectation] interfaceRealization
assertChildMatches for StrucFeatExpectation [StrucFeatExpectation] contract
]]></system-out>
  </testcase>
  <testcase name="testJavaMemberDeletedComplex" classname="tools.vitruv.methodologisttemplate.vsum.Java2UmlEvaluationGoal1Test" time="0.493">
    <error message="Resource could not be loaded: If the following message is an Indexing error, the problem most likely is that some resource has not been loaded.Use the debugger and set a breakpoint in JDOMXmiParser::indexForeignResource. Original message:The value of type &apos;org.eclipse.emf.ecore.impl.EClassImpl@6f3f0fae (name: Field) (instanceClassName: null) (abstract: false, interface: false)&apos; must be of type &apos;org.eclipse.emf.ecore.impl.EClassImpl@7428de63 (name: Method) (instanceClassName: null) (abstract: true, interface: false)&apos; -- stacktrace above" type="java.lang.RuntimeException"><![CDATA[java.lang.RuntimeException: Resource could not be loaded: If the following message is an Indexing error, the problem most likely is that some resource has not been loaded.Use the debugger and set a breakpoint in JDOMXmiParser::indexForeignResource. Original message:The value of type 'org.eclipse.emf.ecore.impl.EClassImpl@6f3f0fae (name: Field) (instanceClassName: null) (abstract: false, interface: false)' must be of type 'org.eclipse.emf.ecore.impl.EClassImpl@7428de63 (name: Method) (instanceClassName: null) (abstract: true, interface: false)' -- stacktrace above
	at tools.vitruv.dsls.tgg.emoflonintegration.ibex.VitruviusTGGResourceHandler.loadModels(VitruviusTGGResourceHandler.java:103)
	at org.emoflon.ibex.tgg.operational.strategies.modules.TGGResourceHandler.loadRelevantModels(TGGResourceHandler.java:287)
	at org.emoflon.ibex.tgg.operational.strategies.modules.TGGResourceHandler.initialize(TGGResourceHandler.java:94)
	at org.emoflon.ibex.tgg.operational.strategies.OperationalStrategy.initializeBasicModules(OperationalStrategy.java:88)
	at org.emoflon.ibex.tgg.operational.strategies.OperationalStrategy.<init>(OperationalStrategy.java:69)
	at org.emoflon.ibex.tgg.operational.strategies.OperationalStrategy.<init>(OperationalStrategy.java:64)
	at org.emoflon.ibex.tgg.operational.strategies.PropagatingOperationalStrategy.<init>(PropagatingOperationalStrategy.java:30)
	at org.emoflon.ibex.tgg.operational.strategies.sync.SYNC.<init>(SYNC.java:29)
	at tools.vitruv.dsls.tgg.emoflonintegration.ibex.VitruviusTGGChangePropagationIbexEntrypoint.<init>(VitruviusTGGChangePropagationIbexEntrypoint.java:30)
	at tools.vitruv.dsls.tgg.emoflonintegration.TGGChangePropagationSpecification.propagateChangesHandlingTargetModelRetrieval(TGGChangePropagationSpecification.java:248)
	at tools.vitruv.dsls.tgg.emoflonintegration.TGGChangePropagationSpecification.propagateNonAtomicChange(TGGChangePropagationSpecification.java:149)
	at tools.vitruv.change.propagation.impl.ChangePropagator$ChangePropagation.lambda$propagateNonAtomicChangeForChangePropagationSpecification$21(ChangePropagator.java:320)
	at tools.vitruv.framework.vsum.internal.ResourceRepositoryImpl.recordChanges(ResourceRepositoryImpl.java:179)
	at tools.vitruv.change.propagation.impl.ChangePropagator$ChangePropagation.propagateNonAtomicChangeForChangePropagationSpecification(ChangePropagator.java:323)
	at tools.vitruv.change.propagation.impl.ChangePropagator$ChangePropagation.lambda$propagateNonAtomicChange$7(ChangePropagator.java:101)
	at edu.kit.ipd.sdq.commons.util.java.lang.IterableUtil.flatMapFixedTo(IterableUtil.java:60)
	at edu.kit.ipd.sdq.commons.util.java.lang.IterableUtil.flatMapFixed(IterableUtil.java:55)
	at tools.vitruv.change.propagation.impl.ChangePropagator$ChangePropagation.propagateNonAtomicChange(ChangePropagator.java:103)
	at tools.vitruv.change.propagation.impl.ChangePropagator$ChangePropagation.propagateChanges(ChangePropagator.java:63)
	at tools.vitruv.change.propagation.impl.ChangePropagator.propagateChange(ChangePropagator.java:503)
	at tools.vitruv.framework.vsum.internal.VirtualModelImpl.propagateChange(VirtualModelImpl.java:89)
	at tools.vitruv.framework.views.impl.IdentityMappingViewType.commitViewChanges(IdentityMappingViewType.java:78)
	at tools.vitruv.framework.views.impl.ChangeRecordingView.commitChanges(ChangeRecordingView.java:70)
	at tools.vitruv.methodologisttemplate.vsum.AbstractEvaluationTest.modifyView(AbstractEvaluationTest.java:166)
	at tools.vitruv.methodologisttemplate.vsum.Java2UmlEvaluationGoal1Test.testJavaMemberDeletedComplex(Java2UmlEvaluationGoal1Test.java:1283)
	at java.base/java.lang.reflect.Method.invoke(Method.java:580)
	at java.base/java.util.ArrayList.forEach(ArrayList.java:1597)
	at java.base/java.util.ArrayList.forEach(ArrayList.java:1597)
]]></error>
    <system-out><![CDATA[2025-04-23 15:59:16 INFO eclipse-ibex-workspace: C:\Users\XPS-15\IdeaProjects\Vitruv-TGG-Integration-Test\vsum\..\eclipse-ibex-workspace\Java2Uml
2025-04-23 15:59:16 INFO setupCorrAndProtocol: Wiping corr.xmi and protocol.xmi
2025-04-23 15:59:16 INFO setupCorrAndProtocol: Wiping corr.xmi and protocol.xmi
2025-04-23 15:59:16 INFO Starting change propagation
2025-04-23 15:59:16 DEBUG Started synchronizing change: TransactionalChangeImpl: [
	create Uuid(ord__JSA4cCBLEfCt_d1Q4dqckw)
	insert Uuid(ord__JSA4cCBLEfCt_d1Q4dqckw) at target\Java2UmlEvaluationGoal1\testJavaMemberDeletedComplex\java_instance.model (index 0)
	Uuid(ord__JSA4cCBLEfCt_d1Q4dqckw).name = peketsch (was )
	create Uuid(ord__JSBfgCBLEfCt_d1Q4dqckw)
	Uuid(ord__JSA4cCBLEfCt_d1Q4dqckw).compilationUnits += Uuid(ord__JSBfgCBLEfCt_d1Q4dqckw) (index 0)
	create Uuid(ord__JSBfgSBLEfCt_d1Q4dqckw)
	Uuid(ord__JSBfgCBLEfCt_d1Q4dqckw).classifiers += Uuid(ord__JSBfgSBLEfCt_d1Q4dqckw) (index 0)
	Uuid(ord__JSBfgSBLEfCt_d1Q4dqckw).name = kless (was )
	create Uuid(ord__JSBfgiBLEfCt_d1Q4dqckw)
	Uuid(ord__JSBfgSBLEfCt_d1Q4dqckw).members += Uuid(ord__JSBfgiBLEfCt_d1Q4dqckw) (index 0)
	Uuid(ord__JSBfgiBLEfCt_d1Q4dqckw).name = constructer (was )
	create Uuid(ord__JSBfgyBLEfCt_d1Q4dqckw)
	Uuid(ord__JSBfgiBLEfCt_d1Q4dqckw).parameters += Uuid(ord__JSBfgyBLEfCt_d1Q4dqckw) (index 0)
	Uuid(ord__JSBfgyBLEfCt_d1Q4dqckw).name = parrametr (was )
	create Uuid(ord__JSBfhCBLEfCt_d1Q4dqckw)
	Uuid(ord__JSBfgSBLEfCt_d1Q4dqckw).members += Uuid(ord__JSBfhCBLEfCt_d1Q4dqckw) (index 1)
	Uuid(ord__JSBfhCBLEfCt_d1Q4dqckw).name = methed (was )
	create Uuid(ord__JSBfhSBLEfCt_d1Q4dqckw)
	Uuid(ord__JSBfhCBLEfCt_d1Q4dqckw).parameters += Uuid(ord__JSBfhSBLEfCt_d1Q4dqckw) (index 0)
	create Uuid(ord__JSBfhiBLEfCt_d1Q4dqckw)
	Uuid(ord__JSBfgSBLEfCt_d1Q4dqckw).members += Uuid(ord__JSBfhiBLEfCt_d1Q4dqckw) (index 2)
	Uuid(ord__JSBfhiBLEfCt_d1Q4dqckw).name = myField (was )
]

2025-04-23 15:59:16 DEBUG Create model instance for resource with URI: target\Java2UmlEvaluationGoal1\testJavaMemberDeletedComplex\java_instance.model
2025-04-23 15:59:16 DEBUG Start recording virtual model
2025-04-23 15:59:16 INFO ------- Calling ibex -------
2025-04-23 15:59:16 INFO Source Model has no respective target model yet. Creating one.
2025-04-23 15:59:16 DEBUG Create model instance for resource with URI: target\Java2UmlEvaluationGoal1\testJavaMemberDeletedComplex\uml_instance.model
2025-04-23 15:59:16 INFO Resource not found. Not loading. Path=C:\Users\XPS-15\IdeaProjects\Vitruv-TGG-Integration-Test\vsum\..\eclipse-ibex-workspace/Java2Uml/instances/corr.xmi
2025-04-23 15:59:16 INFO Resource not found. Not loading. Path=C:\Users\XPS-15\IdeaProjects\Vitruv-TGG-Integration-Test\vsum\..\eclipse-ibex-workspace/Java2Uml/instances/protocol.xmi
2025-04-23 15:59:16 WARN CORRUPT RULE: EnumPrivateToPrivatehas nodes and/ or edges whose type is an unresolved proxy!
2025-04-23 15:59:16 WARN   - modifier, org.eclipse.emf.ecore.impl.EClassImpl@18cdacd (eProxyURI: platform:/plugin/org.emftext.language.java/metamodel/java.ecore#_Wo2Yu9z1Ed2bJ_pQViWxFg)
2025-04-23 15:59:16 WARN CORRUPT RULE: ConstructorClassParamTypeToParamTypehas nodes and/ or edges whose type is an unresolved proxy!
2025-04-23 15:59:16 WARN   - parameter__typeReference__typeReference_eMoflonEdge, org.eclipse.emf.ecore.impl.EReferenceImpl@129a20d8 (eProxyURI: platform:/plugin/org.emftext.language.java/metamodel/java.ecore#_Wo2ZQdz1Ed2bJ_pQViWxFg)
2025-04-23 15:59:16 WARN CORRUPT RULE: MethodEnumReturnTypeToReturnTypehas nodes and/ or edges whose type is an unresolved proxy!
2025-04-23 15:59:16 WARN   - javaMethod__typeReference__typeReference_eMoflonEdge, org.eclipse.emf.ecore.impl.EReferenceImpl@366fd3cb (eProxyURI: platform:/plugin/org.emftext.language.java/metamodel/java.ecore#_Wo2ZQdz1Ed2bJ_pQViWxFg)
2025-04-23 15:59:16 WARN CORRUPT RULE: EnumAttributeTypeToPropertyTypehas nodes and/ or edges whose type is an unresolved proxy!
2025-04-23 15:59:16 WARN   - field__typeReference__typeReference_eMoflonEdge, org.eclipse.emf.ecore.impl.EReferenceImpl@6a51a39d (eProxyURI: platform:/plugin/org.emftext.language.java/metamodel/java.ecore#_Wo2ZQdz1Ed2bJ_pQViWxFg)
2025-04-23 15:59:16 WARN CORRUPT RULE: ClassFinalToFinalhas nodes and/ or edges whose type is an unresolved proxy!
2025-04-23 15:59:16 WARN   - modifier, org.eclipse.emf.ecore.impl.EClassImpl@62765e11 (eProxyURI: platform:/plugin/org.emftext.language.java/metamodel/java.ecore#_Wo2Yvdz1Ed2bJ_pQViWxFg)
2025-04-23 15:59:16 WARN CORRUPT RULE: MethodClassParamTypeToParamTypehas nodes and/ or edges whose type is an unresolved proxy!
2025-04-23 15:59:16 WARN   - parameter__typeReference__typeReference_eMoflonEdge, org.eclipse.emf.ecore.impl.EReferenceImpl@5a59f3d9 (eProxyURI: platform:/plugin/org.emftext.language.java/metamodel/java.ecore#_Wo2ZQdz1Ed2bJ_pQViWxFg)
2025-04-23 15:59:16 WARN CORRUPT RULE: InterfacePublicToPublichas nodes and/ or edges whose type is an unresolved proxy!
2025-04-23 15:59:16 WARN   - modifier, org.eclipse.emf.ecore.impl.EClassImpl@591b8f15 (eProxyURI: platform:/plugin/org.emftext.language.java/metamodel/java.ecore#_Wo2Ytdz1Ed2bJ_pQViWxFg)
2025-04-23 15:59:16 WARN CORRUPT RULE: ClassAbstractToAbstracthas nodes and/ or edges whose type is an unresolved proxy!
2025-04-23 15:59:16 WARN   - modifier, org.eclipse.emf.ecore.impl.EClassImpl@6e0d7be4 (eProxyURI: platform:/plugin/org.emftext.language.java/metamodel/java.ecore#_Wo2Yt9z1Ed2bJ_pQViWxFg)
2025-04-23 15:59:16 WARN CORRUPT RULE: ConstructorEnumParamTypeToParamTypehas nodes and/ or edges whose type is an unresolved proxy!
2025-04-23 15:59:16 WARN   - parameter__typeReference__typeReference_eMoflonEdge, org.eclipse.emf.ecore.impl.EReferenceImpl@c360f40 (eProxyURI: platform:/plugin/org.emftext.language.java/metamodel/java.ecore#_Wo2ZQdz1Ed2bJ_pQViWxFg)
2025-04-23 15:59:16 WARN CORRUPT RULE: ConstructorInterfaceParamTypeToParamTypehas nodes and/ or edges whose type is an unresolved proxy!
2025-04-23 15:59:16 WARN   - parameter__typeReference__typeReference_eMoflonEdge, org.eclipse.emf.ecore.impl.EReferenceImpl@efa6a81 (eProxyURI: platform:/plugin/org.emftext.language.java/metamodel/java.ecore#_Wo2ZQdz1Ed2bJ_pQViWxFg)
2025-04-23 15:59:16 WARN CORRUPT RULE: ClassPublicToPublichas nodes and/ or edges whose type is an unresolved proxy!
2025-04-23 15:59:16 WARN   - modifier, org.eclipse.emf.ecore.impl.EClassImpl@3983b06d (eProxyURI: platform:/plugin/org.emftext.language.java/metamodel/java.ecore#_Wo2Ytdz1Ed2bJ_pQViWxFg)
2025-04-23 15:59:16 WARN CORRUPT RULE: ClassProtectedToProtectedhas nodes and/ or edges whose type is an unresolved proxy!
2025-04-23 15:59:16 WARN   - modifier, org.eclipse.emf.ecore.impl.EClassImpl@2bf5f4 (eProxyURI: platform:/plugin/org.emftext.language.java/metamodel/java.ecore#_Wo2Yudz1Ed2bJ_pQViWxFg)
2025-04-23 15:59:16 WARN CORRUPT RULE: MethodAbstractToAbstracthas nodes and/ or edges whose type is an unresolved proxy!
2025-04-23 15:59:16 WARN   - modifier, org.eclipse.emf.ecore.impl.EClassImpl@3e7ac200 (eProxyURI: platform:/plugin/org.emftext.language.java/metamodel/java.ecore#_Wo2Yt9z1Ed2bJ_pQViWxFg)
2025-04-23 15:59:16 WARN CORRUPT RULE: InterfaceFinalToFinalhas nodes and/ or edges whose type is an unresolved proxy!
2025-04-23 15:59:16 WARN   - modifier, org.eclipse.emf.ecore.impl.EClassImpl@7df09f55 (eProxyURI: platform:/plugin/org.emftext.language.java/metamodel/java.ecore#_Wo2Yvdz1Ed2bJ_pQViWxFg)
2025-04-23 15:59:16 WARN CORRUPT RULE: MethodEnumParamTypeToParamTypehas nodes and/ or edges whose type is an unresolved proxy!
2025-04-23 15:59:16 WARN   - parameter__typeReference__typeReference_eMoflonEdge, org.eclipse.emf.ecore.impl.EReferenceImpl@7f0952cf (eProxyURI: platform:/plugin/org.emftext.language.java/metamodel/java.ecore#_Wo2ZQdz1Ed2bJ_pQViWxFg)
2025-04-23 15:59:16 WARN CORRUPT RULE: FieldStaticToStatichas nodes and/ or edges whose type is an unresolved proxy!
2025-04-23 15:59:16 WARN   - modifier, org.eclipse.emf.ecore.impl.EClassImpl@7efcdcde (eProxyURI: platform:/plugin/org.emftext.language.java/metamodel/java.ecore#_Wo2Yv9z1Ed2bJ_pQViWxFg)
2025-04-23 15:59:16 WARN CORRUPT RULE: EnumProtectedToProtectedhas nodes and/ or edges whose type is an unresolved proxy!
2025-04-23 15:59:16 WARN   - modifier, org.eclipse.emf.ecore.impl.EClassImpl@352b4cf (eProxyURI: platform:/plugin/org.emftext.language.java/metamodel/java.ecore#_Wo2Yudz1Ed2bJ_pQViWxFg)
2025-04-23 15:59:16 WARN CORRUPT RULE: MethodStaticToStatichas nodes and/ or edges whose type is an unresolved proxy!
2025-04-23 15:59:16 WARN   - modifier, org.eclipse.emf.ecore.impl.EClassImpl@632d8166 (eProxyURI: platform:/plugin/org.emftext.language.java/metamodel/java.ecore#_Wo2Yv9z1Ed2bJ_pQViWxFg)
2025-04-23 15:59:16 WARN CORRUPT RULE: MethodFinalToFinalhas nodes and/ or edges whose type is an unresolved proxy!
2025-04-23 15:59:16 WARN   - modifier, org.eclipse.emf.ecore.impl.EClassImpl@37ecff9 (eProxyURI: platform:/plugin/org.emftext.language.java/metamodel/java.ecore#_Wo2Yvdz1Ed2bJ_pQViWxFg)
2025-04-23 15:59:16 WARN CORRUPT RULE: EnumAbstractToAbstracthas nodes and/ or edges whose type is an unresolved proxy!
2025-04-23 15:59:16 WARN   - modifier, org.eclipse.emf.ecore.impl.EClassImpl@ab98032 (eProxyURI: platform:/plugin/org.emftext.language.java/metamodel/java.ecore#_Wo2Yt9z1Ed2bJ_pQViWxFg)
2025-04-23 15:59:16 WARN CORRUPT RULE: EnumPublicToPublichas nodes and/ or edges whose type is an unresolved proxy!
2025-04-23 15:59:16 WARN   - modifier, org.eclipse.emf.ecore.impl.EClassImpl@d0993f0 (eProxyURI: platform:/plugin/org.emftext.language.java/metamodel/java.ecore#_Wo2Ytdz1Ed2bJ_pQViWxFg)
2025-04-23 15:59:16 WARN CORRUPT RULE: InterfacePrivateToPrivatehas nodes and/ or edges whose type is an unresolved proxy!
2025-04-23 15:59:16 WARN   - modifier, org.eclipse.emf.ecore.impl.EClassImpl@4ed8ae9f (eProxyURI: platform:/plugin/org.emftext.language.java/metamodel/java.ecore#_Wo2Yu9z1Ed2bJ_pQViWxFg)
2025-04-23 15:59:16 WARN CORRUPT RULE: ClassAttributeTypeToPropertyTypehas nodes and/ or edges whose type is an unresolved proxy!
2025-04-23 15:59:16 WARN   - field__typeReference__typeReference_eMoflonEdge, org.eclipse.emf.ecore.impl.EReferenceImpl@1b3606e8 (eProxyURI: platform:/plugin/org.emftext.language.java/metamodel/java.ecore#_Wo2ZQdz1Ed2bJ_pQViWxFg)
2025-04-23 15:59:16 WARN CORRUPT RULE: InterfaceProtectedToProtectedhas nodes and/ or edges whose type is an unresolved proxy!
2025-04-23 15:59:16 WARN   - modifier, org.eclipse.emf.ecore.impl.EClassImpl@28322fd3 (eProxyURI: platform:/plugin/org.emftext.language.java/metamodel/java.ecore#_Wo2Yudz1Ed2bJ_pQViWxFg)
2025-04-23 15:59:16 WARN CORRUPT RULE: MethodClassReturnTypeToReturnTypehas nodes and/ or edges whose type is an unresolved proxy!
2025-04-23 15:59:16 WARN   - javaMethod__typeReference__typeReference_eMoflonEdge, org.eclipse.emf.ecore.impl.EReferenceImpl@556df144 (eProxyURI: platform:/plugin/org.emftext.language.java/metamodel/java.ecore#_Wo2ZQdz1Ed2bJ_pQViWxFg)
2025-04-23 15:59:16 WARN CORRUPT RULE: EnumFinalToFinalhas nodes and/ or edges whose type is an unresolved proxy!
2025-04-23 15:59:16 WARN   - modifier, org.eclipse.emf.ecore.impl.EClassImpl@618b147b (eProxyURI: platform:/plugin/org.emftext.language.java/metamodel/java.ecore#_Wo2Yvdz1Ed2bJ_pQViWxFg)
2025-04-23 15:59:16 WARN CORRUPT RULE: ClassPrivateToPrivatehas nodes and/ or edges whose type is an unresolved proxy!
2025-04-23 15:59:16 WARN   - modifier, org.eclipse.emf.ecore.impl.EClassImpl@181b8d0c (eProxyURI: platform:/plugin/org.emftext.language.java/metamodel/java.ecore#_Wo2Yu9z1Ed2bJ_pQViWxFg)
2025-04-23 15:59:16 WARN CORRUPT RULE: MethodInterfaceParamTypeToParamTypehas nodes and/ or edges whose type is an unresolved proxy!
2025-04-23 15:59:16 WARN   - parameter__typeReference__typeReference_eMoflonEdge, org.eclipse.emf.ecore.impl.EReferenceImpl@efbc6a1 (eProxyURI: platform:/plugin/org.emftext.language.java/metamodel/java.ecore#_Wo2ZQdz1Ed2bJ_pQViWxFg)
2025-04-23 15:59:16 WARN CORRUPT RULE: InterfaceAttributeTypeToPropertyTypehas nodes and/ or edges whose type is an unresolved proxy!
2025-04-23 15:59:16 WARN   - field__typeReference__typeReference_eMoflonEdge, org.eclipse.emf.ecore.impl.EReferenceImpl@5d63d553 (eProxyURI: platform:/plugin/org.emftext.language.java/metamodel/java.ecore#_Wo2ZQdz1Ed2bJ_pQViWxFg)
2025-04-23 15:59:16 WARN CORRUPT RULE: MethodInterfaceReturnTypeToReturnTypehas nodes and/ or edges whose type is an unresolved proxy!
2025-04-23 15:59:16 WARN   - javaMethod__typeReference__typeReference_eMoflonEdge, org.eclipse.emf.ecore.impl.EReferenceImpl@6b56e8ee (eProxyURI: platform:/plugin/org.emftext.language.java/metamodel/java.ecore#_Wo2ZQdz1Ed2bJ_pQViWxFg)
2025-04-23 15:59:16 WARN CORRUPT RULE: InterfaceAbstractToAbstracthas nodes and/ or edges whose type is an unresolved proxy!
2025-04-23 15:59:16 WARN   - modifier, org.eclipse.emf.ecore.impl.EClassImpl@1377e395 (eProxyURI: platform:/plugin/org.emftext.language.java/metamodel/java.ecore#_Wo2Yt9z1Ed2bJ_pQViWxFg)
2025-04-23 15:59:16 WARN CORRUPT RULE: FieldFinalToFinalhas nodes and/ or edges whose type is an unresolved proxy!
2025-04-23 15:59:16 WARN   - modifier, org.eclipse.emf.ecore.impl.EClassImpl@33f17d3d (eProxyURI: platform:/plugin/org.emftext.language.java/metamodel/java.ecore#_Wo2Yvdz1Ed2bJ_pQViWxFg)
2025-04-23 15:59:16 INFO Pattern Conversion took 7.8596 ms
2025-04-23 15:59:16 INFO Starting SYNC
2025-04-23 15:59:16 WARN   LOADED MARKERS : 
    - 
2025-04-23 15:59:16 WARN No rule defined to cover the following change's type: [InsertEAttributeValue] AE=Package:635791b7, name=peketsch
2025-04-23 15:59:16 WARN No rule defined to cover the following change's type: [InsertEAttributeValue] AE=Class:5f324d9f, name=kless
2025-04-23 15:59:16 WARN No rule defined to cover the following change's type: [InsertEAttributeValue] AE=Constructor:b7b5e7, name=constructer
2025-04-23 15:59:16 WARN No rule defined to cover the following change's type: [InsertEAttributeValue] AE=OrdinaryParameter:2aa143ba, name=parrametr
2025-04-23 15:59:16 WARN No rule defined to cover the following change's type: [InsertEAttributeValue] AE=ClassMethod:7abe3d53, name=methed
2025-04-23 15:59:16 WARN No rule defined to cover the following change's type: [InsertEAttributeValue] AE=Field:a885aa1, name=myField
2025-04-23 15:59:16 INFO Pattern Matching took 5.8757 ms
2025-04-23 15:59:16 INFO Created elements: 18
2025-04-23 15:59:16 INFO Deleted elements: 0
2025-04-23 15:59:16 INFO Completed SYNC in: 50 ms
2025-04-23 15:59:16 DEBUG BENCHMARKLOGGER logs: 
2025-04-23 15:59:16 DEBUG BenchmarkLogger
[
  Total elements created .. 18
  Total elements deleted .. 0
  Total matches found ..... 15
  Total matches repaired .. 0
  Total matches revoked ... 0
  Total matches applied ... 8
]
2025-04-23 15:59:16 INFO VitruviusBackwardConversionTGGEngine::terminate called. We do not use this.
2025-04-23 15:59:16 DEBUG Add root to resource: org.eclipse.emf.ecore.xmi.impl.XMIResourceImpl@56aacc7b uri='target\Java2UmlEvaluationGoal1\testJavaMemberDeletedComplex\uml_instance.model'
2025-04-23 15:59:16 INFO -- Added the following corrs: 
2025-04-23 15:59:16 INFO   - [CorrespondenceNode JavaClassifierToUmlClassifier] SRC=Class:5f324d9f, name=kless, TRG=Class:3569f0f1, name=kless
2025-04-23 15:59:16 INFO   - [CorrespondenceNode JavaCompilationUnitToUmlModel] SRC=CompilationUnit:f2bec99, name=null, TRG=Model:14c5d220, name=UML_MODEL
2025-04-23 15:59:16 INFO   - [CorrespondenceNode JavaConstructorToOperation] SRC=Constructor:b7b5e7, name=constructer, TRG=Operation:58070889, name=constructer
2025-04-23 15:59:16 INFO   - [CorrespondenceNode JavaMethodToOperation] SRC=ClassMethod:7abe3d53, name=methed, TRG=Operation:2a080ba3, name=methed
2025-04-23 15:59:16 INFO   - [CorrespondenceNode JavaParameterToParameter] SRC=OrdinaryParameter:372dc92e, name=null, TRG=Parameter:6fc98c70, name=null
2025-04-23 15:59:16 INFO   - [CorrespondenceNode JavaAttributeToUmlProperty] SRC=Field:a885aa1, name=myField, TRG=Property:62a9c857, name=myField
2025-04-23 15:59:16 INFO   - [CorrespondenceNode JavaParameterToParameter] SRC=OrdinaryParameter:2aa143ba, name=parrametr, TRG=Parameter:4cc5c43b, name=parrametr
2025-04-23 15:59:16 INFO   - [CorrespondenceNode JavaPackageToUmlPackage] SRC=Package:635791b7, name=peketsch, TRG=Package:1e1c1634, name=peketsch
2025-04-23 15:59:16 DEBUG End recording virtual model
2025-04-23 15:59:16 DEBUG Propagated <input change> in [[http://www.emftext.org/java]] -> {[[http://www.eclipse.org/uml2/5.0.0/UML]]}
2025-04-23 15:59:16 DEBUG Propagated <input change> in [[http://www.emftext.org/java]] -> [[http://www.eclipse.org/uml2/5.0.0/UML]] -> {}
2025-04-23 15:59:16 DEBUG Propagated <input change> in [[http://www.emftext.org/java]] -> [[http://www.eclipse.org/uml2/5.0.0/UML]] -> {}
2025-04-23 15:59:16 DEBUG Start recording virtual model
2025-04-23 15:59:16 WARN propagateChange not implemented, use propagateChanges (with an s).
2025-04-23 15:59:16 WARN propagateChange not implemented, use propagateChanges (with an s).
2025-04-23 15:59:16 WARN propagateChange not implemented, use propagateChanges (with an s).
2025-04-23 15:59:16 WARN propagateChange not implemented, use propagateChanges (with an s).
2025-04-23 15:59:16 WARN propagateChange not implemented, use propagateChanges (with an s).
2025-04-23 15:59:16 WARN propagateChange not implemented, use propagateChanges (with an s).
2025-04-23 15:59:16 WARN propagateChange not implemented, use propagateChanges (with an s).
2025-04-23 15:59:16 WARN propagateChange not implemented, use propagateChanges (with an s).
2025-04-23 15:59:16 WARN propagateChange not implemented, use propagateChanges (with an s).
2025-04-23 15:59:16 WARN propagateChange not implemented, use propagateChanges (with an s).
2025-04-23 15:59:16 WARN propagateChange not implemented, use propagateChanges (with an s).
2025-04-23 15:59:16 WARN propagateChange not implemented, use propagateChanges (with an s).
2025-04-23 15:59:16 WARN propagateChange not implemented, use propagateChanges (with an s).
2025-04-23 15:59:16 WARN propagateChange not implemented, use propagateChanges (with an s).
2025-04-23 15:59:16 WARN propagateChange not implemented, use propagateChanges (with an s).
2025-04-23 15:59:16 WARN propagateChange not implemented, use propagateChanges (with an s).
2025-04-23 15:59:16 WARN propagateChange not implemented, use propagateChanges (with an s).
2025-04-23 15:59:16 WARN propagateChange not implemented, use propagateChanges (with an s).
2025-04-23 15:59:16 WARN propagateChange not implemented, use propagateChanges (with an s).
2025-04-23 15:59:16 WARN propagateChange not implemented, use propagateChanges (with an s).
2025-04-23 15:59:16 WARN propagateChange not implemented, use propagateChanges (with an s).
2025-04-23 15:59:16 WARN propagateChange not implemented, use propagateChanges (with an s).
2025-04-23 15:59:16 DEBUG End recording virtual model
2025-04-23 15:59:16 DEBUG Propagated <input change> in [[http://www.emftext.org/java]] -> {}
2025-04-23 15:59:16 DEBUG Saving all models of model repository for VSUM @target\Java2UmlEvaluationGoal1\testJavaMemberDeletedComplex
2025-04-23 15:59:16 DEBUG Save resource: org.eclipse.emf.ecore.xmi.impl.XMIResourceImpl@56aacc7b uri='target\Java2UmlEvaluationGoal1\testJavaMemberDeletedComplex\uml_instance.model'
2025-04-23 15:59:16 DEBUG Finished synchronizing change: TransactionalChangeImpl: [
	create Uuid(ord__JSA4cCBLEfCt_d1Q4dqckw)
	insert Uuid(ord__JSA4cCBLEfCt_d1Q4dqckw) at target\Java2UmlEvaluationGoal1\testJavaMemberDeletedComplex\java_instance.model (index 0)
	Uuid(ord__JSA4cCBLEfCt_d1Q4dqckw).name = peketsch (was )
	create Uuid(ord__JSBfgCBLEfCt_d1Q4dqckw)
	Uuid(ord__JSA4cCBLEfCt_d1Q4dqckw).compilationUnits += Uuid(ord__JSBfgCBLEfCt_d1Q4dqckw) (index 0)
	create Uuid(ord__JSBfgSBLEfCt_d1Q4dqckw)
	Uuid(ord__JSBfgCBLEfCt_d1Q4dqckw).classifiers += Uuid(ord__JSBfgSBLEfCt_d1Q4dqckw) (index 0)
	Uuid(ord__JSBfgSBLEfCt_d1Q4dqckw).name = kless (was )
	create Uuid(ord__JSBfgiBLEfCt_d1Q4dqckw)
	Uuid(ord__JSBfgSBLEfCt_d1Q4dqckw).members += Uuid(ord__JSBfgiBLEfCt_d1Q4dqckw) (index 0)
	Uuid(ord__JSBfgiBLEfCt_d1Q4dqckw).name = constructer (was )
	create Uuid(ord__JSBfgyBLEfCt_d1Q4dqckw)
	Uuid(ord__JSBfgiBLEfCt_d1Q4dqckw).parameters += Uuid(ord__JSBfgyBLEfCt_d1Q4dqckw) (index 0)
	Uuid(ord__JSBfgyBLEfCt_d1Q4dqckw).name = parrametr (was )
	create Uuid(ord__JSBfhCBLEfCt_d1Q4dqckw)
	Uuid(ord__JSBfgSBLEfCt_d1Q4dqckw).members += Uuid(ord__JSBfhCBLEfCt_d1Q4dqckw) (index 1)
	Uuid(ord__JSBfhCBLEfCt_d1Q4dqckw).name = methed (was )
	create Uuid(ord__JSBfhSBLEfCt_d1Q4dqckw)
	Uuid(ord__JSBfhCBLEfCt_d1Q4dqckw).parameters += Uuid(ord__JSBfhSBLEfCt_d1Q4dqckw) (index 0)
	create Uuid(ord__JSBfhiBLEfCt_d1Q4dqckw)
	Uuid(ord__JSBfgSBLEfCt_d1Q4dqckw).members += Uuid(ord__JSBfhiBLEfCt_d1Q4dqckw) (index 2)
	Uuid(ord__JSBfhiBLEfCt_d1Q4dqckw).name = myField (was )
]

2025-04-23 15:59:16 INFO Finished change propagation
2025-04-23 15:59:16 INFO Starting change propagation
2025-04-23 15:59:16 DEBUG Started synchronizing change: TransactionalChangeImpl: [
	Uuid(ord__JSBfgSBLEfCt_d1Q4dqckw).members -= Uuid(ord__JSBfgiBLEfCt_d1Q4dqckw) (index 0)
	delete Uuid(ord__JSBfgyBLEfCt_d1Q4dqckw)
	delete Uuid(ord__JSBfgiBLEfCt_d1Q4dqckw)
]

2025-04-23 15:59:16 DEBUG Start recording virtual model
2025-04-23 15:59:16 INFO ------- Calling ibex -------
2025-04-23 15:59:17 INFO Resource found. Now trying to load resource platform:/resource/Java2Uml/instances/corr.xmi which is located at C:\Users\XPS-15\IdeaProjects\Vitruv-TGG-Integration-Test\vsum\..\eclipse-ibex-workspace/Java2Uml/instances/corr.xmi
2025-04-23 15:59:17 INFO ---- CAUSE ? null
]]></system-out>
    <system-err><![CDATA[java.io.IOException: The value of type 'org.eclipse.emf.ecore.impl.EClassImpl@6f3f0fae (name: Field) (instanceClassName: null) (abstract: false, interface: false)' must be of type 'org.eclipse.emf.ecore.impl.EClassImpl@7428de63 (name: Method) (instanceClassName: null) (abstract: true, interface: false)'
	at org.emoflon.smartemf.persistence.SmartEMFResource.load(SmartEMFResource.java:169)
	at org.emoflon.smartemf.persistence.SmartEMFResource.load(SmartEMFResource.java:131)
	at tools.vitruv.dsls.tgg.emoflonintegration.ibex.VitruviusTGGResourceHandler.loadResource(VitruviusTGGResourceHandler.java:126)
	at tools.vitruv.dsls.tgg.emoflonintegration.ibex.VitruviusTGGResourceHandler.loadModels(VitruviusTGGResourceHandler.java:89)
	at org.emoflon.ibex.tgg.operational.strategies.modules.TGGResourceHandler.loadRelevantModels(TGGResourceHandler.java:287)
	at org.emoflon.ibex.tgg.operational.strategies.modules.TGGResourceHandler.initialize(TGGResourceHandler.java:94)
	at org.emoflon.ibex.tgg.operational.strategies.OperationalStrategy.initializeBasicModules(OperationalStrategy.java:88)
	at org.emoflon.ibex.tgg.operational.strategies.OperationalStrategy.<init>(OperationalStrategy.java:69)
	at org.emoflon.ibex.tgg.operational.strategies.OperationalStrategy.<init>(OperationalStrategy.java:64)
	at org.emoflon.ibex.tgg.operational.strategies.PropagatingOperationalStrategy.<init>(PropagatingOperationalStrategy.java:30)
	at org.emoflon.ibex.tgg.operational.strategies.sync.SYNC.<init>(SYNC.java:29)
	at tools.vitruv.dsls.tgg.emoflonintegration.ibex.VitruviusTGGChangePropagationIbexEntrypoint.<init>(VitruviusTGGChangePropagationIbexEntrypoint.java:30)
	at tools.vitruv.dsls.tgg.emoflonintegration.TGGChangePropagationSpecification.propagateChangesHandlingTargetModelRetrieval(TGGChangePropagationSpecification.java:248)
	at tools.vitruv.dsls.tgg.emoflonintegration.TGGChangePropagationSpecification.propagateNonAtomicChange(TGGChangePropagationSpecification.java:149)
	at tools.vitruv.change.propagation.impl.ChangePropagator$ChangePropagation.lambda$propagateNonAtomicChangeForChangePropagationSpecification$21(ChangePropagator.java:320)
	at tools.vitruv.framework.vsum.internal.ResourceRepositoryImpl.recordChanges(ResourceRepositoryImpl.java:179)
	at tools.vitruv.change.propagation.impl.ChangePropagator$ChangePropagation.propagateNonAtomicChangeForChangePropagationSpecification(ChangePropagator.java:323)
	at tools.vitruv.change.propagation.impl.ChangePropagator$ChangePropagation.lambda$propagateNonAtomicChange$7(ChangePropagator.java:101)
	at edu.kit.ipd.sdq.commons.util.java.lang.IterableUtil.flatMapFixedTo(IterableUtil.java:60)
	at edu.kit.ipd.sdq.commons.util.java.lang.IterableUtil.flatMapFixed(IterableUtil.java:55)
	at tools.vitruv.change.propagation.impl.ChangePropagator$ChangePropagation.propagateNonAtomicChange(ChangePropagator.java:103)
	at tools.vitruv.change.propagation.impl.ChangePropagator$ChangePropagation.propagateChanges(ChangePropagator.java:63)
	at tools.vitruv.change.propagation.impl.ChangePropagator.propagateChange(ChangePropagator.java:503)
	at tools.vitruv.framework.vsum.internal.VirtualModelImpl.propagateChange(VirtualModelImpl.java:89)
	at tools.vitruv.framework.views.impl.IdentityMappingViewType.commitViewChanges(IdentityMappingViewType.java:78)
	at tools.vitruv.framework.views.impl.ChangeRecordingView.commitChanges(ChangeRecordingView.java:70)
	at tools.vitruv.methodologisttemplate.vsum.AbstractEvaluationTest.modifyView(AbstractEvaluationTest.java:166)
	at tools.vitruv.methodologisttemplate.vsum.Java2UmlEvaluationGoal1Test.testJavaMemberDeletedComplex(Java2UmlEvaluationGoal1Test.java:1283)
	at java.base/jdk.internal.reflect.DirectMethodHandleAccessor.invoke(DirectMethodHandleAccessor.java:103)
	at java.base/java.lang.reflect.Method.invoke(Method.java:580)
	at org.junit.platform.commons.util.ReflectionUtils.invokeMethod(ReflectionUtils.java:728)
	at org.junit.jupiter.engine.execution.MethodInvocation.proceed(MethodInvocation.java:60)
	at org.junit.jupiter.engine.execution.InvocationInterceptorChain$ValidatingInvocation.proceed(InvocationInterceptorChain.java:131)
	at org.junit.jupiter.engine.extension.TimeoutExtension.intercept(TimeoutExtension.java:156)
	at org.junit.jupiter.engine.extension.TimeoutExtension.interceptTestableMethod(TimeoutExtension.java:147)
	at org.junit.jupiter.engine.extension.TimeoutExtension.interceptTestMethod(TimeoutExtension.java:86)
	at org.junit.jupiter.engine.execution.InterceptingExecutableInvoker$ReflectiveInterceptorCall.lambda$ofVoidMethod$0(InterceptingExecutableInvoker.java:103)
	at org.junit.jupiter.engine.execution.InterceptingExecutableInvoker.lambda$invoke$0(InterceptingExecutableInvoker.java:93)
	at org.junit.jupiter.engine.execution.InvocationInterceptorChain$InterceptedInvocation.proceed(InvocationInterceptorChain.java:106)
	at org.junit.jupiter.engine.execution.InvocationInterceptorChain.proceed(InvocationInterceptorChain.java:64)
	at org.junit.jupiter.engine.execution.InvocationInterceptorChain.chainAndInvoke(InvocationInterceptorChain.java:45)
	at org.junit.jupiter.engine.execution.InvocationInterceptorChain.invoke(InvocationInterceptorChain.java:37)
	at org.junit.jupiter.engine.execution.InterceptingExecutableInvoker.invoke(InterceptingExecutableInvoker.java:92)
	at org.junit.jupiter.engine.execution.InterceptingExecutableInvoker.invoke(InterceptingExecutableInvoker.java:86)
	at org.junit.jupiter.engine.descriptor.TestMethodTestDescriptor.lambda$invokeTestMethod$7(TestMethodTestDescriptor.java:218)
	at org.junit.platform.engine.support.hierarchical.ThrowableCollector.execute(ThrowableCollector.java:73)
	at org.junit.jupiter.engine.descriptor.TestMethodTestDescriptor.invokeTestMethod(TestMethodTestDescriptor.java:214)
	at org.junit.jupiter.engine.descriptor.TestMethodTestDescriptor.execute(TestMethodTestDescriptor.java:139)
	at org.junit.jupiter.engine.descriptor.TestMethodTestDescriptor.execute(TestMethodTestDescriptor.java:69)
	at org.junit.platform.engine.support.hierarchical.NodeTestTask.lambda$executeRecursively$6(NodeTestTask.java:151)
	at org.junit.platform.engine.support.hierarchical.ThrowableCollector.execute(ThrowableCollector.java:73)
	at org.junit.platform.engine.support.hierarchical.NodeTestTask.lambda$executeRecursively$8(NodeTestTask.java:141)
	at org.junit.platform.engine.support.hierarchical.Node.around(Node.java:137)
	at org.junit.platform.engine.support.hierarchical.NodeTestTask.lambda$executeRecursively$9(NodeTestTask.java:139)
	at org.junit.platform.engine.support.hierarchical.ThrowableCollector.execute(ThrowableCollector.java:73)
	at org.junit.platform.engine.support.hierarchical.NodeTestTask.executeRecursively(NodeTestTask.java:138)
	at org.junit.platform.engine.support.hierarchical.NodeTestTask.execute(NodeTestTask.java:95)
	at java.base/java.util.ArrayList.forEach(ArrayList.java:1597)
	at org.junit.platform.engine.support.hierarchical.SameThreadHierarchicalTestExecutorService.invokeAll(SameThreadHierarchicalTestExecutorService.java:41)
	at org.junit.platform.engine.support.hierarchical.NodeTestTask.lambda$executeRecursively$6(NodeTestTask.java:155)
	at org.junit.platform.engine.support.hierarchical.ThrowableCollector.execute(ThrowableCollector.java:73)
	at org.junit.platform.engine.support.hierarchical.NodeTestTask.lambda$executeRecursively$8(NodeTestTask.java:141)
	at org.junit.platform.engine.support.hierarchical.Node.around(Node.java:137)
	at org.junit.platform.engine.support.hierarchical.NodeTestTask.lambda$executeRecursively$9(NodeTestTask.java:139)
	at org.junit.platform.engine.support.hierarchical.ThrowableCollector.execute(ThrowableCollector.java:73)
	at org.junit.platform.engine.support.hierarchical.NodeTestTask.executeRecursively(NodeTestTask.java:138)
	at org.junit.platform.engine.support.hierarchical.NodeTestTask.execute(NodeTestTask.java:95)
	at java.base/java.util.ArrayList.forEach(ArrayList.java:1597)
	at org.junit.platform.engine.support.hierarchical.SameThreadHierarchicalTestExecutorService.invokeAll(SameThreadHierarchicalTestExecutorService.java:41)
	at org.junit.platform.engine.support.hierarchical.NodeTestTask.lambda$executeRecursively$6(NodeTestTask.java:155)
	at org.junit.platform.engine.support.hierarchical.ThrowableCollector.execute(ThrowableCollector.java:73)
	at org.junit.platform.engine.support.hierarchical.NodeTestTask.lambda$executeRecursively$8(NodeTestTask.java:141)
	at org.junit.platform.engine.support.hierarchical.Node.around(Node.java:137)
	at org.junit.platform.engine.support.hierarchical.NodeTestTask.lambda$executeRecursively$9(NodeTestTask.java:139)
	at org.junit.platform.engine.support.hierarchical.ThrowableCollector.execute(ThrowableCollector.java:73)
	at org.junit.platform.engine.support.hierarchical.NodeTestTask.executeRecursively(NodeTestTask.java:138)
	at org.junit.platform.engine.support.hierarchical.NodeTestTask.execute(NodeTestTask.java:95)
	at org.junit.platform.engine.support.hierarchical.SameThreadHierarchicalTestExecutorService.submit(SameThreadHierarchicalTestExecutorService.java:35)
	at org.junit.platform.engine.support.hierarchical.HierarchicalTestExecutor.execute(HierarchicalTestExecutor.java:57)
	at org.junit.platform.engine.support.hierarchical.HierarchicalTestEngine.execute(HierarchicalTestEngine.java:54)
	at org.junit.platform.launcher.core.EngineExecutionOrchestrator.execute(EngineExecutionOrchestrator.java:198)
	at org.junit.platform.launcher.core.EngineExecutionOrchestrator.execute(EngineExecutionOrchestrator.java:169)
	at org.junit.platform.launcher.core.EngineExecutionOrchestrator.execute(EngineExecutionOrchestrator.java:93)
	at org.junit.platform.launcher.core.EngineExecutionOrchestrator.lambda$execute$0(EngineExecutionOrchestrator.java:58)
	at org.junit.platform.launcher.core.EngineExecutionOrchestrator.withInterceptedStreams(EngineExecutionOrchestrator.java:141)
	at org.junit.platform.launcher.core.EngineExecutionOrchestrator.execute(EngineExecutionOrchestrator.java:57)
	at org.junit.platform.launcher.core.DefaultLauncher.execute(DefaultLauncher.java:103)
	at org.junit.platform.launcher.core.DefaultLauncher.execute(DefaultLauncher.java:85)
	at org.junit.platform.launcher.core.DelegatingLauncher.execute(DelegatingLauncher.java:47)
	at org.apache.maven.surefire.junitplatform.LazyLauncher.execute(LazyLauncher.java:56)
	at org.apache.maven.surefire.junitplatform.JUnitPlatformProvider.execute(JUnitPlatformProvider.java:184)
	at org.apache.maven.surefire.junitplatform.JUnitPlatformProvider.invokeAllTests(JUnitPlatformProvider.java:148)
	at org.apache.maven.surefire.junitplatform.JUnitPlatformProvider.invoke(JUnitPlatformProvider.java:122)
	at org.apache.maven.surefire.booter.ForkedBooter.runSuitesInProcess(ForkedBooter.java:385)
	at org.apache.maven.surefire.booter.ForkedBooter.execute(ForkedBooter.java:162)
	at org.apache.maven.surefire.booter.ForkedBooter.run(ForkedBooter.java:507)
	at org.apache.maven.surefire.booter.ForkedBooter.main(ForkedBooter.java:495)
]]></system-err>
  </testcase>
  <testcase name="testEnumConstantDeleted" classname="tools.vitruv.methodologisttemplate.vsum.Java2UmlEvaluationGoal1Test" time="0.645">
    <system-out><![CDATA[2025-04-23 15:59:17 INFO eclipse-ibex-workspace: C:\Users\XPS-15\IdeaProjects\Vitruv-TGG-Integration-Test\vsum\..\eclipse-ibex-workspace\Java2Uml
2025-04-23 15:59:17 INFO setupCorrAndProtocol: Wiping corr.xmi and protocol.xmi
2025-04-23 15:59:17 INFO setupCorrAndProtocol: Wiping corr.xmi and protocol.xmi
2025-04-23 15:59:17 INFO Starting change propagation
2025-04-23 15:59:17 DEBUG Started synchronizing change: TransactionalChangeImpl: [
	create Uuid(ord__JWskICBLEfCt_d1Q4dqckw)
	insert Uuid(ord__JWskICBLEfCt_d1Q4dqckw) at target\Java2UmlEvaluationGoal1\testEnumConstantDeleted\java_instance.model (index 0)
	Uuid(ord__JWskICBLEfCt_d1Q4dqckw).name = peketsch (was )
	create Uuid(ord__JWtLMCBLEfCt_d1Q4dqckw)
	Uuid(ord__JWskICBLEfCt_d1Q4dqckw).compilationUnits += Uuid(ord__JWtLMCBLEfCt_d1Q4dqckw) (index 0)
	create Uuid(ord__JWtLMSBLEfCt_d1Q4dqckw)
	Uuid(ord__JWtLMCBLEfCt_d1Q4dqckw).classifiers += Uuid(ord__JWtLMSBLEfCt_d1Q4dqckw) (index 0)
	Uuid(ord__JWtLMSBLEfCt_d1Q4dqckw).name = ehnumm (was )
	create Uuid(ord__JWtyQCBLEfCt_d1Q4dqckw)
	Uuid(ord__JWtLMSBLEfCt_d1Q4dqckw).constants += Uuid(ord__JWtyQCBLEfCt_d1Q4dqckw) (index 0)
	Uuid(ord__JWtyQCBLEfCt_d1Q4dqckw).name = ehnummKonschtant (was )
]

2025-04-23 15:59:17 DEBUG Create model instance for resource with URI: target\Java2UmlEvaluationGoal1\testEnumConstantDeleted\java_instance.model
2025-04-23 15:59:17 DEBUG Start recording virtual model
2025-04-23 15:59:17 INFO ------- Calling ibex -------
2025-04-23 15:59:17 INFO Source Model has no respective target model yet. Creating one.
2025-04-23 15:59:17 DEBUG Create model instance for resource with URI: target\Java2UmlEvaluationGoal1\testEnumConstantDeleted\uml_instance.model
2025-04-23 15:59:17 INFO Resource not found. Not loading. Path=C:\Users\XPS-15\IdeaProjects\Vitruv-TGG-Integration-Test\vsum\..\eclipse-ibex-workspace/Java2Uml/instances/corr.xmi
2025-04-23 15:59:17 INFO Resource not found. Not loading. Path=C:\Users\XPS-15\IdeaProjects\Vitruv-TGG-Integration-Test\vsum\..\eclipse-ibex-workspace/Java2Uml/instances/protocol.xmi
2025-04-23 15:59:17 WARN CORRUPT RULE: EnumAbstractToAbstracthas nodes and/ or edges whose type is an unresolved proxy!
2025-04-23 15:59:17 WARN   - modifier, org.eclipse.emf.ecore.impl.EClassImpl@73e2a3ae (eProxyURI: platform:/plugin/org.emftext.language.java/metamodel/java.ecore#_Wo2Yt9z1Ed2bJ_pQViWxFg)
2025-04-23 15:59:17 WARN CORRUPT RULE: InterfacePublicToPublichas nodes and/ or edges whose type is an unresolved proxy!
2025-04-23 15:59:17 WARN   - modifier, org.eclipse.emf.ecore.impl.EClassImpl@66dad66f (eProxyURI: platform:/plugin/org.emftext.language.java/metamodel/java.ecore#_Wo2Ytdz1Ed2bJ_pQViWxFg)
2025-04-23 15:59:17 WARN CORRUPT RULE: MethodEnumParamTypeToParamTypehas nodes and/ or edges whose type is an unresolved proxy!
2025-04-23 15:59:17 WARN   - parameter__typeReference__typeReference_eMoflonEdge, org.eclipse.emf.ecore.impl.EReferenceImpl@1aa9635c (eProxyURI: platform:/plugin/org.emftext.language.java/metamodel/java.ecore#_Wo2ZQdz1Ed2bJ_pQViWxFg)
2025-04-23 15:59:17 WARN CORRUPT RULE: MethodStaticToStatichas nodes and/ or edges whose type is an unresolved proxy!
2025-04-23 15:59:17 WARN   - modifier, org.eclipse.emf.ecore.impl.EClassImpl@71d6e503 (eProxyURI: platform:/plugin/org.emftext.language.java/metamodel/java.ecore#_Wo2Yv9z1Ed2bJ_pQViWxFg)
2025-04-23 15:59:17 WARN CORRUPT RULE: MethodInterfaceReturnTypeToReturnTypehas nodes and/ or edges whose type is an unresolved proxy!
2025-04-23 15:59:17 WARN   - javaMethod__typeReference__typeReference_eMoflonEdge, org.eclipse.emf.ecore.impl.EReferenceImpl@5eff875a (eProxyURI: platform:/plugin/org.emftext.language.java/metamodel/java.ecore#_Wo2ZQdz1Ed2bJ_pQViWxFg)
2025-04-23 15:59:17 WARN CORRUPT RULE: ClassProtectedToProtectedhas nodes and/ or edges whose type is an unresolved proxy!
2025-04-23 15:59:17 WARN   - modifier, org.eclipse.emf.ecore.impl.EClassImpl@2027e9f9 (eProxyURI: platform:/plugin/org.emftext.language.java/metamodel/java.ecore#_Wo2Yudz1Ed2bJ_pQViWxFg)
2025-04-23 15:59:17 WARN CORRUPT RULE: MethodInterfaceParamTypeToParamTypehas nodes and/ or edges whose type is an unresolved proxy!
2025-04-23 15:59:17 WARN   - parameter__typeReference__typeReference_eMoflonEdge, org.eclipse.emf.ecore.impl.EReferenceImpl@608ccfcd (eProxyURI: platform:/plugin/org.emftext.language.java/metamodel/java.ecore#_Wo2ZQdz1Ed2bJ_pQViWxFg)
2025-04-23 15:59:17 WARN CORRUPT RULE: ClassFinalToFinalhas nodes and/ or edges whose type is an unresolved proxy!
2025-04-23 15:59:17 WARN   - modifier, org.eclipse.emf.ecore.impl.EClassImpl@66cb7a21 (eProxyURI: platform:/plugin/org.emftext.language.java/metamodel/java.ecore#_Wo2Yvdz1Ed2bJ_pQViWxFg)
2025-04-23 15:59:17 WARN CORRUPT RULE: FieldStaticToStatichas nodes and/ or edges whose type is an unresolved proxy!
2025-04-23 15:59:17 WARN   - modifier, org.eclipse.emf.ecore.impl.EClassImpl@78605670 (eProxyURI: platform:/plugin/org.emftext.language.java/metamodel/java.ecore#_Wo2Yv9z1Ed2bJ_pQViWxFg)
2025-04-23 15:59:17 WARN CORRUPT RULE: MethodClassParamTypeToParamTypehas nodes and/ or edges whose type is an unresolved proxy!
2025-04-23 15:59:17 WARN   - parameter__typeReference__typeReference_eMoflonEdge, org.eclipse.emf.ecore.impl.EReferenceImpl@5d05bb29 (eProxyURI: platform:/plugin/org.emftext.language.java/metamodel/java.ecore#_Wo2ZQdz1Ed2bJ_pQViWxFg)
2025-04-23 15:59:17 WARN CORRUPT RULE: MethodAbstractToAbstracthas nodes and/ or edges whose type is an unresolved proxy!
2025-04-23 15:59:17 WARN   - modifier, org.eclipse.emf.ecore.impl.EClassImpl@79009bde (eProxyURI: platform:/plugin/org.emftext.language.java/metamodel/java.ecore#_Wo2Yt9z1Ed2bJ_pQViWxFg)
2025-04-23 15:59:17 WARN CORRUPT RULE: ClassPublicToPublichas nodes and/ or edges whose type is an unresolved proxy!
2025-04-23 15:59:17 WARN   - modifier, org.eclipse.emf.ecore.impl.EClassImpl@7f83cc90 (eProxyURI: platform:/plugin/org.emftext.language.java/metamodel/java.ecore#_Wo2Ytdz1Ed2bJ_pQViWxFg)
2025-04-23 15:59:17 WARN CORRUPT RULE: ConstructorInterfaceParamTypeToParamTypehas nodes and/ or edges whose type is an unresolved proxy!
2025-04-23 15:59:17 WARN   - parameter__typeReference__typeReference_eMoflonEdge, org.eclipse.emf.ecore.impl.EReferenceImpl@4db65fac (eProxyURI: platform:/plugin/org.emftext.language.java/metamodel/java.ecore#_Wo2ZQdz1Ed2bJ_pQViWxFg)
2025-04-23 15:59:17 WARN CORRUPT RULE: ConstructorClassParamTypeToParamTypehas nodes and/ or edges whose type is an unresolved proxy!
2025-04-23 15:59:17 WARN   - parameter__typeReference__typeReference_eMoflonEdge, org.eclipse.emf.ecore.impl.EReferenceImpl@5cfadadc (eProxyURI: platform:/plugin/org.emftext.language.java/metamodel/java.ecore#_Wo2ZQdz1Ed2bJ_pQViWxFg)
2025-04-23 15:59:17 WARN CORRUPT RULE: InterfaceAttributeTypeToPropertyTypehas nodes and/ or edges whose type is an unresolved proxy!
2025-04-23 15:59:17 WARN   - field__typeReference__typeReference_eMoflonEdge, org.eclipse.emf.ecore.impl.EReferenceImpl@3c247c8d (eProxyURI: platform:/plugin/org.emftext.language.java/metamodel/java.ecore#_Wo2ZQdz1Ed2bJ_pQViWxFg)
2025-04-23 15:59:17 WARN CORRUPT RULE: ClassAbstractToAbstracthas nodes and/ or edges whose type is an unresolved proxy!
2025-04-23 15:59:17 WARN   - modifier, org.eclipse.emf.ecore.impl.EClassImpl@6895b608 (eProxyURI: platform:/plugin/org.emftext.language.java/metamodel/java.ecore#_Wo2Yt9z1Ed2bJ_pQViWxFg)
2025-04-23 15:59:17 WARN CORRUPT RULE: EnumPublicToPublichas nodes and/ or edges whose type is an unresolved proxy!
2025-04-23 15:59:17 WARN   - modifier, org.eclipse.emf.ecore.impl.EClassImpl@349a8977 (eProxyURI: platform:/plugin/org.emftext.language.java/metamodel/java.ecore#_Wo2Ytdz1Ed2bJ_pQViWxFg)
2025-04-23 15:59:17 WARN CORRUPT RULE: MethodEnumReturnTypeToReturnTypehas nodes and/ or edges whose type is an unresolved proxy!
2025-04-23 15:59:17 WARN   - javaMethod__typeReference__typeReference_eMoflonEdge, org.eclipse.emf.ecore.impl.EReferenceImpl@ed37f28 (eProxyURI: platform:/plugin/org.emftext.language.java/metamodel/java.ecore#_Wo2ZQdz1Ed2bJ_pQViWxFg)
2025-04-23 15:59:17 WARN CORRUPT RULE: ClassPrivateToPrivatehas nodes and/ or edges whose type is an unresolved proxy!
2025-04-23 15:59:17 WARN   - modifier, org.eclipse.emf.ecore.impl.EClassImpl@6fe2f6a0 (eProxyURI: platform:/plugin/org.emftext.language.java/metamodel/java.ecore#_Wo2Yu9z1Ed2bJ_pQViWxFg)
2025-04-23 15:59:17 WARN CORRUPT RULE: InterfacePrivateToPrivatehas nodes and/ or edges whose type is an unresolved proxy!
2025-04-23 15:59:17 WARN   - modifier, org.eclipse.emf.ecore.impl.EClassImpl@2c9542eb (eProxyURI: platform:/plugin/org.emftext.language.java/metamodel/java.ecore#_Wo2Yu9z1Ed2bJ_pQViWxFg)
2025-04-23 15:59:17 WARN CORRUPT RULE: InterfaceProtectedToProtectedhas nodes and/ or edges whose type is an unresolved proxy!
2025-04-23 15:59:17 WARN   - modifier, org.eclipse.emf.ecore.impl.EClassImpl@4346ed39 (eProxyURI: platform:/plugin/org.emftext.language.java/metamodel/java.ecore#_Wo2Yudz1Ed2bJ_pQViWxFg)
2025-04-23 15:59:17 WARN CORRUPT RULE: EnumPrivateToPrivatehas nodes and/ or edges whose type is an unresolved proxy!
2025-04-23 15:59:17 WARN   - modifier, org.eclipse.emf.ecore.impl.EClassImpl@2e85cce1 (eProxyURI: platform:/plugin/org.emftext.language.java/metamodel/java.ecore#_Wo2Yu9z1Ed2bJ_pQViWxFg)
2025-04-23 15:59:17 WARN CORRUPT RULE: ClassAttributeTypeToPropertyTypehas nodes and/ or edges whose type is an unresolved proxy!
2025-04-23 15:59:17 WARN   - field__typeReference__typeReference_eMoflonEdge, org.eclipse.emf.ecore.impl.EReferenceImpl@2b9ea20c (eProxyURI: platform:/plugin/org.emftext.language.java/metamodel/java.ecore#_Wo2ZQdz1Ed2bJ_pQViWxFg)
2025-04-23 15:59:17 WARN CORRUPT RULE: FieldFinalToFinalhas nodes and/ or edges whose type is an unresolved proxy!
2025-04-23 15:59:17 WARN   - modifier, org.eclipse.emf.ecore.impl.EClassImpl@9d7d83d (eProxyURI: platform:/plugin/org.emftext.language.java/metamodel/java.ecore#_Wo2Yvdz1Ed2bJ_pQViWxFg)
2025-04-23 15:59:17 WARN CORRUPT RULE: InterfaceFinalToFinalhas nodes and/ or edges whose type is an unresolved proxy!
2025-04-23 15:59:17 WARN   - modifier, org.eclipse.emf.ecore.impl.EClassImpl@25af233d (eProxyURI: platform:/plugin/org.emftext.language.java/metamodel/java.ecore#_Wo2Yvdz1Ed2bJ_pQViWxFg)
2025-04-23 15:59:17 WARN CORRUPT RULE: MethodClassReturnTypeToReturnTypehas nodes and/ or edges whose type is an unresolved proxy!
2025-04-23 15:59:17 WARN   - javaMethod__typeReference__typeReference_eMoflonEdge, org.eclipse.emf.ecore.impl.EReferenceImpl@3464d24c (eProxyURI: platform:/plugin/org.emftext.language.java/metamodel/java.ecore#_Wo2ZQdz1Ed2bJ_pQViWxFg)
2025-04-23 15:59:17 WARN CORRUPT RULE: EnumFinalToFinalhas nodes and/ or edges whose type is an unresolved proxy!
2025-04-23 15:59:17 WARN   - modifier, org.eclipse.emf.ecore.impl.EClassImpl@68754439 (eProxyURI: platform:/plugin/org.emftext.language.java/metamodel/java.ecore#_Wo2Yvdz1Ed2bJ_pQViWxFg)
2025-04-23 15:59:17 WARN CORRUPT RULE: MethodFinalToFinalhas nodes and/ or edges whose type is an unresolved proxy!
2025-04-23 15:59:17 WARN   - modifier, org.eclipse.emf.ecore.impl.EClassImpl@56595dcb (eProxyURI: platform:/plugin/org.emftext.language.java/metamodel/java.ecore#_Wo2Yvdz1Ed2bJ_pQViWxFg)
2025-04-23 15:59:17 WARN CORRUPT RULE: EnumAttributeTypeToPropertyTypehas nodes and/ or edges whose type is an unresolved proxy!
2025-04-23 15:59:17 WARN   - field__typeReference__typeReference_eMoflonEdge, org.eclipse.emf.ecore.impl.EReferenceImpl@59e7a6d8 (eProxyURI: platform:/plugin/org.emftext.language.java/metamodel/java.ecore#_Wo2ZQdz1Ed2bJ_pQViWxFg)
2025-04-23 15:59:17 WARN CORRUPT RULE: EnumProtectedToProtectedhas nodes and/ or edges whose type is an unresolved proxy!
2025-04-23 15:59:17 WARN   - modifier, org.eclipse.emf.ecore.impl.EClassImpl@69503026 (eProxyURI: platform:/plugin/org.emftext.language.java/metamodel/java.ecore#_Wo2Yudz1Ed2bJ_pQViWxFg)
2025-04-23 15:59:17 WARN CORRUPT RULE: InterfaceAbstractToAbstracthas nodes and/ or edges whose type is an unresolved proxy!
2025-04-23 15:59:17 WARN   - modifier, org.eclipse.emf.ecore.impl.EClassImpl@1d6c69ff (eProxyURI: platform:/plugin/org.emftext.language.java/metamodel/java.ecore#_Wo2Yt9z1Ed2bJ_pQViWxFg)
2025-04-23 15:59:17 WARN CORRUPT RULE: ConstructorEnumParamTypeToParamTypehas nodes and/ or edges whose type is an unresolved proxy!
2025-04-23 15:59:17 WARN   - parameter__typeReference__typeReference_eMoflonEdge, org.eclipse.emf.ecore.impl.EReferenceImpl@5c65001c (eProxyURI: platform:/plugin/org.emftext.language.java/metamodel/java.ecore#_Wo2ZQdz1Ed2bJ_pQViWxFg)
2025-04-23 15:59:17 INFO Pattern Conversion took 9.6058 ms
2025-04-23 15:59:17 INFO Starting SYNC
2025-04-23 15:59:17 WARN   LOADED MARKERS : 
    - 
2025-04-23 15:59:17 WARN No rule defined to cover the following change's type: [InsertEAttributeValue] AE=Package:6de6467a, name=peketsch
2025-04-23 15:59:17 WARN No rule defined to cover the following change's type: [InsertEAttributeValue] AE=Enumeration:6f8060ac, name=ehnumm
2025-04-23 15:59:17 WARN No rule defined to cover the following change's type: [InsertEAttributeValue] AE=EnumConstant:308a2eb0, name=ehnummKonschtant
2025-04-23 15:59:17 INFO Pattern Matching took 3.2145 ms
2025-04-23 15:59:17 INFO Created elements: 14
2025-04-23 15:59:17 INFO Deleted elements: 0
2025-04-23 15:59:17 INFO Completed SYNC in: 27 ms
2025-04-23 15:59:17 DEBUG BENCHMARKLOGGER logs: 
2025-04-23 15:59:17 DEBUG BenchmarkLogger
[
  Total elements created .. 14
  Total elements deleted .. 0
  Total matches found ..... 6
  Total matches repaired .. 0
  Total matches revoked ... 0
  Total matches applied ... 4
]
2025-04-23 15:59:17 INFO VitruviusBackwardConversionTGGEngine::terminate called. We do not use this.
2025-04-23 15:59:17 DEBUG Add root to resource: org.eclipse.emf.ecore.xmi.impl.XMIResourceImpl@737652a9 uri='target\Java2UmlEvaluationGoal1\testEnumConstantDeleted\uml_instance.model'
2025-04-23 15:59:17 INFO -- Added the following corrs: 
2025-04-23 15:59:17 INFO   - [CorrespondenceNode JavaEnumConstantToUmlEnumLiteral] SRC=EnumConstant:308a2eb0, name=ehnummKonschtant, TRG=EnumerationLiteral:140a2add, name=ehnummKonschtant
2025-04-23 15:59:17 INFO   - [CorrespondenceNode JavaClassifierToUmlClassifier] SRC=Enumeration:6f8060ac, name=ehnumm, TRG=Enumeration:620bab73, name=ehnumm
2025-04-23 15:59:17 INFO   - [CorrespondenceNode JavaPackageToUmlPackage] SRC=Package:6de6467a, name=peketsch, TRG=Package:64f248ea, name=peketsch
2025-04-23 15:59:17 INFO   - [CorrespondenceNode JavaCompilationUnitToUmlModel] SRC=CompilationUnit:7aadb5e8, name=null, TRG=Model:13b6f82d, name=UML_MODEL
2025-04-23 15:59:17 DEBUG End recording virtual model
2025-04-23 15:59:17 DEBUG Propagated <input change> in [[http://www.emftext.org/java]] -> {[[http://www.eclipse.org/uml2/5.0.0/UML]]}
2025-04-23 15:59:17 DEBUG Propagated <input change> in [[http://www.emftext.org/java]] -> [[http://www.eclipse.org/uml2/5.0.0/UML]] -> {}
2025-04-23 15:59:17 DEBUG Propagated <input change> in [[http://www.emftext.org/java]] -> [[http://www.eclipse.org/uml2/5.0.0/UML]] -> {}
2025-04-23 15:59:17 DEBUG Start recording virtual model
2025-04-23 15:59:17 WARN propagateChange not implemented, use propagateChanges (with an s).
2025-04-23 15:59:17 WARN propagateChange not implemented, use propagateChanges (with an s).
2025-04-23 15:59:17 WARN propagateChange not implemented, use propagateChanges (with an s).
2025-04-23 15:59:17 WARN propagateChange not implemented, use propagateChanges (with an s).
2025-04-23 15:59:17 WARN propagateChange not implemented, use propagateChanges (with an s).
2025-04-23 15:59:17 WARN propagateChange not implemented, use propagateChanges (with an s).
2025-04-23 15:59:17 WARN propagateChange not implemented, use propagateChanges (with an s).
2025-04-23 15:59:17 WARN propagateChange not implemented, use propagateChanges (with an s).
2025-04-23 15:59:17 WARN propagateChange not implemented, use propagateChanges (with an s).
2025-04-23 15:59:17 WARN propagateChange not implemented, use propagateChanges (with an s).
2025-04-23 15:59:17 WARN propagateChange not implemented, use propagateChanges (with an s).
2025-04-23 15:59:17 DEBUG End recording virtual model
2025-04-23 15:59:17 DEBUG Propagated <input change> in [[http://www.emftext.org/java]] -> {}
2025-04-23 15:59:17 DEBUG Saving all models of model repository for VSUM @target\Java2UmlEvaluationGoal1\testEnumConstantDeleted
2025-04-23 15:59:17 DEBUG Save resource: org.eclipse.emf.ecore.xmi.impl.XMIResourceImpl@737652a9 uri='target\Java2UmlEvaluationGoal1\testEnumConstantDeleted\uml_instance.model'
2025-04-23 15:59:17 DEBUG Finished synchronizing change: TransactionalChangeImpl: [
	create Uuid(ord__JWskICBLEfCt_d1Q4dqckw)
	insert Uuid(ord__JWskICBLEfCt_d1Q4dqckw) at target\Java2UmlEvaluationGoal1\testEnumConstantDeleted\java_instance.model (index 0)
	Uuid(ord__JWskICBLEfCt_d1Q4dqckw).name = peketsch (was )
	create Uuid(ord__JWtLMCBLEfCt_d1Q4dqckw)
	Uuid(ord__JWskICBLEfCt_d1Q4dqckw).compilationUnits += Uuid(ord__JWtLMCBLEfCt_d1Q4dqckw) (index 0)
	create Uuid(ord__JWtLMSBLEfCt_d1Q4dqckw)
	Uuid(ord__JWtLMCBLEfCt_d1Q4dqckw).classifiers += Uuid(ord__JWtLMSBLEfCt_d1Q4dqckw) (index 0)
	Uuid(ord__JWtLMSBLEfCt_d1Q4dqckw).name = ehnumm (was )
	create Uuid(ord__JWtyQCBLEfCt_d1Q4dqckw)
	Uuid(ord__JWtLMSBLEfCt_d1Q4dqckw).constants += Uuid(ord__JWtyQCBLEfCt_d1Q4dqckw) (index 0)
	Uuid(ord__JWtyQCBLEfCt_d1Q4dqckw).name = ehnummKonschtant (was )
]

2025-04-23 15:59:17 INFO Finished change propagation
assertChildMatches for StrucFeatExpectation [StrucFeatExpectation] packagedElement
assertChildMatches for StrucFeatExpectation [StrucFeatExpectation] ownedLiteral
2025-04-23 15:59:17 INFO Starting change propagation
2025-04-23 15:59:17 DEBUG Started synchronizing change: TransactionalChangeImpl: [
	Uuid(ord__JWtLMSBLEfCt_d1Q4dqckw).constants -= Uuid(ord__JWtyQCBLEfCt_d1Q4dqckw) (index 0)
	delete Uuid(ord__JWtyQCBLEfCt_d1Q4dqckw)
]

2025-04-23 15:59:17 DEBUG Start recording virtual model
2025-04-23 15:59:17 INFO ------- Calling ibex -------
2025-04-23 15:59:17 INFO Resource found. Now trying to load resource platform:/resource/Java2Uml/instances/corr.xmi which is located at C:\Users\XPS-15\IdeaProjects\Vitruv-TGG-Integration-Test\vsum\..\eclipse-ibex-workspace/Java2Uml/instances/corr.xmi
2025-04-23 15:59:17 INFO Resource found. Now trying to load resource platform:/resource/Java2Uml/instances/protocol.xmi which is located at C:\Users\XPS-15\IdeaProjects\Vitruv-TGG-Integration-Test\vsum\..\eclipse-ibex-workspace/Java2Uml/instances/protocol.xmi
2025-04-23 15:59:17 WARN CORRUPT RULE: EnumAttributeTypeToPropertyTypehas nodes and/ or edges whose type is an unresolved proxy!
2025-04-23 15:59:17 WARN   - field__typeReference__typeReference_eMoflonEdge, org.eclipse.emf.ecore.impl.EReferenceImpl@14a7e16e (eProxyURI: platform:/plugin/org.emftext.language.java/metamodel/java.ecore#_Wo2ZQdz1Ed2bJ_pQViWxFg)
2025-04-23 15:59:17 WARN CORRUPT RULE: MethodClassParamTypeToParamTypehas nodes and/ or edges whose type is an unresolved proxy!
2025-04-23 15:59:17 WARN   - parameter__typeReference__typeReference_eMoflonEdge, org.eclipse.emf.ecore.impl.EReferenceImpl@6f286e1d (eProxyURI: platform:/plugin/org.emftext.language.java/metamodel/java.ecore#_Wo2ZQdz1Ed2bJ_pQViWxFg)
2025-04-23 15:59:17 WARN CORRUPT RULE: MethodInterfaceParamTypeToParamTypehas nodes and/ or edges whose type is an unresolved proxy!
2025-04-23 15:59:17 WARN   - parameter__typeReference__typeReference_eMoflonEdge, org.eclipse.emf.ecore.impl.EReferenceImpl@6d293b41 (eProxyURI: platform:/plugin/org.emftext.language.java/metamodel/java.ecore#_Wo2ZQdz1Ed2bJ_pQViWxFg)
2025-04-23 15:59:17 WARN CORRUPT RULE: FieldFinalToFinalhas nodes and/ or edges whose type is an unresolved proxy!
2025-04-23 15:59:17 WARN   - modifier, org.eclipse.emf.ecore.impl.EClassImpl@2079ce51 (eProxyURI: platform:/plugin/org.emftext.language.java/metamodel/java.ecore#_Wo2Yvdz1Ed2bJ_pQViWxFg)
2025-04-23 15:59:17 WARN CORRUPT RULE: MethodEnumParamTypeToParamTypehas nodes and/ or edges whose type is an unresolved proxy!
2025-04-23 15:59:17 WARN   - parameter__typeReference__typeReference_eMoflonEdge, org.eclipse.emf.ecore.impl.EReferenceImpl@32c503d3 (eProxyURI: platform:/plugin/org.emftext.language.java/metamodel/java.ecore#_Wo2ZQdz1Ed2bJ_pQViWxFg)
2025-04-23 15:59:17 WARN CORRUPT RULE: ClassAbstractToAbstracthas nodes and/ or edges whose type is an unresolved proxy!
2025-04-23 15:59:17 WARN   - modifier, org.eclipse.emf.ecore.impl.EClassImpl@38c38c5a (eProxyURI: platform:/plugin/org.emftext.language.java/metamodel/java.ecore#_Wo2Yt9z1Ed2bJ_pQViWxFg)
2025-04-23 15:59:17 WARN CORRUPT RULE: MethodFinalToFinalhas nodes and/ or edges whose type is an unresolved proxy!
2025-04-23 15:59:17 WARN   - modifier, org.eclipse.emf.ecore.impl.EClassImpl@221b9c2b (eProxyURI: platform:/plugin/org.emftext.language.java/metamodel/java.ecore#_Wo2Yvdz1Ed2bJ_pQViWxFg)
2025-04-23 15:59:17 WARN CORRUPT RULE: ClassProtectedToProtectedhas nodes and/ or edges whose type is an unresolved proxy!
2025-04-23 15:59:17 WARN   - modifier, org.eclipse.emf.ecore.impl.EClassImpl@66049424 (eProxyURI: platform:/plugin/org.emftext.language.java/metamodel/java.ecore#_Wo2Yudz1Ed2bJ_pQViWxFg)
2025-04-23 15:59:17 WARN CORRUPT RULE: ClassAttributeTypeToPropertyTypehas nodes and/ or edges whose type is an unresolved proxy!
2025-04-23 15:59:17 WARN   - field__typeReference__typeReference_eMoflonEdge, org.eclipse.emf.ecore.impl.EReferenceImpl@766f2d65 (eProxyURI: platform:/plugin/org.emftext.language.java/metamodel/java.ecore#_Wo2ZQdz1Ed2bJ_pQViWxFg)
2025-04-23 15:59:17 WARN CORRUPT RULE: InterfaceAttributeTypeToPropertyTypehas nodes and/ or edges whose type is an unresolved proxy!
2025-04-23 15:59:17 WARN   - field__typeReference__typeReference_eMoflonEdge, org.eclipse.emf.ecore.impl.EReferenceImpl@7dcbcede (eProxyURI: platform:/plugin/org.emftext.language.java/metamodel/java.ecore#_Wo2ZQdz1Ed2bJ_pQViWxFg)
2025-04-23 15:59:17 WARN CORRUPT RULE: InterfaceFinalToFinalhas nodes and/ or edges whose type is an unresolved proxy!
2025-04-23 15:59:17 WARN   - modifier, org.eclipse.emf.ecore.impl.EClassImpl@22ef1086 (eProxyURI: platform:/plugin/org.emftext.language.java/metamodel/java.ecore#_Wo2Yvdz1Ed2bJ_pQViWxFg)
2025-04-23 15:59:17 WARN CORRUPT RULE: MethodAbstractToAbstracthas nodes and/ or edges whose type is an unresolved proxy!
2025-04-23 15:59:17 WARN   - modifier, org.eclipse.emf.ecore.impl.EClassImpl@5841716b (eProxyURI: platform:/plugin/org.emftext.language.java/metamodel/java.ecore#_Wo2Yt9z1Ed2bJ_pQViWxFg)
2025-04-23 15:59:17 WARN CORRUPT RULE: FieldStaticToStatichas nodes and/ or edges whose type is an unresolved proxy!
2025-04-23 15:59:17 WARN   - modifier, org.eclipse.emf.ecore.impl.EClassImpl@fbb39ea (eProxyURI: platform:/plugin/org.emftext.language.java/metamodel/java.ecore#_Wo2Yv9z1Ed2bJ_pQViWxFg)
2025-04-23 15:59:17 WARN CORRUPT RULE: ConstructorInterfaceParamTypeToParamTypehas nodes and/ or edges whose type is an unresolved proxy!
2025-04-23 15:59:17 WARN   - parameter__typeReference__typeReference_eMoflonEdge, org.eclipse.emf.ecore.impl.EReferenceImpl@58968733 (eProxyURI: platform:/plugin/org.emftext.language.java/metamodel/java.ecore#_Wo2ZQdz1Ed2bJ_pQViWxFg)
2025-04-23 15:59:17 WARN CORRUPT RULE: EnumAbstractToAbstracthas nodes and/ or edges whose type is an unresolved proxy!
2025-04-23 15:59:17 WARN   - modifier, org.eclipse.emf.ecore.impl.EClassImpl@87f4794 (eProxyURI: platform:/plugin/org.emftext.language.java/metamodel/java.ecore#_Wo2Yt9z1Ed2bJ_pQViWxFg)
2025-04-23 15:59:17 WARN CORRUPT RULE: MethodStaticToStatichas nodes and/ or edges whose type is an unresolved proxy!
2025-04-23 15:59:17 WARN   - modifier, org.eclipse.emf.ecore.impl.EClassImpl@146b3bc7 (eProxyURI: platform:/plugin/org.emftext.language.java/metamodel/java.ecore#_Wo2Yv9z1Ed2bJ_pQViWxFg)
2025-04-23 15:59:17 WARN CORRUPT RULE: MethodClassReturnTypeToReturnTypehas nodes and/ or edges whose type is an unresolved proxy!
2025-04-23 15:59:17 WARN   - javaMethod__typeReference__typeReference_eMoflonEdge, org.eclipse.emf.ecore.impl.EReferenceImpl@523d6b45 (eProxyURI: platform:/plugin/org.emftext.language.java/metamodel/java.ecore#_Wo2ZQdz1Ed2bJ_pQViWxFg)
2025-04-23 15:59:17 WARN CORRUPT RULE: ClassPrivateToPrivatehas nodes and/ or edges whose type is an unresolved proxy!
2025-04-23 15:59:17 WARN   - modifier, org.eclipse.emf.ecore.impl.EClassImpl@23f6a18d (eProxyURI: platform:/plugin/org.emftext.language.java/metamodel/java.ecore#_Wo2Yu9z1Ed2bJ_pQViWxFg)
2025-04-23 15:59:17 WARN CORRUPT RULE: ClassFinalToFinalhas nodes and/ or edges whose type is an unresolved proxy!
2025-04-23 15:59:17 WARN   - modifier, org.eclipse.emf.ecore.impl.EClassImpl@5cbb2b1d (eProxyURI: platform:/plugin/org.emftext.language.java/metamodel/java.ecore#_Wo2Yvdz1Ed2bJ_pQViWxFg)
2025-04-23 15:59:17 WARN CORRUPT RULE: EnumPrivateToPrivatehas nodes and/ or edges whose type is an unresolved proxy!
2025-04-23 15:59:17 WARN   - modifier, org.eclipse.emf.ecore.impl.EClassImpl@54139bd3 (eProxyURI: platform:/plugin/org.emftext.language.java/metamodel/java.ecore#_Wo2Yu9z1Ed2bJ_pQViWxFg)
2025-04-23 15:59:17 WARN CORRUPT RULE: ConstructorEnumParamTypeToParamTypehas nodes and/ or edges whose type is an unresolved proxy!
2025-04-23 15:59:17 WARN   - parameter__typeReference__typeReference_eMoflonEdge, org.eclipse.emf.ecore.impl.EReferenceImpl@1cc07127 (eProxyURI: platform:/plugin/org.emftext.language.java/metamodel/java.ecore#_Wo2ZQdz1Ed2bJ_pQViWxFg)
2025-04-23 15:59:17 WARN CORRUPT RULE: EnumFinalToFinalhas nodes and/ or edges whose type is an unresolved proxy!
2025-04-23 15:59:17 WARN   - modifier, org.eclipse.emf.ecore.impl.EClassImpl@6b83b137 (eProxyURI: platform:/plugin/org.emftext.language.java/metamodel/java.ecore#_Wo2Yvdz1Ed2bJ_pQViWxFg)
2025-04-23 15:59:17 WARN CORRUPT RULE: InterfaceProtectedToProtectedhas nodes and/ or edges whose type is an unresolved proxy!
2025-04-23 15:59:17 WARN   - modifier, org.eclipse.emf.ecore.impl.EClassImpl@5f4ebecd (eProxyURI: platform:/plugin/org.emftext.language.java/metamodel/java.ecore#_Wo2Yudz1Ed2bJ_pQViWxFg)
2025-04-23 15:59:17 WARN CORRUPT RULE: EnumProtectedToProtectedhas nodes and/ or edges whose type is an unresolved proxy!
2025-04-23 15:59:17 WARN   - modifier, org.eclipse.emf.ecore.impl.EClassImpl@39f826ae (eProxyURI: platform:/plugin/org.emftext.language.java/metamodel/java.ecore#_Wo2Yudz1Ed2bJ_pQViWxFg)
2025-04-23 15:59:17 WARN CORRUPT RULE: MethodEnumReturnTypeToReturnTypehas nodes and/ or edges whose type is an unresolved proxy!
2025-04-23 15:59:17 WARN   - javaMethod__typeReference__typeReference_eMoflonEdge, org.eclipse.emf.ecore.impl.EReferenceImpl@16c2c396 (eProxyURI: platform:/plugin/org.emftext.language.java/metamodel/java.ecore#_Wo2ZQdz1Ed2bJ_pQViWxFg)
2025-04-23 15:59:17 WARN CORRUPT RULE: InterfaceAbstractToAbstracthas nodes and/ or edges whose type is an unresolved proxy!
2025-04-23 15:59:17 WARN   - modifier, org.eclipse.emf.ecore.impl.EClassImpl@7e9e73 (eProxyURI: platform:/plugin/org.emftext.language.java/metamodel/java.ecore#_Wo2Yt9z1Ed2bJ_pQViWxFg)
2025-04-23 15:59:17 WARN CORRUPT RULE: MethodInterfaceReturnTypeToReturnTypehas nodes and/ or edges whose type is an unresolved proxy!
2025-04-23 15:59:17 WARN   - javaMethod__typeReference__typeReference_eMoflonEdge, org.eclipse.emf.ecore.impl.EReferenceImpl@39993624 (eProxyURI: platform:/plugin/org.emftext.language.java/metamodel/java.ecore#_Wo2ZQdz1Ed2bJ_pQViWxFg)
2025-04-23 15:59:17 WARN CORRUPT RULE: ConstructorClassParamTypeToParamTypehas nodes and/ or edges whose type is an unresolved proxy!
2025-04-23 15:59:17 WARN   - parameter__typeReference__typeReference_eMoflonEdge, org.eclipse.emf.ecore.impl.EReferenceImpl@6ddf3c5e (eProxyURI: platform:/plugin/org.emftext.language.java/metamodel/java.ecore#_Wo2ZQdz1Ed2bJ_pQViWxFg)
2025-04-23 15:59:17 WARN CORRUPT RULE: EnumPublicToPublichas nodes and/ or edges whose type is an unresolved proxy!
2025-04-23 15:59:17 WARN   - modifier, org.eclipse.emf.ecore.impl.EClassImpl@1822f675 (eProxyURI: platform:/plugin/org.emftext.language.java/metamodel/java.ecore#_Wo2Ytdz1Ed2bJ_pQViWxFg)
2025-04-23 15:59:17 WARN CORRUPT RULE: InterfacePrivateToPrivatehas nodes and/ or edges whose type is an unresolved proxy!
2025-04-23 15:59:17 WARN   - modifier, org.eclipse.emf.ecore.impl.EClassImpl@20a1c8a1 (eProxyURI: platform:/plugin/org.emftext.language.java/metamodel/java.ecore#_Wo2Yu9z1Ed2bJ_pQViWxFg)
2025-04-23 15:59:17 WARN CORRUPT RULE: ClassPublicToPublichas nodes and/ or edges whose type is an unresolved proxy!
2025-04-23 15:59:17 WARN   - modifier, org.eclipse.emf.ecore.impl.EClassImpl@11d1c51a (eProxyURI: platform:/plugin/org.emftext.language.java/metamodel/java.ecore#_Wo2Ytdz1Ed2bJ_pQViWxFg)
2025-04-23 15:59:17 WARN CORRUPT RULE: InterfacePublicToPublichas nodes and/ or edges whose type is an unresolved proxy!
2025-04-23 15:59:17 WARN   - modifier, org.eclipse.emf.ecore.impl.EClassImpl@4a1bb556 (eProxyURI: platform:/plugin/org.emftext.language.java/metamodel/java.ecore#_Wo2Ytdz1Ed2bJ_pQViWxFg)
2025-04-23 15:59:17 INFO Pattern Conversion took 9.3653 ms
2025-04-23 15:59:17 INFO Starting SYNC
2025-04-23 15:59:17 INFO Object javaConstant not found. This must really be a broken match!
2025-04-23 15:59:17 WARN   LOADED MARKERS : 
    - [VitruviusConsistencyMatch] patternName=EnumConstantToEnumConstant__CONSISTENCY, type=CONSISTENCY, ruleName=EnumConstantToEnumConstant
    - [VitruviusConsistencyMatch] patternName=EnumToUmlEnum__CONSISTENCY, type=CONSISTENCY, ruleName=EnumToUmlEnum
    - [VitruviusConsistencyMatch] patternName=JavaFirstCompilationUnitToUmlModel__CONSISTENCY, type=CONSISTENCY, ruleName=JavaFirstCompilationUnitToUmlModel
    - [VitruviusConsistencyMatch] patternName=RootJavaPackageToUmlPackage__CONSISTENCY, type=CONSISTENCY, ruleName=RootJavaPackageToUmlPackage
2025-04-23 15:59:17 WARN No rule defined to cover the following change's type: [RemoveEReference] AE=Enumeration:6f8060ac, name=ehnumm
2025-04-23 15:59:17 WARN No rule defined to cover the following change's type: [DeleteEObject] AE=EnumConstant:308a2eb0, name=ehnummKonschtant
2025-04-23 15:59:17 INFO Pattern Matching took 0.3007 ms
2025-04-23 15:59:17 INFO Object javaConstant not found. This must really be a broken match!
2025-04-23 15:59:17 WARN   handle breaking change: [RemoveEReference] AE=Enumeration:6f8060ac, name=ehnumm
2025-04-23 15:59:17 INFO Object javaConstant not found. This must really be a broken match!
2025-04-23 15:59:17 WARN   handle breaking change: [RemoveEReference] AE=Enumeration:6f8060ac, name=ehnumm
2025-04-23 15:59:17 INFO Object javaConstant not found. This must really be a broken match!
2025-04-23 15:59:17 WARN   handle breaking change: [RemoveEReference] AE=Enumeration:6f8060ac, name=ehnumm
2025-04-23 15:59:17 INFO Object javaConstant not found. This must really be a broken match!
2025-04-23 15:59:17 WARN   handle breaking change: [RemoveEReference] AE=Enumeration:6f8060ac, name=ehnumm
2025-04-23 15:59:17 WARN   handle breaking change: [RemoveEReference] AE=Enumeration:6f8060ac, name=ehnumm
2025-04-23 15:59:17 WARN No rule defined to cover the following change's type: [RemoveEReference] AE=Enumeration:6f8060ac, name=ehnumm
2025-04-23 15:59:17 WARN No rule defined to cover the following change's type: [DeleteEObject] AE=EnumConstant:308a2eb0, name=ehnummKonschtant
2025-04-23 15:59:17 WARN   handle breaking change: [RemoveEReference] AE=Enumeration:6f8060ac, name=ehnumm
2025-04-23 15:59:17 INFO Created elements: 0
2025-04-23 15:59:17 INFO Deleted elements: 1
2025-04-23 15:59:17 INFO Completed SYNC in: 13 ms
2025-04-23 15:59:17 DEBUG BENCHMARKLOGGER logs: 
2025-04-23 15:59:17 DEBUG BenchmarkLogger
[
  Total elements created .. 0
  Total elements deleted .. 1
  Total matches found ..... 4
  Total matches repaired .. 0
  Total matches revoked ... 1
  Total matches applied ... 0
]
2025-04-23 15:59:17 INFO VitruviusBackwardConversionTGGEngine::terminate called. We do not use this.
2025-04-23 15:59:17 INFO --- No correspondences added.
2025-04-23 15:59:17 DEBUG End recording virtual model
2025-04-23 15:59:17 DEBUG Propagated <input change> in [[http://www.emftext.org/java]] -> {[[http://www.eclipse.org/uml2/5.0.0/UML]]}
2025-04-23 15:59:17 DEBUG Propagated <input change> in [[http://www.emftext.org/java]] -> [[http://www.eclipse.org/uml2/5.0.0/UML]] -> {}
2025-04-23 15:59:17 DEBUG Propagated <input change> in [[http://www.emftext.org/java]] -> [[http://www.eclipse.org/uml2/5.0.0/UML]] -> {}
2025-04-23 15:59:17 DEBUG Start recording virtual model
2025-04-23 15:59:17 WARN propagateChange not implemented, use propagateChanges (with an s).
2025-04-23 15:59:17 WARN propagateChange not implemented, use propagateChanges (with an s).
2025-04-23 15:59:17 DEBUG End recording virtual model
2025-04-23 15:59:17 DEBUG Propagated <input change> in [[http://www.emftext.org/java]] -> {}
2025-04-23 15:59:17 DEBUG Saving all models of model repository for VSUM @target\Java2UmlEvaluationGoal1\testEnumConstantDeleted
2025-04-23 15:59:17 DEBUG Save resource: org.eclipse.emf.ecore.xmi.impl.XMIResourceImpl@737652a9 uri='target\Java2UmlEvaluationGoal1\testEnumConstantDeleted\uml_instance.model'
2025-04-23 15:59:17 DEBUG Finished synchronizing change: TransactionalChangeImpl: [
	Uuid(ord__JWtLMSBLEfCt_d1Q4dqckw).constants -= Uuid(ord__JWtyQCBLEfCt_d1Q4dqckw) (index 0)
	delete Uuid(ord__JWtyQCBLEfCt_d1Q4dqckw)
]

2025-04-23 15:59:17 INFO Finished change propagation
assertChildMatches for StrucFeatExpectation [StrucFeatExpectation] packagedElement
assertChildMatches for StrucFeatExpectation [StrucFeatExpectation] ownedLiteral
]]></system-out>
  </testcase>
  <testcase name="testJavaClassDeleted" classname="tools.vitruv.methodologisttemplate.vsum.Java2UmlEvaluationGoal1Test" time="0.675">
    <system-out><![CDATA[2025-04-23 15:59:17 INFO eclipse-ibex-workspace: C:\Users\XPS-15\IdeaProjects\Vitruv-TGG-Integration-Test\vsum\..\eclipse-ibex-workspace\Java2Uml
2025-04-23 15:59:17 INFO setupCorrAndProtocol: Wiping corr.xmi and protocol.xmi
2025-04-23 15:59:17 INFO setupCorrAndProtocol: Wiping corr.xmi and protocol.xmi
2025-04-23 15:59:17 INFO Starting change propagation
2025-04-23 15:59:17 DEBUG Started synchronizing change: TransactionalChangeImpl: [
	create Uuid(ord__Jc-LQCBLEfCt_d1Q4dqckw)
	insert Uuid(ord__Jc-LQCBLEfCt_d1Q4dqckw) at target\Java2UmlEvaluationGoal1\testJavaClassDeleted\java_instance.model (index 0)
	Uuid(ord__Jc-LQCBLEfCt_d1Q4dqckw).name = peketsch (was )
	create Uuid(ord__Jc-LQSBLEfCt_d1Q4dqckw)
	Uuid(ord__Jc-LQCBLEfCt_d1Q4dqckw).compilationUnits += Uuid(ord__Jc-LQSBLEfCt_d1Q4dqckw) (index 0)
	create Uuid(ord__Jc-LQiBLEfCt_d1Q4dqckw)
	Uuid(ord__Jc-LQSBLEfCt_d1Q4dqckw).classifiers += Uuid(ord__Jc-LQiBLEfCt_d1Q4dqckw) (index 0)
	Uuid(ord__Jc-LQiBLEfCt_d1Q4dqckw).name = kless (was )
	create Uuid(ord__Jc-LQyBLEfCt_d1Q4dqckw)
	Uuid(ord__Jc-LQiBLEfCt_d1Q4dqckw).members += Uuid(ord__Jc-LQyBLEfCt_d1Q4dqckw) (index 0)
	Uuid(ord__Jc-LQyBLEfCt_d1Q4dqckw).name = constructer (was )
	create Uuid(ord__Jc-yUCBLEfCt_d1Q4dqckw)
	Uuid(ord__Jc-LQyBLEfCt_d1Q4dqckw).parameters += Uuid(ord__Jc-yUCBLEfCt_d1Q4dqckw) (index 0)
	Uuid(ord__Jc-yUCBLEfCt_d1Q4dqckw).name = parrametr (was )
	create Uuid(ord__Jc-yUSBLEfCt_d1Q4dqckw)
	Uuid(ord__Jc-LQiBLEfCt_d1Q4dqckw).members += Uuid(ord__Jc-yUSBLEfCt_d1Q4dqckw) (index 1)
	Uuid(ord__Jc-yUSBLEfCt_d1Q4dqckw).name = methed (was )
	create Uuid(ord__Jc-yUiBLEfCt_d1Q4dqckw)
	Uuid(ord__Jc-yUSBLEfCt_d1Q4dqckw).parameters += Uuid(ord__Jc-yUiBLEfCt_d1Q4dqckw) (index 0)
	create Uuid(ord__Jc-yUyBLEfCt_d1Q4dqckw)
	Uuid(ord__Jc-LQiBLEfCt_d1Q4dqckw).members += Uuid(ord__Jc-yUyBLEfCt_d1Q4dqckw) (index 2)
	Uuid(ord__Jc-yUyBLEfCt_d1Q4dqckw).name = myField (was )
]

2025-04-23 15:59:17 DEBUG Create model instance for resource with URI: target\Java2UmlEvaluationGoal1\testJavaClassDeleted\java_instance.model
2025-04-23 15:59:17 DEBUG Start recording virtual model
2025-04-23 15:59:17 INFO ------- Calling ibex -------
2025-04-23 15:59:17 INFO Source Model has no respective target model yet. Creating one.
2025-04-23 15:59:17 DEBUG Create model instance for resource with URI: target\Java2UmlEvaluationGoal1\testJavaClassDeleted\uml_instance.model
2025-04-23 15:59:17 INFO Resource not found. Not loading. Path=C:\Users\XPS-15\IdeaProjects\Vitruv-TGG-Integration-Test\vsum\..\eclipse-ibex-workspace/Java2Uml/instances/corr.xmi
2025-04-23 15:59:17 INFO Resource not found. Not loading. Path=C:\Users\XPS-15\IdeaProjects\Vitruv-TGG-Integration-Test\vsum\..\eclipse-ibex-workspace/Java2Uml/instances/protocol.xmi
2025-04-23 15:59:17 WARN CORRUPT RULE: InterfacePrivateToPrivatehas nodes and/ or edges whose type is an unresolved proxy!
2025-04-23 15:59:17 WARN   - modifier, org.eclipse.emf.ecore.impl.EClassImpl@19181b06 (eProxyURI: platform:/plugin/org.emftext.language.java/metamodel/java.ecore#_Wo2Yu9z1Ed2bJ_pQViWxFg)
2025-04-23 15:59:17 WARN CORRUPT RULE: InterfaceFinalToFinalhas nodes and/ or edges whose type is an unresolved proxy!
2025-04-23 15:59:17 WARN   - modifier, org.eclipse.emf.ecore.impl.EClassImpl@72584c3f (eProxyURI: platform:/plugin/org.emftext.language.java/metamodel/java.ecore#_Wo2Yvdz1Ed2bJ_pQViWxFg)
2025-04-23 15:59:17 WARN CORRUPT RULE: ClassProtectedToProtectedhas nodes and/ or edges whose type is an unresolved proxy!
2025-04-23 15:59:17 WARN   - modifier, org.eclipse.emf.ecore.impl.EClassImpl@3fd7be2d (eProxyURI: platform:/plugin/org.emftext.language.java/metamodel/java.ecore#_Wo2Yudz1Ed2bJ_pQViWxFg)
2025-04-23 15:59:17 WARN CORRUPT RULE: ClassAttributeTypeToPropertyTypehas nodes and/ or edges whose type is an unresolved proxy!
2025-04-23 15:59:17 WARN   - field__typeReference__typeReference_eMoflonEdge, org.eclipse.emf.ecore.impl.EReferenceImpl@4a09f5b (eProxyURI: platform:/plugin/org.emftext.language.java/metamodel/java.ecore#_Wo2ZQdz1Ed2bJ_pQViWxFg)
2025-04-23 15:59:17 WARN CORRUPT RULE: EnumAbstractToAbstracthas nodes and/ or edges whose type is an unresolved proxy!
2025-04-23 15:59:17 WARN   - modifier, org.eclipse.emf.ecore.impl.EClassImpl@1290fc6a (eProxyURI: platform:/plugin/org.emftext.language.java/metamodel/java.ecore#_Wo2Yt9z1Ed2bJ_pQViWxFg)
2025-04-23 15:59:17 WARN CORRUPT RULE: MethodClassParamTypeToParamTypehas nodes and/ or edges whose type is an unresolved proxy!
2025-04-23 15:59:17 WARN   - parameter__typeReference__typeReference_eMoflonEdge, org.eclipse.emf.ecore.impl.EReferenceImpl@6ebdd981 (eProxyURI: platform:/plugin/org.emftext.language.java/metamodel/java.ecore#_Wo2ZQdz1Ed2bJ_pQViWxFg)
2025-04-23 15:59:17 WARN CORRUPT RULE: EnumProtectedToProtectedhas nodes and/ or edges whose type is an unresolved proxy!
2025-04-23 15:59:17 WARN   - modifier, org.eclipse.emf.ecore.impl.EClassImpl@4b2be6f8 (eProxyURI: platform:/plugin/org.emftext.language.java/metamodel/java.ecore#_Wo2Yudz1Ed2bJ_pQViWxFg)
2025-04-23 15:59:17 WARN CORRUPT RULE: FieldStaticToStatichas nodes and/ or edges whose type is an unresolved proxy!
2025-04-23 15:59:17 WARN   - modifier, org.eclipse.emf.ecore.impl.EClassImpl@1b272037 (eProxyURI: platform:/plugin/org.emftext.language.java/metamodel/java.ecore#_Wo2Yv9z1Ed2bJ_pQViWxFg)
2025-04-23 15:59:17 WARN CORRUPT RULE: InterfacePublicToPublichas nodes and/ or edges whose type is an unresolved proxy!
2025-04-23 15:59:17 WARN   - modifier, org.eclipse.emf.ecore.impl.EClassImpl@3842ccf9 (eProxyURI: platform:/plugin/org.emftext.language.java/metamodel/java.ecore#_Wo2Ytdz1Ed2bJ_pQViWxFg)
2025-04-23 15:59:17 WARN CORRUPT RULE: MethodEnumParamTypeToParamTypehas nodes and/ or edges whose type is an unresolved proxy!
2025-04-23 15:59:17 WARN   - parameter__typeReference__typeReference_eMoflonEdge, org.eclipse.emf.ecore.impl.EReferenceImpl@35a7c2cc (eProxyURI: platform:/plugin/org.emftext.language.java/metamodel/java.ecore#_Wo2ZQdz1Ed2bJ_pQViWxFg)
2025-04-23 15:59:17 WARN CORRUPT RULE: ClassAbstractToAbstracthas nodes and/ or edges whose type is an unresolved proxy!
2025-04-23 15:59:17 WARN   - modifier, org.eclipse.emf.ecore.impl.EClassImpl@6000b869 (eProxyURI: platform:/plugin/org.emftext.language.java/metamodel/java.ecore#_Wo2Yt9z1Ed2bJ_pQViWxFg)
2025-04-23 15:59:17 WARN CORRUPT RULE: EnumPrivateToPrivatehas nodes and/ or edges whose type is an unresolved proxy!
2025-04-23 15:59:17 WARN   - modifier, org.eclipse.emf.ecore.impl.EClassImpl@6761bb4d (eProxyURI: platform:/plugin/org.emftext.language.java/metamodel/java.ecore#_Wo2Yu9z1Ed2bJ_pQViWxFg)
2025-04-23 15:59:17 WARN CORRUPT RULE: MethodEnumReturnTypeToReturnTypehas nodes and/ or edges whose type is an unresolved proxy!
2025-04-23 15:59:17 WARN   - javaMethod__typeReference__typeReference_eMoflonEdge, org.eclipse.emf.ecore.impl.EReferenceImpl@105c3bea (eProxyURI: platform:/plugin/org.emftext.language.java/metamodel/java.ecore#_Wo2ZQdz1Ed2bJ_pQViWxFg)
2025-04-23 15:59:17 WARN CORRUPT RULE: InterfaceProtectedToProtectedhas nodes and/ or edges whose type is an unresolved proxy!
2025-04-23 15:59:17 WARN   - modifier, org.eclipse.emf.ecore.impl.EClassImpl@4b4a5691 (eProxyURI: platform:/plugin/org.emftext.language.java/metamodel/java.ecore#_Wo2Yudz1Ed2bJ_pQViWxFg)
2025-04-23 15:59:17 WARN CORRUPT RULE: ConstructorInterfaceParamTypeToParamTypehas nodes and/ or edges whose type is an unresolved proxy!
2025-04-23 15:59:17 WARN   - parameter__typeReference__typeReference_eMoflonEdge, org.eclipse.emf.ecore.impl.EReferenceImpl@1fd18007 (eProxyURI: platform:/plugin/org.emftext.language.java/metamodel/java.ecore#_Wo2ZQdz1Ed2bJ_pQViWxFg)
2025-04-23 15:59:17 WARN CORRUPT RULE: ConstructorClassParamTypeToParamTypehas nodes and/ or edges whose type is an unresolved proxy!
2025-04-23 15:59:17 WARN   - parameter__typeReference__typeReference_eMoflonEdge, org.eclipse.emf.ecore.impl.EReferenceImpl@7e04af28 (eProxyURI: platform:/plugin/org.emftext.language.java/metamodel/java.ecore#_Wo2ZQdz1Ed2bJ_pQViWxFg)
2025-04-23 15:59:17 WARN CORRUPT RULE: EnumPublicToPublichas nodes and/ or edges whose type is an unresolved proxy!
2025-04-23 15:59:17 WARN   - modifier, org.eclipse.emf.ecore.impl.EClassImpl@183ab40f (eProxyURI: platform:/plugin/org.emftext.language.java/metamodel/java.ecore#_Wo2Ytdz1Ed2bJ_pQViWxFg)
2025-04-23 15:59:17 WARN CORRUPT RULE: InterfaceAbstractToAbstracthas nodes and/ or edges whose type is an unresolved proxy!
2025-04-23 15:59:17 WARN   - modifier, org.eclipse.emf.ecore.impl.EClassImpl@38988d78 (eProxyURI: platform:/plugin/org.emftext.language.java/metamodel/java.ecore#_Wo2Yt9z1Ed2bJ_pQViWxFg)
2025-04-23 15:59:17 WARN CORRUPT RULE: MethodFinalToFinalhas nodes and/ or edges whose type is an unresolved proxy!
2025-04-23 15:59:17 WARN   - modifier, org.eclipse.emf.ecore.impl.EClassImpl@381c78ea (eProxyURI: platform:/plugin/org.emftext.language.java/metamodel/java.ecore#_Wo2Yvdz1Ed2bJ_pQViWxFg)
2025-04-23 15:59:17 WARN CORRUPT RULE: MethodStaticToStatichas nodes and/ or edges whose type is an unresolved proxy!
2025-04-23 15:59:17 WARN   - modifier, org.eclipse.emf.ecore.impl.EClassImpl@57202722 (eProxyURI: platform:/plugin/org.emftext.language.java/metamodel/java.ecore#_Wo2Yv9z1Ed2bJ_pQViWxFg)
2025-04-23 15:59:17 WARN CORRUPT RULE: ClassFinalToFinalhas nodes and/ or edges whose type is an unresolved proxy!
2025-04-23 15:59:17 WARN   - modifier, org.eclipse.emf.ecore.impl.EClassImpl@20c3be4c (eProxyURI: platform:/plugin/org.emftext.language.java/metamodel/java.ecore#_Wo2Yvdz1Ed2bJ_pQViWxFg)
2025-04-23 15:59:17 WARN CORRUPT RULE: ClassPrivateToPrivatehas nodes and/ or edges whose type is an unresolved proxy!
2025-04-23 15:59:17 WARN   - modifier, org.eclipse.emf.ecore.impl.EClassImpl@21975a54 (eProxyURI: platform:/plugin/org.emftext.language.java/metamodel/java.ecore#_Wo2Yu9z1Ed2bJ_pQViWxFg)
2025-04-23 15:59:17 WARN CORRUPT RULE: MethodClassReturnTypeToReturnTypehas nodes and/ or edges whose type is an unresolved proxy!
2025-04-23 15:59:17 WARN   - javaMethod__typeReference__typeReference_eMoflonEdge, org.eclipse.emf.ecore.impl.EReferenceImpl@7dae9ff4 (eProxyURI: platform:/plugin/org.emftext.language.java/metamodel/java.ecore#_Wo2ZQdz1Ed2bJ_pQViWxFg)
2025-04-23 15:59:17 WARN CORRUPT RULE: ConstructorEnumParamTypeToParamTypehas nodes and/ or edges whose type is an unresolved proxy!
2025-04-23 15:59:17 WARN   - parameter__typeReference__typeReference_eMoflonEdge, org.eclipse.emf.ecore.impl.EReferenceImpl@524911cd (eProxyURI: platform:/plugin/org.emftext.language.java/metamodel/java.ecore#_Wo2ZQdz1Ed2bJ_pQViWxFg)
2025-04-23 15:59:17 WARN CORRUPT RULE: FieldFinalToFinalhas nodes and/ or edges whose type is an unresolved proxy!
2025-04-23 15:59:17 WARN   - modifier, org.eclipse.emf.ecore.impl.EClassImpl@8a37c6a (eProxyURI: platform:/plugin/org.emftext.language.java/metamodel/java.ecore#_Wo2Yvdz1Ed2bJ_pQViWxFg)
2025-04-23 15:59:17 WARN CORRUPT RULE: MethodInterfaceReturnTypeToReturnTypehas nodes and/ or edges whose type is an unresolved proxy!
2025-04-23 15:59:17 WARN   - javaMethod__typeReference__typeReference_eMoflonEdge, org.eclipse.emf.ecore.impl.EReferenceImpl@66a75eab (eProxyURI: platform:/plugin/org.emftext.language.java/metamodel/java.ecore#_Wo2ZQdz1Ed2bJ_pQViWxFg)
2025-04-23 15:59:17 WARN CORRUPT RULE: EnumAttributeTypeToPropertyTypehas nodes and/ or edges whose type is an unresolved proxy!
2025-04-23 15:59:17 WARN   - field__typeReference__typeReference_eMoflonEdge, org.eclipse.emf.ecore.impl.EReferenceImpl@2cc224b7 (eProxyURI: platform:/plugin/org.emftext.language.java/metamodel/java.ecore#_Wo2ZQdz1Ed2bJ_pQViWxFg)
2025-04-23 15:59:17 WARN CORRUPT RULE: MethodAbstractToAbstracthas nodes and/ or edges whose type is an unresolved proxy!
2025-04-23 15:59:17 WARN   - modifier, org.eclipse.emf.ecore.impl.EClassImpl@5b610c90 (eProxyURI: platform:/plugin/org.emftext.language.java/metamodel/java.ecore#_Wo2Yt9z1Ed2bJ_pQViWxFg)
2025-04-23 15:59:17 WARN CORRUPT RULE: ClassPublicToPublichas nodes and/ or edges whose type is an unresolved proxy!
2025-04-23 15:59:17 WARN   - modifier, org.eclipse.emf.ecore.impl.EClassImpl@53e7dfc4 (eProxyURI: platform:/plugin/org.emftext.language.java/metamodel/java.ecore#_Wo2Ytdz1Ed2bJ_pQViWxFg)
2025-04-23 15:59:17 WARN CORRUPT RULE: MethodInterfaceParamTypeToParamTypehas nodes and/ or edges whose type is an unresolved proxy!
2025-04-23 15:59:17 WARN   - parameter__typeReference__typeReference_eMoflonEdge, org.eclipse.emf.ecore.impl.EReferenceImpl@7d65286a (eProxyURI: platform:/plugin/org.emftext.language.java/metamodel/java.ecore#_Wo2ZQdz1Ed2bJ_pQViWxFg)
2025-04-23 15:59:17 WARN CORRUPT RULE: EnumFinalToFinalhas nodes and/ or edges whose type is an unresolved proxy!
2025-04-23 15:59:17 WARN   - modifier, org.eclipse.emf.ecore.impl.EClassImpl@1366c37e (eProxyURI: platform:/plugin/org.emftext.language.java/metamodel/java.ecore#_Wo2Yvdz1Ed2bJ_pQViWxFg)
2025-04-23 15:59:17 WARN CORRUPT RULE: InterfaceAttributeTypeToPropertyTypehas nodes and/ or edges whose type is an unresolved proxy!
2025-04-23 15:59:17 WARN   - field__typeReference__typeReference_eMoflonEdge, org.eclipse.emf.ecore.impl.EReferenceImpl@74b1b98c (eProxyURI: platform:/plugin/org.emftext.language.java/metamodel/java.ecore#_Wo2ZQdz1Ed2bJ_pQViWxFg)
2025-04-23 15:59:17 INFO Pattern Conversion took 8.2697 ms
2025-04-23 15:59:17 INFO Starting SYNC
2025-04-23 15:59:17 WARN   LOADED MARKERS : 
    - 
2025-04-23 15:59:17 WARN No rule defined to cover the following change's type: [InsertEAttributeValue] AE=Package:5bb2f959, name=peketsch
2025-04-23 15:59:17 WARN No rule defined to cover the following change's type: [InsertEAttributeValue] AE=Class:1b0964cf, name=kless
2025-04-23 15:59:17 WARN No rule defined to cover the following change's type: [InsertEAttributeValue] AE=Constructor:573d3ec6, name=constructer
2025-04-23 15:59:17 WARN No rule defined to cover the following change's type: [InsertEAttributeValue] AE=OrdinaryParameter:84398a, name=parrametr
2025-04-23 15:59:17 WARN No rule defined to cover the following change's type: [InsertEAttributeValue] AE=ClassMethod:365a9434, name=methed
2025-04-23 15:59:17 WARN No rule defined to cover the following change's type: [InsertEAttributeValue] AE=Field:58507830, name=myField
2025-04-23 15:59:17 INFO Pattern Matching took 5.0538 ms
2025-04-23 15:59:17 INFO Created elements: 18
2025-04-23 15:59:17 INFO Deleted elements: 0
2025-04-23 15:59:17 INFO Completed SYNC in: 41 ms
2025-04-23 15:59:17 DEBUG BENCHMARKLOGGER logs: 
2025-04-23 15:59:17 DEBUG BenchmarkLogger
[
  Total elements created .. 18
  Total elements deleted .. 0
  Total matches found ..... 16
  Total matches repaired .. 0
  Total matches revoked ... 0
  Total matches applied ... 8
]
2025-04-23 15:59:17 INFO VitruviusBackwardConversionTGGEngine::terminate called. We do not use this.
2025-04-23 15:59:17 DEBUG Add root to resource: org.eclipse.emf.ecore.xmi.impl.XMIResourceImpl@5d0d1e50 uri='target\Java2UmlEvaluationGoal1\testJavaClassDeleted\uml_instance.model'
2025-04-23 15:59:17 INFO -- Added the following corrs: 
2025-04-23 15:59:17 INFO   - [CorrespondenceNode JavaConstructorToOperation] SRC=Constructor:573d3ec6, name=constructer, TRG=Operation:315a9738, name=constructer
2025-04-23 15:59:17 INFO   - [CorrespondenceNode JavaParameterToParameter] SRC=OrdinaryParameter:84398a, name=parrametr, TRG=Parameter:2489ee11, name=parrametr
2025-04-23 15:59:17 INFO   - [CorrespondenceNode JavaMethodToOperation] SRC=ClassMethod:365a9434, name=methed, TRG=Operation:3cc6bfdb, name=methed
2025-04-23 15:59:17 INFO   - [CorrespondenceNode JavaParameterToParameter] SRC=OrdinaryParameter:66a5a12c, name=null, TRG=Parameter:2006673c, name=null
2025-04-23 15:59:17 INFO   - [CorrespondenceNode JavaPackageToUmlPackage] SRC=Package:5bb2f959, name=peketsch, TRG=Package:1261fd82, name=peketsch
2025-04-23 15:59:17 INFO   - [CorrespondenceNode JavaCompilationUnitToUmlModel] SRC=CompilationUnit:e071deb, name=null, TRG=Model:38138629, name=UML_MODEL
2025-04-23 15:59:17 INFO   - [CorrespondenceNode JavaClassifierToUmlClassifier] SRC=Class:1b0964cf, name=kless, TRG=Class:408530d2, name=kless
2025-04-23 15:59:17 INFO   - [CorrespondenceNode JavaAttributeToUmlProperty] SRC=Field:58507830, name=myField, TRG=Property:38696886, name=myField
2025-04-23 15:59:17 DEBUG End recording virtual model
2025-04-23 15:59:17 DEBUG Propagated <input change> in [[http://www.emftext.org/java]] -> {[[http://www.eclipse.org/uml2/5.0.0/UML]]}
2025-04-23 15:59:17 DEBUG Propagated <input change> in [[http://www.emftext.org/java]] -> [[http://www.eclipse.org/uml2/5.0.0/UML]] -> {}
2025-04-23 15:59:17 DEBUG Propagated <input change> in [[http://www.emftext.org/java]] -> [[http://www.eclipse.org/uml2/5.0.0/UML]] -> {}
2025-04-23 15:59:17 DEBUG Start recording virtual model
2025-04-23 15:59:17 WARN propagateChange not implemented, use propagateChanges (with an s).
2025-04-23 15:59:17 WARN propagateChange not implemented, use propagateChanges (with an s).
2025-04-23 15:59:17 WARN propagateChange not implemented, use propagateChanges (with an s).
2025-04-23 15:59:17 WARN propagateChange not implemented, use propagateChanges (with an s).
2025-04-23 15:59:17 WARN propagateChange not implemented, use propagateChanges (with an s).
2025-04-23 15:59:17 WARN propagateChange not implemented, use propagateChanges (with an s).
2025-04-23 15:59:17 WARN propagateChange not implemented, use propagateChanges (with an s).
2025-04-23 15:59:17 WARN propagateChange not implemented, use propagateChanges (with an s).
2025-04-23 15:59:17 WARN propagateChange not implemented, use propagateChanges (with an s).
2025-04-23 15:59:17 WARN propagateChange not implemented, use propagateChanges (with an s).
2025-04-23 15:59:17 WARN propagateChange not implemented, use propagateChanges (with an s).
2025-04-23 15:59:17 WARN propagateChange not implemented, use propagateChanges (with an s).
2025-04-23 15:59:17 WARN propagateChange not implemented, use propagateChanges (with an s).
2025-04-23 15:59:17 WARN propagateChange not implemented, use propagateChanges (with an s).
2025-04-23 15:59:17 WARN propagateChange not implemented, use propagateChanges (with an s).
2025-04-23 15:59:17 WARN propagateChange not implemented, use propagateChanges (with an s).
2025-04-23 15:59:17 WARN propagateChange not implemented, use propagateChanges (with an s).
2025-04-23 15:59:17 WARN propagateChange not implemented, use propagateChanges (with an s).
2025-04-23 15:59:17 WARN propagateChange not implemented, use propagateChanges (with an s).
2025-04-23 15:59:17 WARN propagateChange not implemented, use propagateChanges (with an s).
2025-04-23 15:59:17 WARN propagateChange not implemented, use propagateChanges (with an s).
2025-04-23 15:59:17 WARN propagateChange not implemented, use propagateChanges (with an s).
2025-04-23 15:59:17 DEBUG End recording virtual model
2025-04-23 15:59:17 DEBUG Propagated <input change> in [[http://www.emftext.org/java]] -> {}
2025-04-23 15:59:17 DEBUG Saving all models of model repository for VSUM @target\Java2UmlEvaluationGoal1\testJavaClassDeleted
2025-04-23 15:59:17 DEBUG Save resource: org.eclipse.emf.ecore.xmi.impl.XMIResourceImpl@5d0d1e50 uri='target\Java2UmlEvaluationGoal1\testJavaClassDeleted\uml_instance.model'
2025-04-23 15:59:18 DEBUG Finished synchronizing change: TransactionalChangeImpl: [
	create Uuid(ord__Jc-LQCBLEfCt_d1Q4dqckw)
	insert Uuid(ord__Jc-LQCBLEfCt_d1Q4dqckw) at target\Java2UmlEvaluationGoal1\testJavaClassDeleted\java_instance.model (index 0)
	Uuid(ord__Jc-LQCBLEfCt_d1Q4dqckw).name = peketsch (was )
	create Uuid(ord__Jc-LQSBLEfCt_d1Q4dqckw)
	Uuid(ord__Jc-LQCBLEfCt_d1Q4dqckw).compilationUnits += Uuid(ord__Jc-LQSBLEfCt_d1Q4dqckw) (index 0)
	create Uuid(ord__Jc-LQiBLEfCt_d1Q4dqckw)
	Uuid(ord__Jc-LQSBLEfCt_d1Q4dqckw).classifiers += Uuid(ord__Jc-LQiBLEfCt_d1Q4dqckw) (index 0)
	Uuid(ord__Jc-LQiBLEfCt_d1Q4dqckw).name = kless (was )
	create Uuid(ord__Jc-LQyBLEfCt_d1Q4dqckw)
	Uuid(ord__Jc-LQiBLEfCt_d1Q4dqckw).members += Uuid(ord__Jc-LQyBLEfCt_d1Q4dqckw) (index 0)
	Uuid(ord__Jc-LQyBLEfCt_d1Q4dqckw).name = constructer (was )
	create Uuid(ord__Jc-yUCBLEfCt_d1Q4dqckw)
	Uuid(ord__Jc-LQyBLEfCt_d1Q4dqckw).parameters += Uuid(ord__Jc-yUCBLEfCt_d1Q4dqckw) (index 0)
	Uuid(ord__Jc-yUCBLEfCt_d1Q4dqckw).name = parrametr (was )
	create Uuid(ord__Jc-yUSBLEfCt_d1Q4dqckw)
	Uuid(ord__Jc-LQiBLEfCt_d1Q4dqckw).members += Uuid(ord__Jc-yUSBLEfCt_d1Q4dqckw) (index 1)
	Uuid(ord__Jc-yUSBLEfCt_d1Q4dqckw).name = methed (was )
	create Uuid(ord__Jc-yUiBLEfCt_d1Q4dqckw)
	Uuid(ord__Jc-yUSBLEfCt_d1Q4dqckw).parameters += Uuid(ord__Jc-yUiBLEfCt_d1Q4dqckw) (index 0)
	create Uuid(ord__Jc-yUyBLEfCt_d1Q4dqckw)
	Uuid(ord__Jc-LQiBLEfCt_d1Q4dqckw).members += Uuid(ord__Jc-yUyBLEfCt_d1Q4dqckw) (index 2)
	Uuid(ord__Jc-yUyBLEfCt_d1Q4dqckw).name = myField (was )
]

2025-04-23 15:59:18 INFO Finished change propagation
2025-04-23 15:59:18 INFO Starting change propagation
2025-04-23 15:59:18 DEBUG Started synchronizing change: TransactionalChangeImpl: [
	Uuid(ord__Jc-LQSBLEfCt_d1Q4dqckw).classifiers -= Uuid(ord__Jc-LQiBLEfCt_d1Q4dqckw) (index 0)
	delete Uuid(ord__Jc-yUyBLEfCt_d1Q4dqckw)
	delete Uuid(ord__Jc-yUiBLEfCt_d1Q4dqckw)
	delete Uuid(ord__Jc-yUSBLEfCt_d1Q4dqckw)
	delete Uuid(ord__Jc-yUCBLEfCt_d1Q4dqckw)
	delete Uuid(ord__Jc-LQyBLEfCt_d1Q4dqckw)
	delete Uuid(ord__Jc-LQiBLEfCt_d1Q4dqckw)
]

2025-04-23 15:59:18 DEBUG Start recording virtual model
2025-04-23 15:59:18 INFO ------- Calling ibex -------
2025-04-23 15:59:18 INFO Resource found. Now trying to load resource platform:/resource/Java2Uml/instances/corr.xmi which is located at C:\Users\XPS-15\IdeaProjects\Vitruv-TGG-Integration-Test\vsum\..\eclipse-ibex-workspace/Java2Uml/instances/corr.xmi
2025-04-23 15:59:18 INFO Resource found. Now trying to load resource platform:/resource/Java2Uml/instances/protocol.xmi which is located at C:\Users\XPS-15\IdeaProjects\Vitruv-TGG-Integration-Test\vsum\..\eclipse-ibex-workspace/Java2Uml/instances/protocol.xmi
2025-04-23 15:59:18 WARN CORRUPT RULE: MethodEnumReturnTypeToReturnTypehas nodes and/ or edges whose type is an unresolved proxy!
2025-04-23 15:59:18 WARN   - javaMethod__typeReference__typeReference_eMoflonEdge, org.eclipse.emf.ecore.impl.EReferenceImpl@4c062325 (eProxyURI: platform:/plugin/org.emftext.language.java/metamodel/java.ecore#_Wo2ZQdz1Ed2bJ_pQViWxFg)
2025-04-23 15:59:18 WARN CORRUPT RULE: ClassPrivateToPrivatehas nodes and/ or edges whose type is an unresolved proxy!
2025-04-23 15:59:18 WARN   - modifier, org.eclipse.emf.ecore.impl.EClassImpl@7988978a (eProxyURI: platform:/plugin/org.emftext.language.java/metamodel/java.ecore#_Wo2Yu9z1Ed2bJ_pQViWxFg)
2025-04-23 15:59:18 WARN CORRUPT RULE: InterfacePrivateToPrivatehas nodes and/ or edges whose type is an unresolved proxy!
2025-04-23 15:59:18 WARN   - modifier, org.eclipse.emf.ecore.impl.EClassImpl@5d798a2c (eProxyURI: platform:/plugin/org.emftext.language.java/metamodel/java.ecore#_Wo2Yu9z1Ed2bJ_pQViWxFg)
2025-04-23 15:59:18 WARN CORRUPT RULE: ConstructorClassParamTypeToParamTypehas nodes and/ or edges whose type is an unresolved proxy!
2025-04-23 15:59:18 WARN   - parameter__typeReference__typeReference_eMoflonEdge, org.eclipse.emf.ecore.impl.EReferenceImpl@53309bfd (eProxyURI: platform:/plugin/org.emftext.language.java/metamodel/java.ecore#_Wo2ZQdz1Ed2bJ_pQViWxFg)
2025-04-23 15:59:18 WARN CORRUPT RULE: MethodClassReturnTypeToReturnTypehas nodes and/ or edges whose type is an unresolved proxy!
2025-04-23 15:59:18 WARN   - javaMethod__typeReference__typeReference_eMoflonEdge, org.eclipse.emf.ecore.impl.EReferenceImpl@3e3e9f3e (eProxyURI: platform:/plugin/org.emftext.language.java/metamodel/java.ecore#_Wo2ZQdz1Ed2bJ_pQViWxFg)
2025-04-23 15:59:18 WARN CORRUPT RULE: InterfaceAttributeTypeToPropertyTypehas nodes and/ or edges whose type is an unresolved proxy!
2025-04-23 15:59:18 WARN   - field__typeReference__typeReference_eMoflonEdge, org.eclipse.emf.ecore.impl.EReferenceImpl@4cb1d82c (eProxyURI: platform:/plugin/org.emftext.language.java/metamodel/java.ecore#_Wo2ZQdz1Ed2bJ_pQViWxFg)
2025-04-23 15:59:18 WARN CORRUPT RULE: ClassProtectedToProtectedhas nodes and/ or edges whose type is an unresolved proxy!
2025-04-23 15:59:18 WARN   - modifier, org.eclipse.emf.ecore.impl.EClassImpl@13eead57 (eProxyURI: platform:/plugin/org.emftext.language.java/metamodel/java.ecore#_Wo2Yudz1Ed2bJ_pQViWxFg)
2025-04-23 15:59:18 WARN CORRUPT RULE: MethodInterfaceReturnTypeToReturnTypehas nodes and/ or edges whose type is an unresolved proxy!
2025-04-23 15:59:18 WARN   - javaMethod__typeReference__typeReference_eMoflonEdge, org.eclipse.emf.ecore.impl.EReferenceImpl@3a0773 (eProxyURI: platform:/plugin/org.emftext.language.java/metamodel/java.ecore#_Wo2ZQdz1Ed2bJ_pQViWxFg)
2025-04-23 15:59:18 WARN CORRUPT RULE: EnumFinalToFinalhas nodes and/ or edges whose type is an unresolved proxy!
2025-04-23 15:59:18 WARN   - modifier, org.eclipse.emf.ecore.impl.EClassImpl@270b527f (eProxyURI: platform:/plugin/org.emftext.language.java/metamodel/java.ecore#_Wo2Yvdz1Ed2bJ_pQViWxFg)
2025-04-23 15:59:18 WARN CORRUPT RULE: EnumProtectedToProtectedhas nodes and/ or edges whose type is an unresolved proxy!
2025-04-23 15:59:18 WARN   - modifier, org.eclipse.emf.ecore.impl.EClassImpl@736b8ed4 (eProxyURI: platform:/plugin/org.emftext.language.java/metamodel/java.ecore#_Wo2Yudz1Ed2bJ_pQViWxFg)
2025-04-23 15:59:18 WARN CORRUPT RULE: MethodInterfaceParamTypeToParamTypehas nodes and/ or edges whose type is an unresolved proxy!
2025-04-23 15:59:18 WARN   - parameter__typeReference__typeReference_eMoflonEdge, org.eclipse.emf.ecore.impl.EReferenceImpl@1b047ad (eProxyURI: platform:/plugin/org.emftext.language.java/metamodel/java.ecore#_Wo2ZQdz1Ed2bJ_pQViWxFg)
2025-04-23 15:59:18 WARN CORRUPT RULE: ConstructorEnumParamTypeToParamTypehas nodes and/ or edges whose type is an unresolved proxy!
2025-04-23 15:59:18 WARN   - parameter__typeReference__typeReference_eMoflonEdge, org.eclipse.emf.ecore.impl.EReferenceImpl@5d699e19 (eProxyURI: platform:/plugin/org.emftext.language.java/metamodel/java.ecore#_Wo2ZQdz1Ed2bJ_pQViWxFg)
2025-04-23 15:59:18 WARN CORRUPT RULE: ClassFinalToFinalhas nodes and/ or edges whose type is an unresolved proxy!
2025-04-23 15:59:18 WARN   - modifier, org.eclipse.emf.ecore.impl.EClassImpl@9b2ce79 (eProxyURI: platform:/plugin/org.emftext.language.java/metamodel/java.ecore#_Wo2Yvdz1Ed2bJ_pQViWxFg)
2025-04-23 15:59:18 WARN CORRUPT RULE: InterfaceProtectedToProtectedhas nodes and/ or edges whose type is an unresolved proxy!
2025-04-23 15:59:18 WARN   - modifier, org.eclipse.emf.ecore.impl.EClassImpl@37533190 (eProxyURI: platform:/plugin/org.emftext.language.java/metamodel/java.ecore#_Wo2Yudz1Ed2bJ_pQViWxFg)
2025-04-23 15:59:18 WARN CORRUPT RULE: EnumPublicToPublichas nodes and/ or edges whose type is an unresolved proxy!
2025-04-23 15:59:18 WARN   - modifier, org.eclipse.emf.ecore.impl.EClassImpl@4135b7f9 (eProxyURI: platform:/plugin/org.emftext.language.java/metamodel/java.ecore#_Wo2Ytdz1Ed2bJ_pQViWxFg)
2025-04-23 15:59:18 WARN CORRUPT RULE: InterfaceFinalToFinalhas nodes and/ or edges whose type is an unresolved proxy!
2025-04-23 15:59:18 WARN   - modifier, org.eclipse.emf.ecore.impl.EClassImpl@163697a8 (eProxyURI: platform:/plugin/org.emftext.language.java/metamodel/java.ecore#_Wo2Yvdz1Ed2bJ_pQViWxFg)
2025-04-23 15:59:18 WARN CORRUPT RULE: InterfaceAbstractToAbstracthas nodes and/ or edges whose type is an unresolved proxy!
2025-04-23 15:59:18 WARN   - modifier, org.eclipse.emf.ecore.impl.EClassImpl@7f64f070 (eProxyURI: platform:/plugin/org.emftext.language.java/metamodel/java.ecore#_Wo2Yt9z1Ed2bJ_pQViWxFg)
2025-04-23 15:59:18 WARN CORRUPT RULE: EnumPrivateToPrivatehas nodes and/ or edges whose type is an unresolved proxy!
2025-04-23 15:59:18 WARN   - modifier, org.eclipse.emf.ecore.impl.EClassImpl@5a79e98e (eProxyURI: platform:/plugin/org.emftext.language.java/metamodel/java.ecore#_Wo2Yu9z1Ed2bJ_pQViWxFg)
2025-04-23 15:59:18 WARN CORRUPT RULE: EnumAttributeTypeToPropertyTypehas nodes and/ or edges whose type is an unresolved proxy!
2025-04-23 15:59:18 WARN   - field__typeReference__typeReference_eMoflonEdge, org.eclipse.emf.ecore.impl.EReferenceImpl@1fb77d8 (eProxyURI: platform:/plugin/org.emftext.language.java/metamodel/java.ecore#_Wo2ZQdz1Ed2bJ_pQViWxFg)
2025-04-23 15:59:18 WARN CORRUPT RULE: ClassAttributeTypeToPropertyTypehas nodes and/ or edges whose type is an unresolved proxy!
2025-04-23 15:59:18 WARN   - field__typeReference__typeReference_eMoflonEdge, org.eclipse.emf.ecore.impl.EReferenceImpl@69a12179 (eProxyURI: platform:/plugin/org.emftext.language.java/metamodel/java.ecore#_Wo2ZQdz1Ed2bJ_pQViWxFg)
2025-04-23 15:59:18 WARN CORRUPT RULE: MethodFinalToFinalhas nodes and/ or edges whose type is an unresolved proxy!
2025-04-23 15:59:18 WARN   - modifier, org.eclipse.emf.ecore.impl.EClassImpl@4ddb2c51 (eProxyURI: platform:/plugin/org.emftext.language.java/metamodel/java.ecore#_Wo2Yvdz1Ed2bJ_pQViWxFg)
2025-04-23 15:59:18 WARN CORRUPT RULE: MethodEnumParamTypeToParamTypehas nodes and/ or edges whose type is an unresolved proxy!
2025-04-23 15:59:18 WARN   - parameter__typeReference__typeReference_eMoflonEdge, org.eclipse.emf.ecore.impl.EReferenceImpl@5df785d1 (eProxyURI: platform:/plugin/org.emftext.language.java/metamodel/java.ecore#_Wo2ZQdz1Ed2bJ_pQViWxFg)
2025-04-23 15:59:18 WARN CORRUPT RULE: ClassAbstractToAbstracthas nodes and/ or edges whose type is an unresolved proxy!
2025-04-23 15:59:18 WARN   - modifier, org.eclipse.emf.ecore.impl.EClassImpl@78c9502c (eProxyURI: platform:/plugin/org.emftext.language.java/metamodel/java.ecore#_Wo2Yt9z1Ed2bJ_pQViWxFg)
2025-04-23 15:59:18 WARN CORRUPT RULE: ConstructorInterfaceParamTypeToParamTypehas nodes and/ or edges whose type is an unresolved proxy!
2025-04-23 15:59:18 WARN   - parameter__typeReference__typeReference_eMoflonEdge, org.eclipse.emf.ecore.impl.EReferenceImpl@4a105d1b (eProxyURI: platform:/plugin/org.emftext.language.java/metamodel/java.ecore#_Wo2ZQdz1Ed2bJ_pQViWxFg)
2025-04-23 15:59:18 WARN CORRUPT RULE: MethodAbstractToAbstracthas nodes and/ or edges whose type is an unresolved proxy!
2025-04-23 15:59:18 WARN   - modifier, org.eclipse.emf.ecore.impl.EClassImpl@36c222ef (eProxyURI: platform:/plugin/org.emftext.language.java/metamodel/java.ecore#_Wo2Yt9z1Ed2bJ_pQViWxFg)
2025-04-23 15:59:18 WARN CORRUPT RULE: InterfacePublicToPublichas nodes and/ or edges whose type is an unresolved proxy!
2025-04-23 15:59:18 WARN   - modifier, org.eclipse.emf.ecore.impl.EClassImpl@11d0033b (eProxyURI: platform:/plugin/org.emftext.language.java/metamodel/java.ecore#_Wo2Ytdz1Ed2bJ_pQViWxFg)
2025-04-23 15:59:18 WARN CORRUPT RULE: FieldStaticToStatichas nodes and/ or edges whose type is an unresolved proxy!
2025-04-23 15:59:18 WARN   - modifier, org.eclipse.emf.ecore.impl.EClassImpl@708f8545 (eProxyURI: platform:/plugin/org.emftext.language.java/metamodel/java.ecore#_Wo2Yv9z1Ed2bJ_pQViWxFg)
2025-04-23 15:59:18 WARN CORRUPT RULE: MethodClassParamTypeToParamTypehas nodes and/ or edges whose type is an unresolved proxy!
2025-04-23 15:59:18 WARN   - parameter__typeReference__typeReference_eMoflonEdge, org.eclipse.emf.ecore.impl.EReferenceImpl@3bc1ed53 (eProxyURI: platform:/plugin/org.emftext.language.java/metamodel/java.ecore#_Wo2ZQdz1Ed2bJ_pQViWxFg)
2025-04-23 15:59:18 WARN CORRUPT RULE: FieldFinalToFinalhas nodes and/ or edges whose type is an unresolved proxy!
2025-04-23 15:59:18 WARN   - modifier, org.eclipse.emf.ecore.impl.EClassImpl@8aa77a4 (eProxyURI: platform:/plugin/org.emftext.language.java/metamodel/java.ecore#_Wo2Yvdz1Ed2bJ_pQViWxFg)
2025-04-23 15:59:18 WARN CORRUPT RULE: MethodStaticToStatichas nodes and/ or edges whose type is an unresolved proxy!
2025-04-23 15:59:18 WARN   - modifier, org.eclipse.emf.ecore.impl.EClassImpl@599e81bd (eProxyURI: platform:/plugin/org.emftext.language.java/metamodel/java.ecore#_Wo2Yv9z1Ed2bJ_pQViWxFg)
2025-04-23 15:59:18 WARN CORRUPT RULE: ClassPublicToPublichas nodes and/ or edges whose type is an unresolved proxy!
2025-04-23 15:59:18 WARN   - modifier, org.eclipse.emf.ecore.impl.EClassImpl@1d302061 (eProxyURI: platform:/plugin/org.emftext.language.java/metamodel/java.ecore#_Wo2Ytdz1Ed2bJ_pQViWxFg)
2025-04-23 15:59:18 WARN CORRUPT RULE: EnumAbstractToAbstracthas nodes and/ or edges whose type is an unresolved proxy!
2025-04-23 15:59:18 WARN   - modifier, org.eclipse.emf.ecore.impl.EClassImpl@57f9cc7a (eProxyURI: platform:/plugin/org.emftext.language.java/metamodel/java.ecore#_Wo2Yt9z1Ed2bJ_pQViWxFg)
2025-04-23 15:59:18 INFO Pattern Conversion took 7.2328 ms
2025-04-23 15:59:18 INFO Starting SYNC
2025-04-23 15:59:18 INFO Object classifier not found. This must really be a broken match!
2025-04-23 15:59:18 INFO Object field not found. This must really be a broken match!
2025-04-23 15:59:18 INFO Object constructor not found. This must really be a broken match!
2025-04-23 15:59:18 INFO Object javaConcreteClassifier not found. This must really be a broken match!
2025-04-23 15:59:18 INFO Object javaParametrizable not found. This must really be a broken match!
2025-04-23 15:59:18 INFO Object parameter not found. This must really be a broken match!
2025-04-23 15:59:18 INFO Object javaParametrizable not found. This must really be a broken match!
2025-04-23 15:59:18 INFO Object parameter not found. This must really be a broken match!
2025-04-23 15:59:18 INFO Object classifier not found. This must really be a broken match!
2025-04-23 15:59:18 INFO Object javaConcreteClassifier not found. This must really be a broken match!
2025-04-23 15:59:18 INFO Object method not found. This must really be a broken match!
2025-04-23 15:59:18 WARN   LOADED MARKERS : 
    - [VitruviusConsistencyMatch] patternName=OrdinaryConstructorParameterToParameter__CONSISTENCY, type=CONSISTENCY, ruleName=OrdinaryConstructorParameterToParameter
    - [VitruviusConsistencyMatch] patternName=ClassAttributeToProperty__CONSISTENCY, type=CONSISTENCY, ruleName=ClassAttributeToProperty
    - [VitruviusConsistencyMatch] patternName=RootJavaPackageToUmlPackage__CONSISTENCY, type=CONSISTENCY, ruleName=RootJavaPackageToUmlPackage
    - [VitruviusConsistencyMatch] patternName=ClassToUmlClass__CONSISTENCY, type=CONSISTENCY, ruleName=ClassToUmlClass
    - [VitruviusConsistencyMatch] patternName=OrdinaryMethodParameterToParameter__CONSISTENCY, type=CONSISTENCY, ruleName=OrdinaryMethodParameterToParameter
    - [VitruviusConsistencyMatch] patternName=ClassMethodToMethod__CONSISTENCY, type=CONSISTENCY, ruleName=ClassMethodToMethod
    - [VitruviusConsistencyMatch] patternName=ClassConstructorToConstructor__CONSISTENCY, type=CONSISTENCY, ruleName=ClassConstructorToConstructor
    - [VitruviusConsistencyMatch] patternName=JavaFirstCompilationUnitToUmlModel__CONSISTENCY, type=CONSISTENCY, ruleName=JavaFirstCompilationUnitToUmlModel
2025-04-23 15:59:18 WARN No rule defined to cover the following change's type: [RemoveEReference] AE=CompilationUnit:e071deb, name=null
2025-04-23 15:59:18 WARN No rule defined to cover the following change's type: [DeleteEObject] AE=Field:58507830, name=myField
2025-04-23 15:59:18 WARN No rule defined to cover the following change's type: [DeleteEObject] AE=OrdinaryParameter:66a5a12c, name=null
2025-04-23 15:59:18 WARN No rule defined to cover the following change's type: [DeleteEObject] AE=ClassMethod:365a9434, name=methed
2025-04-23 15:59:18 WARN No rule defined to cover the following change's type: [DeleteEObject] AE=OrdinaryParameter:84398a, name=parrametr
2025-04-23 15:59:18 WARN No rule defined to cover the following change's type: [DeleteEObject] AE=Constructor:573d3ec6, name=constructer
2025-04-23 15:59:18 WARN No rule defined to cover the following change's type: [DeleteEObject] AE=Class:1b0964cf, name=kless
2025-04-23 15:59:18 INFO Pattern Matching took 0.7253 ms
2025-04-23 15:59:18 INFO Object classifier not found. This must really be a broken match!
2025-04-23 15:59:18 INFO Object field not found. This must really be a broken match!
2025-04-23 15:59:18 INFO Object constructor not found. This must really be a broken match!
2025-04-23 15:59:18 INFO Object javaConcreteClassifier not found. This must really be a broken match!
2025-04-23 15:59:18 INFO Object javaParametrizable not found. This must really be a broken match!
2025-04-23 15:59:18 INFO Object parameter not found. This must really be a broken match!
2025-04-23 15:59:18 INFO Object javaParametrizable not found. This must really be a broken match!
2025-04-23 15:59:18 INFO Object parameter not found. This must really be a broken match!
2025-04-23 15:59:18 INFO Object classifier not found. This must really be a broken match!
2025-04-23 15:59:18 INFO Object javaConcreteClassifier not found. This must really be a broken match!
2025-04-23 15:59:18 INFO Object method not found. This must really be a broken match!
2025-04-23 15:59:18 WARN   handle breaking change: [RemoveEReference] AE=CompilationUnit:e071deb, name=null
2025-04-23 15:59:18 INFO Object classifier not found. This must really be a broken match!
2025-04-23 15:59:18 INFO Object field not found. This must really be a broken match!
2025-04-23 15:59:18 INFO Object constructor not found. This must really be a broken match!
2025-04-23 15:59:18 INFO Object javaConcreteClassifier not found. This must really be a broken match!
2025-04-23 15:59:18 INFO Object javaParametrizable not found. This must really be a broken match!
2025-04-23 15:59:18 INFO Object parameter not found. This must really be a broken match!
2025-04-23 15:59:18 INFO Object javaParametrizable not found. This must really be a broken match!
2025-04-23 15:59:18 INFO Object parameter not found. This must really be a broken match!
2025-04-23 15:59:18 INFO Object classifier not found. This must really be a broken match!
2025-04-23 15:59:18 INFO Object javaConcreteClassifier not found. This must really be a broken match!
2025-04-23 15:59:18 INFO Object method not found. This must really be a broken match!
2025-04-23 15:59:18 WARN   handle breaking change: [RemoveEReference] AE=CompilationUnit:e071deb, name=null
2025-04-23 15:59:18 INFO Object classifier not found. This must really be a broken match!
2025-04-23 15:59:18 INFO Object field not found. This must really be a broken match!
2025-04-23 15:59:18 INFO Object constructor not found. This must really be a broken match!
2025-04-23 15:59:18 INFO Object javaConcreteClassifier not found. This must really be a broken match!
2025-04-23 15:59:18 INFO Object javaParametrizable not found. This must really be a broken match!
2025-04-23 15:59:18 INFO Object parameter not found. This must really be a broken match!
2025-04-23 15:59:18 INFO Object javaParametrizable not found. This must really be a broken match!
2025-04-23 15:59:18 INFO Object parameter not found. This must really be a broken match!
2025-04-23 15:59:18 INFO Object classifier not found. This must really be a broken match!
2025-04-23 15:59:18 INFO Object javaConcreteClassifier not found. This must really be a broken match!
2025-04-23 15:59:18 INFO Object method not found. This must really be a broken match!
2025-04-23 15:59:18 WARN   handle breaking change: [RemoveEReference] AE=CompilationUnit:e071deb, name=null
2025-04-23 15:59:18 INFO Object classifier not found. This must really be a broken match!
2025-04-23 15:59:18 INFO Object field not found. This must really be a broken match!
2025-04-23 15:59:18 INFO Object constructor not found. This must really be a broken match!
2025-04-23 15:59:18 INFO Object javaConcreteClassifier not found. This must really be a broken match!
2025-04-23 15:59:18 INFO Object javaParametrizable not found. This must really be a broken match!
2025-04-23 15:59:18 INFO Object parameter not found. This must really be a broken match!
2025-04-23 15:59:18 INFO Object javaParametrizable not found. This must really be a broken match!
2025-04-23 15:59:18 INFO Object parameter not found. This must really be a broken match!
2025-04-23 15:59:18 INFO Object classifier not found. This must really be a broken match!
2025-04-23 15:59:18 INFO Object javaConcreteClassifier not found. This must really be a broken match!
2025-04-23 15:59:18 INFO Object method not found. This must really be a broken match!
2025-04-23 15:59:18 WARN   handle breaking change: [RemoveEReference] AE=CompilationUnit:e071deb, name=null
2025-04-23 15:59:18 WARN   handle breaking change: [RemoveEReference] AE=CompilationUnit:e071deb, name=null
2025-04-23 15:59:18 WARN No rule defined to cover the following change's type: [RemoveEReference] AE=CompilationUnit:e071deb, name=null
2025-04-23 15:59:18 WARN No rule defined to cover the following change's type: [DeleteEObject] AE=Field:58507830, name=myField
2025-04-23 15:59:18 WARN No rule defined to cover the following change's type: [DeleteEObject] AE=OrdinaryParameter:66a5a12c, name=null
2025-04-23 15:59:18 WARN No rule defined to cover the following change's type: [DeleteEObject] AE=ClassMethod:365a9434, name=methed
2025-04-23 15:59:18 WARN No rule defined to cover the following change's type: [DeleteEObject] AE=OrdinaryParameter:84398a, name=parrametr
2025-04-23 15:59:18 WARN No rule defined to cover the following change's type: [DeleteEObject] AE=Constructor:573d3ec6, name=constructer
2025-04-23 15:59:18 WARN No rule defined to cover the following change's type: [DeleteEObject] AE=Class:1b0964cf, name=kless
2025-04-23 15:59:18 WARN   handle breaking change: [RemoveEReference] AE=CompilationUnit:e071deb, name=null
2025-04-23 15:59:18 INFO Created elements: 0
2025-04-23 15:59:18 INFO Deleted elements: 6
2025-04-23 15:59:18 INFO Completed SYNC in: 45 ms
2025-04-23 15:59:18 DEBUG BENCHMARKLOGGER logs: 
2025-04-23 15:59:18 DEBUG BenchmarkLogger
[
  Total elements created .. 0
  Total elements deleted .. 6
  Total matches found ..... 8
  Total matches repaired .. 0
  Total matches revoked ... 6
  Total matches applied ... 0
]
2025-04-23 15:59:18 INFO VitruviusBackwardConversionTGGEngine::terminate called. We do not use this.
2025-04-23 15:59:18 INFO --- No correspondences added.
2025-04-23 15:59:18 DEBUG End recording virtual model
2025-04-23 15:59:18 DEBUG Propagated <input change> in [[http://www.emftext.org/java]] -> {[[http://www.eclipse.org/uml2/5.0.0/UML]]}
2025-04-23 15:59:18 DEBUG Propagated <input change> in [[http://www.emftext.org/java]] -> [[http://www.eclipse.org/uml2/5.0.0/UML]] -> {}
2025-04-23 15:59:18 DEBUG Propagated <input change> in [[http://www.emftext.org/java]] -> [[http://www.eclipse.org/uml2/5.0.0/UML]] -> {}
2025-04-23 15:59:18 DEBUG Start recording virtual model
2025-04-23 15:59:18 WARN propagateChange not implemented, use propagateChanges (with an s).
2025-04-23 15:59:18 WARN propagateChange not implemented, use propagateChanges (with an s).
2025-04-23 15:59:18 WARN propagateChange not implemented, use propagateChanges (with an s).
2025-04-23 15:59:18 WARN propagateChange not implemented, use propagateChanges (with an s).
2025-04-23 15:59:18 WARN propagateChange not implemented, use propagateChanges (with an s).
2025-04-23 15:59:18 WARN propagateChange not implemented, use propagateChanges (with an s).
2025-04-23 15:59:18 WARN propagateChange not implemented, use propagateChanges (with an s).
2025-04-23 15:59:18 DEBUG End recording virtual model
2025-04-23 15:59:18 DEBUG Propagated <input change> in [[http://www.emftext.org/java]] -> {}
2025-04-23 15:59:18 DEBUG Saving all models of model repository for VSUM @target\Java2UmlEvaluationGoal1\testJavaClassDeleted
2025-04-23 15:59:18 DEBUG Save resource: org.eclipse.emf.ecore.xmi.impl.XMIResourceImpl@5d0d1e50 uri='target\Java2UmlEvaluationGoal1\testJavaClassDeleted\uml_instance.model'
2025-04-23 15:59:18 DEBUG Finished synchronizing change: TransactionalChangeImpl: [
	Uuid(ord__Jc-LQSBLEfCt_d1Q4dqckw).classifiers -= Uuid(ord__Jc-LQiBLEfCt_d1Q4dqckw) (index 0)
	delete Uuid(ord__Jc-yUyBLEfCt_d1Q4dqckw)
	delete Uuid(ord__Jc-yUiBLEfCt_d1Q4dqckw)
	delete Uuid(ord__Jc-yUSBLEfCt_d1Q4dqckw)
	delete Uuid(ord__Jc-yUCBLEfCt_d1Q4dqckw)
	delete Uuid(ord__Jc-LQyBLEfCt_d1Q4dqckw)
	delete Uuid(ord__Jc-LQiBLEfCt_d1Q4dqckw)
]

2025-04-23 15:59:18 INFO Finished change propagation
]]></system-out>
  </testcase>
  <testcase name="testJavaCompilationUnitDeleted" classname="tools.vitruv.methodologisttemplate.vsum.Java2UmlEvaluationGoal1Test" time="0.654">
    <system-out><![CDATA[2025-04-23 15:59:18 INFO eclipse-ibex-workspace: C:\Users\XPS-15\IdeaProjects\Vitruv-TGG-Integration-Test\vsum\..\eclipse-ibex-workspace\Java2Uml
2025-04-23 15:59:18 INFO setupCorrAndProtocol: Wiping corr.xmi and protocol.xmi
2025-04-23 15:59:18 INFO setupCorrAndProtocol: Wiping corr.xmi and protocol.xmi
2025-04-23 15:59:18 INFO Starting change propagation
2025-04-23 15:59:18 DEBUG Started synchronizing change: TransactionalChangeImpl: [
	create Uuid(ord__JjYVQCBLEfCt_d1Q4dqckw)
	insert Uuid(ord__JjYVQCBLEfCt_d1Q4dqckw) at target\Java2UmlEvaluationGoal1\testJavaCompilationUnitDeleted\java_instance.model (index 0)
	Uuid(ord__JjYVQCBLEfCt_d1Q4dqckw).name = peketsch (was )
	create Uuid(ord__JjYVQSBLEfCt_d1Q4dqckw)
	Uuid(ord__JjYVQCBLEfCt_d1Q4dqckw).compilationUnits += Uuid(ord__JjYVQSBLEfCt_d1Q4dqckw) (index 0)
	create Uuid(ord__JjYVQiBLEfCt_d1Q4dqckw)
	Uuid(ord__JjYVQSBLEfCt_d1Q4dqckw).classifiers += Uuid(ord__JjYVQiBLEfCt_d1Q4dqckw) (index 0)
	Uuid(ord__JjYVQiBLEfCt_d1Q4dqckw).name = kless (was )
	create Uuid(ord__JjYVQyBLEfCt_d1Q4dqckw)
	Uuid(ord__JjYVQiBLEfCt_d1Q4dqckw).members += Uuid(ord__JjYVQyBLEfCt_d1Q4dqckw) (index 0)
	Uuid(ord__JjYVQyBLEfCt_d1Q4dqckw).name = constructer (was )
	create Uuid(ord__JjYVRCBLEfCt_d1Q4dqckw)
	Uuid(ord__JjYVQyBLEfCt_d1Q4dqckw).parameters += Uuid(ord__JjYVRCBLEfCt_d1Q4dqckw) (index 0)
	Uuid(ord__JjYVRCBLEfCt_d1Q4dqckw).name = parrametr (was )
	create Uuid(ord__JjYVRSBLEfCt_d1Q4dqckw)
	Uuid(ord__JjYVQiBLEfCt_d1Q4dqckw).members += Uuid(ord__JjYVRSBLEfCt_d1Q4dqckw) (index 1)
	Uuid(ord__JjYVRSBLEfCt_d1Q4dqckw).name = methed (was )
	create Uuid(ord__JjYVRiBLEfCt_d1Q4dqckw)
	Uuid(ord__JjYVRSBLEfCt_d1Q4dqckw).parameters += Uuid(ord__JjYVRiBLEfCt_d1Q4dqckw) (index 0)
	create Uuid(ord__JjYVRyBLEfCt_d1Q4dqckw)
	Uuid(ord__JjYVQiBLEfCt_d1Q4dqckw).members += Uuid(ord__JjYVRyBLEfCt_d1Q4dqckw) (index 2)
	Uuid(ord__JjYVRyBLEfCt_d1Q4dqckw).name = myField (was )
]

2025-04-23 15:59:18 DEBUG Create model instance for resource with URI: target\Java2UmlEvaluationGoal1\testJavaCompilationUnitDeleted\java_instance.model
2025-04-23 15:59:18 DEBUG Start recording virtual model
2025-04-23 15:59:18 INFO ------- Calling ibex -------
2025-04-23 15:59:18 INFO Source Model has no respective target model yet. Creating one.
2025-04-23 15:59:18 DEBUG Create model instance for resource with URI: target\Java2UmlEvaluationGoal1\testJavaCompilationUnitDeleted\uml_instance.model
2025-04-23 15:59:18 INFO Resource not found. Not loading. Path=C:\Users\XPS-15\IdeaProjects\Vitruv-TGG-Integration-Test\vsum\..\eclipse-ibex-workspace/Java2Uml/instances/corr.xmi
2025-04-23 15:59:18 INFO Resource not found. Not loading. Path=C:\Users\XPS-15\IdeaProjects\Vitruv-TGG-Integration-Test\vsum\..\eclipse-ibex-workspace/Java2Uml/instances/protocol.xmi
2025-04-23 15:59:18 WARN CORRUPT RULE: InterfaceAttributeTypeToPropertyTypehas nodes and/ or edges whose type is an unresolved proxy!
2025-04-23 15:59:18 WARN   - field__typeReference__typeReference_eMoflonEdge, org.eclipse.emf.ecore.impl.EReferenceImpl@7d893815 (eProxyURI: platform:/plugin/org.emftext.language.java/metamodel/java.ecore#_Wo2ZQdz1Ed2bJ_pQViWxFg)
2025-04-23 15:59:18 WARN CORRUPT RULE: ClassProtectedToProtectedhas nodes and/ or edges whose type is an unresolved proxy!
2025-04-23 15:59:18 WARN   - modifier, org.eclipse.emf.ecore.impl.EClassImpl@7bf56370 (eProxyURI: platform:/plugin/org.emftext.language.java/metamodel/java.ecore#_Wo2Yudz1Ed2bJ_pQViWxFg)
2025-04-23 15:59:18 WARN CORRUPT RULE: InterfaceProtectedToProtectedhas nodes and/ or edges whose type is an unresolved proxy!
2025-04-23 15:59:18 WARN   - modifier, org.eclipse.emf.ecore.impl.EClassImpl@d278065 (eProxyURI: platform:/plugin/org.emftext.language.java/metamodel/java.ecore#_Wo2Yudz1Ed2bJ_pQViWxFg)
2025-04-23 15:59:18 WARN CORRUPT RULE: MethodEnumParamTypeToParamTypehas nodes and/ or edges whose type is an unresolved proxy!
2025-04-23 15:59:18 WARN   - parameter__typeReference__typeReference_eMoflonEdge, org.eclipse.emf.ecore.impl.EReferenceImpl@28d26e57 (eProxyURI: platform:/plugin/org.emftext.language.java/metamodel/java.ecore#_Wo2ZQdz1Ed2bJ_pQViWxFg)
2025-04-23 15:59:18 WARN CORRUPT RULE: ConstructorEnumParamTypeToParamTypehas nodes and/ or edges whose type is an unresolved proxy!
2025-04-23 15:59:18 WARN   - parameter__typeReference__typeReference_eMoflonEdge, org.eclipse.emf.ecore.impl.EReferenceImpl@728055bf (eProxyURI: platform:/plugin/org.emftext.language.java/metamodel/java.ecore#_Wo2ZQdz1Ed2bJ_pQViWxFg)
2025-04-23 15:59:18 WARN CORRUPT RULE: ClassPrivateToPrivatehas nodes and/ or edges whose type is an unresolved proxy!
2025-04-23 15:59:18 WARN   - modifier, org.eclipse.emf.ecore.impl.EClassImpl@520a8ea1 (eProxyURI: platform:/plugin/org.emftext.language.java/metamodel/java.ecore#_Wo2Yu9z1Ed2bJ_pQViWxFg)
2025-04-23 15:59:18 WARN CORRUPT RULE: EnumAbstractToAbstracthas nodes and/ or edges whose type is an unresolved proxy!
2025-04-23 15:59:18 WARN   - modifier, org.eclipse.emf.ecore.impl.EClassImpl@4fa7df5c (eProxyURI: platform:/plugin/org.emftext.language.java/metamodel/java.ecore#_Wo2Yt9z1Ed2bJ_pQViWxFg)
2025-04-23 15:59:18 WARN CORRUPT RULE: MethodInterfaceReturnTypeToReturnTypehas nodes and/ or edges whose type is an unresolved proxy!
2025-04-23 15:59:18 WARN   - javaMethod__typeReference__typeReference_eMoflonEdge, org.eclipse.emf.ecore.impl.EReferenceImpl@2f0166d7 (eProxyURI: platform:/plugin/org.emftext.language.java/metamodel/java.ecore#_Wo2ZQdz1Ed2bJ_pQViWxFg)
2025-04-23 15:59:18 WARN CORRUPT RULE: EnumAttributeTypeToPropertyTypehas nodes and/ or edges whose type is an unresolved proxy!
2025-04-23 15:59:18 WARN   - field__typeReference__typeReference_eMoflonEdge, org.eclipse.emf.ecore.impl.EReferenceImpl@337f76ff (eProxyURI: platform:/plugin/org.emftext.language.java/metamodel/java.ecore#_Wo2ZQdz1Ed2bJ_pQViWxFg)
2025-04-23 15:59:18 WARN CORRUPT RULE: InterfacePublicToPublichas nodes and/ or edges whose type is an unresolved proxy!
2025-04-23 15:59:18 WARN   - modifier, org.eclipse.emf.ecore.impl.EClassImpl@7aafcef3 (eProxyURI: platform:/plugin/org.emftext.language.java/metamodel/java.ecore#_Wo2Ytdz1Ed2bJ_pQViWxFg)
2025-04-23 15:59:18 WARN CORRUPT RULE: ClassAbstractToAbstracthas nodes and/ or edges whose type is an unresolved proxy!
2025-04-23 15:59:18 WARN   - modifier, org.eclipse.emf.ecore.impl.EClassImpl@68400aa5 (eProxyURI: platform:/plugin/org.emftext.language.java/metamodel/java.ecore#_Wo2Yt9z1Ed2bJ_pQViWxFg)
2025-04-23 15:59:18 WARN CORRUPT RULE: EnumProtectedToProtectedhas nodes and/ or edges whose type is an unresolved proxy!
2025-04-23 15:59:18 WARN   - modifier, org.eclipse.emf.ecore.impl.EClassImpl@537e8a15 (eProxyURI: platform:/plugin/org.emftext.language.java/metamodel/java.ecore#_Wo2Yudz1Ed2bJ_pQViWxFg)
2025-04-23 15:59:18 WARN CORRUPT RULE: InterfaceAbstractToAbstracthas nodes and/ or edges whose type is an unresolved proxy!
2025-04-23 15:59:18 WARN   - modifier, org.eclipse.emf.ecore.impl.EClassImpl@19a71722 (eProxyURI: platform:/plugin/org.emftext.language.java/metamodel/java.ecore#_Wo2Yt9z1Ed2bJ_pQViWxFg)
2025-04-23 15:59:18 WARN CORRUPT RULE: MethodClassParamTypeToParamTypehas nodes and/ or edges whose type is an unresolved proxy!
2025-04-23 15:59:18 WARN   - parameter__typeReference__typeReference_eMoflonEdge, org.eclipse.emf.ecore.impl.EReferenceImpl@79b9ed8d (eProxyURI: platform:/plugin/org.emftext.language.java/metamodel/java.ecore#_Wo2ZQdz1Ed2bJ_pQViWxFg)
2025-04-23 15:59:18 WARN CORRUPT RULE: FieldStaticToStatichas nodes and/ or edges whose type is an unresolved proxy!
2025-04-23 15:59:18 WARN   - modifier, org.eclipse.emf.ecore.impl.EClassImpl@788890e9 (eProxyURI: platform:/plugin/org.emftext.language.java/metamodel/java.ecore#_Wo2Yv9z1Ed2bJ_pQViWxFg)
2025-04-23 15:59:18 WARN CORRUPT RULE: ClassAttributeTypeToPropertyTypehas nodes and/ or edges whose type is an unresolved proxy!
2025-04-23 15:59:18 WARN   - field__typeReference__typeReference_eMoflonEdge, org.eclipse.emf.ecore.impl.EReferenceImpl@17d1b2a0 (eProxyURI: platform:/plugin/org.emftext.language.java/metamodel/java.ecore#_Wo2ZQdz1Ed2bJ_pQViWxFg)
2025-04-23 15:59:18 WARN CORRUPT RULE: FieldFinalToFinalhas nodes and/ or edges whose type is an unresolved proxy!
2025-04-23 15:59:18 WARN   - modifier, org.eclipse.emf.ecore.impl.EClassImpl@4ea78b91 (eProxyURI: platform:/plugin/org.emftext.language.java/metamodel/java.ecore#_Wo2Yvdz1Ed2bJ_pQViWxFg)
2025-04-23 15:59:18 WARN CORRUPT RULE: MethodEnumReturnTypeToReturnTypehas nodes and/ or edges whose type is an unresolved proxy!
2025-04-23 15:59:18 WARN   - javaMethod__typeReference__typeReference_eMoflonEdge, org.eclipse.emf.ecore.impl.EReferenceImpl@62497b5d (eProxyURI: platform:/plugin/org.emftext.language.java/metamodel/java.ecore#_Wo2ZQdz1Ed2bJ_pQViWxFg)
2025-04-23 15:59:18 WARN CORRUPT RULE: MethodStaticToStatichas nodes and/ or edges whose type is an unresolved proxy!
2025-04-23 15:59:18 WARN   - modifier, org.eclipse.emf.ecore.impl.EClassImpl@401358e5 (eProxyURI: platform:/plugin/org.emftext.language.java/metamodel/java.ecore#_Wo2Yv9z1Ed2bJ_pQViWxFg)
2025-04-23 15:59:18 WARN CORRUPT RULE: MethodAbstractToAbstracthas nodes and/ or edges whose type is an unresolved proxy!
2025-04-23 15:59:18 WARN   - modifier, org.eclipse.emf.ecore.impl.EClassImpl@2d68af14 (eProxyURI: platform:/plugin/org.emftext.language.java/metamodel/java.ecore#_Wo2Yt9z1Ed2bJ_pQViWxFg)
2025-04-23 15:59:18 WARN CORRUPT RULE: MethodClassReturnTypeToReturnTypehas nodes and/ or edges whose type is an unresolved proxy!
2025-04-23 15:59:18 WARN   - javaMethod__typeReference__typeReference_eMoflonEdge, org.eclipse.emf.ecore.impl.EReferenceImpl@10aabada (eProxyURI: platform:/plugin/org.emftext.language.java/metamodel/java.ecore#_Wo2ZQdz1Ed2bJ_pQViWxFg)
2025-04-23 15:59:18 WARN CORRUPT RULE: EnumPrivateToPrivatehas nodes and/ or edges whose type is an unresolved proxy!
2025-04-23 15:59:18 WARN   - modifier, org.eclipse.emf.ecore.impl.EClassImpl@69ebb009 (eProxyURI: platform:/plugin/org.emftext.language.java/metamodel/java.ecore#_Wo2Yu9z1Ed2bJ_pQViWxFg)
2025-04-23 15:59:18 WARN CORRUPT RULE: EnumFinalToFinalhas nodes and/ or edges whose type is an unresolved proxy!
2025-04-23 15:59:18 WARN   - modifier, org.eclipse.emf.ecore.impl.EClassImpl@462478a3 (eProxyURI: platform:/plugin/org.emftext.language.java/metamodel/java.ecore#_Wo2Yvdz1Ed2bJ_pQViWxFg)
2025-04-23 15:59:18 WARN CORRUPT RULE: InterfaceFinalToFinalhas nodes and/ or edges whose type is an unresolved proxy!
2025-04-23 15:59:18 WARN   - modifier, org.eclipse.emf.ecore.impl.EClassImpl@6e8d3d43 (eProxyURI: platform:/plugin/org.emftext.language.java/metamodel/java.ecore#_Wo2Yvdz1Ed2bJ_pQViWxFg)
2025-04-23 15:59:18 WARN CORRUPT RULE: ClassFinalToFinalhas nodes and/ or edges whose type is an unresolved proxy!
2025-04-23 15:59:18 WARN   - modifier, org.eclipse.emf.ecore.impl.EClassImpl@630fa11e (eProxyURI: platform:/plugin/org.emftext.language.java/metamodel/java.ecore#_Wo2Yvdz1Ed2bJ_pQViWxFg)
2025-04-23 15:59:18 WARN CORRUPT RULE: ConstructorClassParamTypeToParamTypehas nodes and/ or edges whose type is an unresolved proxy!
2025-04-23 15:59:18 WARN   - parameter__typeReference__typeReference_eMoflonEdge, org.eclipse.emf.ecore.impl.EReferenceImpl@2bdd6203 (eProxyURI: platform:/plugin/org.emftext.language.java/metamodel/java.ecore#_Wo2ZQdz1Ed2bJ_pQViWxFg)
2025-04-23 15:59:18 WARN CORRUPT RULE: ClassPublicToPublichas nodes and/ or edges whose type is an unresolved proxy!
2025-04-23 15:59:18 WARN   - modifier, org.eclipse.emf.ecore.impl.EClassImpl@6a10f47a (eProxyURI: platform:/plugin/org.emftext.language.java/metamodel/java.ecore#_Wo2Ytdz1Ed2bJ_pQViWxFg)
2025-04-23 15:59:18 WARN CORRUPT RULE: InterfacePrivateToPrivatehas nodes and/ or edges whose type is an unresolved proxy!
2025-04-23 15:59:18 WARN   - modifier, org.eclipse.emf.ecore.impl.EClassImpl@6fcafcfe (eProxyURI: platform:/plugin/org.emftext.language.java/metamodel/java.ecore#_Wo2Yu9z1Ed2bJ_pQViWxFg)
2025-04-23 15:59:18 WARN CORRUPT RULE: MethodFinalToFinalhas nodes and/ or edges whose type is an unresolved proxy!
2025-04-23 15:59:18 WARN   - modifier, org.eclipse.emf.ecore.impl.EClassImpl@3b418ca2 (eProxyURI: platform:/plugin/org.emftext.language.java/metamodel/java.ecore#_Wo2Yvdz1Ed2bJ_pQViWxFg)
2025-04-23 15:59:18 WARN CORRUPT RULE: ConstructorInterfaceParamTypeToParamTypehas nodes and/ or edges whose type is an unresolved proxy!
2025-04-23 15:59:18 WARN   - parameter__typeReference__typeReference_eMoflonEdge, org.eclipse.emf.ecore.impl.EReferenceImpl@1675adad (eProxyURI: platform:/plugin/org.emftext.language.java/metamodel/java.ecore#_Wo2ZQdz1Ed2bJ_pQViWxFg)
2025-04-23 15:59:18 WARN CORRUPT RULE: EnumPublicToPublichas nodes and/ or edges whose type is an unresolved proxy!
2025-04-23 15:59:18 WARN   - modifier, org.eclipse.emf.ecore.impl.EClassImpl@f5eff92 (eProxyURI: platform:/plugin/org.emftext.language.java/metamodel/java.ecore#_Wo2Ytdz1Ed2bJ_pQViWxFg)
2025-04-23 15:59:18 WARN CORRUPT RULE: MethodInterfaceParamTypeToParamTypehas nodes and/ or edges whose type is an unresolved proxy!
2025-04-23 15:59:18 WARN   - parameter__typeReference__typeReference_eMoflonEdge, org.eclipse.emf.ecore.impl.EReferenceImpl@1efb1a38 (eProxyURI: platform:/plugin/org.emftext.language.java/metamodel/java.ecore#_Wo2ZQdz1Ed2bJ_pQViWxFg)
2025-04-23 15:59:18 INFO Pattern Conversion took 8.1926 ms
2025-04-23 15:59:18 INFO Starting SYNC
2025-04-23 15:59:18 WARN   LOADED MARKERS : 
    - 
2025-04-23 15:59:18 WARN No rule defined to cover the following change's type: [InsertEAttributeValue] AE=Package:2ea7e25d, name=peketsch
2025-04-23 15:59:18 WARN No rule defined to cover the following change's type: [InsertEAttributeValue] AE=Class:11aeb673, name=kless
2025-04-23 15:59:18 WARN No rule defined to cover the following change's type: [InsertEAttributeValue] AE=Constructor:a0b11, name=constructer
2025-04-23 15:59:18 WARN No rule defined to cover the following change's type: [InsertEAttributeValue] AE=OrdinaryParameter:c76c029, name=parrametr
2025-04-23 15:59:18 WARN No rule defined to cover the following change's type: [InsertEAttributeValue] AE=ClassMethod:4435c9b9, name=methed
2025-04-23 15:59:18 WARN No rule defined to cover the following change's type: [InsertEAttributeValue] AE=Field:704e27f9, name=myField
2025-04-23 15:59:18 INFO Pattern Matching took 5.4435 ms
2025-04-23 15:59:18 INFO Created elements: 18
2025-04-23 15:59:18 INFO Deleted elements: 0
2025-04-23 15:59:18 INFO Completed SYNC in: 46 ms
2025-04-23 15:59:18 DEBUG BENCHMARKLOGGER logs: 
2025-04-23 15:59:18 DEBUG BenchmarkLogger
[
  Total elements created .. 18
  Total elements deleted .. 0
  Total matches found ..... 16
  Total matches repaired .. 0
  Total matches revoked ... 0
  Total matches applied ... 8
]
2025-04-23 15:59:18 INFO VitruviusBackwardConversionTGGEngine::terminate called. We do not use this.
2025-04-23 15:59:18 DEBUG Add root to resource: org.eclipse.emf.ecore.xmi.impl.XMIResourceImpl@91ae62 uri='target\Java2UmlEvaluationGoal1\testJavaCompilationUnitDeleted\uml_instance.model'
2025-04-23 15:59:18 INFO -- Added the following corrs: 
2025-04-23 15:59:18 INFO   - [CorrespondenceNode JavaMethodToOperation] SRC=ClassMethod:4435c9b9, name=methed, TRG=Operation:5011753d, name=methed
2025-04-23 15:59:18 INFO   - [CorrespondenceNode JavaAttributeToUmlProperty] SRC=Field:704e27f9, name=myField, TRG=Property:155d00b5, name=myField
2025-04-23 15:59:18 INFO   - [CorrespondenceNode JavaPackageToUmlPackage] SRC=Package:2ea7e25d, name=peketsch, TRG=Package:13e880b5, name=peketsch
2025-04-23 15:59:18 INFO   - [CorrespondenceNode JavaCompilationUnitToUmlModel] SRC=CompilationUnit:73d76b9d, name=null, TRG=Model:8937f62, name=UML_MODEL
2025-04-23 15:59:18 INFO   - [CorrespondenceNode JavaParameterToParameter] SRC=OrdinaryParameter:204ce262, name=null, TRG=Parameter:1c382494, name=null
2025-04-23 15:59:18 INFO   - [CorrespondenceNode JavaClassifierToUmlClassifier] SRC=Class:11aeb673, name=kless, TRG=Class:3c81a51a, name=kless
2025-04-23 15:59:18 INFO   - [CorrespondenceNode JavaConstructorToOperation] SRC=Constructor:a0b11, name=constructer, TRG=Operation:196d7c9e, name=constructer
2025-04-23 15:59:18 INFO   - [CorrespondenceNode JavaParameterToParameter] SRC=OrdinaryParameter:c76c029, name=parrametr, TRG=Parameter:99c5646, name=parrametr
2025-04-23 15:59:18 DEBUG End recording virtual model
2025-04-23 15:59:18 DEBUG Propagated <input change> in [[http://www.emftext.org/java]] -> {[[http://www.eclipse.org/uml2/5.0.0/UML]]}
2025-04-23 15:59:18 DEBUG Propagated <input change> in [[http://www.emftext.org/java]] -> [[http://www.eclipse.org/uml2/5.0.0/UML]] -> {}
2025-04-23 15:59:18 DEBUG Propagated <input change> in [[http://www.emftext.org/java]] -> [[http://www.eclipse.org/uml2/5.0.0/UML]] -> {}
2025-04-23 15:59:18 DEBUG Start recording virtual model
2025-04-23 15:59:18 WARN propagateChange not implemented, use propagateChanges (with an s).
2025-04-23 15:59:18 WARN propagateChange not implemented, use propagateChanges (with an s).
2025-04-23 15:59:18 WARN propagateChange not implemented, use propagateChanges (with an s).
2025-04-23 15:59:18 WARN propagateChange not implemented, use propagateChanges (with an s).
2025-04-23 15:59:18 WARN propagateChange not implemented, use propagateChanges (with an s).
2025-04-23 15:59:18 WARN propagateChange not implemented, use propagateChanges (with an s).
2025-04-23 15:59:18 WARN propagateChange not implemented, use propagateChanges (with an s).
2025-04-23 15:59:18 WARN propagateChange not implemented, use propagateChanges (with an s).
2025-04-23 15:59:18 WARN propagateChange not implemented, use propagateChanges (with an s).
2025-04-23 15:59:18 WARN propagateChange not implemented, use propagateChanges (with an s).
2025-04-23 15:59:18 WARN propagateChange not implemented, use propagateChanges (with an s).
2025-04-23 15:59:18 WARN propagateChange not implemented, use propagateChanges (with an s).
2025-04-23 15:59:18 WARN propagateChange not implemented, use propagateChanges (with an s).
2025-04-23 15:59:18 WARN propagateChange not implemented, use propagateChanges (with an s).
2025-04-23 15:59:18 WARN propagateChange not implemented, use propagateChanges (with an s).
2025-04-23 15:59:18 WARN propagateChange not implemented, use propagateChanges (with an s).
2025-04-23 15:59:18 WARN propagateChange not implemented, use propagateChanges (with an s).
2025-04-23 15:59:18 WARN propagateChange not implemented, use propagateChanges (with an s).
2025-04-23 15:59:18 WARN propagateChange not implemented, use propagateChanges (with an s).
2025-04-23 15:59:18 WARN propagateChange not implemented, use propagateChanges (with an s).
2025-04-23 15:59:18 WARN propagateChange not implemented, use propagateChanges (with an s).
2025-04-23 15:59:18 WARN propagateChange not implemented, use propagateChanges (with an s).
2025-04-23 15:59:18 DEBUG End recording virtual model
2025-04-23 15:59:18 DEBUG Propagated <input change> in [[http://www.emftext.org/java]] -> {}
2025-04-23 15:59:18 DEBUG Saving all models of model repository for VSUM @target\Java2UmlEvaluationGoal1\testJavaCompilationUnitDeleted
2025-04-23 15:59:18 DEBUG Save resource: org.eclipse.emf.ecore.xmi.impl.XMIResourceImpl@91ae62 uri='target\Java2UmlEvaluationGoal1\testJavaCompilationUnitDeleted\uml_instance.model'
2025-04-23 15:59:18 DEBUG Finished synchronizing change: TransactionalChangeImpl: [
	create Uuid(ord__JjYVQCBLEfCt_d1Q4dqckw)
	insert Uuid(ord__JjYVQCBLEfCt_d1Q4dqckw) at target\Java2UmlEvaluationGoal1\testJavaCompilationUnitDeleted\java_instance.model (index 0)
	Uuid(ord__JjYVQCBLEfCt_d1Q4dqckw).name = peketsch (was )
	create Uuid(ord__JjYVQSBLEfCt_d1Q4dqckw)
	Uuid(ord__JjYVQCBLEfCt_d1Q4dqckw).compilationUnits += Uuid(ord__JjYVQSBLEfCt_d1Q4dqckw) (index 0)
	create Uuid(ord__JjYVQiBLEfCt_d1Q4dqckw)
	Uuid(ord__JjYVQSBLEfCt_d1Q4dqckw).classifiers += Uuid(ord__JjYVQiBLEfCt_d1Q4dqckw) (index 0)
	Uuid(ord__JjYVQiBLEfCt_d1Q4dqckw).name = kless (was )
	create Uuid(ord__JjYVQyBLEfCt_d1Q4dqckw)
	Uuid(ord__JjYVQiBLEfCt_d1Q4dqckw).members += Uuid(ord__JjYVQyBLEfCt_d1Q4dqckw) (index 0)
	Uuid(ord__JjYVQyBLEfCt_d1Q4dqckw).name = constructer (was )
	create Uuid(ord__JjYVRCBLEfCt_d1Q4dqckw)
	Uuid(ord__JjYVQyBLEfCt_d1Q4dqckw).parameters += Uuid(ord__JjYVRCBLEfCt_d1Q4dqckw) (index 0)
	Uuid(ord__JjYVRCBLEfCt_d1Q4dqckw).name = parrametr (was )
	create Uuid(ord__JjYVRSBLEfCt_d1Q4dqckw)
	Uuid(ord__JjYVQiBLEfCt_d1Q4dqckw).members += Uuid(ord__JjYVRSBLEfCt_d1Q4dqckw) (index 1)
	Uuid(ord__JjYVRSBLEfCt_d1Q4dqckw).name = methed (was )
	create Uuid(ord__JjYVRiBLEfCt_d1Q4dqckw)
	Uuid(ord__JjYVRSBLEfCt_d1Q4dqckw).parameters += Uuid(ord__JjYVRiBLEfCt_d1Q4dqckw) (index 0)
	create Uuid(ord__JjYVRyBLEfCt_d1Q4dqckw)
	Uuid(ord__JjYVQiBLEfCt_d1Q4dqckw).members += Uuid(ord__JjYVRyBLEfCt_d1Q4dqckw) (index 2)
	Uuid(ord__JjYVRyBLEfCt_d1Q4dqckw).name = myField (was )
]

2025-04-23 15:59:18 INFO Finished change propagation
2025-04-23 15:59:18 INFO Starting change propagation
2025-04-23 15:59:18 DEBUG Started synchronizing change: TransactionalChangeImpl: [
	Uuid(ord__JjYVQCBLEfCt_d1Q4dqckw).compilationUnits -= Uuid(ord__JjYVQSBLEfCt_d1Q4dqckw) (index 0)
	delete Uuid(ord__JjYVRyBLEfCt_d1Q4dqckw)
	delete Uuid(ord__JjYVRiBLEfCt_d1Q4dqckw)
	delete Uuid(ord__JjYVRSBLEfCt_d1Q4dqckw)
	delete Uuid(ord__JjYVRCBLEfCt_d1Q4dqckw)
	delete Uuid(ord__JjYVQyBLEfCt_d1Q4dqckw)
	delete Uuid(ord__JjYVQiBLEfCt_d1Q4dqckw)
	delete Uuid(ord__JjYVQSBLEfCt_d1Q4dqckw)
]

2025-04-23 15:59:18 DEBUG Start recording virtual model
2025-04-23 15:59:18 INFO ------- Calling ibex -------
2025-04-23 15:59:18 INFO Resource found. Now trying to load resource platform:/resource/Java2Uml/instances/corr.xmi which is located at C:\Users\XPS-15\IdeaProjects\Vitruv-TGG-Integration-Test\vsum\..\eclipse-ibex-workspace/Java2Uml/instances/corr.xmi
2025-04-23 15:59:18 INFO Resource found. Now trying to load resource platform:/resource/Java2Uml/instances/protocol.xmi which is located at C:\Users\XPS-15\IdeaProjects\Vitruv-TGG-Integration-Test\vsum\..\eclipse-ibex-workspace/Java2Uml/instances/protocol.xmi
2025-04-23 15:59:18 WARN CORRUPT RULE: EnumPrivateToPrivatehas nodes and/ or edges whose type is an unresolved proxy!
2025-04-23 15:59:18 WARN   - modifier, org.eclipse.emf.ecore.impl.EClassImpl@2e652f4e (eProxyURI: platform:/plugin/org.emftext.language.java/metamodel/java.ecore#_Wo2Yu9z1Ed2bJ_pQViWxFg)
2025-04-23 15:59:18 WARN CORRUPT RULE: ClassPublicToPublichas nodes and/ or edges whose type is an unresolved proxy!
2025-04-23 15:59:18 WARN   - modifier, org.eclipse.emf.ecore.impl.EClassImpl@7d0e5fbb (eProxyURI: platform:/plugin/org.emftext.language.java/metamodel/java.ecore#_Wo2Ytdz1Ed2bJ_pQViWxFg)
2025-04-23 15:59:18 WARN CORRUPT RULE: InterfaceFinalToFinalhas nodes and/ or edges whose type is an unresolved proxy!
2025-04-23 15:59:18 WARN   - modifier, org.eclipse.emf.ecore.impl.EClassImpl@790bcc24 (eProxyURI: platform:/plugin/org.emftext.language.java/metamodel/java.ecore#_Wo2Yvdz1Ed2bJ_pQViWxFg)
2025-04-23 15:59:18 WARN CORRUPT RULE: EnumAttributeTypeToPropertyTypehas nodes and/ or edges whose type is an unresolved proxy!
2025-04-23 15:59:18 WARN   - field__typeReference__typeReference_eMoflonEdge, org.eclipse.emf.ecore.impl.EReferenceImpl@2de08488 (eProxyURI: platform:/plugin/org.emftext.language.java/metamodel/java.ecore#_Wo2ZQdz1Ed2bJ_pQViWxFg)
2025-04-23 15:59:18 WARN CORRUPT RULE: ConstructorEnumParamTypeToParamTypehas nodes and/ or edges whose type is an unresolved proxy!
2025-04-23 15:59:18 WARN   - parameter__typeReference__typeReference_eMoflonEdge, org.eclipse.emf.ecore.impl.EReferenceImpl@684329d1 (eProxyURI: platform:/plugin/org.emftext.language.java/metamodel/java.ecore#_Wo2ZQdz1Ed2bJ_pQViWxFg)
2025-04-23 15:59:18 WARN CORRUPT RULE: EnumFinalToFinalhas nodes and/ or edges whose type is an unresolved proxy!
2025-04-23 15:59:18 WARN   - modifier, org.eclipse.emf.ecore.impl.EClassImpl@4d0c609 (eProxyURI: platform:/plugin/org.emftext.language.java/metamodel/java.ecore#_Wo2Yvdz1Ed2bJ_pQViWxFg)
2025-04-23 15:59:18 WARN CORRUPT RULE: MethodFinalToFinalhas nodes and/ or edges whose type is an unresolved proxy!
2025-04-23 15:59:18 WARN   - modifier, org.eclipse.emf.ecore.impl.EClassImpl@4faf32a7 (eProxyURI: platform:/plugin/org.emftext.language.java/metamodel/java.ecore#_Wo2Yvdz1Ed2bJ_pQViWxFg)
2025-04-23 15:59:18 WARN CORRUPT RULE: ConstructorInterfaceParamTypeToParamTypehas nodes and/ or edges whose type is an unresolved proxy!
2025-04-23 15:59:18 WARN   - parameter__typeReference__typeReference_eMoflonEdge, org.eclipse.emf.ecore.impl.EReferenceImpl@eac35fd (eProxyURI: platform:/plugin/org.emftext.language.java/metamodel/java.ecore#_Wo2ZQdz1Ed2bJ_pQViWxFg)
2025-04-23 15:59:18 WARN CORRUPT RULE: MethodEnumParamTypeToParamTypehas nodes and/ or edges whose type is an unresolved proxy!
2025-04-23 15:59:18 WARN   - parameter__typeReference__typeReference_eMoflonEdge, org.eclipse.emf.ecore.impl.EReferenceImpl@1a19fbfb (eProxyURI: platform:/plugin/org.emftext.language.java/metamodel/java.ecore#_Wo2ZQdz1Ed2bJ_pQViWxFg)
2025-04-23 15:59:18 WARN CORRUPT RULE: MethodEnumReturnTypeToReturnTypehas nodes and/ or edges whose type is an unresolved proxy!
2025-04-23 15:59:18 WARN   - javaMethod__typeReference__typeReference_eMoflonEdge, org.eclipse.emf.ecore.impl.EReferenceImpl@b9271b6 (eProxyURI: platform:/plugin/org.emftext.language.java/metamodel/java.ecore#_Wo2ZQdz1Ed2bJ_pQViWxFg)
2025-04-23 15:59:18 WARN CORRUPT RULE: MethodClassParamTypeToParamTypehas nodes and/ or edges whose type is an unresolved proxy!
2025-04-23 15:59:18 WARN   - parameter__typeReference__typeReference_eMoflonEdge, org.eclipse.emf.ecore.impl.EReferenceImpl@5c608988 (eProxyURI: platform:/plugin/org.emftext.language.java/metamodel/java.ecore#_Wo2ZQdz1Ed2bJ_pQViWxFg)
2025-04-23 15:59:18 WARN CORRUPT RULE: MethodClassReturnTypeToReturnTypehas nodes and/ or edges whose type is an unresolved proxy!
2025-04-23 15:59:18 WARN   - javaMethod__typeReference__typeReference_eMoflonEdge, org.eclipse.emf.ecore.impl.EReferenceImpl@559048b3 (eProxyURI: platform:/plugin/org.emftext.language.java/metamodel/java.ecore#_Wo2ZQdz1Ed2bJ_pQViWxFg)
2025-04-23 15:59:18 WARN CORRUPT RULE: InterfacePrivateToPrivatehas nodes and/ or edges whose type is an unresolved proxy!
2025-04-23 15:59:18 WARN   - modifier, org.eclipse.emf.ecore.impl.EClassImpl@1fee3a40 (eProxyURI: platform:/plugin/org.emftext.language.java/metamodel/java.ecore#_Wo2Yu9z1Ed2bJ_pQViWxFg)
2025-04-23 15:59:18 WARN CORRUPT RULE: MethodAbstractToAbstracthas nodes and/ or edges whose type is an unresolved proxy!
2025-04-23 15:59:18 WARN   - modifier, org.eclipse.emf.ecore.impl.EClassImpl@39716249 (eProxyURI: platform:/plugin/org.emftext.language.java/metamodel/java.ecore#_Wo2Yt9z1Ed2bJ_pQViWxFg)
2025-04-23 15:59:18 WARN CORRUPT RULE: InterfaceProtectedToProtectedhas nodes and/ or edges whose type is an unresolved proxy!
2025-04-23 15:59:18 WARN   - modifier, org.eclipse.emf.ecore.impl.EClassImpl@46179420 (eProxyURI: platform:/plugin/org.emftext.language.java/metamodel/java.ecore#_Wo2Yudz1Ed2bJ_pQViWxFg)
2025-04-23 15:59:18 WARN CORRUPT RULE: ConstructorClassParamTypeToParamTypehas nodes and/ or edges whose type is an unresolved proxy!
2025-04-23 15:59:18 WARN   - parameter__typeReference__typeReference_eMoflonEdge, org.eclipse.emf.ecore.impl.EReferenceImpl@1172d47 (eProxyURI: platform:/plugin/org.emftext.language.java/metamodel/java.ecore#_Wo2ZQdz1Ed2bJ_pQViWxFg)
2025-04-23 15:59:18 WARN CORRUPT RULE: FieldStaticToStatichas nodes and/ or edges whose type is an unresolved proxy!
2025-04-23 15:59:18 WARN   - modifier, org.eclipse.emf.ecore.impl.EClassImpl@7fa0f739 (eProxyURI: platform:/plugin/org.emftext.language.java/metamodel/java.ecore#_Wo2Yv9z1Ed2bJ_pQViWxFg)
2025-04-23 15:59:18 WARN CORRUPT RULE: EnumPublicToPublichas nodes and/ or edges whose type is an unresolved proxy!
2025-04-23 15:59:18 WARN   - modifier, org.eclipse.emf.ecore.impl.EClassImpl@4731c9af (eProxyURI: platform:/plugin/org.emftext.language.java/metamodel/java.ecore#_Wo2Ytdz1Ed2bJ_pQViWxFg)
2025-04-23 15:59:18 WARN CORRUPT RULE: EnumAbstractToAbstracthas nodes and/ or edges whose type is an unresolved proxy!
2025-04-23 15:59:18 WARN   - modifier, org.eclipse.emf.ecore.impl.EClassImpl@5c7673b8 (eProxyURI: platform:/plugin/org.emftext.language.java/metamodel/java.ecore#_Wo2Yt9z1Ed2bJ_pQViWxFg)
2025-04-23 15:59:18 WARN CORRUPT RULE: InterfaceAbstractToAbstracthas nodes and/ or edges whose type is an unresolved proxy!
2025-04-23 15:59:18 WARN   - modifier, org.eclipse.emf.ecore.impl.EClassImpl@4f1d97d8 (eProxyURI: platform:/plugin/org.emftext.language.java/metamodel/java.ecore#_Wo2Yt9z1Ed2bJ_pQViWxFg)
2025-04-23 15:59:18 WARN CORRUPT RULE: FieldFinalToFinalhas nodes and/ or edges whose type is an unresolved proxy!
2025-04-23 15:59:18 WARN   - modifier, org.eclipse.emf.ecore.impl.EClassImpl@3e99738e (eProxyURI: platform:/plugin/org.emftext.language.java/metamodel/java.ecore#_Wo2Yvdz1Ed2bJ_pQViWxFg)
2025-04-23 15:59:18 WARN CORRUPT RULE: MethodInterfaceParamTypeToParamTypehas nodes and/ or edges whose type is an unresolved proxy!
2025-04-23 15:59:18 WARN   - parameter__typeReference__typeReference_eMoflonEdge, org.eclipse.emf.ecore.impl.EReferenceImpl@59253557 (eProxyURI: platform:/plugin/org.emftext.language.java/metamodel/java.ecore#_Wo2ZQdz1Ed2bJ_pQViWxFg)
2025-04-23 15:59:18 WARN CORRUPT RULE: ClassProtectedToProtectedhas nodes and/ or edges whose type is an unresolved proxy!
2025-04-23 15:59:18 WARN   - modifier, org.eclipse.emf.ecore.impl.EClassImpl@14fda568 (eProxyURI: platform:/plugin/org.emftext.language.java/metamodel/java.ecore#_Wo2Yudz1Ed2bJ_pQViWxFg)
2025-04-23 15:59:18 WARN CORRUPT RULE: MethodStaticToStatichas nodes and/ or edges whose type is an unresolved proxy!
2025-04-23 15:59:18 WARN   - modifier, org.eclipse.emf.ecore.impl.EClassImpl@30075210 (eProxyURI: platform:/plugin/org.emftext.language.java/metamodel/java.ecore#_Wo2Yv9z1Ed2bJ_pQViWxFg)
2025-04-23 15:59:18 WARN CORRUPT RULE: ClassAttributeTypeToPropertyTypehas nodes and/ or edges whose type is an unresolved proxy!
2025-04-23 15:59:18 WARN   - field__typeReference__typeReference_eMoflonEdge, org.eclipse.emf.ecore.impl.EReferenceImpl@45571cc9 (eProxyURI: platform:/plugin/org.emftext.language.java/metamodel/java.ecore#_Wo2ZQdz1Ed2bJ_pQViWxFg)
2025-04-23 15:59:18 WARN CORRUPT RULE: InterfacePublicToPublichas nodes and/ or edges whose type is an unresolved proxy!
2025-04-23 15:59:18 WARN   - modifier, org.eclipse.emf.ecore.impl.EClassImpl@4d7687f9 (eProxyURI: platform:/plugin/org.emftext.language.java/metamodel/java.ecore#_Wo2Ytdz1Ed2bJ_pQViWxFg)
2025-04-23 15:59:18 WARN CORRUPT RULE: EnumProtectedToProtectedhas nodes and/ or edges whose type is an unresolved proxy!
2025-04-23 15:59:18 WARN   - modifier, org.eclipse.emf.ecore.impl.EClassImpl@4d7933e7 (eProxyURI: platform:/plugin/org.emftext.language.java/metamodel/java.ecore#_Wo2Yudz1Ed2bJ_pQViWxFg)
2025-04-23 15:59:18 WARN CORRUPT RULE: MethodInterfaceReturnTypeToReturnTypehas nodes and/ or edges whose type is an unresolved proxy!
2025-04-23 15:59:18 WARN   - javaMethod__typeReference__typeReference_eMoflonEdge, org.eclipse.emf.ecore.impl.EReferenceImpl@2dedf1c9 (eProxyURI: platform:/plugin/org.emftext.language.java/metamodel/java.ecore#_Wo2ZQdz1Ed2bJ_pQViWxFg)
2025-04-23 15:59:18 WARN CORRUPT RULE: ClassAbstractToAbstracthas nodes and/ or edges whose type is an unresolved proxy!
2025-04-23 15:59:18 WARN   - modifier, org.eclipse.emf.ecore.impl.EClassImpl@37a709bc (eProxyURI: platform:/plugin/org.emftext.language.java/metamodel/java.ecore#_Wo2Yt9z1Ed2bJ_pQViWxFg)
2025-04-23 15:59:18 WARN CORRUPT RULE: InterfaceAttributeTypeToPropertyTypehas nodes and/ or edges whose type is an unresolved proxy!
2025-04-23 15:59:18 WARN   - field__typeReference__typeReference_eMoflonEdge, org.eclipse.emf.ecore.impl.EReferenceImpl@4e8fab14 (eProxyURI: platform:/plugin/org.emftext.language.java/metamodel/java.ecore#_Wo2ZQdz1Ed2bJ_pQViWxFg)
2025-04-23 15:59:18 WARN CORRUPT RULE: ClassFinalToFinalhas nodes and/ or edges whose type is an unresolved proxy!
2025-04-23 15:59:18 WARN   - modifier, org.eclipse.emf.ecore.impl.EClassImpl@5d22dd52 (eProxyURI: platform:/plugin/org.emftext.language.java/metamodel/java.ecore#_Wo2Yvdz1Ed2bJ_pQViWxFg)
2025-04-23 15:59:18 WARN CORRUPT RULE: ClassPrivateToPrivatehas nodes and/ or edges whose type is an unresolved proxy!
2025-04-23 15:59:18 WARN   - modifier, org.eclipse.emf.ecore.impl.EClassImpl@11105fbe (eProxyURI: platform:/plugin/org.emftext.language.java/metamodel/java.ecore#_Wo2Yu9z1Ed2bJ_pQViWxFg)
2025-04-23 15:59:18 INFO Pattern Conversion took 7.341 ms
2025-04-23 15:59:18 INFO Starting SYNC
2025-04-23 15:59:18 INFO Object compilationUnit not found. This must really be a broken match!
2025-04-23 15:59:18 INFO Object classifier not found. This must really be a broken match!
2025-04-23 15:59:18 INFO Object field not found. This must really be a broken match!
2025-04-23 15:59:18 INFO Object classifier not found. This must really be a broken match!
2025-04-23 15:59:18 INFO Object compilationUnit not found. This must really be a broken match!
2025-04-23 15:59:18 INFO Object javaParametrizable not found. This must really be a broken match!
2025-04-23 15:59:18 INFO Object parameter not found. This must really be a broken match!
2025-04-23 15:59:18 INFO Object javaConcreteClassifier not found. This must really be a broken match!
2025-04-23 15:59:18 INFO Object method not found. This must really be a broken match!
2025-04-23 15:59:18 INFO Object javaParametrizable not found. This must really be a broken match!
2025-04-23 15:59:18 INFO Object parameter not found. This must really be a broken match!
2025-04-23 15:59:18 INFO Object constructor not found. This must really be a broken match!
2025-04-23 15:59:18 INFO Object javaConcreteClassifier not found. This must really be a broken match!
2025-04-23 15:59:18 WARN   LOADED MARKERS : 
    - [VitruviusConsistencyMatch] patternName=ClassToUmlClass__CONSISTENCY, type=CONSISTENCY, ruleName=ClassToUmlClass
    - [VitruviusConsistencyMatch] patternName=OrdinaryMethodParameterToParameter__CONSISTENCY, type=CONSISTENCY, ruleName=OrdinaryMethodParameterToParameter
    - [VitruviusConsistencyMatch] patternName=ClassAttributeToProperty__CONSISTENCY, type=CONSISTENCY, ruleName=ClassAttributeToProperty
    - [VitruviusConsistencyMatch] patternName=JavaFirstCompilationUnitToUmlModel__CONSISTENCY, type=CONSISTENCY, ruleName=JavaFirstCompilationUnitToUmlModel
    - [VitruviusConsistencyMatch] patternName=RootJavaPackageToUmlPackage__CONSISTENCY, type=CONSISTENCY, ruleName=RootJavaPackageToUmlPackage
    - [VitruviusConsistencyMatch] patternName=ClassMethodToMethod__CONSISTENCY, type=CONSISTENCY, ruleName=ClassMethodToMethod
    - [VitruviusConsistencyMatch] patternName=OrdinaryConstructorParameterToParameter__CONSISTENCY, type=CONSISTENCY, ruleName=OrdinaryConstructorParameterToParameter
    - [VitruviusConsistencyMatch] patternName=ClassConstructorToConstructor__CONSISTENCY, type=CONSISTENCY, ruleName=ClassConstructorToConstructor
2025-04-23 15:59:18 WARN No rule defined to cover the following change's type: [RemoveEReference] AE=Package:2ea7e25d, name=peketsch
2025-04-23 15:59:18 WARN No rule defined to cover the following change's type: [DeleteEObject] AE=Field:704e27f9, name=myField
2025-04-23 15:59:18 WARN No rule defined to cover the following change's type: [DeleteEObject] AE=OrdinaryParameter:204ce262, name=null
2025-04-23 15:59:18 WARN No rule defined to cover the following change's type: [DeleteEObject] AE=ClassMethod:4435c9b9, name=methed
2025-04-23 15:59:18 WARN No rule defined to cover the following change's type: [DeleteEObject] AE=OrdinaryParameter:c76c029, name=parrametr
2025-04-23 15:59:18 WARN No rule defined to cover the following change's type: [DeleteEObject] AE=Constructor:a0b11, name=constructer
2025-04-23 15:59:18 WARN No rule defined to cover the following change's type: [DeleteEObject] AE=Class:11aeb673, name=kless
2025-04-23 15:59:18 WARN No rule defined to cover the following change's type: [DeleteEObject] AE=CompilationUnit:73d76b9d, name=null
2025-04-23 15:59:18 INFO Pattern Matching took 0.4653 ms
2025-04-23 15:59:18 INFO Object compilationUnit not found. This must really be a broken match!
2025-04-23 15:59:18 INFO Object classifier not found. This must really be a broken match!
2025-04-23 15:59:18 INFO Object field not found. This must really be a broken match!
2025-04-23 15:59:18 INFO Object classifier not found. This must really be a broken match!
2025-04-23 15:59:18 INFO Object compilationUnit not found. This must really be a broken match!
2025-04-23 15:59:18 INFO Object javaParametrizable not found. This must really be a broken match!
2025-04-23 15:59:18 INFO Object parameter not found. This must really be a broken match!
2025-04-23 15:59:18 INFO Object javaConcreteClassifier not found. This must really be a broken match!
2025-04-23 15:59:18 INFO Object method not found. This must really be a broken match!
2025-04-23 15:59:18 INFO Object javaParametrizable not found. This must really be a broken match!
2025-04-23 15:59:18 INFO Object parameter not found. This must really be a broken match!
2025-04-23 15:59:18 INFO Object constructor not found. This must really be a broken match!
2025-04-23 15:59:18 INFO Object javaConcreteClassifier not found. This must really be a broken match!
2025-04-23 15:59:18 WARN   handle breaking change: [RemoveEReference] AE=Package:2ea7e25d, name=peketsch
2025-04-23 15:59:18 INFO Object compilationUnit not found. This must really be a broken match!
2025-04-23 15:59:18 INFO Object classifier not found. This must really be a broken match!
2025-04-23 15:59:18 INFO Object field not found. This must really be a broken match!
2025-04-23 15:59:18 INFO Object classifier not found. This must really be a broken match!
2025-04-23 15:59:18 INFO Object compilationUnit not found. This must really be a broken match!
2025-04-23 15:59:18 INFO Object javaParametrizable not found. This must really be a broken match!
2025-04-23 15:59:18 INFO Object parameter not found. This must really be a broken match!
2025-04-23 15:59:18 INFO Object javaConcreteClassifier not found. This must really be a broken match!
2025-04-23 15:59:18 INFO Object method not found. This must really be a broken match!
2025-04-23 15:59:18 INFO Object javaParametrizable not found. This must really be a broken match!
2025-04-23 15:59:18 INFO Object parameter not found. This must really be a broken match!
2025-04-23 15:59:18 INFO Object constructor not found. This must really be a broken match!
2025-04-23 15:59:18 INFO Object javaConcreteClassifier not found. This must really be a broken match!
2025-04-23 15:59:18 WARN   handle breaking change: [RemoveEReference] AE=Package:2ea7e25d, name=peketsch
2025-04-23 15:59:18 INFO Object compilationUnit not found. This must really be a broken match!
2025-04-23 15:59:18 INFO Object classifier not found. This must really be a broken match!
2025-04-23 15:59:18 INFO Object field not found. This must really be a broken match!
2025-04-23 15:59:18 INFO Object classifier not found. This must really be a broken match!
2025-04-23 15:59:18 INFO Object compilationUnit not found. This must really be a broken match!
2025-04-23 15:59:18 INFO Object javaParametrizable not found. This must really be a broken match!
2025-04-23 15:59:18 INFO Object parameter not found. This must really be a broken match!
2025-04-23 15:59:18 INFO Object javaConcreteClassifier not found. This must really be a broken match!
2025-04-23 15:59:18 INFO Object method not found. This must really be a broken match!
2025-04-23 15:59:18 INFO Object javaParametrizable not found. This must really be a broken match!
2025-04-23 15:59:18 INFO Object parameter not found. This must really be a broken match!
2025-04-23 15:59:18 INFO Object constructor not found. This must really be a broken match!
2025-04-23 15:59:18 INFO Object javaConcreteClassifier not found. This must really be a broken match!
2025-04-23 15:59:18 WARN   handle breaking change: [RemoveEReference] AE=Package:2ea7e25d, name=peketsch
2025-04-23 15:59:18 INFO Object compilationUnit not found. This must really be a broken match!
2025-04-23 15:59:18 INFO Object classifier not found. This must really be a broken match!
2025-04-23 15:59:18 INFO Object field not found. This must really be a broken match!
2025-04-23 15:59:18 INFO Object classifier not found. This must really be a broken match!
2025-04-23 15:59:18 INFO Object compilationUnit not found. This must really be a broken match!
2025-04-23 15:59:18 INFO Object javaParametrizable not found. This must really be a broken match!
2025-04-23 15:59:18 INFO Object parameter not found. This must really be a broken match!
2025-04-23 15:59:18 INFO Object javaConcreteClassifier not found. This must really be a broken match!
2025-04-23 15:59:18 INFO Object method not found. This must really be a broken match!
2025-04-23 15:59:18 INFO Object javaParametrizable not found. This must really be a broken match!
2025-04-23 15:59:18 INFO Object parameter not found. This must really be a broken match!
2025-04-23 15:59:18 INFO Object constructor not found. This must really be a broken match!
2025-04-23 15:59:18 INFO Object javaConcreteClassifier not found. This must really be a broken match!
2025-04-23 15:59:18 WARN   handle breaking change: [RemoveEReference] AE=Package:2ea7e25d, name=peketsch
2025-04-23 15:59:19 WARN   handle breaking change: [RemoveEReference] AE=Package:2ea7e25d, name=peketsch
2025-04-23 15:59:19 WARN No rule defined to cover the following change's type: [RemoveEReference] AE=Package:2ea7e25d, name=peketsch
2025-04-23 15:59:19 WARN No rule defined to cover the following change's type: [DeleteEObject] AE=Field:704e27f9, name=myField
2025-04-23 15:59:19 WARN No rule defined to cover the following change's type: [DeleteEObject] AE=OrdinaryParameter:204ce262, name=null
2025-04-23 15:59:19 WARN No rule defined to cover the following change's type: [DeleteEObject] AE=ClassMethod:4435c9b9, name=methed
2025-04-23 15:59:19 WARN No rule defined to cover the following change's type: [DeleteEObject] AE=OrdinaryParameter:c76c029, name=parrametr
2025-04-23 15:59:19 WARN No rule defined to cover the following change's type: [DeleteEObject] AE=Constructor:a0b11, name=constructer
2025-04-23 15:59:19 WARN No rule defined to cover the following change's type: [DeleteEObject] AE=Class:11aeb673, name=kless
2025-04-23 15:59:19 WARN No rule defined to cover the following change's type: [DeleteEObject] AE=CompilationUnit:73d76b9d, name=null
2025-04-23 15:59:19 WARN   handle breaking change: [RemoveEReference] AE=Package:2ea7e25d, name=peketsch
2025-04-23 15:59:19 INFO Created elements: 0
2025-04-23 15:59:19 INFO Deleted elements: 17
2025-04-23 15:59:19 INFO Completed SYNC in: 42 ms
2025-04-23 15:59:19 DEBUG BENCHMARKLOGGER logs: 
2025-04-23 15:59:19 DEBUG BenchmarkLogger
[
  Total elements created .. 0
  Total elements deleted .. 17
  Total matches found ..... 8
  Total matches repaired .. 0
  Total matches revoked ... 7
  Total matches applied ... 0
]
2025-04-23 15:59:19 INFO VitruviusBackwardConversionTGGEngine::terminate called. We do not use this.
2025-04-23 15:59:19 INFO --- No correspondences added.
2025-04-23 15:59:19 DEBUG End recording virtual model
2025-04-23 15:59:19 DEBUG Propagated <input change> in [[http://www.emftext.org/java]] -> {[[http://www.eclipse.org/uml2/5.0.0/UML]]}
2025-04-23 15:59:19 DEBUG Propagated <input change> in [[http://www.emftext.org/java]] -> [[http://www.eclipse.org/uml2/5.0.0/UML]] -> {}
2025-04-23 15:59:19 DEBUG Propagated <input change> in [[http://www.emftext.org/java]] -> [[http://www.eclipse.org/uml2/5.0.0/UML]] -> {}
2025-04-23 15:59:19 DEBUG Start recording virtual model
2025-04-23 15:59:19 WARN propagateChange not implemented, use propagateChanges (with an s).
2025-04-23 15:59:19 WARN propagateChange not implemented, use propagateChanges (with an s).
2025-04-23 15:59:19 WARN propagateChange not implemented, use propagateChanges (with an s).
2025-04-23 15:59:19 WARN propagateChange not implemented, use propagateChanges (with an s).
2025-04-23 15:59:19 WARN propagateChange not implemented, use propagateChanges (with an s).
2025-04-23 15:59:19 WARN propagateChange not implemented, use propagateChanges (with an s).
2025-04-23 15:59:19 WARN propagateChange not implemented, use propagateChanges (with an s).
2025-04-23 15:59:19 WARN propagateChange not implemented, use propagateChanges (with an s).
2025-04-23 15:59:19 DEBUG End recording virtual model
2025-04-23 15:59:19 DEBUG Propagated <input change> in [[http://www.emftext.org/java]] -> {}
2025-04-23 15:59:19 DEBUG Saving all models of model repository for VSUM @target\Java2UmlEvaluationGoal1\testJavaCompilationUnitDeleted
2025-04-23 15:59:19 DEBUG Save resource: org.eclipse.emf.ecore.xmi.impl.XMIResourceImpl@91ae62 uri='target\Java2UmlEvaluationGoal1\testJavaCompilationUnitDeleted\uml_instance.model'
2025-04-23 15:59:19 DEBUG Finished synchronizing change: TransactionalChangeImpl: [
	Uuid(ord__JjYVQCBLEfCt_d1Q4dqckw).compilationUnits -= Uuid(ord__JjYVQSBLEfCt_d1Q4dqckw) (index 0)
	delete Uuid(ord__JjYVRyBLEfCt_d1Q4dqckw)
	delete Uuid(ord__JjYVRiBLEfCt_d1Q4dqckw)
	delete Uuid(ord__JjYVRSBLEfCt_d1Q4dqckw)
	delete Uuid(ord__JjYVRCBLEfCt_d1Q4dqckw)
	delete Uuid(ord__JjYVQyBLEfCt_d1Q4dqckw)
	delete Uuid(ord__JjYVQiBLEfCt_d1Q4dqckw)
	delete Uuid(ord__JjYVQSBLEfCt_d1Q4dqckw)
]

2025-04-23 15:59:19 INFO Finished change propagation
]]></system-out>
  </testcase>
  <testcase name="testVariableLengthConstructorParameter" classname="tools.vitruv.methodologisttemplate.vsum.Java2UmlEvaluationGoal1Test" time="0.272">
    <system-out><![CDATA[2025-04-23 15:59:19 INFO eclipse-ibex-workspace: C:\Users\XPS-15\IdeaProjects\Vitruv-TGG-Integration-Test\vsum\..\eclipse-ibex-workspace\Java2Uml
2025-04-23 15:59:19 INFO setupCorrAndProtocol: Wiping corr.xmi and protocol.xmi
2025-04-23 15:59:19 INFO setupCorrAndProtocol: Wiping corr.xmi and protocol.xmi
2025-04-23 15:59:19 INFO Starting change propagation
2025-04-23 15:59:19 DEBUG Started synchronizing change: TransactionalChangeImpl: [
	create Uuid(ord__JpngICBLEfCt_d1Q4dqckw)
	insert Uuid(ord__JpngICBLEfCt_d1Q4dqckw) at target\Java2UmlEvaluationGoal1\testVariableLengthConstructorParameter\java_instance.model (index 0)
	Uuid(ord__JpngICBLEfCt_d1Q4dqckw).name = peketsch (was )
	create Uuid(ord__JpngISBLEfCt_d1Q4dqckw)
	Uuid(ord__JpngICBLEfCt_d1Q4dqckw).compilationUnits += Uuid(ord__JpngISBLEfCt_d1Q4dqckw) (index 0)
	create Uuid(ord__JpngIiBLEfCt_d1Q4dqckw)
	Uuid(ord__JpngISBLEfCt_d1Q4dqckw).classifiers += Uuid(ord__JpngIiBLEfCt_d1Q4dqckw) (index 0)
	Uuid(ord__JpngIiBLEfCt_d1Q4dqckw).name = kless (was )
	create Uuid(ord__JpngIyBLEfCt_d1Q4dqckw)
	Uuid(ord__JpngIiBLEfCt_d1Q4dqckw).members += Uuid(ord__JpngIyBLEfCt_d1Q4dqckw) (index 0)
	Uuid(ord__JpngIyBLEfCt_d1Q4dqckw).name = constructer (was )
	create Uuid(ord__JpoHMCBLEfCt_d1Q4dqckw)
	Uuid(ord__JpngIyBLEfCt_d1Q4dqckw).parameters += Uuid(ord__JpoHMCBLEfCt_d1Q4dqckw) (index 0)
	Uuid(ord__JpoHMCBLEfCt_d1Q4dqckw).name = parrametr (was )
]

2025-04-23 15:59:19 DEBUG Create model instance for resource with URI: target\Java2UmlEvaluationGoal1\testVariableLengthConstructorParameter\java_instance.model
2025-04-23 15:59:19 DEBUG Start recording virtual model
2025-04-23 15:59:19 INFO ------- Calling ibex -------
2025-04-23 15:59:19 INFO Source Model has no respective target model yet. Creating one.
2025-04-23 15:59:19 DEBUG Create model instance for resource with URI: target\Java2UmlEvaluationGoal1\testVariableLengthConstructorParameter\uml_instance.model
2025-04-23 15:59:19 INFO Resource not found. Not loading. Path=C:\Users\XPS-15\IdeaProjects\Vitruv-TGG-Integration-Test\vsum\..\eclipse-ibex-workspace/Java2Uml/instances/corr.xmi
2025-04-23 15:59:19 INFO Resource not found. Not loading. Path=C:\Users\XPS-15\IdeaProjects\Vitruv-TGG-Integration-Test\vsum\..\eclipse-ibex-workspace/Java2Uml/instances/protocol.xmi
2025-04-23 15:59:19 WARN CORRUPT RULE: ClassAttributeTypeToPropertyTypehas nodes and/ or edges whose type is an unresolved proxy!
2025-04-23 15:59:19 WARN   - field__typeReference__typeReference_eMoflonEdge, org.eclipse.emf.ecore.impl.EReferenceImpl@19f03a01 (eProxyURI: platform:/plugin/org.emftext.language.java/metamodel/java.ecore#_Wo2ZQdz1Ed2bJ_pQViWxFg)
2025-04-23 15:59:19 WARN CORRUPT RULE: FieldStaticToStatichas nodes and/ or edges whose type is an unresolved proxy!
2025-04-23 15:59:19 WARN   - modifier, org.eclipse.emf.ecore.impl.EClassImpl@a184485 (eProxyURI: platform:/plugin/org.emftext.language.java/metamodel/java.ecore#_Wo2Yv9z1Ed2bJ_pQViWxFg)
2025-04-23 15:59:19 WARN CORRUPT RULE: ClassFinalToFinalhas nodes and/ or edges whose type is an unresolved proxy!
2025-04-23 15:59:19 WARN   - modifier, org.eclipse.emf.ecore.impl.EClassImpl@61252eef (eProxyURI: platform:/plugin/org.emftext.language.java/metamodel/java.ecore#_Wo2Yvdz1Ed2bJ_pQViWxFg)
2025-04-23 15:59:19 WARN CORRUPT RULE: ConstructorEnumParamTypeToParamTypehas nodes and/ or edges whose type is an unresolved proxy!
2025-04-23 15:59:19 WARN   - parameter__typeReference__typeReference_eMoflonEdge, org.eclipse.emf.ecore.impl.EReferenceImpl@6880c06b (eProxyURI: platform:/plugin/org.emftext.language.java/metamodel/java.ecore#_Wo2ZQdz1Ed2bJ_pQViWxFg)
2025-04-23 15:59:19 WARN CORRUPT RULE: MethodEnumParamTypeToParamTypehas nodes and/ or edges whose type is an unresolved proxy!
2025-04-23 15:59:19 WARN   - parameter__typeReference__typeReference_eMoflonEdge, org.eclipse.emf.ecore.impl.EReferenceImpl@30081ff4 (eProxyURI: platform:/plugin/org.emftext.language.java/metamodel/java.ecore#_Wo2ZQdz1Ed2bJ_pQViWxFg)
2025-04-23 15:59:19 WARN CORRUPT RULE: MethodFinalToFinalhas nodes and/ or edges whose type is an unresolved proxy!
2025-04-23 15:59:19 WARN   - modifier, org.eclipse.emf.ecore.impl.EClassImpl@5ab1b065 (eProxyURI: platform:/plugin/org.emftext.language.java/metamodel/java.ecore#_Wo2Yvdz1Ed2bJ_pQViWxFg)
2025-04-23 15:59:19 WARN CORRUPT RULE: ConstructorInterfaceParamTypeToParamTypehas nodes and/ or edges whose type is an unresolved proxy!
2025-04-23 15:59:19 WARN   - parameter__typeReference__typeReference_eMoflonEdge, org.eclipse.emf.ecore.impl.EReferenceImpl@42eeb996 (eProxyURI: platform:/plugin/org.emftext.language.java/metamodel/java.ecore#_Wo2ZQdz1Ed2bJ_pQViWxFg)
2025-04-23 15:59:19 WARN CORRUPT RULE: ClassPrivateToPrivatehas nodes and/ or edges whose type is an unresolved proxy!
2025-04-23 15:59:19 WARN   - modifier, org.eclipse.emf.ecore.impl.EClassImpl@44ee788f (eProxyURI: platform:/plugin/org.emftext.language.java/metamodel/java.ecore#_Wo2Yu9z1Ed2bJ_pQViWxFg)
2025-04-23 15:59:19 WARN CORRUPT RULE: MethodAbstractToAbstracthas nodes and/ or edges whose type is an unresolved proxy!
2025-04-23 15:59:19 WARN   - modifier, org.eclipse.emf.ecore.impl.EClassImpl@ed37e52 (eProxyURI: platform:/plugin/org.emftext.language.java/metamodel/java.ecore#_Wo2Yt9z1Ed2bJ_pQViWxFg)
2025-04-23 15:59:19 WARN CORRUPT RULE: InterfacePrivateToPrivatehas nodes and/ or edges whose type is an unresolved proxy!
2025-04-23 15:59:19 WARN   - modifier, org.eclipse.emf.ecore.impl.EClassImpl@74889ebe (eProxyURI: platform:/plugin/org.emftext.language.java/metamodel/java.ecore#_Wo2Yu9z1Ed2bJ_pQViWxFg)
2025-04-23 15:59:19 WARN CORRUPT RULE: EnumAttributeTypeToPropertyTypehas nodes and/ or edges whose type is an unresolved proxy!
2025-04-23 15:59:19 WARN   - field__typeReference__typeReference_eMoflonEdge, org.eclipse.emf.ecore.impl.EReferenceImpl@6ae67bf6 (eProxyURI: platform:/plugin/org.emftext.language.java/metamodel/java.ecore#_Wo2ZQdz1Ed2bJ_pQViWxFg)
2025-04-23 15:59:19 WARN CORRUPT RULE: InterfaceAbstractToAbstracthas nodes and/ or edges whose type is an unresolved proxy!
2025-04-23 15:59:19 WARN   - modifier, org.eclipse.emf.ecore.impl.EClassImpl@3432a612 (eProxyURI: platform:/plugin/org.emftext.language.java/metamodel/java.ecore#_Wo2Yt9z1Ed2bJ_pQViWxFg)
2025-04-23 15:59:19 WARN CORRUPT RULE: MethodInterfaceParamTypeToParamTypehas nodes and/ or edges whose type is an unresolved proxy!
2025-04-23 15:59:19 WARN   - parameter__typeReference__typeReference_eMoflonEdge, org.eclipse.emf.ecore.impl.EReferenceImpl@737fd68 (eProxyURI: platform:/plugin/org.emftext.language.java/metamodel/java.ecore#_Wo2ZQdz1Ed2bJ_pQViWxFg)
2025-04-23 15:59:19 WARN CORRUPT RULE: MethodClassParamTypeToParamTypehas nodes and/ or edges whose type is an unresolved proxy!
2025-04-23 15:59:19 WARN   - parameter__typeReference__typeReference_eMoflonEdge, org.eclipse.emf.ecore.impl.EReferenceImpl@5f385ee9 (eProxyURI: platform:/plugin/org.emftext.language.java/metamodel/java.ecore#_Wo2ZQdz1Ed2bJ_pQViWxFg)
2025-04-23 15:59:19 WARN CORRUPT RULE: MethodStaticToStatichas nodes and/ or edges whose type is an unresolved proxy!
2025-04-23 15:59:19 WARN   - modifier, org.eclipse.emf.ecore.impl.EClassImpl@1492c9d (eProxyURI: platform:/plugin/org.emftext.language.java/metamodel/java.ecore#_Wo2Yv9z1Ed2bJ_pQViWxFg)
2025-04-23 15:59:19 WARN CORRUPT RULE: FieldFinalToFinalhas nodes and/ or edges whose type is an unresolved proxy!
2025-04-23 15:59:19 WARN   - modifier, org.eclipse.emf.ecore.impl.EClassImpl@390d47db (eProxyURI: platform:/plugin/org.emftext.language.java/metamodel/java.ecore#_Wo2Yvdz1Ed2bJ_pQViWxFg)
2025-04-23 15:59:19 WARN CORRUPT RULE: MethodInterfaceReturnTypeToReturnTypehas nodes and/ or edges whose type is an unresolved proxy!
2025-04-23 15:59:19 WARN   - javaMethod__typeReference__typeReference_eMoflonEdge, org.eclipse.emf.ecore.impl.EReferenceImpl@22457838 (eProxyURI: platform:/plugin/org.emftext.language.java/metamodel/java.ecore#_Wo2ZQdz1Ed2bJ_pQViWxFg)
2025-04-23 15:59:19 WARN CORRUPT RULE: InterfaceProtectedToProtectedhas nodes and/ or edges whose type is an unresolved proxy!
2025-04-23 15:59:19 WARN   - modifier, org.eclipse.emf.ecore.impl.EClassImpl@297727ab (eProxyURI: platform:/plugin/org.emftext.language.java/metamodel/java.ecore#_Wo2Yudz1Ed2bJ_pQViWxFg)
2025-04-23 15:59:19 WARN CORRUPT RULE: EnumAbstractToAbstracthas nodes and/ or edges whose type is an unresolved proxy!
2025-04-23 15:59:19 WARN   - modifier, org.eclipse.emf.ecore.impl.EClassImpl@4e5563ef (eProxyURI: platform:/plugin/org.emftext.language.java/metamodel/java.ecore#_Wo2Yt9z1Ed2bJ_pQViWxFg)
2025-04-23 15:59:19 WARN CORRUPT RULE: MethodClassReturnTypeToReturnTypehas nodes and/ or edges whose type is an unresolved proxy!
2025-04-23 15:59:19 WARN   - javaMethod__typeReference__typeReference_eMoflonEdge, org.eclipse.emf.ecore.impl.EReferenceImpl@18fb1034 (eProxyURI: platform:/plugin/org.emftext.language.java/metamodel/java.ecore#_Wo2ZQdz1Ed2bJ_pQViWxFg)
2025-04-23 15:59:19 WARN CORRUPT RULE: ClassPublicToPublichas nodes and/ or edges whose type is an unresolved proxy!
2025-04-23 15:59:19 WARN   - modifier, org.eclipse.emf.ecore.impl.EClassImpl@78b5c29f (eProxyURI: platform:/plugin/org.emftext.language.java/metamodel/java.ecore#_Wo2Ytdz1Ed2bJ_pQViWxFg)
2025-04-23 15:59:19 WARN CORRUPT RULE: EnumFinalToFinalhas nodes and/ or edges whose type is an unresolved proxy!
2025-04-23 15:59:19 WARN   - modifier, org.eclipse.emf.ecore.impl.EClassImpl@39088acb (eProxyURI: platform:/plugin/org.emftext.language.java/metamodel/java.ecore#_Wo2Yvdz1Ed2bJ_pQViWxFg)
2025-04-23 15:59:19 WARN CORRUPT RULE: ClassProtectedToProtectedhas nodes and/ or edges whose type is an unresolved proxy!
2025-04-23 15:59:19 WARN   - modifier, org.eclipse.emf.ecore.impl.EClassImpl@262ac4cc (eProxyURI: platform:/plugin/org.emftext.language.java/metamodel/java.ecore#_Wo2Yudz1Ed2bJ_pQViWxFg)
2025-04-23 15:59:19 WARN CORRUPT RULE: InterfacePublicToPublichas nodes and/ or edges whose type is an unresolved proxy!
2025-04-23 15:59:19 WARN   - modifier, org.eclipse.emf.ecore.impl.EClassImpl@30ab1b4f (eProxyURI: platform:/plugin/org.emftext.language.java/metamodel/java.ecore#_Wo2Ytdz1Ed2bJ_pQViWxFg)
2025-04-23 15:59:19 WARN CORRUPT RULE: InterfaceFinalToFinalhas nodes and/ or edges whose type is an unresolved proxy!
2025-04-23 15:59:19 WARN   - modifier, org.eclipse.emf.ecore.impl.EClassImpl@5a9bb7dd (eProxyURI: platform:/plugin/org.emftext.language.java/metamodel/java.ecore#_Wo2Yvdz1Ed2bJ_pQViWxFg)
2025-04-23 15:59:19 WARN CORRUPT RULE: InterfaceAttributeTypeToPropertyTypehas nodes and/ or edges whose type is an unresolved proxy!
2025-04-23 15:59:19 WARN   - field__typeReference__typeReference_eMoflonEdge, org.eclipse.emf.ecore.impl.EReferenceImpl@3bf47d1e (eProxyURI: platform:/plugin/org.emftext.language.java/metamodel/java.ecore#_Wo2ZQdz1Ed2bJ_pQViWxFg)
2025-04-23 15:59:19 WARN CORRUPT RULE: ClassAbstractToAbstracthas nodes and/ or edges whose type is an unresolved proxy!
2025-04-23 15:59:19 WARN   - modifier, org.eclipse.emf.ecore.impl.EClassImpl@2ef4e7f3 (eProxyURI: platform:/plugin/org.emftext.language.java/metamodel/java.ecore#_Wo2Yt9z1Ed2bJ_pQViWxFg)
2025-04-23 15:59:19 WARN CORRUPT RULE: MethodEnumReturnTypeToReturnTypehas nodes and/ or edges whose type is an unresolved proxy!
2025-04-23 15:59:19 WARN   - javaMethod__typeReference__typeReference_eMoflonEdge, org.eclipse.emf.ecore.impl.EReferenceImpl@e8fabad (eProxyURI: platform:/plugin/org.emftext.language.java/metamodel/java.ecore#_Wo2ZQdz1Ed2bJ_pQViWxFg)
2025-04-23 15:59:19 WARN CORRUPT RULE: ConstructorClassParamTypeToParamTypehas nodes and/ or edges whose type is an unresolved proxy!
2025-04-23 15:59:19 WARN   - parameter__typeReference__typeReference_eMoflonEdge, org.eclipse.emf.ecore.impl.EReferenceImpl@1a44d89b (eProxyURI: platform:/plugin/org.emftext.language.java/metamodel/java.ecore#_Wo2ZQdz1Ed2bJ_pQViWxFg)
2025-04-23 15:59:19 WARN CORRUPT RULE: EnumProtectedToProtectedhas nodes and/ or edges whose type is an unresolved proxy!
2025-04-23 15:59:19 WARN   - modifier, org.eclipse.emf.ecore.impl.EClassImpl@26664caa (eProxyURI: platform:/plugin/org.emftext.language.java/metamodel/java.ecore#_Wo2Yudz1Ed2bJ_pQViWxFg)
2025-04-23 15:59:19 WARN CORRUPT RULE: EnumPrivateToPrivatehas nodes and/ or edges whose type is an unresolved proxy!
2025-04-23 15:59:19 WARN   - modifier, org.eclipse.emf.ecore.impl.EClassImpl@3a0f6b1a (eProxyURI: platform:/plugin/org.emftext.language.java/metamodel/java.ecore#_Wo2Yu9z1Ed2bJ_pQViWxFg)
2025-04-23 15:59:19 WARN CORRUPT RULE: EnumPublicToPublichas nodes and/ or edges whose type is an unresolved proxy!
2025-04-23 15:59:19 WARN   - modifier, org.eclipse.emf.ecore.impl.EClassImpl@418b3215 (eProxyURI: platform:/plugin/org.emftext.language.java/metamodel/java.ecore#_Wo2Ytdz1Ed2bJ_pQViWxFg)
2025-04-23 15:59:19 INFO Pattern Conversion took 7.1066 ms
2025-04-23 15:59:19 INFO Starting SYNC
2025-04-23 15:59:19 WARN   LOADED MARKERS : 
    - 
2025-04-23 15:59:19 WARN No rule defined to cover the following change's type: [InsertEAttributeValue] AE=Package:450897d, name=peketsch
2025-04-23 15:59:19 WARN No rule defined to cover the following change's type: [InsertEAttributeValue] AE=Class:42f7523d, name=kless
2025-04-23 15:59:19 WARN No rule defined to cover the following change's type: [InsertEAttributeValue] AE=Constructor:42ec207f, name=constructer
2025-04-23 15:59:19 WARN No rule defined to cover the following change's type: [InsertEAttributeValue] AE=VariableLengthParameter:580cb668, name=parrametr
2025-04-23 15:59:19 INFO Pattern Matching took 2.6034 ms
2025-04-23 15:59:19 INFO Created elements: 16
2025-04-23 15:59:19 INFO Deleted elements: 0
2025-04-23 15:59:19 INFO Completed SYNC in: 28 ms
2025-04-23 15:59:19 DEBUG BENCHMARKLOGGER logs: 
2025-04-23 15:59:19 DEBUG BenchmarkLogger
[
  Total elements created .. 16
  Total elements deleted .. 0
  Total matches found ..... 7
  Total matches repaired .. 0
  Total matches revoked ... 0
  Total matches applied ... 5
]
2025-04-23 15:59:19 INFO VitruviusBackwardConversionTGGEngine::terminate called. We do not use this.
2025-04-23 15:59:19 DEBUG Add root to resource: org.eclipse.emf.ecore.xmi.impl.XMIResourceImpl@393db9fa uri='target\Java2UmlEvaluationGoal1\testVariableLengthConstructorParameter\uml_instance.model'
2025-04-23 15:59:19 INFO -- Added the following corrs: 
2025-04-23 15:59:19 INFO   - [CorrespondenceNode JavaPackageToUmlPackage] SRC=Package:450897d, name=peketsch, TRG=Package:7dabc2f9, name=peketsch
2025-04-23 15:59:19 INFO   - [CorrespondenceNode JavaClassifierToUmlClassifier] SRC=Class:42f7523d, name=kless, TRG=Class:675d209c, name=kless
2025-04-23 15:59:19 INFO   - [CorrespondenceNode JavaCompilationUnitToUmlModel] SRC=CompilationUnit:23497000, name=null, TRG=Model:b303504, name=UML_MODEL
2025-04-23 15:59:19 INFO   - [CorrespondenceNode JavaParameterToParameter] SRC=VariableLengthParameter:580cb668, name=parrametr, TRG=Parameter:406794af, name=parrametr
2025-04-23 15:59:19 INFO   - [CorrespondenceNode JavaConstructorToOperation] SRC=Constructor:42ec207f, name=constructer, TRG=Operation:2119bb3d, name=constructer
2025-04-23 15:59:19 DEBUG End recording virtual model
2025-04-23 15:59:19 DEBUG Propagated <input change> in [[http://www.emftext.org/java]] -> {[[http://www.eclipse.org/uml2/5.0.0/UML]]}
2025-04-23 15:59:19 DEBUG Propagated <input change> in [[http://www.emftext.org/java]] -> [[http://www.eclipse.org/uml2/5.0.0/UML]] -> {}
2025-04-23 15:59:19 DEBUG Propagated <input change> in [[http://www.emftext.org/java]] -> [[http://www.eclipse.org/uml2/5.0.0/UML]] -> {}
2025-04-23 15:59:19 DEBUG Start recording virtual model
2025-04-23 15:59:19 WARN propagateChange not implemented, use propagateChanges (with an s).
2025-04-23 15:59:19 WARN propagateChange not implemented, use propagateChanges (with an s).
2025-04-23 15:59:19 WARN propagateChange not implemented, use propagateChanges (with an s).
2025-04-23 15:59:19 WARN propagateChange not implemented, use propagateChanges (with an s).
2025-04-23 15:59:19 WARN propagateChange not implemented, use propagateChanges (with an s).
2025-04-23 15:59:19 WARN propagateChange not implemented, use propagateChanges (with an s).
2025-04-23 15:59:19 WARN propagateChange not implemented, use propagateChanges (with an s).
2025-04-23 15:59:19 WARN propagateChange not implemented, use propagateChanges (with an s).
2025-04-23 15:59:19 WARN propagateChange not implemented, use propagateChanges (with an s).
2025-04-23 15:59:19 WARN propagateChange not implemented, use propagateChanges (with an s).
2025-04-23 15:59:19 WARN propagateChange not implemented, use propagateChanges (with an s).
2025-04-23 15:59:19 WARN propagateChange not implemented, use propagateChanges (with an s).
2025-04-23 15:59:19 WARN propagateChange not implemented, use propagateChanges (with an s).
2025-04-23 15:59:19 WARN propagateChange not implemented, use propagateChanges (with an s).
2025-04-23 15:59:19 DEBUG End recording virtual model
2025-04-23 15:59:19 DEBUG Propagated <input change> in [[http://www.emftext.org/java]] -> {}
2025-04-23 15:59:19 DEBUG Saving all models of model repository for VSUM @target\Java2UmlEvaluationGoal1\testVariableLengthConstructorParameter
2025-04-23 15:59:19 DEBUG Save resource: org.eclipse.emf.ecore.xmi.impl.XMIResourceImpl@393db9fa uri='target\Java2UmlEvaluationGoal1\testVariableLengthConstructorParameter\uml_instance.model'
2025-04-23 15:59:19 DEBUG Finished synchronizing change: TransactionalChangeImpl: [
	create Uuid(ord__JpngICBLEfCt_d1Q4dqckw)
	insert Uuid(ord__JpngICBLEfCt_d1Q4dqckw) at target\Java2UmlEvaluationGoal1\testVariableLengthConstructorParameter\java_instance.model (index 0)
	Uuid(ord__JpngICBLEfCt_d1Q4dqckw).name = peketsch (was )
	create Uuid(ord__JpngISBLEfCt_d1Q4dqckw)
	Uuid(ord__JpngICBLEfCt_d1Q4dqckw).compilationUnits += Uuid(ord__JpngISBLEfCt_d1Q4dqckw) (index 0)
	create Uuid(ord__JpngIiBLEfCt_d1Q4dqckw)
	Uuid(ord__JpngISBLEfCt_d1Q4dqckw).classifiers += Uuid(ord__JpngIiBLEfCt_d1Q4dqckw) (index 0)
	Uuid(ord__JpngIiBLEfCt_d1Q4dqckw).name = kless (was )
	create Uuid(ord__JpngIyBLEfCt_d1Q4dqckw)
	Uuid(ord__JpngIiBLEfCt_d1Q4dqckw).members += Uuid(ord__JpngIyBLEfCt_d1Q4dqckw) (index 0)
	Uuid(ord__JpngIyBLEfCt_d1Q4dqckw).name = constructer (was )
	create Uuid(ord__JpoHMCBLEfCt_d1Q4dqckw)
	Uuid(ord__JpngIyBLEfCt_d1Q4dqckw).parameters += Uuid(ord__JpoHMCBLEfCt_d1Q4dqckw) (index 0)
	Uuid(ord__JpoHMCBLEfCt_d1Q4dqckw).name = parrametr (was )
]

2025-04-23 15:59:19 INFO Finished change propagation
]]></system-out>
  </testcase>
  <testcase name="testSuperClassToSuperClass" classname="tools.vitruv.methodologisttemplate.vsum.Java2UmlEvaluationGoal1Test" time="0.281">
    <system-out><![CDATA[2025-04-23 15:59:19 INFO eclipse-ibex-workspace: C:\Users\XPS-15\IdeaProjects\Vitruv-TGG-Integration-Test\vsum\..\eclipse-ibex-workspace\Java2Uml
2025-04-23 15:59:19 INFO setupCorrAndProtocol: Wiping corr.xmi and protocol.xmi
2025-04-23 15:59:19 INFO setupCorrAndProtocol: Wiping corr.xmi and protocol.xmi
2025-04-23 15:59:19 INFO Starting change propagation
2025-04-23 15:59:19 DEBUG Started synchronizing change: TransactionalChangeImpl: [
	create Uuid(ord__JsOIMCBLEfCt_d1Q4dqckw)
	insert Uuid(ord__JsOIMCBLEfCt_d1Q4dqckw) at target\Java2UmlEvaluationGoal1\testSuperClassToSuperClass\java_instance.model (index 0)
	Uuid(ord__JsOIMCBLEfCt_d1Q4dqckw).name = peketsch (was )
	create Uuid(ord__JsOvQCBLEfCt_d1Q4dqckw)
	Uuid(ord__JsOIMCBLEfCt_d1Q4dqckw).compilationUnits += Uuid(ord__JsOvQCBLEfCt_d1Q4dqckw) (index 0)
	create Uuid(ord__JsOvQSBLEfCt_d1Q4dqckw)
	Uuid(ord__JsOvQCBLEfCt_d1Q4dqckw).classifiers += Uuid(ord__JsOvQSBLEfCt_d1Q4dqckw) (index 0)
	Uuid(ord__JsOvQSBLEfCt_d1Q4dqckw).name = kless (was )
	create Uuid(ord__JsOvQiBLEfCt_d1Q4dqckw)
	Uuid(ord__JsOIMCBLEfCt_d1Q4dqckw).compilationUnits += Uuid(ord__JsOvQiBLEfCt_d1Q4dqckw) (index 1)
	create Uuid(ord__JsOvQyBLEfCt_d1Q4dqckw)
	Uuid(ord__JsOvQiBLEfCt_d1Q4dqckw).classifiers += Uuid(ord__JsOvQyBLEfCt_d1Q4dqckw) (index 0)
	Uuid(ord__JsOvQyBLEfCt_d1Q4dqckw).name = superKless (was )
	create Uuid(ord__JsOvRCBLEfCt_d1Q4dqckw)
	Uuid(ord__JsOvQSBLEfCt_d1Q4dqckw).extends = Uuid(ord__JsOvRCBLEfCt_d1Q4dqckw) (was )
	Uuid(ord__JsOvRCBLEfCt_d1Q4dqckw).target = Uuid(ord__JsOvQyBLEfCt_d1Q4dqckw) (was )
]

2025-04-23 15:59:19 DEBUG Create model instance for resource with URI: target\Java2UmlEvaluationGoal1\testSuperClassToSuperClass\java_instance.model
2025-04-23 15:59:19 DEBUG Start recording virtual model
2025-04-23 15:59:19 INFO ------- Calling ibex -------
2025-04-23 15:59:19 INFO Source Model has no respective target model yet. Creating one.
2025-04-23 15:59:19 DEBUG Create model instance for resource with URI: target\Java2UmlEvaluationGoal1\testSuperClassToSuperClass\uml_instance.model
2025-04-23 15:59:19 INFO Resource not found. Not loading. Path=C:\Users\XPS-15\IdeaProjects\Vitruv-TGG-Integration-Test\vsum\..\eclipse-ibex-workspace/Java2Uml/instances/corr.xmi
2025-04-23 15:59:19 INFO Resource not found. Not loading. Path=C:\Users\XPS-15\IdeaProjects\Vitruv-TGG-Integration-Test\vsum\..\eclipse-ibex-workspace/Java2Uml/instances/protocol.xmi
2025-04-23 15:59:19 WARN CORRUPT RULE: ClassAttributeTypeToPropertyTypehas nodes and/ or edges whose type is an unresolved proxy!
2025-04-23 15:59:19 WARN   - field__typeReference__typeReference_eMoflonEdge, org.eclipse.emf.ecore.impl.EReferenceImpl@298517d1 (eProxyURI: platform:/plugin/org.emftext.language.java/metamodel/java.ecore#_Wo2ZQdz1Ed2bJ_pQViWxFg)
2025-04-23 15:59:19 WARN CORRUPT RULE: FieldFinalToFinalhas nodes and/ or edges whose type is an unresolved proxy!
2025-04-23 15:59:19 WARN   - modifier, org.eclipse.emf.ecore.impl.EClassImpl@1f6460f5 (eProxyURI: platform:/plugin/org.emftext.language.java/metamodel/java.ecore#_Wo2Yvdz1Ed2bJ_pQViWxFg)
2025-04-23 15:59:19 WARN CORRUPT RULE: MethodInterfaceReturnTypeToReturnTypehas nodes and/ or edges whose type is an unresolved proxy!
2025-04-23 15:59:19 WARN   - javaMethod__typeReference__typeReference_eMoflonEdge, org.eclipse.emf.ecore.impl.EReferenceImpl@3e6b4f51 (eProxyURI: platform:/plugin/org.emftext.language.java/metamodel/java.ecore#_Wo2ZQdz1Ed2bJ_pQViWxFg)
2025-04-23 15:59:19 WARN CORRUPT RULE: MethodStaticToStatichas nodes and/ or edges whose type is an unresolved proxy!
2025-04-23 15:59:19 WARN   - modifier, org.eclipse.emf.ecore.impl.EClassImpl@3f95bc9d (eProxyURI: platform:/plugin/org.emftext.language.java/metamodel/java.ecore#_Wo2Yv9z1Ed2bJ_pQViWxFg)
2025-04-23 15:59:19 WARN CORRUPT RULE: EnumPrivateToPrivatehas nodes and/ or edges whose type is an unresolved proxy!
2025-04-23 15:59:19 WARN   - modifier, org.eclipse.emf.ecore.impl.EClassImpl@6be68eba (eProxyURI: platform:/plugin/org.emftext.language.java/metamodel/java.ecore#_Wo2Yu9z1Ed2bJ_pQViWxFg)
2025-04-23 15:59:19 WARN CORRUPT RULE: EnumAttributeTypeToPropertyTypehas nodes and/ or edges whose type is an unresolved proxy!
2025-04-23 15:59:19 WARN   - field__typeReference__typeReference_eMoflonEdge, org.eclipse.emf.ecore.impl.EReferenceImpl@2aa28a01 (eProxyURI: platform:/plugin/org.emftext.language.java/metamodel/java.ecore#_Wo2ZQdz1Ed2bJ_pQViWxFg)
2025-04-23 15:59:19 WARN CORRUPT RULE: InterfaceAbstractToAbstracthas nodes and/ or edges whose type is an unresolved proxy!
2025-04-23 15:59:19 WARN   - modifier, org.eclipse.emf.ecore.impl.EClassImpl@602621bb (eProxyURI: platform:/plugin/org.emftext.language.java/metamodel/java.ecore#_Wo2Yt9z1Ed2bJ_pQViWxFg)
2025-04-23 15:59:19 WARN CORRUPT RULE: MethodEnumReturnTypeToReturnTypehas nodes and/ or edges whose type is an unresolved proxy!
2025-04-23 15:59:19 WARN   - javaMethod__typeReference__typeReference_eMoflonEdge, org.eclipse.emf.ecore.impl.EReferenceImpl@6bd87866 (eProxyURI: platform:/plugin/org.emftext.language.java/metamodel/java.ecore#_Wo2ZQdz1Ed2bJ_pQViWxFg)
2025-04-23 15:59:19 WARN CORRUPT RULE: MethodClassReturnTypeToReturnTypehas nodes and/ or edges whose type is an unresolved proxy!
2025-04-23 15:59:19 WARN   - javaMethod__typeReference__typeReference_eMoflonEdge, org.eclipse.emf.ecore.impl.EReferenceImpl@52fd6b76 (eProxyURI: platform:/plugin/org.emftext.language.java/metamodel/java.ecore#_Wo2ZQdz1Ed2bJ_pQViWxFg)
2025-04-23 15:59:19 WARN CORRUPT RULE: InterfaceFinalToFinalhas nodes and/ or edges whose type is an unresolved proxy!
2025-04-23 15:59:19 WARN   - modifier, org.eclipse.emf.ecore.impl.EClassImpl@fbd1a1b (eProxyURI: platform:/plugin/org.emftext.language.java/metamodel/java.ecore#_Wo2Yvdz1Ed2bJ_pQViWxFg)
2025-04-23 15:59:19 WARN CORRUPT RULE: InterfacePrivateToPrivatehas nodes and/ or edges whose type is an unresolved proxy!
2025-04-23 15:59:19 WARN   - modifier, org.eclipse.emf.ecore.impl.EClassImpl@8d1b425 (eProxyURI: platform:/plugin/org.emftext.language.java/metamodel/java.ecore#_Wo2Yu9z1Ed2bJ_pQViWxFg)
2025-04-23 15:59:19 WARN CORRUPT RULE: ClassFinalToFinalhas nodes and/ or edges whose type is an unresolved proxy!
2025-04-23 15:59:19 WARN   - modifier, org.eclipse.emf.ecore.impl.EClassImpl@3aee9ce3 (eProxyURI: platform:/plugin/org.emftext.language.java/metamodel/java.ecore#_Wo2Yvdz1Ed2bJ_pQViWxFg)
2025-04-23 15:59:19 WARN CORRUPT RULE: MethodEnumParamTypeToParamTypehas nodes and/ or edges whose type is an unresolved proxy!
2025-04-23 15:59:19 WARN   - parameter__typeReference__typeReference_eMoflonEdge, org.eclipse.emf.ecore.impl.EReferenceImpl@786f8cd2 (eProxyURI: platform:/plugin/org.emftext.language.java/metamodel/java.ecore#_Wo2ZQdz1Ed2bJ_pQViWxFg)
2025-04-23 15:59:19 WARN CORRUPT RULE: ClassPublicToPublichas nodes and/ or edges whose type is an unresolved proxy!
2025-04-23 15:59:19 WARN   - modifier, org.eclipse.emf.ecore.impl.EClassImpl@4a742630 (eProxyURI: platform:/plugin/org.emftext.language.java/metamodel/java.ecore#_Wo2Ytdz1Ed2bJ_pQViWxFg)
2025-04-23 15:59:19 WARN CORRUPT RULE: EnumFinalToFinalhas nodes and/ or edges whose type is an unresolved proxy!
2025-04-23 15:59:19 WARN   - modifier, org.eclipse.emf.ecore.impl.EClassImpl@6033ed50 (eProxyURI: platform:/plugin/org.emftext.language.java/metamodel/java.ecore#_Wo2Yvdz1Ed2bJ_pQViWxFg)
2025-04-23 15:59:19 WARN CORRUPT RULE: MethodInterfaceParamTypeToParamTypehas nodes and/ or edges whose type is an unresolved proxy!
2025-04-23 15:59:19 WARN   - parameter__typeReference__typeReference_eMoflonEdge, org.eclipse.emf.ecore.impl.EReferenceImpl@1269538a (eProxyURI: platform:/plugin/org.emftext.language.java/metamodel/java.ecore#_Wo2ZQdz1Ed2bJ_pQViWxFg)
2025-04-23 15:59:19 WARN CORRUPT RULE: ConstructorInterfaceParamTypeToParamTypehas nodes and/ or edges whose type is an unresolved proxy!
2025-04-23 15:59:19 WARN   - parameter__typeReference__typeReference_eMoflonEdge, org.eclipse.emf.ecore.impl.EReferenceImpl@7e4257e3 (eProxyURI: platform:/plugin/org.emftext.language.java/metamodel/java.ecore#_Wo2ZQdz1Ed2bJ_pQViWxFg)
2025-04-23 15:59:19 WARN CORRUPT RULE: InterfaceProtectedToProtectedhas nodes and/ or edges whose type is an unresolved proxy!
2025-04-23 15:59:19 WARN   - modifier, org.eclipse.emf.ecore.impl.EClassImpl@621508de (eProxyURI: platform:/plugin/org.emftext.language.java/metamodel/java.ecore#_Wo2Yudz1Ed2bJ_pQViWxFg)
2025-04-23 15:59:19 WARN CORRUPT RULE: MethodAbstractToAbstracthas nodes and/ or edges whose type is an unresolved proxy!
2025-04-23 15:59:19 WARN   - modifier, org.eclipse.emf.ecore.impl.EClassImpl@2cdd3638 (eProxyURI: platform:/plugin/org.emftext.language.java/metamodel/java.ecore#_Wo2Yt9z1Ed2bJ_pQViWxFg)
2025-04-23 15:59:19 WARN CORRUPT RULE: EnumProtectedToProtectedhas nodes and/ or edges whose type is an unresolved proxy!
2025-04-23 15:59:19 WARN   - modifier, org.eclipse.emf.ecore.impl.EClassImpl@1bc90b56 (eProxyURI: platform:/plugin/org.emftext.language.java/metamodel/java.ecore#_Wo2Yudz1Ed2bJ_pQViWxFg)
2025-04-23 15:59:19 WARN CORRUPT RULE: ConstructorClassParamTypeToParamTypehas nodes and/ or edges whose type is an unresolved proxy!
2025-04-23 15:59:19 WARN   - parameter__typeReference__typeReference_eMoflonEdge, org.eclipse.emf.ecore.impl.EReferenceImpl@7a6cd9e0 (eProxyURI: platform:/plugin/org.emftext.language.java/metamodel/java.ecore#_Wo2ZQdz1Ed2bJ_pQViWxFg)
2025-04-23 15:59:19 WARN CORRUPT RULE: InterfacePublicToPublichas nodes and/ or edges whose type is an unresolved proxy!
2025-04-23 15:59:19 WARN   - modifier, org.eclipse.emf.ecore.impl.EClassImpl@7d7a13a7 (eProxyURI: platform:/plugin/org.emftext.language.java/metamodel/java.ecore#_Wo2Ytdz1Ed2bJ_pQViWxFg)
2025-04-23 15:59:19 WARN CORRUPT RULE: FieldStaticToStatichas nodes and/ or edges whose type is an unresolved proxy!
2025-04-23 15:59:19 WARN   - modifier, org.eclipse.emf.ecore.impl.EClassImpl@74b37c02 (eProxyURI: platform:/plugin/org.emftext.language.java/metamodel/java.ecore#_Wo2Yv9z1Ed2bJ_pQViWxFg)
2025-04-23 15:59:19 WARN CORRUPT RULE: MethodClassParamTypeToParamTypehas nodes and/ or edges whose type is an unresolved proxy!
2025-04-23 15:59:19 WARN   - parameter__typeReference__typeReference_eMoflonEdge, org.eclipse.emf.ecore.impl.EReferenceImpl@26c8b723 (eProxyURI: platform:/plugin/org.emftext.language.java/metamodel/java.ecore#_Wo2ZQdz1Ed2bJ_pQViWxFg)
2025-04-23 15:59:19 WARN CORRUPT RULE: ConstructorEnumParamTypeToParamTypehas nodes and/ or edges whose type is an unresolved proxy!
2025-04-23 15:59:19 WARN   - parameter__typeReference__typeReference_eMoflonEdge, org.eclipse.emf.ecore.impl.EReferenceImpl@41a98737 (eProxyURI: platform:/plugin/org.emftext.language.java/metamodel/java.ecore#_Wo2ZQdz1Ed2bJ_pQViWxFg)
2025-04-23 15:59:19 WARN CORRUPT RULE: EnumAbstractToAbstracthas nodes and/ or edges whose type is an unresolved proxy!
2025-04-23 15:59:19 WARN   - modifier, org.eclipse.emf.ecore.impl.EClassImpl@3a778c6f (eProxyURI: platform:/plugin/org.emftext.language.java/metamodel/java.ecore#_Wo2Yt9z1Ed2bJ_pQViWxFg)
2025-04-23 15:59:19 WARN CORRUPT RULE: ClassPrivateToPrivatehas nodes and/ or edges whose type is an unresolved proxy!
2025-04-23 15:59:19 WARN   - modifier, org.eclipse.emf.ecore.impl.EClassImpl@34902fe6 (eProxyURI: platform:/plugin/org.emftext.language.java/metamodel/java.ecore#_Wo2Yu9z1Ed2bJ_pQViWxFg)
2025-04-23 15:59:19 WARN CORRUPT RULE: ClassProtectedToProtectedhas nodes and/ or edges whose type is an unresolved proxy!
2025-04-23 15:59:19 WARN   - modifier, org.eclipse.emf.ecore.impl.EClassImpl@41da4be8 (eProxyURI: platform:/plugin/org.emftext.language.java/metamodel/java.ecore#_Wo2Yudz1Ed2bJ_pQViWxFg)
2025-04-23 15:59:19 WARN CORRUPT RULE: ClassAbstractToAbstracthas nodes and/ or edges whose type is an unresolved proxy!
2025-04-23 15:59:19 WARN   - modifier, org.eclipse.emf.ecore.impl.EClassImpl@21e67d8d (eProxyURI: platform:/plugin/org.emftext.language.java/metamodel/java.ecore#_Wo2Yt9z1Ed2bJ_pQViWxFg)
2025-04-23 15:59:19 WARN CORRUPT RULE: InterfaceAttributeTypeToPropertyTypehas nodes and/ or edges whose type is an unresolved proxy!
2025-04-23 15:59:19 WARN   - field__typeReference__typeReference_eMoflonEdge, org.eclipse.emf.ecore.impl.EReferenceImpl@3026d4cd (eProxyURI: platform:/plugin/org.emftext.language.java/metamodel/java.ecore#_Wo2ZQdz1Ed2bJ_pQViWxFg)
2025-04-23 15:59:19 WARN CORRUPT RULE: MethodFinalToFinalhas nodes and/ or edges whose type is an unresolved proxy!
2025-04-23 15:59:19 WARN   - modifier, org.eclipse.emf.ecore.impl.EClassImpl@520d0137 (eProxyURI: platform:/plugin/org.emftext.language.java/metamodel/java.ecore#_Wo2Yvdz1Ed2bJ_pQViWxFg)
2025-04-23 15:59:19 WARN CORRUPT RULE: EnumPublicToPublichas nodes and/ or edges whose type is an unresolved proxy!
2025-04-23 15:59:19 WARN   - modifier, org.eclipse.emf.ecore.impl.EClassImpl@7568f5bc (eProxyURI: platform:/plugin/org.emftext.language.java/metamodel/java.ecore#_Wo2Ytdz1Ed2bJ_pQViWxFg)
2025-04-23 15:59:19 INFO Pattern Conversion took 7.1026 ms
2025-04-23 15:59:19 INFO Starting SYNC
2025-04-23 15:59:19 WARN   LOADED MARKERS : 
    - 
2025-04-23 15:59:19 WARN No rule defined to cover the following change's type: [InsertEAttributeValue] AE=Package:4cd78959, name=peketsch
2025-04-23 15:59:19 WARN No rule defined to cover the following change's type: [InsertEAttributeValue] AE=Class:61e67cc1, name=kless
2025-04-23 15:59:19 WARN No rule defined to cover the following change's type: [InsertEAttributeValue] AE=Class:55002de6, name=superKless
2025-04-23 15:59:19 INFO Pattern Matching took 4.8657 ms
2025-04-23 15:59:19 INFO Created elements: 26
2025-04-23 15:59:19 INFO Deleted elements: 0
2025-04-23 15:59:19 INFO Completed SYNC in: 34 ms
2025-04-23 15:59:19 DEBUG BENCHMARKLOGGER logs: 
2025-04-23 15:59:19 DEBUG BenchmarkLogger
[
  Total elements created .. 26
  Total elements deleted .. 0
  Total matches found ..... 14
  Total matches repaired .. 0
  Total matches revoked ... 0
  Total matches applied ... 6
]
2025-04-23 15:59:19 INFO VitruviusBackwardConversionTGGEngine::terminate called. We do not use this.
2025-04-23 15:59:19 DEBUG Add root to resource: org.eclipse.emf.ecore.xmi.impl.XMIResourceImpl@4e80180c uri='target\Java2UmlEvaluationGoal1\testSuperClassToSuperClass\uml_instance.model'
2025-04-23 15:59:19 INFO -- Added the following corrs: 
2025-04-23 15:59:19 INFO   - [CorrespondenceNode JavaPackageToUmlPackage] SRC=Package:4cd78959, name=peketsch, TRG=Package:39ab2bf3, name=peketsch
2025-04-23 15:59:19 INFO   - [CorrespondenceNode JavaCompilationUnitToUmlModel] SRC=CompilationUnit:4310d985, name=null, TRG=Model:637c004, name=UML_MODEL
2025-04-23 15:59:19 INFO   - [CorrespondenceNode JavaCompilationUnitToUmlModel] SRC=CompilationUnit:118bace5, name=null, TRG=Model:12973dd3, name=UML_MODEL
2025-04-23 15:59:19 INFO   - [CorrespondenceNode JavaClassifierToUmlClassifier] SRC=Class:61e67cc1, name=kless, TRG=Class:3a3e0f7a, name=kless
2025-04-23 15:59:19 INFO   - [CorrespondenceNode JavaClassifierToUmlClassifier] SRC=Class:55002de6, name=superKless, TRG=Class:427b8fe4, name=superKless
2025-04-23 15:59:19 DEBUG End recording virtual model
2025-04-23 15:59:19 DEBUG Propagated <input change> in [[http://www.emftext.org/java]] -> {[[http://www.eclipse.org/uml2/5.0.0/UML]]}
2025-04-23 15:59:19 DEBUG Propagated <input change> in [[http://www.emftext.org/java]] -> [[http://www.eclipse.org/uml2/5.0.0/UML]] -> {}
2025-04-23 15:59:19 DEBUG Propagated <input change> in [[http://www.emftext.org/java]] -> [[http://www.eclipse.org/uml2/5.0.0/UML]] -> {}
2025-04-23 15:59:19 DEBUG Start recording virtual model
2025-04-23 15:59:19 WARN propagateChange not implemented, use propagateChanges (with an s).
2025-04-23 15:59:19 WARN propagateChange not implemented, use propagateChanges (with an s).
2025-04-23 15:59:19 WARN propagateChange not implemented, use propagateChanges (with an s).
2025-04-23 15:59:19 WARN propagateChange not implemented, use propagateChanges (with an s).
2025-04-23 15:59:19 WARN propagateChange not implemented, use propagateChanges (with an s).
2025-04-23 15:59:19 WARN propagateChange not implemented, use propagateChanges (with an s).
2025-04-23 15:59:19 WARN propagateChange not implemented, use propagateChanges (with an s).
2025-04-23 15:59:19 WARN propagateChange not implemented, use propagateChanges (with an s).
2025-04-23 15:59:19 WARN propagateChange not implemented, use propagateChanges (with an s).
2025-04-23 15:59:19 WARN propagateChange not implemented, use propagateChanges (with an s).
2025-04-23 15:59:19 WARN propagateChange not implemented, use propagateChanges (with an s).
2025-04-23 15:59:19 WARN propagateChange not implemented, use propagateChanges (with an s).
2025-04-23 15:59:19 WARN propagateChange not implemented, use propagateChanges (with an s).
2025-04-23 15:59:19 WARN propagateChange not implemented, use propagateChanges (with an s).
2025-04-23 15:59:19 WARN propagateChange not implemented, use propagateChanges (with an s).
2025-04-23 15:59:19 WARN propagateChange not implemented, use propagateChanges (with an s).
2025-04-23 15:59:19 DEBUG End recording virtual model
2025-04-23 15:59:19 DEBUG Propagated <input change> in [[http://www.emftext.org/java]] -> {}
2025-04-23 15:59:19 DEBUG Saving all models of model repository for VSUM @target\Java2UmlEvaluationGoal1\testSuperClassToSuperClass
2025-04-23 15:59:19 DEBUG Save resource: org.eclipse.emf.ecore.xmi.impl.XMIResourceImpl@4e80180c uri='target\Java2UmlEvaluationGoal1\testSuperClassToSuperClass\uml_instance.model'
2025-04-23 15:59:19 DEBUG Finished synchronizing change: TransactionalChangeImpl: [
	create Uuid(ord__JsOIMCBLEfCt_d1Q4dqckw)
	insert Uuid(ord__JsOIMCBLEfCt_d1Q4dqckw) at target\Java2UmlEvaluationGoal1\testSuperClassToSuperClass\java_instance.model (index 0)
	Uuid(ord__JsOIMCBLEfCt_d1Q4dqckw).name = peketsch (was )
	create Uuid(ord__JsOvQCBLEfCt_d1Q4dqckw)
	Uuid(ord__JsOIMCBLEfCt_d1Q4dqckw).compilationUnits += Uuid(ord__JsOvQCBLEfCt_d1Q4dqckw) (index 0)
	create Uuid(ord__JsOvQSBLEfCt_d1Q4dqckw)
	Uuid(ord__JsOvQCBLEfCt_d1Q4dqckw).classifiers += Uuid(ord__JsOvQSBLEfCt_d1Q4dqckw) (index 0)
	Uuid(ord__JsOvQSBLEfCt_d1Q4dqckw).name = kless (was )
	create Uuid(ord__JsOvQiBLEfCt_d1Q4dqckw)
	Uuid(ord__JsOIMCBLEfCt_d1Q4dqckw).compilationUnits += Uuid(ord__JsOvQiBLEfCt_d1Q4dqckw) (index 1)
	create Uuid(ord__JsOvQyBLEfCt_d1Q4dqckw)
	Uuid(ord__JsOvQiBLEfCt_d1Q4dqckw).classifiers += Uuid(ord__JsOvQyBLEfCt_d1Q4dqckw) (index 0)
	Uuid(ord__JsOvQyBLEfCt_d1Q4dqckw).name = superKless (was )
	create Uuid(ord__JsOvRCBLEfCt_d1Q4dqckw)
	Uuid(ord__JsOvQSBLEfCt_d1Q4dqckw).extends = Uuid(ord__JsOvRCBLEfCt_d1Q4dqckw) (was )
	Uuid(ord__JsOvRCBLEfCt_d1Q4dqckw).target = Uuid(ord__JsOvQyBLEfCt_d1Q4dqckw) (was )
]

2025-04-23 15:59:19 INFO Finished change propagation
]]></system-out>
  </testcase>
  <testcase name="testFieldFinalToFinal" classname="tools.vitruv.methodologisttemplate.vsum.Java2UmlEvaluationGoal1Test" time="0.017">
    <failure message="EClass Final cannot be loaded because of a proxy resolution bug in eMoflon" type="org.opentest4j.AssertionFailedError"><![CDATA[org.opentest4j.AssertionFailedError: EClass Final cannot be loaded because of a proxy resolution bug in eMoflon
	at org.junit.jupiter.api.AssertionUtils.fail(AssertionUtils.java:38)
	at org.junit.jupiter.api.Assertions.fail(Assertions.java:138)
	at tools.vitruv.methodologisttemplate.vsum.Java2UmlEvaluationGoal1Test.testFieldFinalToFinal(Java2UmlEvaluationGoal1Test.java:325)
	at java.base/java.lang.reflect.Method.invoke(Method.java:580)
	at java.base/java.util.ArrayList.forEach(ArrayList.java:1597)
	at java.base/java.util.ArrayList.forEach(ArrayList.java:1597)
	Suppressed: java.nio.file.NoSuchFileException: ..\eclipse-ibex-workspace\Java2Uml\instances\corr.xmi
		at java.base/sun.nio.fs.WindowsException.translateToIOException(WindowsException.java:85)
		at java.base/sun.nio.fs.WindowsException.rethrowAsIOException(WindowsException.java:103)
		at java.base/sun.nio.fs.WindowsException.rethrowAsIOException(WindowsException.java:108)
		at java.base/sun.nio.fs.WindowsFileCopy.copy(WindowsFileCopy.java:108)
		at java.base/sun.nio.fs.WindowsFileSystemProvider.copy(WindowsFileSystemProvider.java:282)
		at java.base/java.nio.file.Files.copy(Files.java:1305)
		at tools.vitruv.methodologisttemplate.vsum.AbstractEvaluationTest.storeEvalData(AbstractEvaluationTest.java:104)
		... 3 more
	Suppressed: java.util.NoSuchElementException
		at java.base/java.util.ArrayList.getLast(ArrayList.java:455)
		at tools.vitruv.methodologisttemplate.vsum.AbstractEvaluationTest.storeGlobalEvalData(AbstractEvaluationTest.java:114)
		... 3 more
]]></failure>
    <system-out><![CDATA[2025-04-23 15:59:19 INFO eclipse-ibex-workspace: C:\Users\XPS-15\IdeaProjects\Vitruv-TGG-Integration-Test\vsum\..\eclipse-ibex-workspace\Java2Uml
2025-04-23 15:59:19 INFO setupCorrAndProtocol: Wiping corr.xmi and protocol.xmi
2025-04-23 15:59:19 INFO setupCorrAndProtocol: Wiping corr.xmi and protocol.xmi
]]></system-out>
  </testcase>
  <testcase name="testClassConstructorToConstructor" classname="tools.vitruv.methodologisttemplate.vsum.Java2UmlEvaluationGoal1Test" time="0.267">
    <system-out><![CDATA[2025-04-23 15:59:19 INFO eclipse-ibex-workspace: C:\Users\XPS-15\IdeaProjects\Vitruv-TGG-Integration-Test\vsum\..\eclipse-ibex-workspace\Java2Uml
2025-04-23 15:59:19 INFO setupCorrAndProtocol: Wiping corr.xmi and protocol.xmi
2025-04-23 15:59:19 INFO setupCorrAndProtocol: Wiping corr.xmi and protocol.xmi
2025-04-23 15:59:19 INFO Starting change propagation
2025-04-23 15:59:19 DEBUG Started synchronizing change: TransactionalChangeImpl: [
	create Uuid(ord__JvCLoCBLEfCt_d1Q4dqckw)
	insert Uuid(ord__JvCLoCBLEfCt_d1Q4dqckw) at target\Java2UmlEvaluationGoal1\testClassConstructorToConstructor\java_instance.model (index 0)
	Uuid(ord__JvCLoCBLEfCt_d1Q4dqckw).name = peketsch (was )
	create Uuid(ord__JvCLoSBLEfCt_d1Q4dqckw)
	Uuid(ord__JvCLoCBLEfCt_d1Q4dqckw).compilationUnits += Uuid(ord__JvCLoSBLEfCt_d1Q4dqckw) (index 0)
	create Uuid(ord__JvCysCBLEfCt_d1Q4dqckw)
	Uuid(ord__JvCLoSBLEfCt_d1Q4dqckw).classifiers += Uuid(ord__JvCysCBLEfCt_d1Q4dqckw) (index 0)
	Uuid(ord__JvCysCBLEfCt_d1Q4dqckw).name = kless (was )
	create Uuid(ord__JvCysSBLEfCt_d1Q4dqckw)
	Uuid(ord__JvCysCBLEfCt_d1Q4dqckw).members += Uuid(ord__JvCysSBLEfCt_d1Q4dqckw) (index 0)
	Uuid(ord__JvCysSBLEfCt_d1Q4dqckw).name = constructer (was )
]

2025-04-23 15:59:19 DEBUG Create model instance for resource with URI: target\Java2UmlEvaluationGoal1\testClassConstructorToConstructor\java_instance.model
2025-04-23 15:59:19 DEBUG Start recording virtual model
2025-04-23 15:59:19 INFO ------- Calling ibex -------
2025-04-23 15:59:19 INFO Source Model has no respective target model yet. Creating one.
2025-04-23 15:59:19 DEBUG Create model instance for resource with URI: target\Java2UmlEvaluationGoal1\testClassConstructorToConstructor\uml_instance.model
2025-04-23 15:59:19 INFO Resource not found. Not loading. Path=C:\Users\XPS-15\IdeaProjects\Vitruv-TGG-Integration-Test\vsum\..\eclipse-ibex-workspace/Java2Uml/instances/corr.xmi
2025-04-23 15:59:19 INFO Resource not found. Not loading. Path=C:\Users\XPS-15\IdeaProjects\Vitruv-TGG-Integration-Test\vsum\..\eclipse-ibex-workspace/Java2Uml/instances/protocol.xmi
2025-04-23 15:59:19 WARN CORRUPT RULE: ClassProtectedToProtectedhas nodes and/ or edges whose type is an unresolved proxy!
2025-04-23 15:59:19 WARN   - modifier, org.eclipse.emf.ecore.impl.EClassImpl@6d98bf7 (eProxyURI: platform:/plugin/org.emftext.language.java/metamodel/java.ecore#_Wo2Yudz1Ed2bJ_pQViWxFg)
2025-04-23 15:59:19 WARN CORRUPT RULE: EnumAttributeTypeToPropertyTypehas nodes and/ or edges whose type is an unresolved proxy!
2025-04-23 15:59:19 WARN   - field__typeReference__typeReference_eMoflonEdge, org.eclipse.emf.ecore.impl.EReferenceImpl@7ce1b3fe (eProxyURI: platform:/plugin/org.emftext.language.java/metamodel/java.ecore#_Wo2ZQdz1Ed2bJ_pQViWxFg)
2025-04-23 15:59:19 WARN CORRUPT RULE: EnumPrivateToPrivatehas nodes and/ or edges whose type is an unresolved proxy!
2025-04-23 15:59:19 WARN   - modifier, org.eclipse.emf.ecore.impl.EClassImpl@598138b (eProxyURI: platform:/plugin/org.emftext.language.java/metamodel/java.ecore#_Wo2Yu9z1Ed2bJ_pQViWxFg)
2025-04-23 15:59:19 WARN CORRUPT RULE: FieldStaticToStatichas nodes and/ or edges whose type is an unresolved proxy!
2025-04-23 15:59:19 WARN   - modifier, org.eclipse.emf.ecore.impl.EClassImpl@7c96ee9e (eProxyURI: platform:/plugin/org.emftext.language.java/metamodel/java.ecore#_Wo2Yv9z1Ed2bJ_pQViWxFg)
2025-04-23 15:59:19 WARN CORRUPT RULE: EnumAbstractToAbstracthas nodes and/ or edges whose type is an unresolved proxy!
2025-04-23 15:59:19 WARN   - modifier, org.eclipse.emf.ecore.impl.EClassImpl@53941224 (eProxyURI: platform:/plugin/org.emftext.language.java/metamodel/java.ecore#_Wo2Yt9z1Ed2bJ_pQViWxFg)
2025-04-23 15:59:19 WARN CORRUPT RULE: InterfaceProtectedToProtectedhas nodes and/ or edges whose type is an unresolved proxy!
2025-04-23 15:59:19 WARN   - modifier, org.eclipse.emf.ecore.impl.EClassImpl@5bf3298f (eProxyURI: platform:/plugin/org.emftext.language.java/metamodel/java.ecore#_Wo2Yudz1Ed2bJ_pQViWxFg)
2025-04-23 15:59:19 WARN CORRUPT RULE: ClassPrivateToPrivatehas nodes and/ or edges whose type is an unresolved proxy!
2025-04-23 15:59:19 WARN   - modifier, org.eclipse.emf.ecore.impl.EClassImpl@14150a0a (eProxyURI: platform:/plugin/org.emftext.language.java/metamodel/java.ecore#_Wo2Yu9z1Ed2bJ_pQViWxFg)
2025-04-23 15:59:19 WARN CORRUPT RULE: MethodStaticToStatichas nodes and/ or edges whose type is an unresolved proxy!
2025-04-23 15:59:19 WARN   - modifier, org.eclipse.emf.ecore.impl.EClassImpl@104ce963 (eProxyURI: platform:/plugin/org.emftext.language.java/metamodel/java.ecore#_Wo2Yv9z1Ed2bJ_pQViWxFg)
2025-04-23 15:59:19 WARN CORRUPT RULE: InterfaceAbstractToAbstracthas nodes and/ or edges whose type is an unresolved proxy!
2025-04-23 15:59:19 WARN   - modifier, org.eclipse.emf.ecore.impl.EClassImpl@52a72430 (eProxyURI: platform:/plugin/org.emftext.language.java/metamodel/java.ecore#_Wo2Yt9z1Ed2bJ_pQViWxFg)
2025-04-23 15:59:19 WARN CORRUPT RULE: MethodInterfaceParamTypeToParamTypehas nodes and/ or edges whose type is an unresolved proxy!
2025-04-23 15:59:19 WARN   - parameter__typeReference__typeReference_eMoflonEdge, org.eclipse.emf.ecore.impl.EReferenceImpl@7f53c24c (eProxyURI: platform:/plugin/org.emftext.language.java/metamodel/java.ecore#_Wo2ZQdz1Ed2bJ_pQViWxFg)
2025-04-23 15:59:19 WARN CORRUPT RULE: ClassFinalToFinalhas nodes and/ or edges whose type is an unresolved proxy!
2025-04-23 15:59:19 WARN   - modifier, org.eclipse.emf.ecore.impl.EClassImpl@b4a76f3 (eProxyURI: platform:/plugin/org.emftext.language.java/metamodel/java.ecore#_Wo2Yvdz1Ed2bJ_pQViWxFg)
2025-04-23 15:59:19 WARN CORRUPT RULE: InterfacePublicToPublichas nodes and/ or edges whose type is an unresolved proxy!
2025-04-23 15:59:19 WARN   - modifier, org.eclipse.emf.ecore.impl.EClassImpl@7bf67f81 (eProxyURI: platform:/plugin/org.emftext.language.java/metamodel/java.ecore#_Wo2Ytdz1Ed2bJ_pQViWxFg)
2025-04-23 15:59:19 WARN CORRUPT RULE: ClassPublicToPublichas nodes and/ or edges whose type is an unresolved proxy!
2025-04-23 15:59:19 WARN   - modifier, org.eclipse.emf.ecore.impl.EClassImpl@79ed43f8 (eProxyURI: platform:/plugin/org.emftext.language.java/metamodel/java.ecore#_Wo2Ytdz1Ed2bJ_pQViWxFg)
2025-04-23 15:59:19 WARN CORRUPT RULE: MethodAbstractToAbstracthas nodes and/ or edges whose type is an unresolved proxy!
2025-04-23 15:59:19 WARN   - modifier, org.eclipse.emf.ecore.impl.EClassImpl@1f2eb34c (eProxyURI: platform:/plugin/org.emftext.language.java/metamodel/java.ecore#_Wo2Yt9z1Ed2bJ_pQViWxFg)
2025-04-23 15:59:19 WARN CORRUPT RULE: ConstructorInterfaceParamTypeToParamTypehas nodes and/ or edges whose type is an unresolved proxy!
2025-04-23 15:59:19 WARN   - parameter__typeReference__typeReference_eMoflonEdge, org.eclipse.emf.ecore.impl.EReferenceImpl@6fc294ae (eProxyURI: platform:/plugin/org.emftext.language.java/metamodel/java.ecore#_Wo2ZQdz1Ed2bJ_pQViWxFg)
2025-04-23 15:59:19 WARN CORRUPT RULE: MethodEnumReturnTypeToReturnTypehas nodes and/ or edges whose type is an unresolved proxy!
2025-04-23 15:59:19 WARN   - javaMethod__typeReference__typeReference_eMoflonEdge, org.eclipse.emf.ecore.impl.EReferenceImpl@34e347a5 (eProxyURI: platform:/plugin/org.emftext.language.java/metamodel/java.ecore#_Wo2ZQdz1Ed2bJ_pQViWxFg)
2025-04-23 15:59:19 WARN CORRUPT RULE: ConstructorClassParamTypeToParamTypehas nodes and/ or edges whose type is an unresolved proxy!
2025-04-23 15:59:19 WARN   - parameter__typeReference__typeReference_eMoflonEdge, org.eclipse.emf.ecore.impl.EReferenceImpl@2c6d5b2e (eProxyURI: platform:/plugin/org.emftext.language.java/metamodel/java.ecore#_Wo2ZQdz1Ed2bJ_pQViWxFg)
2025-04-23 15:59:19 WARN CORRUPT RULE: FieldFinalToFinalhas nodes and/ or edges whose type is an unresolved proxy!
2025-04-23 15:59:19 WARN   - modifier, org.eclipse.emf.ecore.impl.EClassImpl@35c8dd30 (eProxyURI: platform:/plugin/org.emftext.language.java/metamodel/java.ecore#_Wo2Yvdz1Ed2bJ_pQViWxFg)
2025-04-23 15:59:19 WARN CORRUPT RULE: MethodFinalToFinalhas nodes and/ or edges whose type is an unresolved proxy!
2025-04-23 15:59:19 WARN   - modifier, org.eclipse.emf.ecore.impl.EClassImpl@2a063e1a (eProxyURI: platform:/plugin/org.emftext.language.java/metamodel/java.ecore#_Wo2Yvdz1Ed2bJ_pQViWxFg)
2025-04-23 15:59:19 WARN CORRUPT RULE: MethodInterfaceReturnTypeToReturnTypehas nodes and/ or edges whose type is an unresolved proxy!
2025-04-23 15:59:19 WARN   - javaMethod__typeReference__typeReference_eMoflonEdge, org.eclipse.emf.ecore.impl.EReferenceImpl@1c89afe (eProxyURI: platform:/plugin/org.emftext.language.java/metamodel/java.ecore#_Wo2ZQdz1Ed2bJ_pQViWxFg)
2025-04-23 15:59:19 WARN CORRUPT RULE: EnumFinalToFinalhas nodes and/ or edges whose type is an unresolved proxy!
2025-04-23 15:59:19 WARN   - modifier, org.eclipse.emf.ecore.impl.EClassImpl@537caf04 (eProxyURI: platform:/plugin/org.emftext.language.java/metamodel/java.ecore#_Wo2Yvdz1Ed2bJ_pQViWxFg)
2025-04-23 15:59:19 WARN CORRUPT RULE: ConstructorEnumParamTypeToParamTypehas nodes and/ or edges whose type is an unresolved proxy!
2025-04-23 15:59:19 WARN   - parameter__typeReference__typeReference_eMoflonEdge, org.eclipse.emf.ecore.impl.EReferenceImpl@33df7a87 (eProxyURI: platform:/plugin/org.emftext.language.java/metamodel/java.ecore#_Wo2ZQdz1Ed2bJ_pQViWxFg)
2025-04-23 15:59:19 WARN CORRUPT RULE: MethodClassReturnTypeToReturnTypehas nodes and/ or edges whose type is an unresolved proxy!
2025-04-23 15:59:19 WARN   - javaMethod__typeReference__typeReference_eMoflonEdge, org.eclipse.emf.ecore.impl.EReferenceImpl@404ea1e4 (eProxyURI: platform:/plugin/org.emftext.language.java/metamodel/java.ecore#_Wo2ZQdz1Ed2bJ_pQViWxFg)
2025-04-23 15:59:19 WARN CORRUPT RULE: InterfaceAttributeTypeToPropertyTypehas nodes and/ or edges whose type is an unresolved proxy!
2025-04-23 15:59:19 WARN   - field__typeReference__typeReference_eMoflonEdge, org.eclipse.emf.ecore.impl.EReferenceImpl@56d8f131 (eProxyURI: platform:/plugin/org.emftext.language.java/metamodel/java.ecore#_Wo2ZQdz1Ed2bJ_pQViWxFg)
2025-04-23 15:59:19 WARN CORRUPT RULE: EnumPublicToPublichas nodes and/ or edges whose type is an unresolved proxy!
2025-04-23 15:59:19 WARN   - modifier, org.eclipse.emf.ecore.impl.EClassImpl@74e2de39 (eProxyURI: platform:/plugin/org.emftext.language.java/metamodel/java.ecore#_Wo2Ytdz1Ed2bJ_pQViWxFg)
2025-04-23 15:59:19 WARN CORRUPT RULE: MethodEnumParamTypeToParamTypehas nodes and/ or edges whose type is an unresolved proxy!
2025-04-23 15:59:19 WARN   - parameter__typeReference__typeReference_eMoflonEdge, org.eclipse.emf.ecore.impl.EReferenceImpl@26a32fa5 (eProxyURI: platform:/plugin/org.emftext.language.java/metamodel/java.ecore#_Wo2ZQdz1Ed2bJ_pQViWxFg)
2025-04-23 15:59:19 WARN CORRUPT RULE: ClassAbstractToAbstracthas nodes and/ or edges whose type is an unresolved proxy!
2025-04-23 15:59:19 WARN   - modifier, org.eclipse.emf.ecore.impl.EClassImpl@35067738 (eProxyURI: platform:/plugin/org.emftext.language.java/metamodel/java.ecore#_Wo2Yt9z1Ed2bJ_pQViWxFg)
2025-04-23 15:59:19 WARN CORRUPT RULE: EnumProtectedToProtectedhas nodes and/ or edges whose type is an unresolved proxy!
2025-04-23 15:59:19 WARN   - modifier, org.eclipse.emf.ecore.impl.EClassImpl@2523c97a (eProxyURI: platform:/plugin/org.emftext.language.java/metamodel/java.ecore#_Wo2Yudz1Ed2bJ_pQViWxFg)
2025-04-23 15:59:19 WARN CORRUPT RULE: ClassAttributeTypeToPropertyTypehas nodes and/ or edges whose type is an unresolved proxy!
2025-04-23 15:59:19 WARN   - field__typeReference__typeReference_eMoflonEdge, org.eclipse.emf.ecore.impl.EReferenceImpl@4fc6dcb7 (eProxyURI: platform:/plugin/org.emftext.language.java/metamodel/java.ecore#_Wo2ZQdz1Ed2bJ_pQViWxFg)
2025-04-23 15:59:19 WARN CORRUPT RULE: MethodClassParamTypeToParamTypehas nodes and/ or edges whose type is an unresolved proxy!
2025-04-23 15:59:19 WARN   - parameter__typeReference__typeReference_eMoflonEdge, org.eclipse.emf.ecore.impl.EReferenceImpl@7e41619d (eProxyURI: platform:/plugin/org.emftext.language.java/metamodel/java.ecore#_Wo2ZQdz1Ed2bJ_pQViWxFg)
2025-04-23 15:59:19 WARN CORRUPT RULE: InterfaceFinalToFinalhas nodes and/ or edges whose type is an unresolved proxy!
2025-04-23 15:59:19 WARN   - modifier, org.eclipse.emf.ecore.impl.EClassImpl@30bb4248 (eProxyURI: platform:/plugin/org.emftext.language.java/metamodel/java.ecore#_Wo2Yvdz1Ed2bJ_pQViWxFg)
2025-04-23 15:59:19 WARN CORRUPT RULE: InterfacePrivateToPrivatehas nodes and/ or edges whose type is an unresolved proxy!
2025-04-23 15:59:19 WARN   - modifier, org.eclipse.emf.ecore.impl.EClassImpl@10063448 (eProxyURI: platform:/plugin/org.emftext.language.java/metamodel/java.ecore#_Wo2Yu9z1Ed2bJ_pQViWxFg)
2025-04-23 15:59:19 INFO Pattern Conversion took 6.9555 ms
2025-04-23 15:59:19 INFO Starting SYNC
2025-04-23 15:59:19 WARN   LOADED MARKERS : 
    - 
2025-04-23 15:59:19 WARN No rule defined to cover the following change's type: [InsertEAttributeValue] AE=Package:316a03cf, name=peketsch
2025-04-23 15:59:19 WARN No rule defined to cover the following change's type: [InsertEAttributeValue] AE=Class:1eae036e, name=kless
2025-04-23 15:59:19 WARN No rule defined to cover the following change's type: [InsertEAttributeValue] AE=Constructor:7fbb0f0f, name=constructer
2025-04-23 15:59:19 INFO Pattern Matching took 1.7809 ms
2025-04-23 15:59:19 INFO Created elements: 14
2025-04-23 15:59:19 INFO Deleted elements: 0
2025-04-23 15:59:19 INFO Completed SYNC in: 21 ms
2025-04-23 15:59:19 DEBUG BENCHMARKLOGGER logs: 
2025-04-23 15:59:19 DEBUG BenchmarkLogger
[
  Total elements created .. 14
  Total elements deleted .. 0
  Total matches found ..... 6
  Total matches repaired .. 0
  Total matches revoked ... 0
  Total matches applied ... 4
]
2025-04-23 15:59:19 INFO VitruviusBackwardConversionTGGEngine::terminate called. We do not use this.
2025-04-23 15:59:19 DEBUG Add root to resource: org.eclipse.emf.ecore.xmi.impl.XMIResourceImpl@2d7157b0 uri='target\Java2UmlEvaluationGoal1\testClassConstructorToConstructor\uml_instance.model'
2025-04-23 15:59:19 INFO -- Added the following corrs: 
2025-04-23 15:59:19 INFO   - [CorrespondenceNode JavaCompilationUnitToUmlModel] SRC=CompilationUnit:1c1e78eb, name=null, TRG=Model:34bc5763, name=UML_MODEL
2025-04-23 15:59:19 INFO   - [CorrespondenceNode JavaPackageToUmlPackage] SRC=Package:316a03cf, name=peketsch, TRG=Package:64f578eb, name=peketsch
2025-04-23 15:59:19 INFO   - [CorrespondenceNode JavaConstructorToOperation] SRC=Constructor:7fbb0f0f, name=constructer, TRG=Operation:391133ad, name=constructer
2025-04-23 15:59:19 INFO   - [CorrespondenceNode JavaClassifierToUmlClassifier] SRC=Class:1eae036e, name=kless, TRG=Class:13666880, name=kless
2025-04-23 15:59:19 DEBUG End recording virtual model
2025-04-23 15:59:19 DEBUG Propagated <input change> in [[http://www.emftext.org/java]] -> {[[http://www.eclipse.org/uml2/5.0.0/UML]]}
2025-04-23 15:59:19 DEBUG Propagated <input change> in [[http://www.emftext.org/java]] -> [[http://www.eclipse.org/uml2/5.0.0/UML]] -> {}
2025-04-23 15:59:19 DEBUG Propagated <input change> in [[http://www.emftext.org/java]] -> [[http://www.eclipse.org/uml2/5.0.0/UML]] -> {}
2025-04-23 15:59:19 DEBUG Start recording virtual model
2025-04-23 15:59:19 WARN propagateChange not implemented, use propagateChanges (with an s).
2025-04-23 15:59:19 WARN propagateChange not implemented, use propagateChanges (with an s).
2025-04-23 15:59:19 WARN propagateChange not implemented, use propagateChanges (with an s).
2025-04-23 15:59:19 WARN propagateChange not implemented, use propagateChanges (with an s).
2025-04-23 15:59:19 WARN propagateChange not implemented, use propagateChanges (with an s).
2025-04-23 15:59:19 WARN propagateChange not implemented, use propagateChanges (with an s).
2025-04-23 15:59:19 WARN propagateChange not implemented, use propagateChanges (with an s).
2025-04-23 15:59:19 WARN propagateChange not implemented, use propagateChanges (with an s).
2025-04-23 15:59:19 WARN propagateChange not implemented, use propagateChanges (with an s).
2025-04-23 15:59:19 WARN propagateChange not implemented, use propagateChanges (with an s).
2025-04-23 15:59:19 WARN propagateChange not implemented, use propagateChanges (with an s).
2025-04-23 15:59:19 DEBUG End recording virtual model
2025-04-23 15:59:19 DEBUG Propagated <input change> in [[http://www.emftext.org/java]] -> {}
2025-04-23 15:59:19 DEBUG Saving all models of model repository for VSUM @target\Java2UmlEvaluationGoal1\testClassConstructorToConstructor
2025-04-23 15:59:19 DEBUG Save resource: org.eclipse.emf.ecore.xmi.impl.XMIResourceImpl@2d7157b0 uri='target\Java2UmlEvaluationGoal1\testClassConstructorToConstructor\uml_instance.model'
2025-04-23 15:59:19 DEBUG Finished synchronizing change: TransactionalChangeImpl: [
	create Uuid(ord__JvCLoCBLEfCt_d1Q4dqckw)
	insert Uuid(ord__JvCLoCBLEfCt_d1Q4dqckw) at target\Java2UmlEvaluationGoal1\testClassConstructorToConstructor\java_instance.model (index 0)
	Uuid(ord__JvCLoCBLEfCt_d1Q4dqckw).name = peketsch (was )
	create Uuid(ord__JvCLoSBLEfCt_d1Q4dqckw)
	Uuid(ord__JvCLoCBLEfCt_d1Q4dqckw).compilationUnits += Uuid(ord__JvCLoSBLEfCt_d1Q4dqckw) (index 0)
	create Uuid(ord__JvCysCBLEfCt_d1Q4dqckw)
	Uuid(ord__JvCLoSBLEfCt_d1Q4dqckw).classifiers += Uuid(ord__JvCysCBLEfCt_d1Q4dqckw) (index 0)
	Uuid(ord__JvCysCBLEfCt_d1Q4dqckw).name = kless (was )
	create Uuid(ord__JvCysSBLEfCt_d1Q4dqckw)
	Uuid(ord__JvCysCBLEfCt_d1Q4dqckw).members += Uuid(ord__JvCysSBLEfCt_d1Q4dqckw) (index 0)
	Uuid(ord__JvCysSBLEfCt_d1Q4dqckw).name = constructer (was )
]

2025-04-23 15:59:19 INFO Finished change propagation
]]></system-out>
  </testcase>
  <testcase name="testJavaParameterDeleted" classname="tools.vitruv.methodologisttemplate.vsum.Java2UmlEvaluationGoal1Test" time="0.673">
    <system-out><![CDATA[2025-04-23 15:59:19 INFO eclipse-ibex-workspace: C:\Users\XPS-15\IdeaProjects\Vitruv-TGG-Integration-Test\vsum\..\eclipse-ibex-workspace\Java2Uml
2025-04-23 15:59:19 INFO setupCorrAndProtocol: Wiping corr.xmi and protocol.xmi
2025-04-23 15:59:19 INFO setupCorrAndProtocol: Wiping corr.xmi and protocol.xmi
2025-04-23 15:59:19 INFO Starting change propagation
2025-04-23 15:59:19 DEBUG Started synchronizing change: TransactionalChangeImpl: [
	create Uuid(ord__JxpawCBLEfCt_d1Q4dqckw)
	insert Uuid(ord__JxpawCBLEfCt_d1Q4dqckw) at target\Java2UmlEvaluationGoal1\testJavaParameterDeleted\java_instance.model (index 0)
	Uuid(ord__JxpawCBLEfCt_d1Q4dqckw).name = peketsch (was )
	create Uuid(ord__JxpawSBLEfCt_d1Q4dqckw)
	Uuid(ord__JxpawCBLEfCt_d1Q4dqckw).compilationUnits += Uuid(ord__JxpawSBLEfCt_d1Q4dqckw) (index 0)
	create Uuid(ord__JxpawiBLEfCt_d1Q4dqckw)
	Uuid(ord__JxpawSBLEfCt_d1Q4dqckw).classifiers += Uuid(ord__JxpawiBLEfCt_d1Q4dqckw) (index 0)
	Uuid(ord__JxpawiBLEfCt_d1Q4dqckw).name = kless (was )
	create Uuid(ord__JxpawyBLEfCt_d1Q4dqckw)
	Uuid(ord__JxpawiBLEfCt_d1Q4dqckw).members += Uuid(ord__JxpawyBLEfCt_d1Q4dqckw) (index 0)
	Uuid(ord__JxpawyBLEfCt_d1Q4dqckw).name = constructer (was )
	create Uuid(ord__JxpaxCBLEfCt_d1Q4dqckw)
	Uuid(ord__JxpawyBLEfCt_d1Q4dqckw).parameters += Uuid(ord__JxpaxCBLEfCt_d1Q4dqckw) (index 0)
	Uuid(ord__JxpaxCBLEfCt_d1Q4dqckw).name = parrametr (was )
	create Uuid(ord__JxpaxSBLEfCt_d1Q4dqckw)
	Uuid(ord__JxpawiBLEfCt_d1Q4dqckw).members += Uuid(ord__JxpaxSBLEfCt_d1Q4dqckw) (index 1)
	Uuid(ord__JxpaxSBLEfCt_d1Q4dqckw).name = methed (was )
	create Uuid(ord__JxpaxiBLEfCt_d1Q4dqckw)
	Uuid(ord__JxpaxSBLEfCt_d1Q4dqckw).parameters += Uuid(ord__JxpaxiBLEfCt_d1Q4dqckw) (index 0)
	create Uuid(ord__JxpaxyBLEfCt_d1Q4dqckw)
	Uuid(ord__JxpawiBLEfCt_d1Q4dqckw).members += Uuid(ord__JxpaxyBLEfCt_d1Q4dqckw) (index 2)
	Uuid(ord__JxpaxyBLEfCt_d1Q4dqckw).name = myField (was )
]

2025-04-23 15:59:19 DEBUG Create model instance for resource with URI: target\Java2UmlEvaluationGoal1\testJavaParameterDeleted\java_instance.model
2025-04-23 15:59:19 DEBUG Start recording virtual model
2025-04-23 15:59:19 INFO ------- Calling ibex -------
2025-04-23 15:59:19 INFO Source Model has no respective target model yet. Creating one.
2025-04-23 15:59:19 DEBUG Create model instance for resource with URI: target\Java2UmlEvaluationGoal1\testJavaParameterDeleted\uml_instance.model
2025-04-23 15:59:20 INFO Resource not found. Not loading. Path=C:\Users\XPS-15\IdeaProjects\Vitruv-TGG-Integration-Test\vsum\..\eclipse-ibex-workspace/Java2Uml/instances/corr.xmi
2025-04-23 15:59:20 INFO Resource not found. Not loading. Path=C:\Users\XPS-15\IdeaProjects\Vitruv-TGG-Integration-Test\vsum\..\eclipse-ibex-workspace/Java2Uml/instances/protocol.xmi
2025-04-23 15:59:20 WARN CORRUPT RULE: EnumPrivateToPrivatehas nodes and/ or edges whose type is an unresolved proxy!
2025-04-23 15:59:20 WARN   - modifier, org.eclipse.emf.ecore.impl.EClassImpl@3cc8f1c (eProxyURI: platform:/plugin/org.emftext.language.java/metamodel/java.ecore#_Wo2Yu9z1Ed2bJ_pQViWxFg)
2025-04-23 15:59:20 WARN CORRUPT RULE: EnumProtectedToProtectedhas nodes and/ or edges whose type is an unresolved proxy!
2025-04-23 15:59:20 WARN   - modifier, org.eclipse.emf.ecore.impl.EClassImpl@5a10b7e8 (eProxyURI: platform:/plugin/org.emftext.language.java/metamodel/java.ecore#_Wo2Yudz1Ed2bJ_pQViWxFg)
2025-04-23 15:59:20 WARN CORRUPT RULE: ClassAttributeTypeToPropertyTypehas nodes and/ or edges whose type is an unresolved proxy!
2025-04-23 15:59:20 WARN   - field__typeReference__typeReference_eMoflonEdge, org.eclipse.emf.ecore.impl.EReferenceImpl@64d11323 (eProxyURI: platform:/plugin/org.emftext.language.java/metamodel/java.ecore#_Wo2ZQdz1Ed2bJ_pQViWxFg)
2025-04-23 15:59:20 WARN CORRUPT RULE: MethodInterfaceReturnTypeToReturnTypehas nodes and/ or edges whose type is an unresolved proxy!
2025-04-23 15:59:20 WARN   - javaMethod__typeReference__typeReference_eMoflonEdge, org.eclipse.emf.ecore.impl.EReferenceImpl@7497471b (eProxyURI: platform:/plugin/org.emftext.language.java/metamodel/java.ecore#_Wo2ZQdz1Ed2bJ_pQViWxFg)
2025-04-23 15:59:20 WARN CORRUPT RULE: ClassPrivateToPrivatehas nodes and/ or edges whose type is an unresolved proxy!
2025-04-23 15:59:20 WARN   - modifier, org.eclipse.emf.ecore.impl.EClassImpl@de58d71 (eProxyURI: platform:/plugin/org.emftext.language.java/metamodel/java.ecore#_Wo2Yu9z1Ed2bJ_pQViWxFg)
2025-04-23 15:59:20 WARN CORRUPT RULE: InterfacePrivateToPrivatehas nodes and/ or edges whose type is an unresolved proxy!
2025-04-23 15:59:20 WARN   - modifier, org.eclipse.emf.ecore.impl.EClassImpl@50235133 (eProxyURI: platform:/plugin/org.emftext.language.java/metamodel/java.ecore#_Wo2Yu9z1Ed2bJ_pQViWxFg)
2025-04-23 15:59:20 WARN CORRUPT RULE: EnumAbstractToAbstracthas nodes and/ or edges whose type is an unresolved proxy!
2025-04-23 15:59:20 WARN   - modifier, org.eclipse.emf.ecore.impl.EClassImpl@1e31cf9b (eProxyURI: platform:/plugin/org.emftext.language.java/metamodel/java.ecore#_Wo2Yt9z1Ed2bJ_pQViWxFg)
2025-04-23 15:59:20 WARN CORRUPT RULE: ConstructorClassParamTypeToParamTypehas nodes and/ or edges whose type is an unresolved proxy!
2025-04-23 15:59:20 WARN   - parameter__typeReference__typeReference_eMoflonEdge, org.eclipse.emf.ecore.impl.EReferenceImpl@598de6bf (eProxyURI: platform:/plugin/org.emftext.language.java/metamodel/java.ecore#_Wo2ZQdz1Ed2bJ_pQViWxFg)
2025-04-23 15:59:20 WARN CORRUPT RULE: ClassAbstractToAbstracthas nodes and/ or edges whose type is an unresolved proxy!
2025-04-23 15:59:20 WARN   - modifier, org.eclipse.emf.ecore.impl.EClassImpl@49b00b5 (eProxyURI: platform:/plugin/org.emftext.language.java/metamodel/java.ecore#_Wo2Yt9z1Ed2bJ_pQViWxFg)
2025-04-23 15:59:20 WARN CORRUPT RULE: MethodFinalToFinalhas nodes and/ or edges whose type is an unresolved proxy!
2025-04-23 15:59:20 WARN   - modifier, org.eclipse.emf.ecore.impl.EClassImpl@4dbeba8e (eProxyURI: platform:/plugin/org.emftext.language.java/metamodel/java.ecore#_Wo2Yvdz1Ed2bJ_pQViWxFg)
2025-04-23 15:59:20 WARN CORRUPT RULE: ClassFinalToFinalhas nodes and/ or edges whose type is an unresolved proxy!
2025-04-23 15:59:20 WARN   - modifier, org.eclipse.emf.ecore.impl.EClassImpl@37d9db26 (eProxyURI: platform:/plugin/org.emftext.language.java/metamodel/java.ecore#_Wo2Yvdz1Ed2bJ_pQViWxFg)
2025-04-23 15:59:20 WARN CORRUPT RULE: InterfaceAttributeTypeToPropertyTypehas nodes and/ or edges whose type is an unresolved proxy!
2025-04-23 15:59:20 WARN   - field__typeReference__typeReference_eMoflonEdge, org.eclipse.emf.ecore.impl.EReferenceImpl@745a951a (eProxyURI: platform:/plugin/org.emftext.language.java/metamodel/java.ecore#_Wo2ZQdz1Ed2bJ_pQViWxFg)
2025-04-23 15:59:20 WARN CORRUPT RULE: FieldStaticToStatichas nodes and/ or edges whose type is an unresolved proxy!
2025-04-23 15:59:20 WARN   - modifier, org.eclipse.emf.ecore.impl.EClassImpl@390e513a (eProxyURI: platform:/plugin/org.emftext.language.java/metamodel/java.ecore#_Wo2Yv9z1Ed2bJ_pQViWxFg)
2025-04-23 15:59:20 WARN CORRUPT RULE: InterfacePublicToPublichas nodes and/ or edges whose type is an unresolved proxy!
2025-04-23 15:59:20 WARN   - modifier, org.eclipse.emf.ecore.impl.EClassImpl@143f4d52 (eProxyURI: platform:/plugin/org.emftext.language.java/metamodel/java.ecore#_Wo2Ytdz1Ed2bJ_pQViWxFg)
2025-04-23 15:59:20 WARN CORRUPT RULE: EnumPublicToPublichas nodes and/ or edges whose type is an unresolved proxy!
2025-04-23 15:59:20 WARN   - modifier, org.eclipse.emf.ecore.impl.EClassImpl@226e4e59 (eProxyURI: platform:/plugin/org.emftext.language.java/metamodel/java.ecore#_Wo2Ytdz1Ed2bJ_pQViWxFg)
2025-04-23 15:59:20 WARN CORRUPT RULE: MethodAbstractToAbstracthas nodes and/ or edges whose type is an unresolved proxy!
2025-04-23 15:59:20 WARN   - modifier, org.eclipse.emf.ecore.impl.EClassImpl@170738c0 (eProxyURI: platform:/plugin/org.emftext.language.java/metamodel/java.ecore#_Wo2Yt9z1Ed2bJ_pQViWxFg)
2025-04-23 15:59:20 WARN CORRUPT RULE: EnumFinalToFinalhas nodes and/ or edges whose type is an unresolved proxy!
2025-04-23 15:59:20 WARN   - modifier, org.eclipse.emf.ecore.impl.EClassImpl@3cbcd442 (eProxyURI: platform:/plugin/org.emftext.language.java/metamodel/java.ecore#_Wo2Yvdz1Ed2bJ_pQViWxFg)
2025-04-23 15:59:20 WARN CORRUPT RULE: MethodEnumParamTypeToParamTypehas nodes and/ or edges whose type is an unresolved proxy!
2025-04-23 15:59:20 WARN   - parameter__typeReference__typeReference_eMoflonEdge, org.eclipse.emf.ecore.impl.EReferenceImpl@e888636 (eProxyURI: platform:/plugin/org.emftext.language.java/metamodel/java.ecore#_Wo2ZQdz1Ed2bJ_pQViWxFg)
2025-04-23 15:59:20 WARN CORRUPT RULE: ConstructorInterfaceParamTypeToParamTypehas nodes and/ or edges whose type is an unresolved proxy!
2025-04-23 15:59:20 WARN   - parameter__typeReference__typeReference_eMoflonEdge, org.eclipse.emf.ecore.impl.EReferenceImpl@3a4af228 (eProxyURI: platform:/plugin/org.emftext.language.java/metamodel/java.ecore#_Wo2ZQdz1Ed2bJ_pQViWxFg)
2025-04-23 15:59:20 WARN CORRUPT RULE: MethodInterfaceParamTypeToParamTypehas nodes and/ or edges whose type is an unresolved proxy!
2025-04-23 15:59:20 WARN   - parameter__typeReference__typeReference_eMoflonEdge, org.eclipse.emf.ecore.impl.EReferenceImpl@6b1bacf5 (eProxyURI: platform:/plugin/org.emftext.language.java/metamodel/java.ecore#_Wo2ZQdz1Ed2bJ_pQViWxFg)
2025-04-23 15:59:20 WARN CORRUPT RULE: EnumAttributeTypeToPropertyTypehas nodes and/ or edges whose type is an unresolved proxy!
2025-04-23 15:59:20 WARN   - field__typeReference__typeReference_eMoflonEdge, org.eclipse.emf.ecore.impl.EReferenceImpl@1717302b (eProxyURI: platform:/plugin/org.emftext.language.java/metamodel/java.ecore#_Wo2ZQdz1Ed2bJ_pQViWxFg)
2025-04-23 15:59:20 WARN CORRUPT RULE: InterfaceAbstractToAbstracthas nodes and/ or edges whose type is an unresolved proxy!
2025-04-23 15:59:20 WARN   - modifier, org.eclipse.emf.ecore.impl.EClassImpl@416bf563 (eProxyURI: platform:/plugin/org.emftext.language.java/metamodel/java.ecore#_Wo2Yt9z1Ed2bJ_pQViWxFg)
2025-04-23 15:59:20 WARN CORRUPT RULE: InterfaceProtectedToProtectedhas nodes and/ or edges whose type is an unresolved proxy!
2025-04-23 15:59:20 WARN   - modifier, org.eclipse.emf.ecore.impl.EClassImpl@1fb5eda7 (eProxyURI: platform:/plugin/org.emftext.language.java/metamodel/java.ecore#_Wo2Yudz1Ed2bJ_pQViWxFg)
2025-04-23 15:59:20 WARN CORRUPT RULE: MethodStaticToStatichas nodes and/ or edges whose type is an unresolved proxy!
2025-04-23 15:59:20 WARN   - modifier, org.eclipse.emf.ecore.impl.EClassImpl@7aaa4694 (eProxyURI: platform:/plugin/org.emftext.language.java/metamodel/java.ecore#_Wo2Yv9z1Ed2bJ_pQViWxFg)
2025-04-23 15:59:20 WARN CORRUPT RULE: ClassProtectedToProtectedhas nodes and/ or edges whose type is an unresolved proxy!
2025-04-23 15:59:20 WARN   - modifier, org.eclipse.emf.ecore.impl.EClassImpl@13b85e31 (eProxyURI: platform:/plugin/org.emftext.language.java/metamodel/java.ecore#_Wo2Yudz1Ed2bJ_pQViWxFg)
2025-04-23 15:59:20 WARN CORRUPT RULE: MethodClassParamTypeToParamTypehas nodes and/ or edges whose type is an unresolved proxy!
2025-04-23 15:59:20 WARN   - parameter__typeReference__typeReference_eMoflonEdge, org.eclipse.emf.ecore.impl.EReferenceImpl@7c81b1e1 (eProxyURI: platform:/plugin/org.emftext.language.java/metamodel/java.ecore#_Wo2ZQdz1Ed2bJ_pQViWxFg)
2025-04-23 15:59:20 WARN CORRUPT RULE: MethodEnumReturnTypeToReturnTypehas nodes and/ or edges whose type is an unresolved proxy!
2025-04-23 15:59:20 WARN   - javaMethod__typeReference__typeReference_eMoflonEdge, org.eclipse.emf.ecore.impl.EReferenceImpl@cd14c09 (eProxyURI: platform:/plugin/org.emftext.language.java/metamodel/java.ecore#_Wo2ZQdz1Ed2bJ_pQViWxFg)
2025-04-23 15:59:20 WARN CORRUPT RULE: ClassPublicToPublichas nodes and/ or edges whose type is an unresolved proxy!
2025-04-23 15:59:20 WARN   - modifier, org.eclipse.emf.ecore.impl.EClassImpl@176ba277 (eProxyURI: platform:/plugin/org.emftext.language.java/metamodel/java.ecore#_Wo2Ytdz1Ed2bJ_pQViWxFg)
2025-04-23 15:59:20 WARN CORRUPT RULE: InterfaceFinalToFinalhas nodes and/ or edges whose type is an unresolved proxy!
2025-04-23 15:59:20 WARN   - modifier, org.eclipse.emf.ecore.impl.EClassImpl@2447e2e (eProxyURI: platform:/plugin/org.emftext.language.java/metamodel/java.ecore#_Wo2Yvdz1Ed2bJ_pQViWxFg)
2025-04-23 15:59:20 WARN CORRUPT RULE: FieldFinalToFinalhas nodes and/ or edges whose type is an unresolved proxy!
2025-04-23 15:59:20 WARN   - modifier, org.eclipse.emf.ecore.impl.EClassImpl@eeb2e0c (eProxyURI: platform:/plugin/org.emftext.language.java/metamodel/java.ecore#_Wo2Yvdz1Ed2bJ_pQViWxFg)
2025-04-23 15:59:20 WARN CORRUPT RULE: MethodClassReturnTypeToReturnTypehas nodes and/ or edges whose type is an unresolved proxy!
2025-04-23 15:59:20 WARN   - javaMethod__typeReference__typeReference_eMoflonEdge, org.eclipse.emf.ecore.impl.EReferenceImpl@35cb8b64 (eProxyURI: platform:/plugin/org.emftext.language.java/metamodel/java.ecore#_Wo2ZQdz1Ed2bJ_pQViWxFg)
2025-04-23 15:59:20 WARN CORRUPT RULE: ConstructorEnumParamTypeToParamTypehas nodes and/ or edges whose type is an unresolved proxy!
2025-04-23 15:59:20 WARN   - parameter__typeReference__typeReference_eMoflonEdge, org.eclipse.emf.ecore.impl.EReferenceImpl@6c772506 (eProxyURI: platform:/plugin/org.emftext.language.java/metamodel/java.ecore#_Wo2ZQdz1Ed2bJ_pQViWxFg)
2025-04-23 15:59:20 INFO Pattern Conversion took 11.4643 ms
2025-04-23 15:59:20 INFO Starting SYNC
2025-04-23 15:59:20 WARN   LOADED MARKERS : 
    - 
2025-04-23 15:59:20 WARN No rule defined to cover the following change's type: [InsertEAttributeValue] AE=Package:4d2cd74, name=peketsch
2025-04-23 15:59:20 WARN No rule defined to cover the following change's type: [InsertEAttributeValue] AE=Class:32cbb8c6, name=kless
2025-04-23 15:59:20 WARN No rule defined to cover the following change's type: [InsertEAttributeValue] AE=Constructor:20e06a86, name=constructer
2025-04-23 15:59:20 WARN No rule defined to cover the following change's type: [InsertEAttributeValue] AE=OrdinaryParameter:4c3133a1, name=parrametr
2025-04-23 15:59:20 WARN No rule defined to cover the following change's type: [InsertEAttributeValue] AE=ClassMethod:2fea162a, name=methed
2025-04-23 15:59:20 WARN No rule defined to cover the following change's type: [InsertEAttributeValue] AE=Field:639f7054, name=myField
2025-04-23 15:59:20 INFO Pattern Matching took 6.5251 ms
2025-04-23 15:59:20 INFO Created elements: 18
2025-04-23 15:59:20 INFO Deleted elements: 0
2025-04-23 15:59:20 INFO Completed SYNC in: 43 ms
2025-04-23 15:59:20 DEBUG BENCHMARKLOGGER logs: 
2025-04-23 15:59:20 DEBUG BenchmarkLogger
[
  Total elements created .. 18
  Total elements deleted .. 0
  Total matches found ..... 16
  Total matches repaired .. 0
  Total matches revoked ... 0
  Total matches applied ... 8
]
2025-04-23 15:59:20 INFO VitruviusBackwardConversionTGGEngine::terminate called. We do not use this.
2025-04-23 15:59:20 DEBUG Add root to resource: org.eclipse.emf.ecore.xmi.impl.XMIResourceImpl@154bc3cf uri='target\Java2UmlEvaluationGoal1\testJavaParameterDeleted\uml_instance.model'
2025-04-23 15:59:20 INFO -- Added the following corrs: 
2025-04-23 15:59:20 INFO   - [CorrespondenceNode JavaAttributeToUmlProperty] SRC=Field:639f7054, name=myField, TRG=Property:7f086b45, name=myField
2025-04-23 15:59:20 INFO   - [CorrespondenceNode JavaCompilationUnitToUmlModel] SRC=CompilationUnit:15c5c99, name=null, TRG=Model:1c22aae1, name=UML_MODEL
2025-04-23 15:59:20 INFO   - [CorrespondenceNode JavaConstructorToOperation] SRC=Constructor:20e06a86, name=constructer, TRG=Operation:4a9d481b, name=constructer
2025-04-23 15:59:20 INFO   - [CorrespondenceNode JavaParameterToParameter] SRC=OrdinaryParameter:40889699, name=null, TRG=Parameter:61a098fa, name=null
2025-04-23 15:59:20 INFO   - [CorrespondenceNode JavaClassifierToUmlClassifier] SRC=Class:32cbb8c6, name=kless, TRG=Class:56482084, name=kless
2025-04-23 15:59:20 INFO   - [CorrespondenceNode JavaMethodToOperation] SRC=ClassMethod:2fea162a, name=methed, TRG=Operation:66da0ab7, name=methed
2025-04-23 15:59:20 INFO   - [CorrespondenceNode JavaPackageToUmlPackage] SRC=Package:4d2cd74, name=peketsch, TRG=Package:198f7c5f, name=peketsch
2025-04-23 15:59:20 INFO   - [CorrespondenceNode JavaParameterToParameter] SRC=OrdinaryParameter:4c3133a1, name=parrametr, TRG=Parameter:65e0d9de, name=parrametr
2025-04-23 15:59:20 DEBUG End recording virtual model
2025-04-23 15:59:20 DEBUG Propagated <input change> in [[http://www.emftext.org/java]] -> {[[http://www.eclipse.org/uml2/5.0.0/UML]]}
2025-04-23 15:59:20 DEBUG Propagated <input change> in [[http://www.emftext.org/java]] -> [[http://www.eclipse.org/uml2/5.0.0/UML]] -> {}
2025-04-23 15:59:20 DEBUG Propagated <input change> in [[http://www.emftext.org/java]] -> [[http://www.eclipse.org/uml2/5.0.0/UML]] -> {}
2025-04-23 15:59:20 DEBUG Start recording virtual model
2025-04-23 15:59:20 WARN propagateChange not implemented, use propagateChanges (with an s).
2025-04-23 15:59:20 WARN propagateChange not implemented, use propagateChanges (with an s).
2025-04-23 15:59:20 WARN propagateChange not implemented, use propagateChanges (with an s).
2025-04-23 15:59:20 WARN propagateChange not implemented, use propagateChanges (with an s).
2025-04-23 15:59:20 WARN propagateChange not implemented, use propagateChanges (with an s).
2025-04-23 15:59:20 WARN propagateChange not implemented, use propagateChanges (with an s).
2025-04-23 15:59:20 WARN propagateChange not implemented, use propagateChanges (with an s).
2025-04-23 15:59:20 WARN propagateChange not implemented, use propagateChanges (with an s).
2025-04-23 15:59:20 WARN propagateChange not implemented, use propagateChanges (with an s).
2025-04-23 15:59:20 WARN propagateChange not implemented, use propagateChanges (with an s).
2025-04-23 15:59:20 WARN propagateChange not implemented, use propagateChanges (with an s).
2025-04-23 15:59:20 WARN propagateChange not implemented, use propagateChanges (with an s).
2025-04-23 15:59:20 WARN propagateChange not implemented, use propagateChanges (with an s).
2025-04-23 15:59:20 WARN propagateChange not implemented, use propagateChanges (with an s).
2025-04-23 15:59:20 WARN propagateChange not implemented, use propagateChanges (with an s).
2025-04-23 15:59:20 WARN propagateChange not implemented, use propagateChanges (with an s).
2025-04-23 15:59:20 WARN propagateChange not implemented, use propagateChanges (with an s).
2025-04-23 15:59:20 WARN propagateChange not implemented, use propagateChanges (with an s).
2025-04-23 15:59:20 WARN propagateChange not implemented, use propagateChanges (with an s).
2025-04-23 15:59:20 WARN propagateChange not implemented, use propagateChanges (with an s).
2025-04-23 15:59:20 WARN propagateChange not implemented, use propagateChanges (with an s).
2025-04-23 15:59:20 WARN propagateChange not implemented, use propagateChanges (with an s).
2025-04-23 15:59:20 DEBUG End recording virtual model
2025-04-23 15:59:20 DEBUG Propagated <input change> in [[http://www.emftext.org/java]] -> {}
2025-04-23 15:59:20 DEBUG Saving all models of model repository for VSUM @target\Java2UmlEvaluationGoal1\testJavaParameterDeleted
2025-04-23 15:59:20 DEBUG Save resource: org.eclipse.emf.ecore.xmi.impl.XMIResourceImpl@154bc3cf uri='target\Java2UmlEvaluationGoal1\testJavaParameterDeleted\uml_instance.model'
2025-04-23 15:59:20 DEBUG Finished synchronizing change: TransactionalChangeImpl: [
	create Uuid(ord__JxpawCBLEfCt_d1Q4dqckw)
	insert Uuid(ord__JxpawCBLEfCt_d1Q4dqckw) at target\Java2UmlEvaluationGoal1\testJavaParameterDeleted\java_instance.model (index 0)
	Uuid(ord__JxpawCBLEfCt_d1Q4dqckw).name = peketsch (was )
	create Uuid(ord__JxpawSBLEfCt_d1Q4dqckw)
	Uuid(ord__JxpawCBLEfCt_d1Q4dqckw).compilationUnits += Uuid(ord__JxpawSBLEfCt_d1Q4dqckw) (index 0)
	create Uuid(ord__JxpawiBLEfCt_d1Q4dqckw)
	Uuid(ord__JxpawSBLEfCt_d1Q4dqckw).classifiers += Uuid(ord__JxpawiBLEfCt_d1Q4dqckw) (index 0)
	Uuid(ord__JxpawiBLEfCt_d1Q4dqckw).name = kless (was )
	create Uuid(ord__JxpawyBLEfCt_d1Q4dqckw)
	Uuid(ord__JxpawiBLEfCt_d1Q4dqckw).members += Uuid(ord__JxpawyBLEfCt_d1Q4dqckw) (index 0)
	Uuid(ord__JxpawyBLEfCt_d1Q4dqckw).name = constructer (was )
	create Uuid(ord__JxpaxCBLEfCt_d1Q4dqckw)
	Uuid(ord__JxpawyBLEfCt_d1Q4dqckw).parameters += Uuid(ord__JxpaxCBLEfCt_d1Q4dqckw) (index 0)
	Uuid(ord__JxpaxCBLEfCt_d1Q4dqckw).name = parrametr (was )
	create Uuid(ord__JxpaxSBLEfCt_d1Q4dqckw)
	Uuid(ord__JxpawiBLEfCt_d1Q4dqckw).members += Uuid(ord__JxpaxSBLEfCt_d1Q4dqckw) (index 1)
	Uuid(ord__JxpaxSBLEfCt_d1Q4dqckw).name = methed (was )
	create Uuid(ord__JxpaxiBLEfCt_d1Q4dqckw)
	Uuid(ord__JxpaxSBLEfCt_d1Q4dqckw).parameters += Uuid(ord__JxpaxiBLEfCt_d1Q4dqckw) (index 0)
	create Uuid(ord__JxpaxyBLEfCt_d1Q4dqckw)
	Uuid(ord__JxpawiBLEfCt_d1Q4dqckw).members += Uuid(ord__JxpaxyBLEfCt_d1Q4dqckw) (index 2)
	Uuid(ord__JxpaxyBLEfCt_d1Q4dqckw).name = myField (was )
]

2025-04-23 15:59:20 INFO Finished change propagation
2025-04-23 15:59:20 INFO Starting change propagation
2025-04-23 15:59:20 DEBUG Started synchronizing change: TransactionalChangeImpl: [
	Uuid(ord__JxpawyBLEfCt_d1Q4dqckw).parameters -= Uuid(ord__JxpaxCBLEfCt_d1Q4dqckw) (index 0)
	delete Uuid(ord__JxpaxCBLEfCt_d1Q4dqckw)
]

2025-04-23 15:59:20 DEBUG Start recording virtual model
2025-04-23 15:59:20 INFO ------- Calling ibex -------
2025-04-23 15:59:20 INFO Resource found. Now trying to load resource platform:/resource/Java2Uml/instances/corr.xmi which is located at C:\Users\XPS-15\IdeaProjects\Vitruv-TGG-Integration-Test\vsum\..\eclipse-ibex-workspace/Java2Uml/instances/corr.xmi
2025-04-23 15:59:20 INFO Resource found. Now trying to load resource platform:/resource/Java2Uml/instances/protocol.xmi which is located at C:\Users\XPS-15\IdeaProjects\Vitruv-TGG-Integration-Test\vsum\..\eclipse-ibex-workspace/Java2Uml/instances/protocol.xmi
2025-04-23 15:59:20 WARN CORRUPT RULE: ClassAbstractToAbstracthas nodes and/ or edges whose type is an unresolved proxy!
2025-04-23 15:59:20 WARN   - modifier, org.eclipse.emf.ecore.impl.EClassImpl@9ba905b (eProxyURI: platform:/plugin/org.emftext.language.java/metamodel/java.ecore#_Wo2Yt9z1Ed2bJ_pQViWxFg)
2025-04-23 15:59:20 WARN CORRUPT RULE: ClassPublicToPublichas nodes and/ or edges whose type is an unresolved proxy!
2025-04-23 15:59:20 WARN   - modifier, org.eclipse.emf.ecore.impl.EClassImpl@13e4acf6 (eProxyURI: platform:/plugin/org.emftext.language.java/metamodel/java.ecore#_Wo2Ytdz1Ed2bJ_pQViWxFg)
2025-04-23 15:59:20 WARN CORRUPT RULE: EnumAttributeTypeToPropertyTypehas nodes and/ or edges whose type is an unresolved proxy!
2025-04-23 15:59:20 WARN   - field__typeReference__typeReference_eMoflonEdge, org.eclipse.emf.ecore.impl.EReferenceImpl@5883f0d5 (eProxyURI: platform:/plugin/org.emftext.language.java/metamodel/java.ecore#_Wo2ZQdz1Ed2bJ_pQViWxFg)
2025-04-23 15:59:20 WARN CORRUPT RULE: FieldFinalToFinalhas nodes and/ or edges whose type is an unresolved proxy!
2025-04-23 15:59:20 WARN   - modifier, org.eclipse.emf.ecore.impl.EClassImpl@37d4b676 (eProxyURI: platform:/plugin/org.emftext.language.java/metamodel/java.ecore#_Wo2Yvdz1Ed2bJ_pQViWxFg)
2025-04-23 15:59:20 WARN CORRUPT RULE: EnumAbstractToAbstracthas nodes and/ or edges whose type is an unresolved proxy!
2025-04-23 15:59:20 WARN   - modifier, org.eclipse.emf.ecore.impl.EClassImpl@4142586b (eProxyURI: platform:/plugin/org.emftext.language.java/metamodel/java.ecore#_Wo2Yt9z1Ed2bJ_pQViWxFg)
2025-04-23 15:59:20 WARN CORRUPT RULE: ConstructorInterfaceParamTypeToParamTypehas nodes and/ or edges whose type is an unresolved proxy!
2025-04-23 15:59:20 WARN   - parameter__typeReference__typeReference_eMoflonEdge, org.eclipse.emf.ecore.impl.EReferenceImpl@5b133d16 (eProxyURI: platform:/plugin/org.emftext.language.java/metamodel/java.ecore#_Wo2ZQdz1Ed2bJ_pQViWxFg)
2025-04-23 15:59:20 WARN CORRUPT RULE: InterfacePublicToPublichas nodes and/ or edges whose type is an unresolved proxy!
2025-04-23 15:59:20 WARN   - modifier, org.eclipse.emf.ecore.impl.EClassImpl@e6e203b (eProxyURI: platform:/plugin/org.emftext.language.java/metamodel/java.ecore#_Wo2Ytdz1Ed2bJ_pQViWxFg)
2025-04-23 15:59:20 WARN CORRUPT RULE: MethodClassParamTypeToParamTypehas nodes and/ or edges whose type is an unresolved proxy!
2025-04-23 15:59:20 WARN   - parameter__typeReference__typeReference_eMoflonEdge, org.eclipse.emf.ecore.impl.EReferenceImpl@37601089 (eProxyURI: platform:/plugin/org.emftext.language.java/metamodel/java.ecore#_Wo2ZQdz1Ed2bJ_pQViWxFg)
2025-04-23 15:59:20 WARN CORRUPT RULE: InterfacePrivateToPrivatehas nodes and/ or edges whose type is an unresolved proxy!
2025-04-23 15:59:20 WARN   - modifier, org.eclipse.emf.ecore.impl.EClassImpl@7023e935 (eProxyURI: platform:/plugin/org.emftext.language.java/metamodel/java.ecore#_Wo2Yu9z1Ed2bJ_pQViWxFg)
2025-04-23 15:59:20 WARN CORRUPT RULE: MethodFinalToFinalhas nodes and/ or edges whose type is an unresolved proxy!
2025-04-23 15:59:20 WARN   - modifier, org.eclipse.emf.ecore.impl.EClassImpl@79527eb9 (eProxyURI: platform:/plugin/org.emftext.language.java/metamodel/java.ecore#_Wo2Yvdz1Ed2bJ_pQViWxFg)
2025-04-23 15:59:20 WARN CORRUPT RULE: InterfaceAbstractToAbstracthas nodes and/ or edges whose type is an unresolved proxy!
2025-04-23 15:59:20 WARN   - modifier, org.eclipse.emf.ecore.impl.EClassImpl@20873a9 (eProxyURI: platform:/plugin/org.emftext.language.java/metamodel/java.ecore#_Wo2Yt9z1Ed2bJ_pQViWxFg)
2025-04-23 15:59:20 WARN CORRUPT RULE: ClassAttributeTypeToPropertyTypehas nodes and/ or edges whose type is an unresolved proxy!
2025-04-23 15:59:20 WARN   - field__typeReference__typeReference_eMoflonEdge, org.eclipse.emf.ecore.impl.EReferenceImpl@28d9bd86 (eProxyURI: platform:/plugin/org.emftext.language.java/metamodel/java.ecore#_Wo2ZQdz1Ed2bJ_pQViWxFg)
2025-04-23 15:59:20 WARN CORRUPT RULE: ClassProtectedToProtectedhas nodes and/ or edges whose type is an unresolved proxy!
2025-04-23 15:59:20 WARN   - modifier, org.eclipse.emf.ecore.impl.EClassImpl@6eac0029 (eProxyURI: platform:/plugin/org.emftext.language.java/metamodel/java.ecore#_Wo2Yudz1Ed2bJ_pQViWxFg)
2025-04-23 15:59:20 WARN CORRUPT RULE: MethodEnumParamTypeToParamTypehas nodes and/ or edges whose type is an unresolved proxy!
2025-04-23 15:59:20 WARN   - parameter__typeReference__typeReference_eMoflonEdge, org.eclipse.emf.ecore.impl.EReferenceImpl@6ca96aef (eProxyURI: platform:/plugin/org.emftext.language.java/metamodel/java.ecore#_Wo2ZQdz1Ed2bJ_pQViWxFg)
2025-04-23 15:59:20 WARN CORRUPT RULE: ClassPrivateToPrivatehas nodes and/ or edges whose type is an unresolved proxy!
2025-04-23 15:59:20 WARN   - modifier, org.eclipse.emf.ecore.impl.EClassImpl@8c2bb88 (eProxyURI: platform:/plugin/org.emftext.language.java/metamodel/java.ecore#_Wo2Yu9z1Ed2bJ_pQViWxFg)
2025-04-23 15:59:20 WARN CORRUPT RULE: MethodEnumReturnTypeToReturnTypehas nodes and/ or edges whose type is an unresolved proxy!
2025-04-23 15:59:20 WARN   - javaMethod__typeReference__typeReference_eMoflonEdge, org.eclipse.emf.ecore.impl.EReferenceImpl@683ba3c1 (eProxyURI: platform:/plugin/org.emftext.language.java/metamodel/java.ecore#_Wo2ZQdz1Ed2bJ_pQViWxFg)
2025-04-23 15:59:20 WARN CORRUPT RULE: MethodInterfaceParamTypeToParamTypehas nodes and/ or edges whose type is an unresolved proxy!
2025-04-23 15:59:20 WARN   - parameter__typeReference__typeReference_eMoflonEdge, org.eclipse.emf.ecore.impl.EReferenceImpl@79242162 (eProxyURI: platform:/plugin/org.emftext.language.java/metamodel/java.ecore#_Wo2ZQdz1Ed2bJ_pQViWxFg)
2025-04-23 15:59:20 WARN CORRUPT RULE: ClassFinalToFinalhas nodes and/ or edges whose type is an unresolved proxy!
2025-04-23 15:59:20 WARN   - modifier, org.eclipse.emf.ecore.impl.EClassImpl@11bdb62f (eProxyURI: platform:/plugin/org.emftext.language.java/metamodel/java.ecore#_Wo2Yvdz1Ed2bJ_pQViWxFg)
2025-04-23 15:59:20 WARN CORRUPT RULE: EnumProtectedToProtectedhas nodes and/ or edges whose type is an unresolved proxy!
2025-04-23 15:59:20 WARN   - modifier, org.eclipse.emf.ecore.impl.EClassImpl@13f3a04e (eProxyURI: platform:/plugin/org.emftext.language.java/metamodel/java.ecore#_Wo2Yudz1Ed2bJ_pQViWxFg)
2025-04-23 15:59:20 WARN CORRUPT RULE: EnumPublicToPublichas nodes and/ or edges whose type is an unresolved proxy!
2025-04-23 15:59:20 WARN   - modifier, org.eclipse.emf.ecore.impl.EClassImpl@22059c63 (eProxyURI: platform:/plugin/org.emftext.language.java/metamodel/java.ecore#_Wo2Ytdz1Ed2bJ_pQViWxFg)
2025-04-23 15:59:20 WARN CORRUPT RULE: MethodAbstractToAbstracthas nodes and/ or edges whose type is an unresolved proxy!
2025-04-23 15:59:20 WARN   - modifier, org.eclipse.emf.ecore.impl.EClassImpl@422b5005 (eProxyURI: platform:/plugin/org.emftext.language.java/metamodel/java.ecore#_Wo2Yt9z1Ed2bJ_pQViWxFg)
2025-04-23 15:59:20 WARN CORRUPT RULE: InterfaceFinalToFinalhas nodes and/ or edges whose type is an unresolved proxy!
2025-04-23 15:59:20 WARN   - modifier, org.eclipse.emf.ecore.impl.EClassImpl@3868468e (eProxyURI: platform:/plugin/org.emftext.language.java/metamodel/java.ecore#_Wo2Yvdz1Ed2bJ_pQViWxFg)
2025-04-23 15:59:20 WARN CORRUPT RULE: ConstructorEnumParamTypeToParamTypehas nodes and/ or edges whose type is an unresolved proxy!
2025-04-23 15:59:20 WARN   - parameter__typeReference__typeReference_eMoflonEdge, org.eclipse.emf.ecore.impl.EReferenceImpl@4f20ec7d (eProxyURI: platform:/plugin/org.emftext.language.java/metamodel/java.ecore#_Wo2ZQdz1Ed2bJ_pQViWxFg)
2025-04-23 15:59:20 WARN CORRUPT RULE: MethodClassReturnTypeToReturnTypehas nodes and/ or edges whose type is an unresolved proxy!
2025-04-23 15:59:20 WARN   - javaMethod__typeReference__typeReference_eMoflonEdge, org.eclipse.emf.ecore.impl.EReferenceImpl@2a4ff62 (eProxyURI: platform:/plugin/org.emftext.language.java/metamodel/java.ecore#_Wo2ZQdz1Ed2bJ_pQViWxFg)
2025-04-23 15:59:20 WARN CORRUPT RULE: InterfaceProtectedToProtectedhas nodes and/ or edges whose type is an unresolved proxy!
2025-04-23 15:59:20 WARN   - modifier, org.eclipse.emf.ecore.impl.EClassImpl@4ddb882 (eProxyURI: platform:/plugin/org.emftext.language.java/metamodel/java.ecore#_Wo2Yudz1Ed2bJ_pQViWxFg)
2025-04-23 15:59:20 WARN CORRUPT RULE: EnumPrivateToPrivatehas nodes and/ or edges whose type is an unresolved proxy!
2025-04-23 15:59:20 WARN   - modifier, org.eclipse.emf.ecore.impl.EClassImpl@4d1f1b98 (eProxyURI: platform:/plugin/org.emftext.language.java/metamodel/java.ecore#_Wo2Yu9z1Ed2bJ_pQViWxFg)
2025-04-23 15:59:20 WARN CORRUPT RULE: MethodStaticToStatichas nodes and/ or edges whose type is an unresolved proxy!
2025-04-23 15:59:20 WARN   - modifier, org.eclipse.emf.ecore.impl.EClassImpl@5ff1aece (eProxyURI: platform:/plugin/org.emftext.language.java/metamodel/java.ecore#_Wo2Yv9z1Ed2bJ_pQViWxFg)
2025-04-23 15:59:20 WARN CORRUPT RULE: InterfaceAttributeTypeToPropertyTypehas nodes and/ or edges whose type is an unresolved proxy!
2025-04-23 15:59:20 WARN   - field__typeReference__typeReference_eMoflonEdge, org.eclipse.emf.ecore.impl.EReferenceImpl@2f1705c8 (eProxyURI: platform:/plugin/org.emftext.language.java/metamodel/java.ecore#_Wo2ZQdz1Ed2bJ_pQViWxFg)
2025-04-23 15:59:20 WARN CORRUPT RULE: MethodInterfaceReturnTypeToReturnTypehas nodes and/ or edges whose type is an unresolved proxy!
2025-04-23 15:59:20 WARN   - javaMethod__typeReference__typeReference_eMoflonEdge, org.eclipse.emf.ecore.impl.EReferenceImpl@4334aa1b (eProxyURI: platform:/plugin/org.emftext.language.java/metamodel/java.ecore#_Wo2ZQdz1Ed2bJ_pQViWxFg)
2025-04-23 15:59:20 WARN CORRUPT RULE: ConstructorClassParamTypeToParamTypehas nodes and/ or edges whose type is an unresolved proxy!
2025-04-23 15:59:20 WARN   - parameter__typeReference__typeReference_eMoflonEdge, org.eclipse.emf.ecore.impl.EReferenceImpl@469f6527 (eProxyURI: platform:/plugin/org.emftext.language.java/metamodel/java.ecore#_Wo2ZQdz1Ed2bJ_pQViWxFg)
2025-04-23 15:59:20 WARN CORRUPT RULE: EnumFinalToFinalhas nodes and/ or edges whose type is an unresolved proxy!
2025-04-23 15:59:20 WARN   - modifier, org.eclipse.emf.ecore.impl.EClassImpl@3eebd1ee (eProxyURI: platform:/plugin/org.emftext.language.java/metamodel/java.ecore#_Wo2Yvdz1Ed2bJ_pQViWxFg)
2025-04-23 15:59:20 WARN CORRUPT RULE: FieldStaticToStatichas nodes and/ or edges whose type is an unresolved proxy!
2025-04-23 15:59:20 WARN   - modifier, org.eclipse.emf.ecore.impl.EClassImpl@5a947fd5 (eProxyURI: platform:/plugin/org.emftext.language.java/metamodel/java.ecore#_Wo2Yv9z1Ed2bJ_pQViWxFg)
2025-04-23 15:59:20 INFO Pattern Conversion took 7.6616 ms
2025-04-23 15:59:20 INFO Starting SYNC
2025-04-23 15:59:20 INFO Object parameter not found. This must really be a broken match!
2025-04-23 15:59:20 WARN   LOADED MARKERS : 
    - [VitruviusConsistencyMatch] patternName=OrdinaryMethodParameterToParameter__CONSISTENCY, type=CONSISTENCY, ruleName=OrdinaryMethodParameterToParameter
    - [VitruviusConsistencyMatch] patternName=JavaFirstCompilationUnitToUmlModel__CONSISTENCY, type=CONSISTENCY, ruleName=JavaFirstCompilationUnitToUmlModel
    - [VitruviusConsistencyMatch] patternName=ClassConstructorToConstructor__CONSISTENCY, type=CONSISTENCY, ruleName=ClassConstructorToConstructor
    - [VitruviusConsistencyMatch] patternName=ClassMethodToMethod__CONSISTENCY, type=CONSISTENCY, ruleName=ClassMethodToMethod
    - [VitruviusConsistencyMatch] patternName=ClassAttributeToProperty__CONSISTENCY, type=CONSISTENCY, ruleName=ClassAttributeToProperty
    - [VitruviusConsistencyMatch] patternName=OrdinaryConstructorParameterToParameter__CONSISTENCY, type=CONSISTENCY, ruleName=OrdinaryConstructorParameterToParameter
    - [VitruviusConsistencyMatch] patternName=RootJavaPackageToUmlPackage__CONSISTENCY, type=CONSISTENCY, ruleName=RootJavaPackageToUmlPackage
    - [VitruviusConsistencyMatch] patternName=ClassToUmlClass__CONSISTENCY, type=CONSISTENCY, ruleName=ClassToUmlClass
2025-04-23 15:59:20 WARN No rule defined to cover the following change's type: [RemoveEReference] AE=Constructor:20e06a86, name=constructer
2025-04-23 15:59:20 WARN No rule defined to cover the following change's type: [DeleteEObject] AE=OrdinaryParameter:4c3133a1, name=parrametr
2025-04-23 15:59:20 INFO Pattern Matching took 0.3445 ms
2025-04-23 15:59:20 INFO Object parameter not found. This must really be a broken match!
2025-04-23 15:59:20 WARN   handle breaking change: [RemoveEReference] AE=Constructor:20e06a86, name=constructer
2025-04-23 15:59:20 INFO Object parameter not found. This must really be a broken match!
2025-04-23 15:59:20 WARN   handle breaking change: [RemoveEReference] AE=Constructor:20e06a86, name=constructer
2025-04-23 15:59:20 INFO Object parameter not found. This must really be a broken match!
2025-04-23 15:59:20 WARN   handle breaking change: [RemoveEReference] AE=Constructor:20e06a86, name=constructer
2025-04-23 15:59:20 INFO Object parameter not found. This must really be a broken match!
2025-04-23 15:59:20 WARN   handle breaking change: [RemoveEReference] AE=Constructor:20e06a86, name=constructer
2025-04-23 15:59:20 WARN   handle breaking change: [RemoveEReference] AE=Constructor:20e06a86, name=constructer
2025-04-23 15:59:20 WARN No rule defined to cover the following change's type: [RemoveEReference] AE=Constructor:20e06a86, name=constructer
2025-04-23 15:59:20 WARN No rule defined to cover the following change's type: [DeleteEObject] AE=OrdinaryParameter:4c3133a1, name=parrametr
2025-04-23 15:59:20 WARN   handle breaking change: [RemoveEReference] AE=Constructor:20e06a86, name=constructer
2025-04-23 15:59:20 INFO Created elements: 0
2025-04-23 15:59:20 INFO Deleted elements: 1
2025-04-23 15:59:20 INFO Completed SYNC in: 16 ms
2025-04-23 15:59:20 DEBUG BENCHMARKLOGGER logs: 
2025-04-23 15:59:20 DEBUG BenchmarkLogger
[
  Total elements created .. 0
  Total elements deleted .. 1
  Total matches found ..... 8
  Total matches repaired .. 0
  Total matches revoked ... 1
  Total matches applied ... 0
]
2025-04-23 15:59:20 INFO VitruviusBackwardConversionTGGEngine::terminate called. We do not use this.
2025-04-23 15:59:20 INFO --- No correspondences added.
2025-04-23 15:59:20 DEBUG End recording virtual model
2025-04-23 15:59:20 DEBUG Propagated <input change> in [[http://www.emftext.org/java]] -> {[[http://www.eclipse.org/uml2/5.0.0/UML]]}
2025-04-23 15:59:20 DEBUG Propagated <input change> in [[http://www.emftext.org/java]] -> [[http://www.eclipse.org/uml2/5.0.0/UML]] -> {}
2025-04-23 15:59:20 DEBUG Propagated <input change> in [[http://www.emftext.org/java]] -> [[http://www.eclipse.org/uml2/5.0.0/UML]] -> {}
2025-04-23 15:59:20 DEBUG Start recording virtual model
2025-04-23 15:59:20 WARN propagateChange not implemented, use propagateChanges (with an s).
2025-04-23 15:59:20 WARN propagateChange not implemented, use propagateChanges (with an s).
2025-04-23 15:59:20 DEBUG End recording virtual model
2025-04-23 15:59:20 DEBUG Propagated <input change> in [[http://www.emftext.org/java]] -> {}
2025-04-23 15:59:20 DEBUG Saving all models of model repository for VSUM @target\Java2UmlEvaluationGoal1\testJavaParameterDeleted
2025-04-23 15:59:20 DEBUG Save resource: org.eclipse.emf.ecore.xmi.impl.XMIResourceImpl@154bc3cf uri='target\Java2UmlEvaluationGoal1\testJavaParameterDeleted\uml_instance.model'
2025-04-23 15:59:20 DEBUG Finished synchronizing change: TransactionalChangeImpl: [
	Uuid(ord__JxpawyBLEfCt_d1Q4dqckw).parameters -= Uuid(ord__JxpaxCBLEfCt_d1Q4dqckw) (index 0)
	delete Uuid(ord__JxpaxCBLEfCt_d1Q4dqckw)
]

2025-04-23 15:59:20 INFO Finished change propagation
assertChildMatches for StrucFeatExpectation [StrucFeatExpectation] packagedElement
assertChildMatches for StrucFeatExpectation [StrucFeatExpectation] ownedOperation
assertChildMatches for StrucFeatExpectation [StrucFeatExpectation] ownedParameter
]]></system-out>
  </testcase>
  <testcase name="testClassAttributeToProperty" classname="tools.vitruv.methodologisttemplate.vsum.Java2UmlEvaluationGoal1Test" time="0.265">
    <system-out><![CDATA[2025-04-23 15:59:20 INFO eclipse-ibex-workspace: C:\Users\XPS-15\IdeaProjects\Vitruv-TGG-Integration-Test\vsum\..\eclipse-ibex-workspace\Java2Uml
2025-04-23 15:59:20 INFO setupCorrAndProtocol: Wiping corr.xmi and protocol.xmi
2025-04-23 15:59:20 INFO setupCorrAndProtocol: Wiping corr.xmi and protocol.xmi
2025-04-23 15:59:20 INFO Starting change propagation
2025-04-23 15:59:20 DEBUG Started synchronizing change: TransactionalChangeImpl: [
	create Uuid(ord__J4DkwCBLEfCt_d1Q4dqckw)
	insert Uuid(ord__J4DkwCBLEfCt_d1Q4dqckw) at target\Java2UmlEvaluationGoal1\testClassAttributeToProperty\java_instance.model (index 0)
	Uuid(ord__J4DkwCBLEfCt_d1Q4dqckw).name = peketsch (was )
	create Uuid(ord__J4EL0CBLEfCt_d1Q4dqckw)
	Uuid(ord__J4DkwCBLEfCt_d1Q4dqckw).compilationUnits += Uuid(ord__J4EL0CBLEfCt_d1Q4dqckw) (index 0)
	create Uuid(ord__J4EL0SBLEfCt_d1Q4dqckw)
	Uuid(ord__J4EL0CBLEfCt_d1Q4dqckw).classifiers += Uuid(ord__J4EL0SBLEfCt_d1Q4dqckw) (index 0)
	Uuid(ord__J4EL0SBLEfCt_d1Q4dqckw).name = kless (was )
	create Uuid(ord__J4EL0iBLEfCt_d1Q4dqckw)
	Uuid(ord__J4EL0SBLEfCt_d1Q4dqckw).members += Uuid(ord__J4EL0iBLEfCt_d1Q4dqckw) (index 0)
	Uuid(ord__J4EL0iBLEfCt_d1Q4dqckw).name = myField (was )
	create Uuid(ord__J4EL0yBLEfCt_d1Q4dqckw)
	Uuid(ord__J4EL0SBLEfCt_d1Q4dqckw).members += Uuid(ord__J4EL0yBLEfCt_d1Q4dqckw) (index 1)
	Uuid(ord__J4EL0yBLEfCt_d1Q4dqckw).name = myField2 (was )
]

2025-04-23 15:59:20 DEBUG Create model instance for resource with URI: target\Java2UmlEvaluationGoal1\testClassAttributeToProperty\java_instance.model
2025-04-23 15:59:20 DEBUG Start recording virtual model
2025-04-23 15:59:20 INFO ------- Calling ibex -------
2025-04-23 15:59:20 INFO Source Model has no respective target model yet. Creating one.
2025-04-23 15:59:20 DEBUG Create model instance for resource with URI: target\Java2UmlEvaluationGoal1\testClassAttributeToProperty\uml_instance.model
2025-04-23 15:59:20 INFO Resource not found. Not loading. Path=C:\Users\XPS-15\IdeaProjects\Vitruv-TGG-Integration-Test\vsum\..\eclipse-ibex-workspace/Java2Uml/instances/corr.xmi
2025-04-23 15:59:20 INFO Resource not found. Not loading. Path=C:\Users\XPS-15\IdeaProjects\Vitruv-TGG-Integration-Test\vsum\..\eclipse-ibex-workspace/Java2Uml/instances/protocol.xmi
2025-04-23 15:59:20 WARN CORRUPT RULE: InterfaceProtectedToProtectedhas nodes and/ or edges whose type is an unresolved proxy!
2025-04-23 15:59:20 WARN   - modifier, org.eclipse.emf.ecore.impl.EClassImpl@3645b9d5 (eProxyURI: platform:/plugin/org.emftext.language.java/metamodel/java.ecore#_Wo2Yudz1Ed2bJ_pQViWxFg)
2025-04-23 15:59:20 WARN CORRUPT RULE: ClassPrivateToPrivatehas nodes and/ or edges whose type is an unresolved proxy!
2025-04-23 15:59:20 WARN   - modifier, org.eclipse.emf.ecore.impl.EClassImpl@e2d12b8 (eProxyURI: platform:/plugin/org.emftext.language.java/metamodel/java.ecore#_Wo2Yu9z1Ed2bJ_pQViWxFg)
2025-04-23 15:59:20 WARN CORRUPT RULE: ConstructorEnumParamTypeToParamTypehas nodes and/ or edges whose type is an unresolved proxy!
2025-04-23 15:59:20 WARN   - parameter__typeReference__typeReference_eMoflonEdge, org.eclipse.emf.ecore.impl.EReferenceImpl@20e1361d (eProxyURI: platform:/plugin/org.emftext.language.java/metamodel/java.ecore#_Wo2ZQdz1Ed2bJ_pQViWxFg)
2025-04-23 15:59:20 WARN CORRUPT RULE: ConstructorInterfaceParamTypeToParamTypehas nodes and/ or edges whose type is an unresolved proxy!
2025-04-23 15:59:20 WARN   - parameter__typeReference__typeReference_eMoflonEdge, org.eclipse.emf.ecore.impl.EReferenceImpl@d5ef7c0 (eProxyURI: platform:/plugin/org.emftext.language.java/metamodel/java.ecore#_Wo2ZQdz1Ed2bJ_pQViWxFg)
2025-04-23 15:59:20 WARN CORRUPT RULE: ClassAttributeTypeToPropertyTypehas nodes and/ or edges whose type is an unresolved proxy!
2025-04-23 15:59:20 WARN   - field__typeReference__typeReference_eMoflonEdge, org.eclipse.emf.ecore.impl.EReferenceImpl@12bc51f4 (eProxyURI: platform:/plugin/org.emftext.language.java/metamodel/java.ecore#_Wo2ZQdz1Ed2bJ_pQViWxFg)
2025-04-23 15:59:20 WARN CORRUPT RULE: EnumPrivateToPrivatehas nodes and/ or edges whose type is an unresolved proxy!
2025-04-23 15:59:20 WARN   - modifier, org.eclipse.emf.ecore.impl.EClassImpl@7cf0d34 (eProxyURI: platform:/plugin/org.emftext.language.java/metamodel/java.ecore#_Wo2Yu9z1Ed2bJ_pQViWxFg)
2025-04-23 15:59:20 WARN CORRUPT RULE: MethodAbstractToAbstracthas nodes and/ or edges whose type is an unresolved proxy!
2025-04-23 15:59:20 WARN   - modifier, org.eclipse.emf.ecore.impl.EClassImpl@6a1f63fd (eProxyURI: platform:/plugin/org.emftext.language.java/metamodel/java.ecore#_Wo2Yt9z1Ed2bJ_pQViWxFg)
2025-04-23 15:59:20 WARN CORRUPT RULE: MethodFinalToFinalhas nodes and/ or edges whose type is an unresolved proxy!
2025-04-23 15:59:20 WARN   - modifier, org.eclipse.emf.ecore.impl.EClassImpl@406b5725 (eProxyURI: platform:/plugin/org.emftext.language.java/metamodel/java.ecore#_Wo2Yvdz1Ed2bJ_pQViWxFg)
2025-04-23 15:59:20 WARN CORRUPT RULE: ClassPublicToPublichas nodes and/ or edges whose type is an unresolved proxy!
2025-04-23 15:59:20 WARN   - modifier, org.eclipse.emf.ecore.impl.EClassImpl@2ecc303c (eProxyURI: platform:/plugin/org.emftext.language.java/metamodel/java.ecore#_Wo2Ytdz1Ed2bJ_pQViWxFg)
2025-04-23 15:59:20 WARN CORRUPT RULE: ClassFinalToFinalhas nodes and/ or edges whose type is an unresolved proxy!
2025-04-23 15:59:20 WARN   - modifier, org.eclipse.emf.ecore.impl.EClassImpl@19416b0f (eProxyURI: platform:/plugin/org.emftext.language.java/metamodel/java.ecore#_Wo2Yvdz1Ed2bJ_pQViWxFg)
2025-04-23 15:59:20 WARN CORRUPT RULE: ClassProtectedToProtectedhas nodes and/ or edges whose type is an unresolved proxy!
2025-04-23 15:59:20 WARN   - modifier, org.eclipse.emf.ecore.impl.EClassImpl@4a9e03b (eProxyURI: platform:/plugin/org.emftext.language.java/metamodel/java.ecore#_Wo2Yudz1Ed2bJ_pQViWxFg)
2025-04-23 15:59:20 WARN CORRUPT RULE: EnumFinalToFinalhas nodes and/ or edges whose type is an unresolved proxy!
2025-04-23 15:59:20 WARN   - modifier, org.eclipse.emf.ecore.impl.EClassImpl@5b57bd5b (eProxyURI: platform:/plugin/org.emftext.language.java/metamodel/java.ecore#_Wo2Yvdz1Ed2bJ_pQViWxFg)
2025-04-23 15:59:20 WARN CORRUPT RULE: MethodEnumParamTypeToParamTypehas nodes and/ or edges whose type is an unresolved proxy!
2025-04-23 15:59:20 WARN   - parameter__typeReference__typeReference_eMoflonEdge, org.eclipse.emf.ecore.impl.EReferenceImpl@2ac58d (eProxyURI: platform:/plugin/org.emftext.language.java/metamodel/java.ecore#_Wo2ZQdz1Ed2bJ_pQViWxFg)
2025-04-23 15:59:20 WARN CORRUPT RULE: EnumAbstractToAbstracthas nodes and/ or edges whose type is an unresolved proxy!
2025-04-23 15:59:20 WARN   - modifier, org.eclipse.emf.ecore.impl.EClassImpl@4af2f991 (eProxyURI: platform:/plugin/org.emftext.language.java/metamodel/java.ecore#_Wo2Yt9z1Ed2bJ_pQViWxFg)
2025-04-23 15:59:20 WARN CORRUPT RULE: InterfacePublicToPublichas nodes and/ or edges whose type is an unresolved proxy!
2025-04-23 15:59:20 WARN   - modifier, org.eclipse.emf.ecore.impl.EClassImpl@1d8d9807 (eProxyURI: platform:/plugin/org.emftext.language.java/metamodel/java.ecore#_Wo2Ytdz1Ed2bJ_pQViWxFg)
2025-04-23 15:59:20 WARN CORRUPT RULE: InterfaceAbstractToAbstracthas nodes and/ or edges whose type is an unresolved proxy!
2025-04-23 15:59:20 WARN   - modifier, org.eclipse.emf.ecore.impl.EClassImpl@25832704 (eProxyURI: platform:/plugin/org.emftext.language.java/metamodel/java.ecore#_Wo2Yt9z1Ed2bJ_pQViWxFg)
2025-04-23 15:59:20 WARN CORRUPT RULE: EnumProtectedToProtectedhas nodes and/ or edges whose type is an unresolved proxy!
2025-04-23 15:59:20 WARN   - modifier, org.eclipse.emf.ecore.impl.EClassImpl@76928be0 (eProxyURI: platform:/plugin/org.emftext.language.java/metamodel/java.ecore#_Wo2Yudz1Ed2bJ_pQViWxFg)
2025-04-23 15:59:20 WARN CORRUPT RULE: MethodInterfaceReturnTypeToReturnTypehas nodes and/ or edges whose type is an unresolved proxy!
2025-04-23 15:59:20 WARN   - javaMethod__typeReference__typeReference_eMoflonEdge, org.eclipse.emf.ecore.impl.EReferenceImpl@3131c0d8 (eProxyURI: platform:/plugin/org.emftext.language.java/metamodel/java.ecore#_Wo2ZQdz1Ed2bJ_pQViWxFg)
2025-04-23 15:59:20 WARN CORRUPT RULE: ConstructorClassParamTypeToParamTypehas nodes and/ or edges whose type is an unresolved proxy!
2025-04-23 15:59:20 WARN   - parameter__typeReference__typeReference_eMoflonEdge, org.eclipse.emf.ecore.impl.EReferenceImpl@2771657a (eProxyURI: platform:/plugin/org.emftext.language.java/metamodel/java.ecore#_Wo2ZQdz1Ed2bJ_pQViWxFg)
2025-04-23 15:59:20 WARN CORRUPT RULE: MethodClassParamTypeToParamTypehas nodes and/ or edges whose type is an unresolved proxy!
2025-04-23 15:59:20 WARN   - parameter__typeReference__typeReference_eMoflonEdge, org.eclipse.emf.ecore.impl.EReferenceImpl@261a0d86 (eProxyURI: platform:/plugin/org.emftext.language.java/metamodel/java.ecore#_Wo2ZQdz1Ed2bJ_pQViWxFg)
2025-04-23 15:59:20 WARN CORRUPT RULE: MethodClassReturnTypeToReturnTypehas nodes and/ or edges whose type is an unresolved proxy!
2025-04-23 15:59:20 WARN   - javaMethod__typeReference__typeReference_eMoflonEdge, org.eclipse.emf.ecore.impl.EReferenceImpl@3edb0c1e (eProxyURI: platform:/plugin/org.emftext.language.java/metamodel/java.ecore#_Wo2ZQdz1Ed2bJ_pQViWxFg)
2025-04-23 15:59:20 WARN CORRUPT RULE: InterfaceAttributeTypeToPropertyTypehas nodes and/ or edges whose type is an unresolved proxy!
2025-04-23 15:59:20 WARN   - field__typeReference__typeReference_eMoflonEdge, org.eclipse.emf.ecore.impl.EReferenceImpl@408ad61a (eProxyURI: platform:/plugin/org.emftext.language.java/metamodel/java.ecore#_Wo2ZQdz1Ed2bJ_pQViWxFg)
2025-04-23 15:59:20 WARN CORRUPT RULE: ClassAbstractToAbstracthas nodes and/ or edges whose type is an unresolved proxy!
2025-04-23 15:59:20 WARN   - modifier, org.eclipse.emf.ecore.impl.EClassImpl@5b0bfe86 (eProxyURI: platform:/plugin/org.emftext.language.java/metamodel/java.ecore#_Wo2Yt9z1Ed2bJ_pQViWxFg)
2025-04-23 15:59:20 WARN CORRUPT RULE: EnumAttributeTypeToPropertyTypehas nodes and/ or edges whose type is an unresolved proxy!
2025-04-23 15:59:20 WARN   - field__typeReference__typeReference_eMoflonEdge, org.eclipse.emf.ecore.impl.EReferenceImpl@2f9404a7 (eProxyURI: platform:/plugin/org.emftext.language.java/metamodel/java.ecore#_Wo2ZQdz1Ed2bJ_pQViWxFg)
2025-04-23 15:59:20 WARN CORRUPT RULE: EnumPublicToPublichas nodes and/ or edges whose type is an unresolved proxy!
2025-04-23 15:59:20 WARN   - modifier, org.eclipse.emf.ecore.impl.EClassImpl@2347ca7a (eProxyURI: platform:/plugin/org.emftext.language.java/metamodel/java.ecore#_Wo2Ytdz1Ed2bJ_pQViWxFg)
2025-04-23 15:59:20 WARN CORRUPT RULE: MethodEnumReturnTypeToReturnTypehas nodes and/ or edges whose type is an unresolved proxy!
2025-04-23 15:59:20 WARN   - javaMethod__typeReference__typeReference_eMoflonEdge, org.eclipse.emf.ecore.impl.EReferenceImpl@54c543a5 (eProxyURI: platform:/plugin/org.emftext.language.java/metamodel/java.ecore#_Wo2ZQdz1Ed2bJ_pQViWxFg)
2025-04-23 15:59:20 WARN CORRUPT RULE: MethodInterfaceParamTypeToParamTypehas nodes and/ or edges whose type is an unresolved proxy!
2025-04-23 15:59:20 WARN   - parameter__typeReference__typeReference_eMoflonEdge, org.eclipse.emf.ecore.impl.EReferenceImpl@9ce4057 (eProxyURI: platform:/plugin/org.emftext.language.java/metamodel/java.ecore#_Wo2ZQdz1Ed2bJ_pQViWxFg)
2025-04-23 15:59:20 WARN CORRUPT RULE: FieldStaticToStatichas nodes and/ or edges whose type is an unresolved proxy!
2025-04-23 15:59:20 WARN   - modifier, org.eclipse.emf.ecore.impl.EClassImpl@723c7f2f (eProxyURI: platform:/plugin/org.emftext.language.java/metamodel/java.ecore#_Wo2Yv9z1Ed2bJ_pQViWxFg)
2025-04-23 15:59:20 WARN CORRUPT RULE: InterfaceFinalToFinalhas nodes and/ or edges whose type is an unresolved proxy!
2025-04-23 15:59:20 WARN   - modifier, org.eclipse.emf.ecore.impl.EClassImpl@278758da (eProxyURI: platform:/plugin/org.emftext.language.java/metamodel/java.ecore#_Wo2Yvdz1Ed2bJ_pQViWxFg)
2025-04-23 15:59:20 WARN CORRUPT RULE: InterfacePrivateToPrivatehas nodes and/ or edges whose type is an unresolved proxy!
2025-04-23 15:59:20 WARN   - modifier, org.eclipse.emf.ecore.impl.EClassImpl@6c78ad08 (eProxyURI: platform:/plugin/org.emftext.language.java/metamodel/java.ecore#_Wo2Yu9z1Ed2bJ_pQViWxFg)
2025-04-23 15:59:20 WARN CORRUPT RULE: FieldFinalToFinalhas nodes and/ or edges whose type is an unresolved proxy!
2025-04-23 15:59:20 WARN   - modifier, org.eclipse.emf.ecore.impl.EClassImpl@2e740f3c (eProxyURI: platform:/plugin/org.emftext.language.java/metamodel/java.ecore#_Wo2Yvdz1Ed2bJ_pQViWxFg)
2025-04-23 15:59:20 WARN CORRUPT RULE: MethodStaticToStatichas nodes and/ or edges whose type is an unresolved proxy!
2025-04-23 15:59:20 WARN   - modifier, org.eclipse.emf.ecore.impl.EClassImpl@197b91d2 (eProxyURI: platform:/plugin/org.emftext.language.java/metamodel/java.ecore#_Wo2Yv9z1Ed2bJ_pQViWxFg)
2025-04-23 15:59:20 INFO Pattern Conversion took 7.957 ms
2025-04-23 15:59:20 INFO Starting SYNC
2025-04-23 15:59:20 WARN   LOADED MARKERS : 
    - 
2025-04-23 15:59:20 WARN No rule defined to cover the following change's type: [InsertEAttributeValue] AE=Package:29cf36fb, name=peketsch
2025-04-23 15:59:20 WARN No rule defined to cover the following change's type: [InsertEAttributeValue] AE=Class:14344b44, name=kless
2025-04-23 15:59:20 WARN No rule defined to cover the following change's type: [InsertEAttributeValue] AE=Field:441ccfd7, name=myField
2025-04-23 15:59:20 WARN No rule defined to cover the following change's type: [InsertEAttributeValue] AE=Field:7c48a505, name=myField2
2025-04-23 15:59:20 INFO Pattern Matching took 2.4938 ms
2025-04-23 15:59:20 INFO Created elements: 15
2025-04-23 15:59:20 INFO Deleted elements: 0
2025-04-23 15:59:20 INFO Completed SYNC in: 24 ms
2025-04-23 15:59:20 DEBUG BENCHMARKLOGGER logs: 
2025-04-23 15:59:20 DEBUG BenchmarkLogger
[
  Total elements created .. 15
  Total elements deleted .. 0
  Total matches found ..... 8
  Total matches repaired .. 0
  Total matches revoked ... 0
  Total matches applied ... 5
]
2025-04-23 15:59:20 INFO VitruviusBackwardConversionTGGEngine::terminate called. We do not use this.
2025-04-23 15:59:20 DEBUG Add root to resource: org.eclipse.emf.ecore.xmi.impl.XMIResourceImpl@30e4cf5e uri='target\Java2UmlEvaluationGoal1\testClassAttributeToProperty\uml_instance.model'
2025-04-23 15:59:20 INFO -- Added the following corrs: 
2025-04-23 15:59:20 INFO   - [CorrespondenceNode JavaCompilationUnitToUmlModel] SRC=CompilationUnit:4011f95e, name=null, TRG=Model:c5aa143, name=UML_MODEL
2025-04-23 15:59:20 INFO   - [CorrespondenceNode JavaAttributeToUmlProperty] SRC=Field:7c48a505, name=myField2, TRG=Property:287b3acd, name=myField2
2025-04-23 15:59:20 INFO   - [CorrespondenceNode JavaPackageToUmlPackage] SRC=Package:29cf36fb, name=peketsch, TRG=Package:82bbbdc, name=peketsch
2025-04-23 15:59:20 INFO   - [CorrespondenceNode JavaAttributeToUmlProperty] SRC=Field:441ccfd7, name=myField, TRG=Property:cd90676, name=myField
2025-04-23 15:59:20 INFO   - [CorrespondenceNode JavaClassifierToUmlClassifier] SRC=Class:14344b44, name=kless, TRG=Class:44335e28, name=kless
2025-04-23 15:59:20 DEBUG End recording virtual model
2025-04-23 15:59:20 DEBUG Propagated <input change> in [[http://www.emftext.org/java]] -> {[[http://www.eclipse.org/uml2/5.0.0/UML]]}
2025-04-23 15:59:20 DEBUG Propagated <input change> in [[http://www.emftext.org/java]] -> [[http://www.eclipse.org/uml2/5.0.0/UML]] -> {}
2025-04-23 15:59:20 DEBUG Propagated <input change> in [[http://www.emftext.org/java]] -> [[http://www.eclipse.org/uml2/5.0.0/UML]] -> {}
2025-04-23 15:59:20 DEBUG Start recording virtual model
2025-04-23 15:59:20 WARN propagateChange not implemented, use propagateChanges (with an s).
2025-04-23 15:59:20 WARN propagateChange not implemented, use propagateChanges (with an s).
2025-04-23 15:59:20 WARN propagateChange not implemented, use propagateChanges (with an s).
2025-04-23 15:59:20 WARN propagateChange not implemented, use propagateChanges (with an s).
2025-04-23 15:59:20 WARN propagateChange not implemented, use propagateChanges (with an s).
2025-04-23 15:59:20 WARN propagateChange not implemented, use propagateChanges (with an s).
2025-04-23 15:59:20 WARN propagateChange not implemented, use propagateChanges (with an s).
2025-04-23 15:59:20 WARN propagateChange not implemented, use propagateChanges (with an s).
2025-04-23 15:59:20 WARN propagateChange not implemented, use propagateChanges (with an s).
2025-04-23 15:59:20 WARN propagateChange not implemented, use propagateChanges (with an s).
2025-04-23 15:59:20 WARN propagateChange not implemented, use propagateChanges (with an s).
2025-04-23 15:59:20 WARN propagateChange not implemented, use propagateChanges (with an s).
2025-04-23 15:59:20 WARN propagateChange not implemented, use propagateChanges (with an s).
2025-04-23 15:59:20 WARN propagateChange not implemented, use propagateChanges (with an s).
2025-04-23 15:59:20 DEBUG End recording virtual model
2025-04-23 15:59:20 DEBUG Propagated <input change> in [[http://www.emftext.org/java]] -> {}
2025-04-23 15:59:20 DEBUG Saving all models of model repository for VSUM @target\Java2UmlEvaluationGoal1\testClassAttributeToProperty
2025-04-23 15:59:20 DEBUG Save resource: org.eclipse.emf.ecore.xmi.impl.XMIResourceImpl@30e4cf5e uri='target\Java2UmlEvaluationGoal1\testClassAttributeToProperty\uml_instance.model'
2025-04-23 15:59:20 DEBUG Finished synchronizing change: TransactionalChangeImpl: [
	create Uuid(ord__J4DkwCBLEfCt_d1Q4dqckw)
	insert Uuid(ord__J4DkwCBLEfCt_d1Q4dqckw) at target\Java2UmlEvaluationGoal1\testClassAttributeToProperty\java_instance.model (index 0)
	Uuid(ord__J4DkwCBLEfCt_d1Q4dqckw).name = peketsch (was )
	create Uuid(ord__J4EL0CBLEfCt_d1Q4dqckw)
	Uuid(ord__J4DkwCBLEfCt_d1Q4dqckw).compilationUnits += Uuid(ord__J4EL0CBLEfCt_d1Q4dqckw) (index 0)
	create Uuid(ord__J4EL0SBLEfCt_d1Q4dqckw)
	Uuid(ord__J4EL0CBLEfCt_d1Q4dqckw).classifiers += Uuid(ord__J4EL0SBLEfCt_d1Q4dqckw) (index 0)
	Uuid(ord__J4EL0SBLEfCt_d1Q4dqckw).name = kless (was )
	create Uuid(ord__J4EL0iBLEfCt_d1Q4dqckw)
	Uuid(ord__J4EL0SBLEfCt_d1Q4dqckw).members += Uuid(ord__J4EL0iBLEfCt_d1Q4dqckw) (index 0)
	Uuid(ord__J4EL0iBLEfCt_d1Q4dqckw).name = myField (was )
	create Uuid(ord__J4EL0yBLEfCt_d1Q4dqckw)
	Uuid(ord__J4EL0SBLEfCt_d1Q4dqckw).members += Uuid(ord__J4EL0yBLEfCt_d1Q4dqckw) (index 1)
	Uuid(ord__J4EL0yBLEfCt_d1Q4dqckw).name = myField2 (was )
]

2025-04-23 15:59:20 INFO Finished change propagation
]]></system-out>
  </testcase>
</testsuite>